
2/23/2017 5:26:39 PM
insert into json_pcr(received,id)
values
('2017-02-23 05:26:39','e0122fd0-8b6b-4f70-8017-97992c83890c')

2/23/2017 5:27:17 PM
insert into json_pcr(received,id)
values
('2017-02-23 05:27:17','fdff3f9f-f50b-4ccf-867e-0033fcf9a72f')

2/23/2017 5:27:22 PM
insert into json_pcr(received,id)
values
('2017-02-23 05:27:22','8b40ae68-0104-4507-b9f2-2d0d1e1304a0')

2/23/2017 5:33:23 PM
insert into json_pcr(received,id)
values
('2017-02-23 05:33:23','6ec38a76-fffa-4d2e-825f-60c31f69cc63')

2/23/2017 6:07:17 PM
insert into json_pcr(received,id)
values
('2017-02-23 06:07:17','d37c5786-db55-4614-a276-37b37f78ceb1')
