
7/21/2016 10:22:21 AM
Cannot add or update a child row: a foreign key constraint fails (`newcems`.`pcr_dispatch`, CONSTRAINT `FK_pcr_dispatch_disposition_id` FOREIGN KEY (`facility_id`) REFERENCES `business` (`id`)):
Stack trace: at MySql.Data.MySqlClient.MySqlStream.ReadPacket()
   at MySql.Data.MySqlClient.NativeDriver.GetResult(Int32& affectedRow, Int64& insertedId)
   at MySql.Data.MySqlClient.Driver.GetResult(Int32 statementId, Int32& affectedRows, Int64& insertedId)
   at MySql.Data.MySqlClient.Driver.NextResult(Int32 statementId, Boolean force)
   at MySql.Data.MySqlClient.MySqlDataReader.NextResult()
   at MySql.Data.MySqlClient.MySqlCommand.ExecuteReader(CommandBehavior behavior)
   at MySql.Data.MySqlClient.MySqlCommand.ExecuteReader()
   at MySql.Data.MySqlClient.MySqlCommand.ExecuteNonQuery()
   at WebApiPoster.PCR.PcrBase.Update(String KeyField) in c:\Work Area\Web API Poster\WebApiPoster\WebApiPoster\PCR\Global\PcrBase.cs:line 124
Source: MySql.Data

7/21/2016 10:46:37 AM
Cannot add or update a child row: a foreign key constraint fails (`newcems`.`pcr_dispatch`, CONSTRAINT `FK_pcr_dispatch_disposition_id` FOREIGN KEY (`facility_id`) REFERENCES `business` (`id`)):
Stack trace: at MySql.Data.MySqlClient.MySqlStream.ReadPacket()
   at MySql.Data.MySqlClient.NativeDriver.GetResult(Int32& affectedRow, Int64& insertedId)
   at MySql.Data.MySqlClient.Driver.GetResult(Int32 statementId, Int32& affectedRows, Int64& insertedId)
   at MySql.Data.MySqlClient.Driver.NextResult(Int32 statementId, Boolean force)
   at MySql.Data.MySqlClient.MySqlDataReader.NextResult()
   at MySql.Data.MySqlClient.MySqlCommand.ExecuteReader(CommandBehavior behavior)
   at MySql.Data.MySqlClient.MySqlCommand.ExecuteReader()
   at MySql.Data.MySqlClient.MySqlCommand.ExecuteNonQuery()
   at WebApiPoster.PCR.PcrBase.Update(String KeyField) in c:\Work Area\Web API Poster\WebApiPoster\WebApiPoster\PCR\Global\PcrBase.cs:line 124
Source: MySql.Data

7/21/2016 10:55:07 AM
Object of type 'System.DateTime' cannot be converted to type 'System.String'.:
Stack trace: at System.RuntimeType.TryChangeType(Object value, Binder binder, CultureInfo culture, Boolean needsSpecialCast)
   at System.RuntimeType.CheckValue(Object value, Binder binder, CultureInfo culture, BindingFlags invokeAttr)
   at System.Reflection.MethodBase.CheckArguments(Object[] parameters, Binder binder, BindingFlags invokeAttr, CultureInfo culture, Signature sig)
   at System.Reflection.RuntimeMethodInfo.InvokeArgumentsCheck(Object obj, BindingFlags invokeAttr, Binder binder, Object[] parameters, CultureInfo culture)
   at System.Reflection.RuntimeMethodInfo.Invoke(Object obj, BindingFlags invokeAttr, Binder binder, Object[] parameters, CultureInfo culture)
   at System.Reflection.RuntimePropertyInfo.SetValue(Object obj, Object value, BindingFlags invokeAttr, Binder binder, Object[] index, CultureInfo culture)
   at System.Reflection.RuntimePropertyInfo.SetValue(Object obj, Object value, Object[] index)
   at System.Reflection.PropertyInfo.SetValue(Object obj, Object value)
   at WebApiPoster.PCR.PcrBase.Retrieve(String SearchField) in c:\Work Area\Web API Poster\WebApiPoster\WebApiPoster\PCR\Global\PcrBase.cs:line 151
Source: mscorlib

7/21/2016 10:58:56 AM
Cannot add or update a child row: a foreign key constraint fails (`newcems`.`pcr_dispatch`, CONSTRAINT `FK_pcr_dispatch_disposition_id` FOREIGN KEY (`facility_id`) REFERENCES `business` (`id`)):
Stack trace: at MySql.Data.MySqlClient.MySqlStream.ReadPacket()
   at MySql.Data.MySqlClient.NativeDriver.GetResult(Int32& affectedRow, Int64& insertedId)
   at MySql.Data.MySqlClient.Driver.GetResult(Int32 statementId, Int32& affectedRows, Int64& insertedId)
   at MySql.Data.MySqlClient.Driver.NextResult(Int32 statementId, Boolean force)
   at MySql.Data.MySqlClient.MySqlDataReader.NextResult()
   at MySql.Data.MySqlClient.MySqlCommand.ExecuteReader(CommandBehavior behavior)
   at MySql.Data.MySqlClient.MySqlCommand.ExecuteReader()
   at MySql.Data.MySqlClient.MySqlCommand.ExecuteNonQuery()
   at WebApiPoster.PCR.PcrBase.Update(String KeyField) in c:\Work Area\Web API Poster\WebApiPoster\WebApiPoster\PCR\Global\PcrBase.cs:line 124
Source: MySql.Data

7/21/2016 11:17:42 AM
Object reference not set to an instance of an object.:
Stack trace: at WebApiPoster.PCR.PcrBase.Retrieve(String SearchField) in c:\Work Area\Web API Poster\WebApiPoster\WebApiPoster\PCR\Global\PcrBase.cs:line 142
Source: WebApiPoster

7/21/2016 12:31:40 PM
Object reference not set to an instance of an object.:
Stack trace: at WebApiPoster.PCR.PcrBase.Retrieve(String SearchField) in c:\Work Area\Web API Poster\WebApiPoster\WebApiPoster\PCR\Global\PcrBase.cs:line 142
Source: WebApiPoster

7/21/2016 1:19:30 PM
Table 'pcr_members.users' doesn't exist:
Stack trace: at MySql.Data.MySqlClient.MySqlStream.ReadPacket()
   at MySql.Data.MySqlClient.NativeDriver.GetResult(Int32& affectedRow, Int64& insertedId)
   at MySql.Data.MySqlClient.Driver.GetResult(Int32 statementId, Int32& affectedRows, Int64& insertedId)
   at MySql.Data.MySqlClient.Driver.NextResult(Int32 statementId, Boolean force)
   at MySql.Data.MySqlClient.MySqlDataReader.NextResult()
   at MySql.Data.MySqlClient.MySqlCommand.ExecuteReader(CommandBehavior behavior)
   at MySql.Data.MySqlClient.MySqlCommand.ExecuteReader()
   at MySql.Data.MySqlClient.MySqlCommand.ExecuteScalar()
   at WebApiPoster.PCR.PcrBase.Exists(String id) in c:\Work Area\Web API Poster\WebApiPoster\WebApiPoster\PCR\Global\PcrBase.cs:line 176
Source: MySql.Data

7/21/2016 1:19:42 PM
Table 'pcr_members.users' doesn't exist:
Stack trace: at MySql.Data.MySqlClient.MySqlStream.ReadPacket()
   at MySql.Data.MySqlClient.NativeDriver.GetResult(Int32& affectedRow, Int64& insertedId)
   at MySql.Data.MySqlClient.Driver.GetResult(Int32 statementId, Int32& affectedRows, Int64& insertedId)
   at MySql.Data.MySqlClient.Driver.NextResult(Int32 statementId, Boolean force)
   at MySql.Data.MySqlClient.MySqlDataReader.NextResult()
   at MySql.Data.MySqlClient.MySqlCommand.ExecuteReader(CommandBehavior behavior)
   at MySql.Data.MySqlClient.MySqlCommand.ExecuteReader()
   at MySql.Data.MySqlClient.MySqlCommand.ExecuteNonQuery()
   at WebApiPoster.PCR.PcrBase.Insert() in c:\Work Area\Web API Poster\WebApiPoster\WebApiPoster\PCR\Global\PcrBase.cs:line 87
Source: MySql.Data

7/21/2016 1:21:47 PM
Unknown column 'agency_id' in 'field list':
Stack trace: at MySql.Data.MySqlClient.MySqlStream.ReadPacket()
   at MySql.Data.MySqlClient.NativeDriver.GetResult(Int32& affectedRow, Int64& insertedId)
   at MySql.Data.MySqlClient.Driver.GetResult(Int32 statementId, Int32& affectedRows, Int64& insertedId)
   at MySql.Data.MySqlClient.Driver.NextResult(Int32 statementId, Boolean force)
   at MySql.Data.MySqlClient.MySqlDataReader.NextResult()
   at MySql.Data.MySqlClient.MySqlCommand.ExecuteReader(CommandBehavior behavior)
   at MySql.Data.MySqlClient.MySqlCommand.ExecuteReader()
   at MySql.Data.MySqlClient.MySqlCommand.ExecuteNonQuery()
   at WebApiPoster.PCR.PcrBase.Insert() in c:\Work Area\Web API Poster\WebApiPoster\WebApiPoster\PCR\Global\PcrBase.cs:line 87
Source: MySql.Data

7/21/2016 1:45:09 PM
Failed to enable constraints. One or more rows contain values violating non-null, unique, or foreign-key constraints.:
Stack trace: at System.Data.DataTable.EnableConstraints()
   at System.Data.DataTable.set_EnforceConstraints(Boolean value)
   at System.Data.DataTable.EndLoadData()
   at System.Data.Common.DataAdapter.FillFromReader(DataSet dataset, DataTable datatable, String srcTable, DataReaderContainer dataReader, Int32 startRecord, Int32 maxRecords, DataColumn parentChapterColumn, Object parentChapterValue)
   at System.Data.Common.DataAdapter.Fill(DataTable[] dataTables, IDataReader dataReader, Int32 startRecord, Int32 maxRecords)
   at System.Data.Common.LoadAdapter.FillFromReader(DataTable[] dataTables, IDataReader dataReader, Int32 startRecord, Int32 maxRecords)
   at System.Data.DataTable.Load(IDataReader reader, LoadOption loadOption, FillErrorEventHandler errorHandler)
   at System.Data.DataTable.Load(IDataReader reader)
   at WebApiPoster.PCR.PcrBase.Retrieve(String SearchField)
Source: System.Data

7/21/2016 1:45:58 PM
Failed to enable constraints. One or more rows contain values violating non-null, unique, or foreign-key constraints.:
Stack trace: at System.Data.DataTable.EnableConstraints()
   at System.Data.DataTable.set_EnforceConstraints(Boolean value)
   at System.Data.DataTable.EndLoadData()
   at System.Data.Common.DataAdapter.FillFromReader(DataSet dataset, DataTable datatable, String srcTable, DataReaderContainer dataReader, Int32 startRecord, Int32 maxRecords, DataColumn parentChapterColumn, Object parentChapterValue)
   at System.Data.Common.DataAdapter.Fill(DataTable[] dataTables, IDataReader dataReader, Int32 startRecord, Int32 maxRecords)
   at System.Data.Common.LoadAdapter.FillFromReader(DataTable[] dataTables, IDataReader dataReader, Int32 startRecord, Int32 maxRecords)
   at System.Data.DataTable.Load(IDataReader reader, LoadOption loadOption, FillErrorEventHandler errorHandler)
   at System.Data.DataTable.Load(IDataReader reader)
   at WebApiPoster.PCR.PcrBase.Retrieve(String SearchField)
Source: System.Data

7/21/2016 1:46:25 PM
Failed to enable constraints. One or more rows contain values violating non-null, unique, or foreign-key constraints.:
Stack trace: at System.Data.DataTable.EnableConstraints()
   at System.Data.DataTable.set_EnforceConstraints(Boolean value)
   at System.Data.DataTable.EndLoadData()
   at System.Data.Common.DataAdapter.FillFromReader(DataSet dataset, DataTable datatable, String srcTable, DataReaderContainer dataReader, Int32 startRecord, Int32 maxRecords, DataColumn parentChapterColumn, Object parentChapterValue)
   at System.Data.Common.DataAdapter.Fill(DataTable[] dataTables, IDataReader dataReader, Int32 startRecord, Int32 maxRecords)
   at System.Data.Common.LoadAdapter.FillFromReader(DataTable[] dataTables, IDataReader dataReader, Int32 startRecord, Int32 maxRecords)
   at System.Data.DataTable.Load(IDataReader reader, LoadOption loadOption, FillErrorEventHandler errorHandler)
   at System.Data.DataTable.Load(IDataReader reader)
   at WebApiPoster.PCR.PcrBase.Retrieve(String SearchField)
Source: System.Data

7/21/2016 2:17:06 PM
Failed to enable constraints. One or more rows contain values violating non-null, unique, or foreign-key constraints.:
Stack trace: at System.Data.DataTable.EnableConstraints()
   at System.Data.DataTable.set_EnforceConstraints(Boolean value)
   at System.Data.DataTable.EndLoadData()
   at System.Data.Common.DataAdapter.FillFromReader(DataSet dataset, DataTable datatable, String srcTable, DataReaderContainer dataReader, Int32 startRecord, Int32 maxRecords, DataColumn parentChapterColumn, Object parentChapterValue)
   at System.Data.Common.DataAdapter.Fill(DataTable[] dataTables, IDataReader dataReader, Int32 startRecord, Int32 maxRecords)
   at System.Data.Common.LoadAdapter.FillFromReader(DataTable[] dataTables, IDataReader dataReader, Int32 startRecord, Int32 maxRecords)
   at System.Data.DataTable.Load(IDataReader reader, LoadOption loadOption, FillErrorEventHandler errorHandler)
   at System.Data.DataTable.Load(IDataReader reader)
   at WebApiPoster.PCR.PcrBase.Retrieve(String SearchField)
Source: System.Data

7/21/2016 2:39:23 PM
Failed to enable constraints. One or more rows contain values violating non-null, unique, or foreign-key constraints.:
Stack trace: at System.Data.DataTable.EnableConstraints()
   at System.Data.DataTable.set_EnforceConstraints(Boolean value)
   at System.Data.DataTable.EndLoadData()
   at System.Data.Common.DataAdapter.FillFromReader(DataSet dataset, DataTable datatable, String srcTable, DataReaderContainer dataReader, Int32 startRecord, Int32 maxRecords, DataColumn parentChapterColumn, Object parentChapterValue)
   at System.Data.Common.DataAdapter.Fill(DataTable[] dataTables, IDataReader dataReader, Int32 startRecord, Int32 maxRecords)
   at System.Data.Common.LoadAdapter.FillFromReader(DataTable[] dataTables, IDataReader dataReader, Int32 startRecord, Int32 maxRecords)
   at System.Data.DataTable.Load(IDataReader reader, LoadOption loadOption, FillErrorEventHandler errorHandler)
   at System.Data.DataTable.Load(IDataReader reader)
   at WebApiPoster.PCR.PcrBase.Retrieve(String SearchField) in c:\Work Area\Web API Poster\WebApiPoster\WebApiPoster\PCR\Global\PcrBase.cs:line 145
Source: System.Data

7/21/2016 2:40:13 PM
Failed to enable constraints. One or more rows contain values violating non-null, unique, or foreign-key constraints.:
Stack trace: at System.Data.DataTable.EnableConstraints()
   at System.Data.DataTable.set_EnforceConstraints(Boolean value)
   at System.Data.DataTable.EndLoadData()
   at System.Data.Common.DataAdapter.FillFromReader(DataSet dataset, DataTable datatable, String srcTable, DataReaderContainer dataReader, Int32 startRecord, Int32 maxRecords, DataColumn parentChapterColumn, Object parentChapterValue)
   at System.Data.Common.DataAdapter.Fill(DataTable[] dataTables, IDataReader dataReader, Int32 startRecord, Int32 maxRecords)
   at System.Data.Common.LoadAdapter.FillFromReader(DataTable[] dataTables, IDataReader dataReader, Int32 startRecord, Int32 maxRecords)
   at System.Data.DataTable.Load(IDataReader reader, LoadOption loadOption, FillErrorEventHandler errorHandler)
   at System.Data.DataTable.Load(IDataReader reader)
   at WebApiPoster.PCR.PcrBase.Retrieve(String SearchField) in c:\Work Area\Web API Poster\WebApiPoster\WebApiPoster\PCR\Global\PcrBase.cs:line 145
Source: System.Data
