
7/21/2016 10:22:17 AM
Updated table pcr with id 02fa583b-6c89-4896-a1d4-99bdcd68eb25:

7/21/2016 10:22:17 AM
Updated table Address with id 077c1997-d2de-4ca9-a525-b3a87c3bbeb9:

7/21/2016 10:24:17 AM
Updated table pcr with id 02fa583b-6c89-4896-a1d4-99bdcd68eb25:

7/21/2016 10:24:20 AM
Updated table Address with id 077c1997-d2de-4ca9-a525-b3a87c3bbeb9:

7/21/2016 10:44:09 AM
Updated table pcr with id 02fa583b-6c89-4896-a1d4-99bdcd68eb25:

7/21/2016 10:45:05 AM
Updated table pcr with id 02fa583b-6c89-4896-a1d4-99bdcd68eb25:

7/21/2016 10:46:29 AM
Updated table Address with id 077c1997-d2de-4ca9-a525-b3a87c3bbeb9:

7/21/2016 10:47:17 AM
Updated table pcr with id 02fa583b-6c89-4896-a1d4-99bdcd68eb25:

7/21/2016 10:48:33 AM
Updated table pcr with id 02fa583b-6c89-4896-a1d4-99bdcd68eb25:

7/21/2016 10:50:12 AM
Updated table pcr with id 02fa583b-6c89-4896-a1d4-99bdcd68eb25:

7/21/2016 10:57:27 AM
Updated table pcr with id 02fa583b-6c89-4896-a1d4-99bdcd68eb25:

7/21/2016 10:57:48 AM
Updated table Address with id 077c1997-d2de-4ca9-a525-b3a87c3bbeb9:

7/21/2016 10:59:14 AM
Updated table pcr with id 02fa583b-6c89-4896-a1d4-99bdcd68eb25:

7/21/2016 10:59:44 AM
Updated table Address with id 077c1997-d2de-4ca9-a525-b3a87c3bbeb9:

7/21/2016 11:01:37 AM
Updated table pcr with id 02fa583b-6c89-4896-a1d4-99bdcd68eb25:

7/21/2016 11:02:25 AM
Updated table Address with id 077c1997-d2de-4ca9-a525-b3a87c3bbeb9:

7/21/2016 11:03:15 AM
Updated table pcr with id 02fa583b-6c89-4896-a1d4-99bdcd68eb25:

7/21/2016 11:03:27 AM
Updated table Address with id 077c1997-d2de-4ca9-a525-b3a87c3bbeb9:

7/21/2016 11:12:46 AM
Updated table pcr with id 02fa583b-6c89-4896-a1d4-99bdcd68eb25:

7/21/2016 11:12:51 AM
Updated table Address with id 077c1997-d2de-4ca9-a525-b3a87c3bbeb9:

7/21/2016 11:16:51 AM
Updated table pcr with id 02fa583b-6c89-4896-a1d4-99bdcd68eb25:

7/21/2016 11:17:07 AM
Updated table Address with id 077c1997-d2de-4ca9-a525-b3a87c3bbeb9:

7/21/2016 11:17:13 AM
Updated table pcr_dispatch with id f10e108b-7165-433e-adbb-0ece7d02336c:

7/21/2016 11:17:22 AM
Updated table Address with id 077c1997-d2de-4ca9-a525-b3a87c3bbeb9:

7/21/2016 11:17:35 AM
Updated table pcr_members with id 3e9fd7f6-3b5a-46ba-a7f7-5e4a95dcb61f:

7/21/2016 11:17:37 AM
Updated table pcr_members with id 51b29097-44df-4a64-b107-9afd05346900:

7/21/2016 11:17:37 AM
Updated table pcr_members with id fcfbbcb5-b020-4f1b-908c-923c6b356542:

7/21/2016 11:17:38 AM
Updated table agency with id f282aefd-e695-11e3-8fa5-842b2b4bbc99:

7/21/2016 11:18:23 AM
Updated table pcr with id 02fa583b-6c89-4896-a1d4-99bdcd68eb25:

7/21/2016 11:18:29 AM
Updated table Address with id 077c1997-d2de-4ca9-a525-b3a87c3bbeb9:

7/21/2016 11:18:31 AM
Updated table pcr_dispatch with id f10e108b-7165-433e-adbb-0ece7d02336c:

7/21/2016 11:18:31 AM
Updated table Address with id 077c1997-d2de-4ca9-a525-b3a87c3bbeb9:

7/21/2016 11:18:31 AM
Updated table pcr_members with id 3e9fd7f6-3b5a-46ba-a7f7-5e4a95dcb61f:

7/21/2016 11:18:31 AM
Updated table pcr_members with id 51b29097-44df-4a64-b107-9afd05346900:

7/21/2016 11:18:31 AM
Updated table pcr_members with id fcfbbcb5-b020-4f1b-908c-923c6b356542:

7/21/2016 11:18:31 AM
Updated table agency with id f282aefd-e695-11e3-8fa5-842b2b4bbc99:

7/21/2016 11:19:11 AM
Updated table users with id 1b6393c5-0758-11e5-a5ab-00155d0e0b3f:

7/21/2016 11:19:11 AM
Updated table agency with id f282aefd-e695-11e3-8fa5-842b2b4bbc99:

7/21/2016 11:19:11 AM
Updated table users with id 4a6e6894-05f4-11e4-ace5-002354f956f4:

7/21/2016 11:19:11 AM
Updated table agency with id f282aefd-e695-11e3-8fa5-842b2b4bbc99:

7/21/2016 11:19:11 AM
Updated table users with id 535f0bef-ad70-494d-9354-1534fc0ef740:

7/21/2016 11:19:11 AM
Updated table insurance_policy with id 9d788b50-b526-4bdb-a93a-8910bd3e6a00:

7/21/2016 11:19:11 AM
Updated table insurance_policy with id 6d6a2e9c-ee18-4714-823b-49983309bcff:

7/21/2016 11:19:11 AM
Updated table pcr_Demographic with id d020a76e-18d6-4ae4-804f-b4ead7cfb13f:

7/21/2016 11:19:11 AM
Updated table pcr_Assessment with id f5cc6ada-b592-4804-964e-cece23620810:

7/21/2016 11:19:11 AM
Updated table pcr_narrative_notes with id 69d4f4e0-dd3b-41a9-b4ae-6d19672d8d8e:

7/21/2016 11:19:11 AM
Updated table pcr_rma with id 5fac70cf-3e66-4e5a-9ccd-5973b8ab9e3a:

7/21/2016 11:19:12 AM
Updated table pcr_Apcf with id 03581230-9d35-4823-9ac1-6309db953cfe:

7/21/2016 11:19:12 AM
Inserted into table pcr_Disposition with id 5c3d7bb0-1092-4f53-bee4-31ff016dbc61:

7/21/2016 11:19:12 AM
Updated table ems_run with id fbf16ac0-84fe-4078-b77b-002732fcbfe9:

7/21/2016 11:19:12 AM
Updated table pcr_Narcotic with id 8a7aac60-f263-476f-8963-58c0aa0e1975:

7/21/2016 11:19:12 AM
Updated table pcr_Authorization with id d58eb55f-3198-4930-8a7f-db678c04ac5a:

7/21/2016 12:36:11 PM
Updated table pcr with id 02fa583b-6c89-4896-a1d4-99bdcd68eb25:

7/21/2016 12:36:11 PM
Updated table Address with id 077c1997-d2de-4ca9-a525-b3a87c3bbeb9:

7/21/2016 12:36:11 PM
Updated table pcr_dispatch with id f10e108b-7165-433e-adbb-0ece7d02336c:

7/21/2016 12:36:11 PM
Updated table Address with id 077c1997-d2de-4ca9-a525-b3a87c3bbeb9:

7/21/2016 12:36:11 PM
Updated table pcr_members with id 3e9fd7f6-3b5a-46ba-a7f7-5e4a95dcb61f:

7/21/2016 12:36:11 PM
Updated table pcr_members with id 51b29097-44df-4a64-b107-9afd05346900:

7/21/2016 12:36:11 PM
Updated table pcr_members with id fcfbbcb5-b020-4f1b-908c-923c6b356542:

7/21/2016 12:36:11 PM
Updated table agency with id f282aefd-e695-11e3-8fa5-842b2b4bbc99:

7/21/2016 12:36:11 PM
Updated table users with id 1b6393c5-0758-11e5-a5ab-00155d0e0b3f:

7/21/2016 12:36:11 PM
Updated table agency with id f282aefd-e695-11e3-8fa5-842b2b4bbc99:

7/21/2016 12:36:11 PM
Updated table users with id 4a6e6894-05f4-11e4-ace5-002354f956f4:

7/21/2016 12:36:11 PM
Updated table agency with id f282aefd-e695-11e3-8fa5-842b2b4bbc99:

7/21/2016 12:36:11 PM
Updated table users with id 535f0bef-ad70-494d-9354-1534fc0ef740:

7/21/2016 12:36:12 PM
Updated table insurance_policy with id 9d788b50-b526-4bdb-a93a-8910bd3e6a00:

7/21/2016 12:36:12 PM
Updated table insurance_policy with id 6d6a2e9c-ee18-4714-823b-49983309bcff:

7/21/2016 12:36:12 PM
Updated table pcr_Demographic with id d020a76e-18d6-4ae4-804f-b4ead7cfb13f:

7/21/2016 12:36:12 PM
Updated table pcr_Assessment with id f5cc6ada-b592-4804-964e-cece23620810:

7/21/2016 12:36:12 PM
Updated table pcr_narrative_notes with id 69d4f4e0-dd3b-41a9-b4ae-6d19672d8d8e:

7/21/2016 12:36:12 PM
Updated table pcr_rma with id 5fac70cf-3e66-4e5a-9ccd-5973b8ab9e3a:

7/21/2016 12:36:12 PM
Updated table pcr_Apcf with id 03581230-9d35-4823-9ac1-6309db953cfe:

7/21/2016 12:36:12 PM
Inserted into table pcr_Disposition with id 093447fb-5c1e-4ba7-bdef-ba25738e6af6:

7/21/2016 12:36:12 PM
Updated table ems_run with id fbf16ac0-84fe-4078-b77b-002732fcbfe9:

7/21/2016 12:36:12 PM
Updated table pcr_Narcotic with id 8a7aac60-f263-476f-8963-58c0aa0e1975:

7/21/2016 12:36:12 PM
Updated table pcr_Authorization with id d58eb55f-3198-4930-8a7f-db678c04ac5a:

7/21/2016 1:19:13 PM
Updated table pcr with id 02fa583b-6c89-4896-a1d4-99bdcd68eb25:

7/21/2016 1:19:13 PM
Updated table Address with id 077c1997-d2de-4ca9-a525-b3a87c3bbeb9:

7/21/2016 1:19:13 PM
Updated table pcr_dispatch with id f10e108b-7165-433e-adbb-0ece7d02336c:

7/21/2016 1:19:13 PM
Updated table Address with id 077c1997-d2de-4ca9-a525-b3a87c3bbeb9:

7/21/2016 1:19:14 PM
Updated table pcr_members with id 3e9fd7f6-3b5a-46ba-a7f7-5e4a95dcb61f:

7/21/2016 1:19:14 PM
Updated table pcr_members with id 51b29097-44df-4a64-b107-9afd05346900:

7/21/2016 1:19:14 PM
Updated table pcr_members with id fcfbbcb5-b020-4f1b-908c-923c6b356542:

7/21/2016 1:19:14 PM
Updated table agency with id f282aefd-e695-11e3-8fa5-842b2b4bbc99:

7/21/2016 1:21:37 PM
Updated table pcr with id 02fa583b-6c89-4896-a1d4-99bdcd68eb25:

7/21/2016 1:21:37 PM
Updated table Address with id 077c1997-d2de-4ca9-a525-b3a87c3bbeb9:

7/21/2016 1:21:37 PM
Updated table pcr_dispatch with id f10e108b-7165-433e-adbb-0ece7d02336c:

7/21/2016 1:21:37 PM
Updated table Address with id 077c1997-d2de-4ca9-a525-b3a87c3bbeb9:

7/21/2016 1:21:37 PM
Updated table pcr_members with id 3e9fd7f6-3b5a-46ba-a7f7-5e4a95dcb61f:

7/21/2016 1:21:37 PM
Updated table pcr_members with id 51b29097-44df-4a64-b107-9afd05346900:

7/21/2016 1:21:37 PM
Updated table pcr_members with id fcfbbcb5-b020-4f1b-908c-923c6b356542:

7/21/2016 1:21:37 PM
Updated table agency with id f282aefd-e695-11e3-8fa5-842b2b4bbc99:

7/21/2016 1:22:07 PM
Updated table pcr with id 02fa583b-6c89-4896-a1d4-99bdcd68eb25:

7/21/2016 1:22:10 PM
Updated table Address with id 077c1997-d2de-4ca9-a525-b3a87c3bbeb9:

7/21/2016 1:22:10 PM
Updated table pcr_dispatch with id f10e108b-7165-433e-adbb-0ece7d02336c:

7/21/2016 1:22:20 PM
Updated table Address with id 077c1997-d2de-4ca9-a525-b3a87c3bbeb9:

7/21/2016 1:22:29 PM
Updated table pcr_members with id 3e9fd7f6-3b5a-46ba-a7f7-5e4a95dcb61f:

7/21/2016 1:22:32 PM
Updated table pcr_members with id 51b29097-44df-4a64-b107-9afd05346900:

7/21/2016 1:22:34 PM
Updated table pcr_members with id fcfbbcb5-b020-4f1b-908c-923c6b356542:

7/21/2016 1:24:42 PM
Updated table pcr with id 02fa583b-6c89-4896-a1d4-99bdcd68eb25:

7/21/2016 1:24:42 PM
Updated table Address with id 077c1997-d2de-4ca9-a525-b3a87c3bbeb9:

7/21/2016 1:24:42 PM
Updated table pcr_dispatch with id f10e108b-7165-433e-adbb-0ece7d02336c:

7/21/2016 1:24:42 PM
Updated table Address with id 077c1997-d2de-4ca9-a525-b3a87c3bbeb9:

7/21/2016 1:24:42 PM
Updated table pcr_members with id 3e9fd7f6-3b5a-46ba-a7f7-5e4a95dcb61f:

7/21/2016 1:24:42 PM
Updated table pcr_members with id 51b29097-44df-4a64-b107-9afd05346900:

7/21/2016 1:24:42 PM
Updated table pcr_members with id fcfbbcb5-b020-4f1b-908c-923c6b356542:

7/21/2016 1:24:50 PM
Updated table agency with id f282aefd-e695-11e3-8fa5-842b2b4bbc99:

7/21/2016 1:24:50 PM
Updated table users with id 1b6393c5-0758-11e5-a5ab-00155d0e0b3f:

7/21/2016 1:24:51 PM
Updated table agency with id f282aefd-e695-11e3-8fa5-842b2b4bbc99:

7/21/2016 1:24:51 PM
Updated table users with id 4a6e6894-05f4-11e4-ace5-002354f956f4:

7/21/2016 1:24:52 PM
Updated table agency with id f282aefd-e695-11e3-8fa5-842b2b4bbc99:

7/21/2016 1:24:52 PM
Updated table users with id 535f0bef-ad70-494d-9354-1534fc0ef740:

7/21/2016 1:24:52 PM
Updated table insurance_policy with id 9d788b50-b526-4bdb-a93a-8910bd3e6a00:

7/21/2016 1:24:52 PM
Updated table insurance_policy with id 6d6a2e9c-ee18-4714-823b-49983309bcff:

7/21/2016 1:24:52 PM
Updated table pcr_Demographic with id d020a76e-18d6-4ae4-804f-b4ead7cfb13f:

7/21/2016 1:24:52 PM
Updated table pcr_Assessment with id f5cc6ada-b592-4804-964e-cece23620810:

7/21/2016 1:24:52 PM
Updated table pcr_narrative_notes with id 69d4f4e0-dd3b-41a9-b4ae-6d19672d8d8e:

7/21/2016 1:24:52 PM
Updated table pcr_rma with id 5fac70cf-3e66-4e5a-9ccd-5973b8ab9e3a:

7/21/2016 1:24:52 PM
Updated table pcr_Apcf with id 03581230-9d35-4823-9ac1-6309db953cfe:

7/21/2016 1:24:52 PM
Inserted into table pcr_Disposition with id 5b9d5839-d7da-4446-8c6e-76c4a64d5cf0:

7/21/2016 1:24:52 PM
Updated table ems_run with id fbf16ac0-84fe-4078-b77b-002732fcbfe9:

7/21/2016 1:24:52 PM
Updated table pcr_Narcotic with id 8a7aac60-f263-476f-8963-58c0aa0e1975:

7/21/2016 1:24:52 PM
Updated table pcr_Authorization with id d58eb55f-3198-4930-8a7f-db678c04ac5a:

7/21/2016 2:37:20 PM
Updated table pcr with id 02fa583b-6c89-4896-a1d4-99bdcd68eb25

7/21/2016 2:37:20 PM
Updated table Address with id 077c1997-d2de-4ca9-a525-b3a87c3bbeb9

7/21/2016 2:37:20 PM
Updated table pcr_dispatch with id f10e108b-7165-433e-adbb-0ece7d02336c

7/21/2016 2:37:21 PM
Updated table Address with id 077c1997-d2de-4ca9-a525-b3a87c3bbeb9

7/21/2016 2:37:21 PM
Updated table pcr_members with id 3e9fd7f6-3b5a-46ba-a7f7-5e4a95dcb61f

7/21/2016 2:37:21 PM
Updated table pcr_members with id 51b29097-44df-4a64-b107-9afd05346900

7/21/2016 2:37:21 PM
Updated table pcr_members with id fcfbbcb5-b020-4f1b-908c-923c6b356542

7/21/2016 2:37:21 PM
Updated table agency with id f282aefd-e695-11e3-8fa5-842b2b4bbc99

7/21/2016 2:37:21 PM
Updated table users with id 1b6393c5-0758-11e5-a5ab-00155d0e0b3f

7/21/2016 2:37:21 PM
Updated table agency with id f282aefd-e695-11e3-8fa5-842b2b4bbc99

7/21/2016 2:37:21 PM
Updated table users with id 4a6e6894-05f4-11e4-ace5-002354f956f4

7/21/2016 2:37:21 PM
Updated table agency with id f282aefd-e695-11e3-8fa5-842b2b4bbc99

7/21/2016 2:37:21 PM
Updated table users with id 535f0bef-ad70-494d-9354-1534fc0ef740

7/21/2016 2:37:21 PM
Updated table insurance_policy with id 9d788b50-b526-4bdb-a93a-8910bd3e6a00

7/21/2016 2:37:21 PM
Updated table insurance_policy with id 6d6a2e9c-ee18-4714-823b-49983309bcff

7/21/2016 2:37:21 PM
Updated table pcr_Demographic with id d020a76e-18d6-4ae4-804f-b4ead7cfb13f

7/21/2016 2:37:21 PM
Updated table pcr_Assessment with id f5cc6ada-b592-4804-964e-cece23620810

7/21/2016 2:37:21 PM
Updated table pcr_narrative_notes with id 69d4f4e0-dd3b-41a9-b4ae-6d19672d8d8e

7/21/2016 2:37:21 PM
Updated table pcr_rma with id 5fac70cf-3e66-4e5a-9ccd-5973b8ab9e3a

7/21/2016 2:37:21 PM
Updated table pcr_Apcf with id 03581230-9d35-4823-9ac1-6309db953cfe

7/21/2016 2:37:22 PM
Inserted into table pcr_Disposition with id 5ac607fd-2d60-46a9-89ec-71e133118832

7/21/2016 2:37:22 PM
Updated table ems_run with id fbf16ac0-84fe-4078-b77b-002732fcbfe9

7/21/2016 2:37:22 PM
Updated table pcr_Narcotic with id 8a7aac60-f263-476f-8963-58c0aa0e1975

7/21/2016 2:37:22 PM
Updated table pcr_Authorization with id d58eb55f-3198-4930-8a7f-db678c04ac5a

7/21/2016 2:37:33 PM
Updated table pcr with id 02fa583b-6c89-4896-a1d4-99bdcd68eb25

7/21/2016 2:37:33 PM
Updated table Address with id 077c1997-d2de-4ca9-a525-b3a87c3bbeb9

7/21/2016 2:37:33 PM
Updated table pcr_dispatch with id f10e108b-7165-433e-adbb-0ece7d02336c

7/21/2016 2:37:33 PM
Updated table Address with id 077c1997-d2de-4ca9-a525-b3a87c3bbeb9

7/21/2016 2:37:33 PM
Updated table pcr_members with id 3e9fd7f6-3b5a-46ba-a7f7-5e4a95dcb61f

7/21/2016 2:37:33 PM
Updated table pcr_members with id 51b29097-44df-4a64-b107-9afd05346900

7/21/2016 2:37:33 PM
Updated table pcr_members with id fcfbbcb5-b020-4f1b-908c-923c6b356542

7/21/2016 2:37:33 PM
Updated table agency with id f282aefd-e695-11e3-8fa5-842b2b4bbc99

7/21/2016 2:37:33 PM
Updated table users with id 1b6393c5-0758-11e5-a5ab-00155d0e0b3f

7/21/2016 2:37:33 PM
Updated table agency with id f282aefd-e695-11e3-8fa5-842b2b4bbc99

7/21/2016 2:37:33 PM
Updated table users with id 4a6e6894-05f4-11e4-ace5-002354f956f4

7/21/2016 2:37:33 PM
Updated table agency with id f282aefd-e695-11e3-8fa5-842b2b4bbc99

7/21/2016 2:37:33 PM
Updated table users with id 535f0bef-ad70-494d-9354-1534fc0ef740

7/21/2016 2:37:34 PM
Updated table insurance_policy with id 9d788b50-b526-4bdb-a93a-8910bd3e6a00

7/21/2016 2:37:34 PM
Updated table insurance_policy with id 6d6a2e9c-ee18-4714-823b-49983309bcff

7/21/2016 2:37:34 PM
Updated table pcr_Demographic with id d020a76e-18d6-4ae4-804f-b4ead7cfb13f

7/21/2016 2:37:34 PM
Updated table pcr_Assessment with id f5cc6ada-b592-4804-964e-cece23620810

7/21/2016 2:37:34 PM
Updated table pcr_narrative_notes with id 69d4f4e0-dd3b-41a9-b4ae-6d19672d8d8e

7/21/2016 2:37:34 PM
Updated table pcr_rma with id 5fac70cf-3e66-4e5a-9ccd-5973b8ab9e3a

7/21/2016 2:37:34 PM
Updated table pcr_Apcf with id 03581230-9d35-4823-9ac1-6309db953cfe

7/21/2016 2:37:34 PM
Inserted into table pcr_Disposition with id 5775c73b-836c-4151-b71b-7006249df7d9

7/21/2016 2:37:34 PM
Updated table ems_run with id fbf16ac0-84fe-4078-b77b-002732fcbfe9

7/21/2016 2:37:34 PM
Updated table pcr_Narcotic with id 8a7aac60-f263-476f-8963-58c0aa0e1975

7/21/2016 2:37:34 PM
Updated table pcr_Authorization with id d58eb55f-3198-4930-8a7f-db678c04ac5a

7/21/2016 2:37:41 PM
Updated table pcr with id 02fa583b-6c89-4896-a1d4-99bdcd68eb25

7/21/2016 2:37:41 PM
Updated table Address with id 077c1997-d2de-4ca9-a525-b3a87c3bbeb9

7/21/2016 2:37:41 PM
Updated table pcr_dispatch with id f10e108b-7165-433e-adbb-0ece7d02336c

7/21/2016 2:37:41 PM
Updated table Address with id 077c1997-d2de-4ca9-a525-b3a87c3bbeb9

7/21/2016 2:37:41 PM
Updated table pcr_members with id 3e9fd7f6-3b5a-46ba-a7f7-5e4a95dcb61f

7/21/2016 2:37:41 PM
Updated table pcr_members with id 51b29097-44df-4a64-b107-9afd05346900

7/21/2016 2:37:41 PM
Updated table pcr_members with id fcfbbcb5-b020-4f1b-908c-923c6b356542

7/21/2016 2:37:41 PM
Updated table agency with id f282aefd-e695-11e3-8fa5-842b2b4bbc99

7/21/2016 2:37:41 PM
Updated table users with id 1b6393c5-0758-11e5-a5ab-00155d0e0b3f

7/21/2016 2:37:41 PM
Updated table agency with id f282aefd-e695-11e3-8fa5-842b2b4bbc99

7/21/2016 2:37:41 PM
Updated table users with id 4a6e6894-05f4-11e4-ace5-002354f956f4

7/21/2016 2:37:41 PM
Updated table agency with id f282aefd-e695-11e3-8fa5-842b2b4bbc99

7/21/2016 2:37:41 PM
Updated table users with id 535f0bef-ad70-494d-9354-1534fc0ef740

7/21/2016 2:37:41 PM
Updated table insurance_policy with id 9d788b50-b526-4bdb-a93a-8910bd3e6a00

7/21/2016 2:37:41 PM
Updated table insurance_policy with id 6d6a2e9c-ee18-4714-823b-49983309bcff

7/21/2016 2:37:41 PM
Updated table pcr_Demographic with id d020a76e-18d6-4ae4-804f-b4ead7cfb13f

7/21/2016 2:37:41 PM
Updated table pcr_Assessment with id f5cc6ada-b592-4804-964e-cece23620810

7/21/2016 2:37:41 PM
Updated table pcr_narrative_notes with id 69d4f4e0-dd3b-41a9-b4ae-6d19672d8d8e

7/21/2016 2:37:41 PM
Updated table pcr_rma with id 5fac70cf-3e66-4e5a-9ccd-5973b8ab9e3a

7/21/2016 2:37:41 PM
Updated table pcr_Apcf with id 03581230-9d35-4823-9ac1-6309db953cfe

7/21/2016 2:37:41 PM
Inserted into table pcr_Disposition with id dd4ca928-9530-45b5-8fcd-08d4c6743353

7/21/2016 2:37:41 PM
Updated table ems_run with id fbf16ac0-84fe-4078-b77b-002732fcbfe9

7/21/2016 2:37:41 PM
Updated table pcr_Narcotic with id 8a7aac60-f263-476f-8963-58c0aa0e1975

7/21/2016 2:37:41 PM
Updated table pcr_Authorization with id d58eb55f-3198-4930-8a7f-db678c04ac5a
