
7/25/2016 2:09:19 PM
Updated table pcr with id 02fa583b-6c89-4896-a1d4-99bdcd68eb25

7/25/2016 2:09:19 PM
Updated table Address with id 077c1997-d2de-4ca9-a525-b3a87c3bbeb9

7/25/2016 2:09:19 PM
Updated table pcr_dispatch with id f10e108b-7165-433e-adbb-0ece7d02336c

7/25/2016 2:09:19 PM
Updated table Address with id 077c1997-d2de-4ca9-a525-b3a87c3bbeb9

7/25/2016 2:09:20 PM
Updated table pcr_members with id 3e9fd7f6-3b5a-46ba-a7f7-5e4a95dcb61f

7/25/2016 2:09:20 PM
Updated table pcr_members with id 51b29097-44df-4a64-b107-9afd05346900

7/25/2016 2:09:20 PM
Updated table pcr_members with id fcfbbcb5-b020-4f1b-908c-923c6b356542

7/25/2016 2:09:20 PM
Updated table business with id 611f202b-b74f-4a17-bb76-860e5961e98c

7/25/2016 2:09:20 PM
Updated table agency with id f282aefd-e695-11e3-8fa5-842b2b4bbc99

7/25/2016 2:09:20 PM
Updated table users with id 1b6393c5-0758-11e5-a5ab-00155d0e0b3f

7/25/2016 2:09:20 PM
Updated table business with id 611f202b-b74f-4a17-bb76-860e5961e98c

7/25/2016 2:09:20 PM
Updated table agency with id f282aefd-e695-11e3-8fa5-842b2b4bbc99

7/25/2016 2:09:20 PM
Updated table users with id 4a6e6894-05f4-11e4-ace5-002354f956f4

7/25/2016 2:09:20 PM
Updated table business with id 611f202b-b74f-4a17-bb76-860e5961e98c

7/25/2016 2:09:20 PM
Updated table agency with id f282aefd-e695-11e3-8fa5-842b2b4bbc99

7/25/2016 2:09:20 PM
Updated table users with id 535f0bef-ad70-494d-9354-1534fc0ef740

7/25/2016 2:09:20 PM
Updated table person with id b8b00f2a-6c7a-4666-bfa6-e3890b076f12

7/25/2016 2:09:20 PM
Updated table person with id ac70daf0-7151-4ded-aa78-b9f7c73be844

7/25/2016 2:09:20 PM
Updated table person with id d1da8704-3db0-49ac-bdbe-51f5dc84fbf0

7/25/2016 2:13:43 PM
Updated table pcr with id 02fa583b-6c89-4896-a1d4-99bdcd68eb25

7/25/2016 2:13:43 PM
Updated table Address with id 077c1997-d2de-4ca9-a525-b3a87c3bbeb9

7/25/2016 2:13:43 PM
Updated table pcr_dispatch with id f10e108b-7165-433e-adbb-0ece7d02336c

7/25/2016 2:13:43 PM
Updated table Address with id 077c1997-d2de-4ca9-a525-b3a87c3bbeb9

7/25/2016 2:13:43 PM
Updated table pcr_members with id 3e9fd7f6-3b5a-46ba-a7f7-5e4a95dcb61f

7/25/2016 2:13:43 PM
Updated table pcr_members with id 51b29097-44df-4a64-b107-9afd05346900

7/25/2016 2:13:43 PM
Updated table pcr_members with id fcfbbcb5-b020-4f1b-908c-923c6b356542

7/25/2016 2:13:43 PM
Updated table business with id 611f202b-b74f-4a17-bb76-860e5961e98c

7/25/2016 2:13:43 PM
Updated table agency with id f282aefd-e695-11e3-8fa5-842b2b4bbc99

7/25/2016 2:13:43 PM
Updated table users with id 1b6393c5-0758-11e5-a5ab-00155d0e0b3f

7/25/2016 2:13:54 PM
Updated table business with id 611f202b-b74f-4a17-bb76-860e5961e98c

7/25/2016 2:13:54 PM
Updated table agency with id f282aefd-e695-11e3-8fa5-842b2b4bbc99

7/25/2016 2:13:54 PM
Updated table users with id 4a6e6894-05f4-11e4-ace5-002354f956f4

7/25/2016 2:13:54 PM
Updated table business with id 611f202b-b74f-4a17-bb76-860e5961e98c

7/25/2016 2:13:54 PM
Updated table agency with id f282aefd-e695-11e3-8fa5-842b2b4bbc99

7/25/2016 2:13:54 PM
Updated table users with id 535f0bef-ad70-494d-9354-1534fc0ef740

7/25/2016 2:13:54 PM
Updated table person with id b8b00f2a-6c7a-4666-bfa6-e3890b076f12

7/25/2016 2:13:54 PM
Updated table person with id ac70daf0-7151-4ded-aa78-b9f7c73be844

7/25/2016 2:13:54 PM
Updated table person with id d1da8704-3db0-49ac-bdbe-51f5dc84fbf0

7/25/2016 2:23:07 PM
Updated table pcr with id 02fa583b-6c89-4896-a1d4-99bdcd68eb25

7/25/2016 2:23:07 PM
Updated table Address with id 077c1997-d2de-4ca9-a525-b3a87c3bbeb9

7/25/2016 2:23:07 PM
Updated table pcr_dispatch with id f10e108b-7165-433e-adbb-0ece7d02336c

7/25/2016 2:23:07 PM
Updated table Address with id 077c1997-d2de-4ca9-a525-b3a87c3bbeb9

7/25/2016 2:23:07 PM
Updated table pcr_members with id 3e9fd7f6-3b5a-46ba-a7f7-5e4a95dcb61f

7/25/2016 2:23:07 PM
Updated table pcr_members with id 51b29097-44df-4a64-b107-9afd05346900

7/25/2016 2:23:07 PM
Updated table pcr_members with id fcfbbcb5-b020-4f1b-908c-923c6b356542

7/25/2016 2:23:07 PM
Updated table business with id 611f202b-b74f-4a17-bb76-860e5961e98c

7/25/2016 2:23:08 PM
Updated table agency with id f282aefd-e695-11e3-8fa5-842b2b4bbc99

7/25/2016 2:23:08 PM
Updated table users with id 1b6393c5-0758-11e5-a5ab-00155d0e0b3f

7/25/2016 2:23:08 PM
Updated table business with id 611f202b-b74f-4a17-bb76-860e5961e98c

7/25/2016 2:23:08 PM
Updated table agency with id f282aefd-e695-11e3-8fa5-842b2b4bbc99

7/25/2016 2:23:08 PM
Updated table users with id 4a6e6894-05f4-11e4-ace5-002354f956f4

7/25/2016 2:23:08 PM
Updated table business with id 611f202b-b74f-4a17-bb76-860e5961e98c

7/25/2016 2:23:08 PM
Updated table agency with id f282aefd-e695-11e3-8fa5-842b2b4bbc99

7/25/2016 2:23:08 PM
Updated table users with id 535f0bef-ad70-494d-9354-1534fc0ef740

7/25/2016 2:23:08 PM
Updated table person with id b8b00f2a-6c7a-4666-bfa6-e3890b076f12

7/25/2016 2:23:08 PM
Updated table person with id ac70daf0-7151-4ded-aa78-b9f7c73be844

7/25/2016 2:23:08 PM
Updated table person with id d1da8704-3db0-49ac-bdbe-51f5dc84fbf0

7/25/2016 2:23:32 PM
Updated table pcr with id 02fa583b-6c89-4896-a1d4-99bdcd68eb25

7/25/2016 2:23:32 PM
Updated table Address with id 077c1997-d2de-4ca9-a525-b3a87c3bbeb9

7/25/2016 2:23:32 PM
Updated table pcr_dispatch with id f10e108b-7165-433e-adbb-0ece7d02336c

7/25/2016 2:23:32 PM
Updated table Address with id 077c1997-d2de-4ca9-a525-b3a87c3bbeb9

7/25/2016 2:23:32 PM
Updated table pcr_members with id 3e9fd7f6-3b5a-46ba-a7f7-5e4a95dcb61f

7/25/2016 2:23:32 PM
Updated table pcr_members with id 51b29097-44df-4a64-b107-9afd05346900

7/25/2016 2:23:32 PM
Updated table pcr_members with id fcfbbcb5-b020-4f1b-908c-923c6b356542

7/25/2016 2:23:32 PM
Updated table business with id 611f202b-b74f-4a17-bb76-860e5961e98c

7/25/2016 2:23:32 PM
Updated table agency with id f282aefd-e695-11e3-8fa5-842b2b4bbc99

7/25/2016 2:23:32 PM
Updated table users with id 1b6393c5-0758-11e5-a5ab-00155d0e0b3f

7/25/2016 2:23:32 PM
Updated table business with id 611f202b-b74f-4a17-bb76-860e5961e98c

7/25/2016 2:23:32 PM
Updated table agency with id f282aefd-e695-11e3-8fa5-842b2b4bbc99

7/25/2016 2:23:32 PM
Updated table users with id 4a6e6894-05f4-11e4-ace5-002354f956f4

7/25/2016 2:23:32 PM
Updated table business with id 611f202b-b74f-4a17-bb76-860e5961e98c

7/25/2016 2:23:33 PM
Updated table agency with id f282aefd-e695-11e3-8fa5-842b2b4bbc99

7/25/2016 2:23:33 PM
Updated table users with id 535f0bef-ad70-494d-9354-1534fc0ef740

7/25/2016 2:23:33 PM
Updated table person with id b8b00f2a-6c7a-4666-bfa6-e3890b076f12

7/25/2016 2:23:33 PM
Updated table person with id ac70daf0-7151-4ded-aa78-b9f7c73be844

7/25/2016 2:23:33 PM
Updated table person with id d1da8704-3db0-49ac-bdbe-51f5dc84fbf0

7/25/2016 2:40:42 PM
Inserted into table insurance_policy with id b8b00f2a-6c7a-4666-bfa6-e3890b076f12

7/25/2016 2:41:05 PM
Updated table pcr_Demographic with id d020a76e-18d6-4ae4-804f-b4ead7cfb13f

7/25/2016 2:41:05 PM
Updated table pcr_Assessment with id f5cc6ada-b592-4804-964e-cece23620810

7/25/2016 2:41:05 PM
Updated table pcr_narrative_notes with id 69d4f4e0-dd3b-41a9-b4ae-6d19672d8d8e

7/25/2016 2:41:05 PM
Updated table pcr_rma with id 5fac70cf-3e66-4e5a-9ccd-5973b8ab9e3a

7/25/2016 2:41:05 PM
Updated table pcr_Apcf with id 03581230-9d35-4823-9ac1-6309db953cfe

7/25/2016 2:41:07 PM
Inserted into table pcr_Disposition with id d1c80264-81e0-4c9c-8737-26dd7060848d

7/25/2016 2:41:07 PM
Updated table ems_run with id fbf16ac0-84fe-4078-b77b-002732fcbfe9

7/25/2016 2:41:07 PM
Updated table pcr_Narcotic with id 8a7aac60-f263-476f-8963-58c0aa0e1975

7/25/2016 2:41:07 PM
Updated table pcr_Authorization with id d58eb55f-3198-4930-8a7f-db678c04ac5a

7/25/2016 2:44:25 PM
Updated table pcr with id 02fa583b-6c89-4896-a1d4-99bdcd68eb25

7/25/2016 2:44:25 PM
Updated table Address with id 077c1997-d2de-4ca9-a525-b3a87c3bbeb9

7/25/2016 2:44:25 PM
Updated table pcr_dispatch with id f10e108b-7165-433e-adbb-0ece7d02336c

7/25/2016 2:44:25 PM
Updated table Address with id 077c1997-d2de-4ca9-a525-b3a87c3bbeb9

7/25/2016 2:44:25 PM
Updated table pcr_members with id 3e9fd7f6-3b5a-46ba-a7f7-5e4a95dcb61f

7/25/2016 2:44:25 PM
Updated table pcr_members with id 51b29097-44df-4a64-b107-9afd05346900

7/25/2016 2:44:25 PM
Updated table pcr_members with id fcfbbcb5-b020-4f1b-908c-923c6b356542

7/25/2016 2:44:25 PM
Updated table business with id 611f202b-b74f-4a17-bb76-860e5961e98c

7/25/2016 2:44:25 PM
Updated table agency with id f282aefd-e695-11e3-8fa5-842b2b4bbc99

7/25/2016 2:44:25 PM
Updated table users with id 1b6393c5-0758-11e5-a5ab-00155d0e0b3f

7/25/2016 2:44:25 PM
Updated table business with id 611f202b-b74f-4a17-bb76-860e5961e98c

7/25/2016 2:44:26 PM
Updated table agency with id f282aefd-e695-11e3-8fa5-842b2b4bbc99

7/25/2016 2:44:26 PM
Updated table users with id 4a6e6894-05f4-11e4-ace5-002354f956f4

7/25/2016 2:44:26 PM
Updated table business with id 611f202b-b74f-4a17-bb76-860e5961e98c

7/25/2016 2:44:26 PM
Updated table agency with id f282aefd-e695-11e3-8fa5-842b2b4bbc99

7/25/2016 2:44:26 PM
Updated table users with id 535f0bef-ad70-494d-9354-1534fc0ef740

7/25/2016 2:44:26 PM
Updated table person with id b8b00f2a-6c7a-4666-bfa6-e3890b076f12

7/25/2016 2:44:26 PM
Updated table person with id ac70daf0-7151-4ded-aa78-b9f7c73be844

7/25/2016 2:44:26 PM
Updated table person with id d1da8704-3db0-49ac-bdbe-51f5dc84fbf0

7/25/2016 2:44:29 PM
Updated table insurance_policy with id b8b00f2a-6c7a-4666-bfa6-e3890b076f12

7/25/2016 2:44:36 PM
Updated table pcr_Demographic with id d020a76e-18d6-4ae4-804f-b4ead7cfb13f

7/25/2016 2:44:36 PM
Updated table pcr_Assessment with id f5cc6ada-b592-4804-964e-cece23620810

7/25/2016 2:44:36 PM
Updated table pcr_narrative_notes with id 69d4f4e0-dd3b-41a9-b4ae-6d19672d8d8e

7/25/2016 2:44:36 PM
Updated table pcr_rma with id 5fac70cf-3e66-4e5a-9ccd-5973b8ab9e3a

7/25/2016 2:44:36 PM
Updated table pcr_Apcf with id 03581230-9d35-4823-9ac1-6309db953cfe

7/25/2016 2:44:38 PM
Inserted into table pcr_Disposition with id b62db49d-6b71-42c9-b8b6-871e45cd76ec

7/25/2016 2:44:38 PM
Updated table ems_run with id fbf16ac0-84fe-4078-b77b-002732fcbfe9

7/25/2016 2:44:38 PM
Updated table pcr_Narcotic with id 8a7aac60-f263-476f-8963-58c0aa0e1975

7/25/2016 2:44:38 PM
Updated table pcr_Authorization with id d58eb55f-3198-4930-8a7f-db678c04ac5a

7/25/2016 2:45:39 PM
Updated table pcr with id 02fa583b-6c89-4896-a1d4-99bdcd68eb25

7/25/2016 2:45:39 PM
Updated table Address with id 077c1997-d2de-4ca9-a525-b3a87c3bbeb9

7/25/2016 2:45:39 PM
Updated table pcr_dispatch with id f10e108b-7165-433e-adbb-0ece7d02336c

7/25/2016 2:45:39 PM
Updated table Address with id 077c1997-d2de-4ca9-a525-b3a87c3bbeb9

7/25/2016 2:45:39 PM
Updated table pcr_members with id 3e9fd7f6-3b5a-46ba-a7f7-5e4a95dcb61f

7/25/2016 2:45:39 PM
Updated table pcr_members with id 51b29097-44df-4a64-b107-9afd05346900

7/25/2016 2:45:39 PM
Updated table pcr_members with id fcfbbcb5-b020-4f1b-908c-923c6b356542

7/25/2016 2:45:39 PM
Updated table business with id 611f202b-b74f-4a17-bb76-860e5961e98c

7/25/2016 2:45:39 PM
Updated table agency with id f282aefd-e695-11e3-8fa5-842b2b4bbc99

7/25/2016 2:45:39 PM
Updated table users with id 1b6393c5-0758-11e5-a5ab-00155d0e0b3f

7/25/2016 2:45:39 PM
Updated table business with id 611f202b-b74f-4a17-bb76-860e5961e98c

7/25/2016 2:45:39 PM
Updated table agency with id f282aefd-e695-11e3-8fa5-842b2b4bbc99

7/25/2016 2:45:40 PM
Updated table users with id 4a6e6894-05f4-11e4-ace5-002354f956f4

7/25/2016 2:45:40 PM
Updated table business with id 611f202b-b74f-4a17-bb76-860e5961e98c

7/25/2016 2:45:40 PM
Updated table agency with id f282aefd-e695-11e3-8fa5-842b2b4bbc99

7/25/2016 2:45:40 PM
Updated table users with id 535f0bef-ad70-494d-9354-1534fc0ef740

7/25/2016 2:45:40 PM
Updated table person with id b8b00f2a-6c7a-4666-bfa6-e3890b076f12

7/25/2016 2:45:40 PM
Updated table person with id ac70daf0-7151-4ded-aa78-b9f7c73be844

7/25/2016 2:45:40 PM
Updated table person with id d1da8704-3db0-49ac-bdbe-51f5dc84fbf0

7/25/2016 2:45:41 PM
Updated table insurance_policy with id b8b00f2a-6c7a-4666-bfa6-e3890b076f12

7/25/2016 2:46:54 PM
Updated table pcr_Demographic with id d020a76e-18d6-4ae4-804f-b4ead7cfb13f

7/25/2016 2:46:54 PM
Updated table pcr_Assessment with id f5cc6ada-b592-4804-964e-cece23620810

7/25/2016 2:46:54 PM
Updated table pcr_narrative_notes with id 69d4f4e0-dd3b-41a9-b4ae-6d19672d8d8e

7/25/2016 2:46:54 PM
Updated table pcr_rma with id 5fac70cf-3e66-4e5a-9ccd-5973b8ab9e3a

7/25/2016 2:46:55 PM
Updated table pcr_Apcf with id 03581230-9d35-4823-9ac1-6309db953cfe

7/25/2016 2:46:55 PM
Inserted into table pcr_Disposition with id ebba83d5-1409-411f-b675-3a6c1b67ab72

7/25/2016 2:46:55 PM
Updated table ems_run with id fbf16ac0-84fe-4078-b77b-002732fcbfe9

7/25/2016 2:46:55 PM
Updated table pcr_Narcotic with id 8a7aac60-f263-476f-8963-58c0aa0e1975

7/25/2016 2:46:55 PM
Updated table pcr_Authorization with id d58eb55f-3198-4930-8a7f-db678c04ac5a

7/25/2016 2:46:57 PM
Updated table pcr with id 02fa583b-6c89-4896-a1d4-99bdcd68eb25

7/25/2016 2:46:57 PM
Updated table Address with id 077c1997-d2de-4ca9-a525-b3a87c3bbeb9

7/25/2016 2:46:58 PM
Updated table pcr_dispatch with id f10e108b-7165-433e-adbb-0ece7d02336c

7/25/2016 2:46:58 PM
Updated table Address with id 077c1997-d2de-4ca9-a525-b3a87c3bbeb9

7/25/2016 2:46:58 PM
Updated table pcr_members with id 3e9fd7f6-3b5a-46ba-a7f7-5e4a95dcb61f

7/25/2016 2:46:58 PM
Updated table pcr_members with id 51b29097-44df-4a64-b107-9afd05346900

7/25/2016 2:46:58 PM
Updated table pcr_members with id fcfbbcb5-b020-4f1b-908c-923c6b356542

7/25/2016 2:46:58 PM
Updated table business with id 611f202b-b74f-4a17-bb76-860e5961e98c

7/25/2016 2:46:58 PM
Updated table agency with id f282aefd-e695-11e3-8fa5-842b2b4bbc99

7/25/2016 2:46:58 PM
Updated table users with id 1b6393c5-0758-11e5-a5ab-00155d0e0b3f

7/25/2016 2:46:58 PM
Updated table business with id 611f202b-b74f-4a17-bb76-860e5961e98c

7/25/2016 2:46:58 PM
Updated table agency with id f282aefd-e695-11e3-8fa5-842b2b4bbc99

7/25/2016 2:46:58 PM
Updated table users with id 4a6e6894-05f4-11e4-ace5-002354f956f4

7/25/2016 2:46:58 PM
Updated table business with id 611f202b-b74f-4a17-bb76-860e5961e98c

7/25/2016 2:46:58 PM
Updated table agency with id f282aefd-e695-11e3-8fa5-842b2b4bbc99

7/25/2016 2:46:58 PM
Updated table users with id 535f0bef-ad70-494d-9354-1534fc0ef740

7/25/2016 2:46:58 PM
Updated table person with id b8b00f2a-6c7a-4666-bfa6-e3890b076f12

7/25/2016 2:46:58 PM
Updated table person with id ac70daf0-7151-4ded-aa78-b9f7c73be844

7/25/2016 2:46:58 PM
Updated table person with id d1da8704-3db0-49ac-bdbe-51f5dc84fbf0

7/25/2016 2:47:52 PM
Updated table insurance_policy with id b8b00f2a-6c7a-4666-bfa6-e3890b076f12

7/25/2016 2:47:55 PM
Updated table pcr_Demographic with id d020a76e-18d6-4ae4-804f-b4ead7cfb13f

7/25/2016 2:47:55 PM
Updated table pcr_Assessment with id f5cc6ada-b592-4804-964e-cece23620810

7/25/2016 2:47:55 PM
Updated table pcr_narrative_notes with id 69d4f4e0-dd3b-41a9-b4ae-6d19672d8d8e

7/25/2016 2:47:55 PM
Updated table pcr_rma with id 5fac70cf-3e66-4e5a-9ccd-5973b8ab9e3a

7/25/2016 2:47:55 PM
Updated table pcr_Apcf with id 03581230-9d35-4823-9ac1-6309db953cfe

7/25/2016 2:47:55 PM
Inserted into table pcr_Disposition with id 955c9ee0-3479-44a8-a4d7-a65b8be45c03

7/25/2016 2:47:55 PM
Updated table ems_run with id fbf16ac0-84fe-4078-b77b-002732fcbfe9

7/25/2016 2:47:55 PM
Updated table pcr_Narcotic with id 8a7aac60-f263-476f-8963-58c0aa0e1975

7/25/2016 2:47:55 PM
Updated table pcr_Authorization with id d58eb55f-3198-4930-8a7f-db678c04ac5a

7/25/2016 2:47:58 PM
Updated table pcr with id 02fa583b-6c89-4896-a1d4-99bdcd68eb25

7/25/2016 2:47:58 PM
Updated table Address with id 077c1997-d2de-4ca9-a525-b3a87c3bbeb9

7/25/2016 2:47:58 PM
Updated table pcr_dispatch with id f10e108b-7165-433e-adbb-0ece7d02336c

7/25/2016 2:47:58 PM
Updated table Address with id 077c1997-d2de-4ca9-a525-b3a87c3bbeb9

7/25/2016 2:47:58 PM
Updated table pcr_members with id 3e9fd7f6-3b5a-46ba-a7f7-5e4a95dcb61f

7/25/2016 2:47:58 PM
Updated table pcr_members with id 51b29097-44df-4a64-b107-9afd05346900

7/25/2016 2:47:58 PM
Updated table pcr_members with id fcfbbcb5-b020-4f1b-908c-923c6b356542

7/25/2016 2:47:58 PM
Updated table business with id 611f202b-b74f-4a17-bb76-860e5961e98c

7/25/2016 2:47:58 PM
Updated table agency with id f282aefd-e695-11e3-8fa5-842b2b4bbc99

7/25/2016 2:47:58 PM
Updated table users with id 1b6393c5-0758-11e5-a5ab-00155d0e0b3f

7/25/2016 2:47:58 PM
Updated table business with id 611f202b-b74f-4a17-bb76-860e5961e98c

7/25/2016 2:47:58 PM
Updated table agency with id f282aefd-e695-11e3-8fa5-842b2b4bbc99

7/25/2016 2:47:58 PM
Updated table users with id 4a6e6894-05f4-11e4-ace5-002354f956f4

7/25/2016 2:47:58 PM
Updated table business with id 611f202b-b74f-4a17-bb76-860e5961e98c

7/25/2016 2:47:58 PM
Updated table agency with id f282aefd-e695-11e3-8fa5-842b2b4bbc99

7/25/2016 2:47:58 PM
Updated table users with id 535f0bef-ad70-494d-9354-1534fc0ef740

7/25/2016 2:47:59 PM
Updated table person with id b8b00f2a-6c7a-4666-bfa6-e3890b076f12

7/25/2016 2:47:59 PM
Updated table person with id ac70daf0-7151-4ded-aa78-b9f7c73be844

7/25/2016 2:47:59 PM
Updated table person with id d1da8704-3db0-49ac-bdbe-51f5dc84fbf0

7/25/2016 2:48:00 PM
Updated table insurance_policy with id 9d788b50-b526-4bdb-a93a-8910bd3e6a00

7/25/2016 2:48:00 PM
Updated table insurance_policy with id 6d6a2e9c-ee18-4714-823b-49983309bcff

7/25/2016 2:48:00 PM
Updated table pcr_Demographic with id d020a76e-18d6-4ae4-804f-b4ead7cfb13f

7/25/2016 2:48:00 PM
Updated table pcr_Assessment with id f5cc6ada-b592-4804-964e-cece23620810

7/25/2016 2:48:00 PM
Updated table pcr_narrative_notes with id 69d4f4e0-dd3b-41a9-b4ae-6d19672d8d8e

7/25/2016 2:48:00 PM
Updated table pcr_rma with id 5fac70cf-3e66-4e5a-9ccd-5973b8ab9e3a

7/25/2016 2:48:00 PM
Updated table pcr_Apcf with id 03581230-9d35-4823-9ac1-6309db953cfe

7/25/2016 2:48:00 PM
Inserted into table pcr_Disposition with id 38109166-ce67-489c-b85f-905668a6b83b

7/25/2016 2:48:01 PM
Updated table ems_run with id fbf16ac0-84fe-4078-b77b-002732fcbfe9

7/25/2016 2:48:01 PM
Updated table pcr_Narcotic with id 8a7aac60-f263-476f-8963-58c0aa0e1975

7/25/2016 2:48:01 PM
Updated table pcr_Authorization with id d58eb55f-3198-4930-8a7f-db678c04ac5a

7/25/2016 4:41:17 PM
Updated table pcr for id 02fa583b-6c89-4896-a1d4-99bdcd68eb25 with the following values:System.Collections.Generic.List`1[System.String]


7/25/2016 4:41:47 PM
Updated table Address for id 077c1997-d2de-4ca9-a525-b3a87c3bbeb9 with the following values:System.Collections.Generic.List`1[System.String]


7/25/2016 4:44:04 PM
update pcr_dispatch set 
date = '2016-07-25 04:41:17',
cad = '507143210',
transported_from = null,
town_id = null,
cross_street = null,
assigned = '2015-07-14 08:24:56',
en_route_63 = null,
on_scene_84 = null,
pt_contact = '2015-07-14 08:27:00',
from_scene_82 = null,
at_destination = '2015-07-14 08:35:00',
in_service = '2015-07-14 08:35:00',
pt_count = null,
dispatch_method = 'Emergency',
phone = null,
mileage_begin = null,
mileage_end = null,
address_id = '077c1997-d2de-4ca9-a525-b3a87c3bbeb9',
facility_id = null,
call_type = 'Fracture',
CallReceivedTime = null,
neighborhood = null where id ='f10e108b-7165-433e-adbb-0ece7d02336c'

7/25/2016 4:44:04 PM
update Address set 
address = '200 Lee Cole Rd',
unit = null,
city_id = null,
state_id = null,
zip_id = null,
country_id = null,
address_type_id = null where id ='077c1997-d2de-4ca9-a525-b3a87c3bbeb9'

7/25/2016 4:44:04 PM
update pcr_members set 
pcr_id = '02fa583b-6c89-4896-a1d4-99bdcd68eb25',
user_id = '1b6393c5-0758-11e5-a5ab-00155d0e0b3f',
in_charge = '1',
driver = '0',
transport = '0',
documentary = '1',
scene_only = '1',
active = '1' where id ='3e9fd7f6-3b5a-46ba-a7f7-5e4a95dcb61f'

7/25/2016 4:44:04 PM
update pcr_members set 
pcr_id = '02fa583b-6c89-4896-a1d4-99bdcd68eb25',
user_id = '4a6e6894-05f4-11e4-ace5-002354f956f4',
in_charge = '0',
driver = '1',
transport = '0',
documentary = '0',
scene_only = '0',
active = '1' where id ='51b29097-44df-4a64-b107-9afd05346900'

7/25/2016 4:44:04 PM
update pcr_members set 
pcr_id = '02fa583b-6c89-4896-a1d4-99bdcd68eb25',
user_id = '535f0bef-ad70-494d-9354-1534fc0ef740',
in_charge = '0',
driver = '0',
transport = '0',
documentary = '0',
scene_only = '1',
active = '1' where id ='fcfbbcb5-b020-4f1b-908c-923c6b356542'

7/25/2016 4:44:04 PM
update business set 
name = null where id ='611f202b-b74f-4a17-bb76-860e5961e98c'

7/25/2016 4:44:04 PM
update agency set 
agency_name = 'Chevra Hatzalah',
agency_number = '7191',
agency_type = 'Volunteer',
agency_npi = null,
agency_comments = null,
license_number = null,
license_level = 'ALS',
business_id = '611f202b-b74f-4a17-bb76-860e5961e98c' where id ='f282aefd-e695-11e3-8fa5-842b2b4bbc99'

7/25/2016 4:44:04 PM
update users set 
agency_id = 'f282aefd-e695-11e3-8fa5-842b2b4bbc99',
user = 'W137',
pass = 'hatch901',
badge_number = 'W137',
license = '373375',
hire_date = null,
termination_date = null,
personnel_status = null,
work_status = null,
salary_type = null,
license_type = 'EMT',
person_id = null,
is_admin = '0',
is_super_admin = null,
active = '1',
neighborhood = null where id ='1b6393c5-0758-11e5-a5ab-00155d0e0b3f'

7/25/2016 4:44:04 PM
update business set 
name = null where id ='611f202b-b74f-4a17-bb76-860e5961e98c'

7/25/2016 4:44:04 PM
update agency set 
agency_name = 'Chevra Hatzalah',
agency_number = '7191',
agency_type = 'Volunteer',
agency_npi = null,
agency_comments = null,
license_number = null,
license_level = 'ALS',
business_id = '611f202b-b74f-4a17-bb76-860e5961e98c' where id ='f282aefd-e695-11e3-8fa5-842b2b4bbc99'

7/25/2016 4:44:04 PM
update users set 
agency_id = 'f282aefd-e695-11e3-8fa5-842b2b4bbc99',
user = 'B311',
pass = 'owned667',
badge_number = 'B311',
license = null,
hire_date = null,
termination_date = null,
personnel_status = null,
work_status = null,
salary_type = null,
license_type = null,
person_id = null,
is_admin = '0',
is_super_admin = null,
active = '1',
neighborhood = null where id ='4a6e6894-05f4-11e4-ace5-002354f956f4'

7/25/2016 4:44:04 PM
update business set 
name = null where id ='611f202b-b74f-4a17-bb76-860e5961e98c'

7/25/2016 4:44:04 PM
update agency set 
agency_name = 'Chevra Hatzalah',
agency_number = '7191',
agency_type = 'Volunteer',
agency_npi = null,
agency_comments = null,
license_number = null,
license_level = 'ALS',
business_id = '611f202b-b74f-4a17-bb76-860e5961e98c' where id ='f282aefd-e695-11e3-8fa5-842b2b4bbc99'

7/25/2016 4:44:04 PM
update users set 
agency_id = 'f282aefd-e695-11e3-8fa5-842b2b4bbc99',
user = 'W331',
pass = 'hobby946',
badge_number = 'W331',
license = '370129',
hire_date = null,
termination_date = null,
personnel_status = null,
work_status = null,
salary_type = null,
license_type = 'EMT',
person_id = null,
is_admin = '0',
is_super_admin = null,
active = '1',
neighborhood = null where id ='535f0bef-ad70-494d-9354-1534fc0ef740'

7/25/2016 4:44:04 PM
update person set 
first_name = 'Naftuly ',
mi = null,
last_name = 'Hersko',
dob = '2011-03-11 12:00:01',
weight = null,
is_male = '1',
age = '4',
ss = null,
email = null,
marital_status = null,
active = '1' where id ='b8b00f2a-6c7a-4666-bfa6-e3890b076f12'

7/25/2016 4:44:04 PM
update person set 
first_name = 'Mr Hersko',
mi = null,
last_name = null,
dob = null,
weight = null,
is_male = null,
age = null,
ss = null,
email = null,
marital_status = null,
active = '1' where id ='ac70daf0-7151-4ded-aa78-b9f7c73be844'

7/25/2016 4:44:04 PM
update person set 
first_name = null,
mi = null,
last_name = 'Dr. Wicks',
dob = null,
weight = null,
is_male = null,
age = null,
ss = null,
email = null,
marital_status = null,
active = '1' where id ='d1da8704-3db0-49ac-bdbe-51f5dc84fbf0'

7/25/2016 4:44:06 PM
update insurance_policy set 
insurance = '59621d84-9c53-4c3e-86ff-6dd92d32b59e',
policy_no = null,
group_no = null,
policy_holder = 'b8b00f2a-6c7a-4666-bfa6-e3890b076f12' where id ='9d788b50-b526-4bdb-a93a-8910bd3e6a00'

7/25/2016 4:44:06 PM
update insurance_policy set 
insurance = 'd8e7dd17-1cd1-4763-ac97-8e8af365960d',
policy_no = null,
group_no = null,
policy_holder = 'b8b00f2a-6c7a-4666-bfa6-e3890b076f12' where id ='6d6a2e9c-ee18-4714-823b-49983309bcff'

7/25/2016 4:44:06 PM
update pcr_Demographic set 
pt_person = 'b8b00f2a-6c7a-4666-bfa6-e3890b076f12',
emr_contact_person = 'ac70daf0-7151-4ded-aa78-b9f7c73be844',
phy_contact_person = 'd1da8704-3db0-49ac-bdbe-51f5dc84fbf0',
primary_policy = '9d788b50-b526-4bdb-a93a-8910bd3e6a00',
secondary_policy = '6d6a2e9c-ee18-4714-823b-49983309bcff',
terciary_insurance = null,
agency_id = null where id ='d020a76e-18d6-4ae4-804f-b4ead7cfb13f'

7/25/2016 4:44:06 PM
update pcr_Assessment set 
chief_complaint = null,
medications = null,
burn_1st = null,
burn_2nd = null,
burn_3rd = null,
total_burn = null,
onset = null,
minutes = null,
hours = null,
days = null,
weeks = null,
months = null,
neckScribble = null,
abdomenScribble = null,
chestScribble = null,
rightHandScribble = null,
leftHandScribble = null,
rightFootScribble = null,
leftFootScribble = null,
backScribble = null,
groinScribble = null where id ='f5cc6ada-b592-4804-964e-cece23620810'

7/25/2016 4:44:06 PM
update pcr_narrative_notes set 
objective_subjective_notes = null,
incident_report = null,
xml_crew_member_signature = null,
receiving_representative_name = null,
crew_member_name = null,
xml_receiving_facility_repres = null,
additional_notes = null where id ='69d4f4e0-dd3b-41a9-b4ae-6d19672d8d8e'

7/25/2016 4:44:06 PM
update pcr_rma set 
rma_text = null,
medical_assistance_refused = null,
signature = null,
witness_signature = null,
witness_name = null,
patient_legal_guardian = null where id ='5fac70cf-3e66-4e5a-9ccd-5973b8ab9e3a'

7/25/2016 4:44:06 PM
update pcr_Apcf set 
reason_appointment = null,
reason_ambulance = null,
reason_medical = null,
physician_name = null,
date_appointment = '2015-07-14 08:24:56',
xml_physician_signature = null,
ems_emt_name = null,
patient_bed_confined = null,
title = null,
patient_bed_confined_after_transport = null where id ='03581230-9d35-4823-9ac1-6309db953cfe'

7/25/2016 4:44:06 PM
Inserted into table pcr_Disposition with id 9569e025-9b8b-4f83-91a5-1bce34195a1c

7/25/2016 4:44:06 PM
update ems_run set 
status = '2',
explanation = null,
state_report = '0',
billing_file = '0' where id ='fbf16ac0-84fe-4078-b77b-002732fcbfe9'

7/25/2016 4:44:06 PM
update pcr_Narcotic set 
call_location = 'd63602d2-7e2a-4463-b834-0b1033bcc82e',
patient_name = '5435b002-4099-48c7-87cf-9e3c328cd67a',
patient_address = 'e6edb457-3589-4c0a-85df-60e06a68fd5c',
patient_csz = null,
patient_ssn = null,
chief_complaint = null,
receiving_hospital = null,
disp_code = null,
ed_chart = null,
paramedic_name = null,
paramedic_signature = null,
witness_name = null,
witness_signature = null,
midazolam_wasted = null,
diazepam_wasted = null,
lorazepam_wasted = null,
morphine_sulfate_wasted = null,
fentanyl_wasted = null,
midazolam_number = null,
diazepam_number = null,
lorazepam_number = null,
morphine_sulfate_number = null,
fentanyl_number = null,
number = null where id ='8a7aac60-f263-476f-8963-58c0aa0e1975'

7/25/2016 4:44:06 PM
update pcr_Authorization set 
xml_patient_signature = null,
xml_witness_signature = null,
witness_name = null,
reason_patient_incapable = null,
repres_signature = null,
repres_name = null,
reason_patient_incapable2 = null,
time_at_facility = null,
name_of_facility = null,
name_crewmember = null,
name_facility_repres = null,
signature_facility_repres = null,
signature_crewmember = null,
patient_legal_guardian = null,
patient_health_care_poa = null,
relative_benefits = null,
relative_affairs = null,
repres_agency = null,
patient_care_report = null,
facility_face_sheet = null,
medical_record = null,
facility_record = null,
auth_text = null,
type = null,
patient_repres = null where id ='d58eb55f-3198-4930-8a7f-db678c04ac5a'
