
2/14/2017 2:43:01 PM
Could not load from button ekgAssessMap12LB19_2 of pcr 4089f458-d2eb-11e6-b953-3052cb650342

2/14/2017 2:44:33 PM
Could not load from button ekgAssessMap12LB21_1; id = 06fabadc-07a7-11e0-bdc9-8e92303c9d5f; pcr: 4089f458-d2eb-11e6-b953-3052cb650342

2/14/2017 2:44:34 PM
Could not load from button cprMapPulseB4_1; id = 9622ce50-0610-11e0-9c66-0ba20c568bb6; pcr: 4089f458-d2eb-11e6-b953-3052cb650342

2/14/2017 2:44:34 PM
Could not load from button cprAssessMapAED1_1; id = 06f62afb-07a7-11e0-bdc9-8e92303c9d5f; pcr: 4089f458-d2eb-11e6-b953-3052cb650342

2/14/2017 2:44:34 PM
Could not load from button ekgAssessMap12LA19_1; id = 06f9f095-07a7-11e0-bdc9-8e92303c9d5f; pcr: 4089f458-d2eb-11e6-b953-3052cb650342

2/14/2017 2:44:34 PM
Could not load from button cprMapPulseB4_1; id = 9622ce50-0610-11e0-9c66-0ba20c568bb6; pcr: 4089f458-d2eb-11e6-b953-3052cb650342

2/14/2017 2:44:35 PM
Could not load from button ekgAssessMap12LB21_1; id = 06fabadc-07a7-11e0-bdc9-8e92303c9d5f; pcr: 4089f458-d2eb-11e6-b953-3052cb650342

2/14/2017 2:44:35 PM
Could not load from button cprMapPulseC4_1; id = 96230b7d-0610-11e0-9c66-0ba20c568bb6; pcr: 4089f458-d2eb-11e6-b953-3052cb650342

2/14/2017 2:44:35 PM
Could not load from button rightHandMapArm17_3; id = 06b4d53d-07a7-11e0-bdc9-8e92303c9d5f; pcr: 4089f458-d2eb-11e6-b953-3052cb650342

2/14/2017 2:44:35 PM
Could not load from button ekgAssessMap12LA21_11; id = 06fa35a6-07a7-11e0-bdc9-8e92303c9d5f; pcr: 4089f458-d2eb-11e6-b953-3052cb650342

2/14/2017 2:44:36 PM
Could not load from button cprAssessMapAED1_1; id = 06f62afb-07a7-11e0-bdc9-8e92303c9d5f; pcr: 4089f458-d2eb-11e6-b953-3052cb650342

2/14/2017 2:44:36 PM
Could not load from button cprMapPulseC4_1; id = 96230b7d-0610-11e0-9c66-0ba20c568bb6; pcr: 4089f458-d2eb-11e6-b953-3052cb650342

2/14/2017 2:44:36 PM
Could not load from button ekgAssessMap12LA21_11; id = 06fa35a6-07a7-11e0-bdc9-8e92303c9d5f; pcr: 4089f458-d2eb-11e6-b953-3052cb650342

2/14/2017 2:44:37 PM
Could not load from button rightHandMapArm19_3; id = 06b4f62f-07a7-11e0-bdc9-8e92303c9d5f; pcr: 4089f458-d2eb-11e6-b953-3052cb650342

2/14/2017 2:44:37 PM
Could not load from button ekgAssessMap12LA19_1; id = 06f9f095-07a7-11e0-bdc9-8e92303c9d5f; pcr: 4089f458-d2eb-11e6-b953-3052cb650342

2/14/2017 2:44:37 PM
Could not load from button rightHandMapArm17_3; id = 06b4d53d-07a7-11e0-bdc9-8e92303c9d5f; pcr: 4089f458-d2eb-11e6-b953-3052cb650342

2/14/2017 2:44:37 PM
Could not load from button rightHandMapArm20_3; id = 06b50aa2-07a7-11e0-bdc9-8e92303c9d5f; pcr: 4089f458-d2eb-11e6-b953-3052cb650342

2/14/2017 2:44:37 PM
Could not load from button rightHandMapArm20_3; id = 06b50aa2-07a7-11e0-bdc9-8e92303c9d5f; pcr: 4089f458-d2eb-11e6-b953-3052cb650342

2/14/2017 2:44:38 PM
Could not load from button rightHandMapArm19_3; id = 06b4f62f-07a7-11e0-bdc9-8e92303c9d5f; pcr: 4089f458-d2eb-11e6-b953-3052cb650342

2/14/2017 2:44:38 PM
Could not load from button ekgAssessMap12LB19_2; id = 06faac33-07a7-11e0-bdc9-8e92303c9d5f; pcr: 4089f458-d2eb-11e6-b953-3052cb650342

2/14/2017 3:21:51 PM
Could not load from button ekgAssessMap12LB19_2; id: 06faac33-07a7-11e0-bdc9-8e92303c9d5f; pcr: 4089f458-d2eb-11e6-b953-3052cb650342

2/14/2017 3:21:51 PM
Could not load from button ekgAssessMap12LB21_1; id: 06fabadc-07a7-11e0-bdc9-8e92303c9d5f; pcr: 4089f458-d2eb-11e6-b953-3052cb650342

2/14/2017 3:21:52 PM
Could not load from button cprMapPulseB4_1; id: 9622ce50-0610-11e0-9c66-0ba20c568bb6; pcr: 4089f458-d2eb-11e6-b953-3052cb650342

2/14/2017 3:21:52 PM
Could not load from button cprAssessMapAED1_1; id: 06f62afb-07a7-11e0-bdc9-8e92303c9d5f; pcr: 4089f458-d2eb-11e6-b953-3052cb650342

2/14/2017 3:21:52 PM
Could not load from button ekgAssessMap12LA19_1; id: 06f9f095-07a7-11e0-bdc9-8e92303c9d5f; pcr: 4089f458-d2eb-11e6-b953-3052cb650342

2/14/2017 3:21:53 PM
Could not load from button cprMapPulseB4_1; id: 9622ce50-0610-11e0-9c66-0ba20c568bb6; pcr: 4089f458-d2eb-11e6-b953-3052cb650342

2/14/2017 3:21:53 PM
Could not load from button ekgAssessMap12LB21_1; id: 06fabadc-07a7-11e0-bdc9-8e92303c9d5f; pcr: 4089f458-d2eb-11e6-b953-3052cb650342

2/14/2017 3:21:53 PM
Could not load from button cprMapPulseC4_1; id: 96230b7d-0610-11e0-9c66-0ba20c568bb6; pcr: 4089f458-d2eb-11e6-b953-3052cb650342

2/14/2017 3:21:53 PM
Could not load from button rightHandMapArm17_3; id: 06b4d53d-07a7-11e0-bdc9-8e92303c9d5f; pcr: 4089f458-d2eb-11e6-b953-3052cb650342

2/14/2017 3:21:53 PM
Could not load from button ekgAssessMap12LA21_11; id: 06fa35a6-07a7-11e0-bdc9-8e92303c9d5f; pcr: 4089f458-d2eb-11e6-b953-3052cb650342

2/14/2017 3:21:54 PM
Could not load from button cprAssessMapAED1_1; id: 06f62afb-07a7-11e0-bdc9-8e92303c9d5f; pcr: 4089f458-d2eb-11e6-b953-3052cb650342

2/14/2017 3:21:54 PM
Could not load from button cprMapPulseC4_1; id: 96230b7d-0610-11e0-9c66-0ba20c568bb6; pcr: 4089f458-d2eb-11e6-b953-3052cb650342

2/14/2017 3:21:54 PM
Could not load from button ekgAssessMap12LA21_11; id: 06fa35a6-07a7-11e0-bdc9-8e92303c9d5f; pcr: 4089f458-d2eb-11e6-b953-3052cb650342

2/14/2017 3:21:54 PM
Could not load from button rightHandMapArm19_3; id: 06b4f62f-07a7-11e0-bdc9-8e92303c9d5f; pcr: 4089f458-d2eb-11e6-b953-3052cb650342

2/14/2017 3:21:55 PM
Could not load from button ekgAssessMap12LA19_1; id: 06f9f095-07a7-11e0-bdc9-8e92303c9d5f; pcr: 4089f458-d2eb-11e6-b953-3052cb650342

2/14/2017 3:21:55 PM
Could not load from button rightHandMapArm17_3; id: 06b4d53d-07a7-11e0-bdc9-8e92303c9d5f; pcr: 4089f458-d2eb-11e6-b953-3052cb650342

2/14/2017 3:21:55 PM
Could not load from button rightHandMapArm20_3; id: 06b50aa2-07a7-11e0-bdc9-8e92303c9d5f; pcr: 4089f458-d2eb-11e6-b953-3052cb650342

2/14/2017 3:21:55 PM
Could not load from button rightHandMapArm20_3; id: 06b50aa2-07a7-11e0-bdc9-8e92303c9d5f; pcr: 4089f458-d2eb-11e6-b953-3052cb650342

2/14/2017 3:21:56 PM
Could not load from button rightHandMapArm19_3; id: 06b4f62f-07a7-11e0-bdc9-8e92303c9d5f; pcr: 4089f458-d2eb-11e6-b953-3052cb650342

2/14/2017 3:21:56 PM
Could not load from button ekgAssessMap12LB19_2; id: 06faac33-07a7-11e0-bdc9-8e92303c9d5f; pcr: 4089f458-d2eb-11e6-b953-3052cb650342
