
9/6/2016 4:15:50 PM
Table 'newcems.newchange' doesn't exist:
Stack trace: at MySql.Data.MySqlClient.MySqlStream.ReadPacket()
   at MySql.Data.MySqlClient.NativeDriver.GetResult(Int32& affectedRow, Int64& insertedId)
   at MySql.Data.MySqlClient.Driver.GetResult(Int32 statementId, Int32& affectedRows, Int64& insertedId)
   at MySql.Data.MySqlClient.Driver.NextResult(Int32 statementId, Boolean force)
   at MySql.Data.MySqlClient.MySqlDataReader.NextResult()
   at MySql.Data.MySqlClient.MySqlCommand.ExecuteReader(CommandBehavior behavior)
   at MySql.Data.MySqlClient.MySqlCommand.ExecuteDbDataReader(CommandBehavior behavior)
   at System.Data.Common.DbCommand.System.Data.IDbCommand.ExecuteReader(CommandBehavior behavior)
   at System.Data.Common.DbDataAdapter.FillInternal(DataSet dataset, DataTable[] datatables, Int32 startRecord, Int32 maxRecords, String srcTable, IDbCommand command, CommandBehavior behavior)
   at System.Data.Common.DbDataAdapter.Fill(DataTable[] dataTables, Int32 startRecord, Int32 maxRecords, IDbCommand command, CommandBehavior behavior)
   at System.Data.Common.DbDataAdapter.Fill(DataTable dataTable)
   at DbConnect.GetDataTable(MySqlConnection cn, String SelectQuery) in c:\Work Area\WebApi\WebApiPoster\WebApiPoster\DBConnect.cs:line 64
   at WebApiPoster.PCR.PcrBase.Retrieve(String SearchField) in c:\Work Area\WebApi\WebApiPoster\WebApiPoster\PCR\Global\PcrBase.cs:line 154
Source: MySql.Data

9/6/2016 4:17:35 PM
Table 'newcems.new_changes' doesn't exist:
Stack trace: at MySql.Data.MySqlClient.MySqlStream.ReadPacket()
   at MySql.Data.MySqlClient.NativeDriver.GetResult(Int32& affectedRow, Int64& insertedId)
   at MySql.Data.MySqlClient.Driver.GetResult(Int32 statementId, Int32& affectedRows, Int64& insertedId)
   at MySql.Data.MySqlClient.Driver.NextResult(Int32 statementId, Boolean force)
   at MySql.Data.MySqlClient.MySqlDataReader.NextResult()
   at MySql.Data.MySqlClient.MySqlCommand.ExecuteReader(CommandBehavior behavior)
   at MySql.Data.MySqlClient.MySqlCommand.ExecuteDbDataReader(CommandBehavior behavior)
   at System.Data.Common.DbCommand.System.Data.IDbCommand.ExecuteReader(CommandBehavior behavior)
   at System.Data.Common.DbDataAdapter.FillInternal(DataSet dataset, DataTable[] datatables, Int32 startRecord, Int32 maxRecords, String srcTable, IDbCommand command, CommandBehavior behavior)
   at System.Data.Common.DbDataAdapter.Fill(DataTable[] dataTables, Int32 startRecord, Int32 maxRecords, IDbCommand command, CommandBehavior behavior)
   at System.Data.Common.DbDataAdapter.Fill(DataTable dataTable)
   at DbConnect.GetDataTable(MySqlConnection cn, String SelectQuery) in c:\Work Area\WebApi\WebApiPoster\WebApiPoster\DBConnect.cs:line 64
   at WebApiPoster.PCR.PcrBase.Retrieve(String SearchField) in c:\Work Area\WebApi\WebApiPoster\WebApiPoster\PCR\Global\PcrBase.cs:line 154
Source: MySql.Data

9/6/2016 4:23:28 PM
Sequence contains no matching element:
Stack trace: at System.Linq.Enumerable.First[TSource](IEnumerable`1 source, Func`2 predicate)
   at WebApiPoster.Controllers.CEMSController.PostJsonToSql(Object JsonData) in c:\Work Area\WebApi\WebApiPoster\WebApiPoster\Controllers\CEMSController.cs:line 229
Source: System.Core

9/6/2016 4:23:55 PM
Sequence contains no matching element:
Stack trace: at System.Linq.Enumerable.First[TSource](IEnumerable`1 source, Func`2 predicate)
   at WebApiPoster.Controllers.CEMSController.PostJsonToSql(Object JsonData) in c:\Work Area\WebApi\WebApiPoster\WebApiPoster\Controllers\CEMSController.cs:line 229
Source: System.Core

9/6/2016 4:24:28 PM
Sequence contains no matching element:
Stack trace: at System.Linq.Enumerable.First[TSource](IEnumerable`1 source, Func`2 predicate)
   at WebApiPoster.Controllers.CEMSController.PostJsonToSql(Object JsonData) in c:\Work Area\WebApi\WebApiPoster\WebApiPoster\Controllers\CEMSController.cs:line 229
Source: System.Core

9/6/2016 4:25:49 PM
Sequence contains no matching element:
Stack trace: at System.Linq.Enumerable.First[TSource](IEnumerable`1 source, Func`2 predicate)
   at WebApiPoster.Controllers.CEMSController.PostJsonToSql(Object JsonData) in c:\Work Area\WebApi\WebApiPoster\WebApiPoster\Controllers\CEMSController.cs:line 229
Source: System.Core
