
7/26/2016 2:59:29 PM
{
  "pcr": {
    "pcr_dispatch_id": "f10e108b-7165-433e-adbb-0ece7d02336c",
    "pcr_demographic_id": "d020a76e-18d6-4ae4-804f-b4ead7cfb13f",
    "pcr_assessment_id": "f5cc6ada-b592-4804-964e-cece23620810",
    "pcr_narrative_notes_id": "69d4f4e0-dd3b-41a9-b4ae-6d19672d8d8e",
    "pcr_rma_id": "5fac70cf-3e66-4e5a-9ccd-5973b8ab9e3a",
    "pcr_authorization_id": "d58eb55f-3198-4930-8a7f-db678c04ac5a",
    "pcr_apcf_id": "03581230-9d35-4823-9ac1-6309db953cfe",
    "pcr_disposition_id": "131f1b00-dd0a-4ce8-a12d-9093c27b07a5",
    "ems_run": "fbf16ac0-84fe-4078-b77b-002732fcbfe9",
    "pcr_narcotics_id": "8a7aac60-f263-476f-8963-58c0aa0e1975",
    "cad_number_id": "",
    "cad_number": null,
    "pcr_type": "10-93 ",
    "pcr_number": " -07142015-202456-2",
    "printed": "False",
    "admitted": "0",
    "agency_id": "f282aefd-e695-11e3-8fa5-842b2b4bbc99",
    "qa": "1",
    "id": "02fa583b-6c89-4896-a1d4-99bdcd68eb25"
  },
  "pcr_dispatch": {
    "date": "7/14/2015 8:24:55 PM",
    "cad": "507143210",
    "transported_from": "",
    "town_id": "e3514b99-063e-11e0-9c66-0ba20c568bb6",
    "cross_street": "Bushville Swan Lake Rd Old White Lake Tpke",
    "assigned": "7/14/2015 8:24:56 PM",
    "en_route_63": "7/14/2015 8:24:56 PM",
    "on_scene_84": "7/14/2015 8:25:00 PM",
    "pt_contact": "7/14/2015 8:27:00 PM",
    "from_scene_82": "7/14/2015 8:35:00 PM",
    "at_destination": "7/14/2015 8:35:00 PM",
    "in_service": "7/14/2015 8:35:00 PM",
    "pt_count": "1",
    "dispatch_method": "Emergency",
    "phone": "",
    "mileage_begin": "",
    "mileage_end": "",
    "address_id": "077c1997-d2de-4ca9-a525-b3a87c3bbeb9",
    "facility_id": "",
    "call_type": "Fracture",
    "CallReceivedTime": "1/1/1970 12:00:00 AM",
    "neighborhood": "CATSKILL",
    "id": "f10e108b-7165-433e-adbb-0ece7d02336c"
  },
  "Address": {
    "address": "200 Lee Cole Rd",
    "unit": "",
    "city_id": "",
    "state_id": "",
    "zip_id": "",
    "country_id": "",
    "address_type_id": "",
    "id": "077c1997-d2de-4ca9-a525-b3a87c3bbeb9"
  },
  "business": {
    "name": null,
    "id": ""
  },
  "pcr_members": [
    {
      "pcr_id": "02fa583b-6c89-4896-a1d4-99bdcd68eb25",
      "user_id": "1b6393c5-0758-11e5-a5ab-00155d0e0b3f",
      "in_charge": "1",
      "driver": "0",
      "transport": "0",
      "documentary": "1",
      "scene_only": "1",
      "active": "1",
      "id": "3e9fd7f6-3b5a-46ba-a7f7-5e4a95dcb61f"
    },
    {
      "pcr_id": "02fa583b-6c89-4896-a1d4-99bdcd68eb25",
      "user_id": "4a6e6894-05f4-11e4-ace5-002354f956f4",
      "in_charge": "0",
      "driver": "1",
      "transport": "0",
      "documentary": "0",
      "scene_only": "0",
      "active": "1",
      "id": "51b29097-44df-4a64-b107-9afd05346900"
    },
    {
      "pcr_id": "02fa583b-6c89-4896-a1d4-99bdcd68eb25",
      "user_id": "535f0bef-ad70-494d-9354-1534fc0ef740",
      "in_charge": "0",
      "driver": "0",
      "transport": "0",
      "documentary": "0",
      "scene_only": "1",
      "active": "1",
      "id": "fcfbbcb5-b020-4f1b-908c-923c6b356542"
    }
  ],
  "users": [
    {
      "agency_id": "f282aefd-e695-11e3-8fa5-842b2b4bbc99",
      "user": "W137",
      "pass": "hatch901",
      "badge_number": "W137",
      "license": "373375",
      "hire_date": "",
      "termination_date": "",
      "personnel_status": "",
      "work_status": "",
      "salary_type": "",
      "license_type": "EMT",
      "is_admin": "0",
      "is_super_admin": "",
      "active": "1",
      "neighborhood": "",
      "id": "1b6393c5-0758-11e5-a5ab-00155d0e0b3f"
    },
    {
      "agency_id": "f282aefd-e695-11e3-8fa5-842b2b4bbc99",
      "user": "B311",
      "pass": "owned667",
      "badge_number": "B311",
      "license": "",
      "hire_date": "",
      "termination_date": "",
      "personnel_status": "",
      "work_status": "",
      "salary_type": "",
      "license_type": "",
      "is_admin": "0",
      "is_super_admin": "",
      "active": "1",
      "neighborhood": "",
      "id": "4a6e6894-05f4-11e4-ace5-002354f956f4"
    },
    {
      "agency_id": "f282aefd-e695-11e3-8fa5-842b2b4bbc99",
      "user": "W331",
      "pass": "hobby946",
      "badge_number": "W331",
      "license": "370129",
      "hire_date": "",
      "termination_date": "",
      "personnel_status": "",
      "work_status": "",
      "salary_type": "",
      "license_type": "EMT",
      "is_admin": "0",
      "is_super_admin": "False",
      "active": "1",
      "neighborhood": "",
      "id": "535f0bef-ad70-494d-9354-1534fc0ef740"
    }
  ],
  "pcr_Demographic": {
    "pt_person": "b8b00f2a-6c7a-4666-bfa6-e3890b076f12",
    "emr_contact_person": "ac70daf0-7151-4ded-aa78-b9f7c73be844",
    "phy_contact_person": "d1da8704-3db0-49ac-bdbe-51f5dc84fbf0",
    "primary_policy": "9d788b50-b526-4bdb-a93a-8910bd3e6a00",
    "secondary_policy": "6d6a2e9c-ee18-4714-823b-49983309bcff",
    "terciary_insurance": "",
    "agency_id": "",
    "id": "d020a76e-18d6-4ae4-804f-b4ead7cfb13f"
  },
  "pcr_Assessment": {
    "chief_complaint": "",
    "medications": "",
    "burn_1st": "",
    "burn_2nd": "",
    "burn_3rd": "",
    "total_burn": "",
    "onset": "",
    "minutes": "",
    "hours": "",
    "days": "",
    "weeks": "",
    "months": "",
    "neckScribble": "",
    "abdomenScribble": "",
    "chestScribble": "",
    "rightHandScribble": "",
    "leftHandScribble": "",
    "rightFootScribble": "",
    "leftFootScribble": "",
    "backScribble": "",
    "groinScribble": "",
    "id": "f5cc6ada-b592-4804-964e-cece23620810"
  },
  "pcr_narrative_notes": {
    "objective_subjective_notes": null,
    "incident_report": null,
    "xml_crew_member_signature": null,
    "receiving_representative_name": null,
    "crew_member_name": null,
    "xml_receiving_facility_repres": null,
    "additional_notes": null,
    "id": "69d4f4e0-dd3b-41a9-b4ae-6d19672d8d8e"
  },
  "pcr_rma": {
    "rma_text": null,
    "medical_assistance_refused": null,
    "signature": null,
    "witness_signature": null,
    "witness_name": null,
    "patient_legal_guardian": null,
    "id": "5fac70cf-3e66-4e5a-9ccd-5973b8ab9e3a"
  },
  "pcr_Apcf": {
    "reason_appointment": "",
    "reason_ambulance": "",
    "reason_medical": "",
    "physician_name": "",
    "date_appointment": "7/14/2015 8:24:56 PM",
    "xml_physician_signature": "",
    "ems_emt_name": "",
    "patient_bed_confined": "",
    "title": "",
    "patient_bed_confined_after_transport": "",
    "id": "03581230-9d35-4823-9ac1-6309db953cfe"
  },
  "pcr_Disposition": {
    "disposition_facility_id": "",
    "address_id": "",
    "out_of_area": "",
    "out_of_area_exists": "0",
    "id": "131f1b00-dd0a-4ce8-a12d-9093c27b07a5"
  },
  "ems_run": {
    "status": "2",
    "explanation": "",
    "state_report": "0",
    "billing_file": "0",
    "id": "fbf16ac0-84fe-4078-b77b-002732fcbfe9"
  },
  "pcr_Narcotic": {
    "call_location": "",
    "patient_name": "",
    "patient_address": "",
    "patient_csz": "",
    "patient_ssn": "",
    "chief_complaint": "",
    "receiving_hospital": "",
    "disp_code": "",
    "ed_chart": "",
    "paramedic_name": "",
    "paramedic_signature": "",
    "witness_name": "",
    "witness_signature": "",
    "midazolam_wasted": "",
    "diazepam_wasted": "",
    "lorazepam_wasted": "",
    "morphine_sulfate_wasted": "",
    "fentanyl_wasted": "",
    "midazolam_number": "",
    "diazepam_number": "",
    "lorazepam_number": "",
    "morphine_sulfate_number": "",
    "fentanyl_number": "",
    "number": "",
    "id": "8a7aac60-f263-476f-8963-58c0aa0e1975"
  },
  "pcr_Authorization": {
    "xml_patient_signature": null,
    "xml_witness_signature": null,
    "witness_name": null,
    "reason_patient_incapable": null,
    "repres_signature": null,
    "repres_name": null,
    "reason_patient_incapable2": null,
    "time_at_facility": null,
    "name_of_facility": null,
    "name_crewmember": null,
    "name_facility_repres": null,
    "signature_facility_repres": null,
    "signature_crewmember": null,
    "patient_legal_guardian": null,
    "patient_health_care_poa": null,
    "relative_benefits": null,
    "relative_affairs": null,
    "repres_agency": null,
    "patient_care_report": null,
    "facility_face_sheet": null,
    "medical_record": null,
    "facility_record": null,
    "auth_text": null,
    "type": null,
    "patient_repres": null,
    "id": "d58eb55f-3198-4930-8a7f-db678c04ac5a"
  }
}
