
2/27/2017 1:30:19 PM
{
  "pcr": {
    "pcr_dispatch_id": null,
    "pcr_demographic_id": null,
    "pcr_assessment_id": null,
    "pcr_narrative_notes_id": null,
    "pcr_rma_id": null,
    "pcr_authorization_id": null,
    "pcr_apcf_id": null,
    "pcr_disposition_id": null,
    "ems_run": null,
    "pcr_narcotics_id": null,
    "cad_number_id": null,
    "cad_number": null,
    "pcr_type": null,
    "pcr_number": null,
    "printed": null,
    "admitted": null,
    "agency_id": null,
    "qa": null,
    "_form_800_id": null,
    "id": "%"
  },
  "pcr_dispatch": {
    "date": null,
    "cad": null,
    "transported_from": null,
    "town_id": null,
    "cross_street": null,
    "assigned": null,
    "en_route_63": null,
    "on_scene_84": null,
    "pt_contact": null,
    "from_scene_82": null,
    "at_destination": null,
    "in_service": null,
    "pt_count": null,
    "dispatch_method": null,
    "phone": null,
    "mileage_begin": null,
    "mileage_end": null,
    "address_id": null,
    "facility_id": null,
    "call_type": null,
    "CallReceivedTime": null,
    "neighborhood": null,
    "address_object": null,
    "facility_object": null,
    "id": null
  },
  "pcr_members": [],
  "pcr_Demographic": {
    "pt_person": null,
    "emr_contact_person": null,
    "phy_contact_person": null,
    "primary_policy": null,
    "secondary_policy": null,
    "terciary_insurance": null,
    "agency_id": null,
    "pt_person_object": null,
    "emr_contact_person_object": null,
    "phy_contact_person_object": null,
    "primary_policy_object": null,
    "secondary_policy_object": null,
    "terciary_insurance_object": null,
    "agency_object": null,
    "id": null
  },
  "pcr_Assessment": {
    "chief_complaint": null,
    "medications": null,
    "burn_1st": null,
    "burn_2nd": null,
    "burn_3rd": null,
    "total_burn": null,
    "onset": null,
    "minutes": null,
    "hours": null,
    "days": null,
    "weeks": null,
    "months": null,
    "neckScribble": null,
    "abdomenScribble": null,
    "chestScribble": null,
    "rightHandScribble": null,
    "leftHandScribble": null,
    "rightFootScribble": null,
    "leftFootScribble": null,
    "backScribble": null,
    "groinScribble": null,
    "id": null
  },
  "pcr_narrative_notes": {
    "objective_subjective_notes": null,
    "incident_report": null,
    "xml_crew_member_signature": null,
    "receiving_representative_name": null,
    "crew_member_name": null,
    "xml_receiving_facility_repres": null,
    "additional_notes": null,
    "crew_member_name_object": null,
    "id": null
  },
  "pcr_rma": {
    "rma_text": null,
    "medical_assistance_refused": null,
    "signature": null,
    "witness_signature": null,
    "witness_name": null,
    "patient_legal_guardian": null,
    "rma_text_object": null,
    "id": null
  },
  "pcr_Apcf": {
    "reason_appointment": null,
    "reason_ambulance": null,
    "reason_medical": null,
    "physician_name": null,
    "date_appointment": null,
    "xml_physician_signature": null,
    "ems_emt_name": null,
    "patient_bed_confined": null,
    "title": null,
    "patient_bed_confined_after_transport": null,
    "id": null
  },
  "pcr_Disposition": {
    "disposition_facility_id": null,
    "address_id": null,
    "out_of_area": null,
    "out_of_area_exists": "0",
    "address_object": null,
    "disposition_facility_object": null,
    "id": null
  },
  "ems_run": {
    "status": null,
    "explanation": null,
    "state_report": null,
    "billing_file": null,
    "_form_800_id": null,
    "id": null
  },
  "pcr_Narcotic": {
    "call_location": null,
    "patient_name": null,
    "patient_address": null,
    "patient_csz": null,
    "patient_ssn": null,
    "chief_complaint": null,
    "receiving_hospital": null,
    "disp_code": null,
    "ed_chart": null,
    "paramedic_name": null,
    "paramedic_signature": null,
    "witness_name": null,
    "witness_signature": null,
    "midazolam_wasted": null,
    "diazepam_wasted": null,
    "lorazepam_wasted": null,
    "morphine_sulfate_wasted": null,
    "fentanyl_wasted": null,
    "midazolam_number": null,
    "diazepam_number": null,
    "lorazepam_number": null,
    "morphine_sulfate_number": null,
    "fentanyl_number": null,
    "number": null,
    "call_location_object": null,
    "patient_address_object": null,
    "patient_name_object": null,
    "id": null
  },
  "pcr_Authorization": {
    "xml_patient_signature": null,
    "xml_witness_signature": null,
    "witness_name": null,
    "reason_patient_incapable": null,
    "repres_signature": null,
    "repres_name": null,
    "reason_patient_incapable2": null,
    "time_at_facility": null,
    "name_of_facility": null,
    "name_crewmember": null,
    "name_facility_repres": null,
    "signature_facility_repres": null,
    "signature_crewmember": null,
    "patient_legal_guardian": null,
    "patient_health_care_poa": null,
    "relative_benefits": null,
    "relative_affairs": null,
    "repres_agency": null,
    "patient_care_report": null,
    "facility_face_sheet": null,
    "medical_record": null,
    "facility_record": null,
    "auth_text": null,
    "type": null,
    "patient_repres": null,
    "name_crewmember_object": null,
    "name_of_facility_object": null,
    "type_object": null,
    "auth_text_object": null,
    "id": null
  },
  "pcr_buttons": null,
  "pcr_inputs": null
}

2/27/2017 1:50:35 PM
{
  "pcr": {
    "pcr_dispatch_id": null,
    "pcr_demographic_id": null,
    "pcr_assessment_id": null,
    "pcr_narrative_notes_id": null,
    "pcr_rma_id": null,
    "pcr_authorization_id": null,
    "pcr_apcf_id": null,
    "pcr_disposition_id": null,
    "ems_run": null,
    "pcr_narcotics_id": null,
    "cad_number_id": null,
    "cad_number": null,
    "pcr_type": null,
    "pcr_number": null,
    "printed": null,
    "admitted": null,
    "agency_id": null,
    "qa": null,
    "_form_800_id": null,
    "id": "%"
  },
  "pcr_dispatch": {
    "date": null,
    "cad": null,
    "transported_from": null,
    "town_id": null,
    "cross_street": null,
    "assigned": null,
    "en_route_63": null,
    "on_scene_84": null,
    "pt_contact": null,
    "from_scene_82": null,
    "at_destination": null,
    "in_service": null,
    "pt_count": null,
    "dispatch_method": null,
    "phone": null,
    "mileage_begin": null,
    "mileage_end": null,
    "address_id": null,
    "facility_id": null,
    "call_type": null,
    "CallReceivedTime": null,
    "neighborhood": null,
    "address_object": null,
    "facility_object": null,
    "id": null
  },
  "pcr_members": [],
  "pcr_Demographic": {
    "pt_person": null,
    "emr_contact_person": null,
    "phy_contact_person": null,
    "primary_policy": null,
    "secondary_policy": null,
    "terciary_insurance": null,
    "agency_id": null,
    "pt_person_object": null,
    "emr_contact_person_object": null,
    "phy_contact_person_object": null,
    "primary_policy_object": null,
    "secondary_policy_object": null,
    "terciary_insurance_object": null,
    "agency_object": null,
    "id": null
  },
  "pcr_Assessment": {
    "chief_complaint": null,
    "medications": null,
    "burn_1st": null,
    "burn_2nd": null,
    "burn_3rd": null,
    "total_burn": null,
    "onset": null,
    "minutes": null,
    "hours": null,
    "days": null,
    "weeks": null,
    "months": null,
    "neckScribble": null,
    "abdomenScribble": null,
    "chestScribble": null,
    "rightHandScribble": null,
    "leftHandScribble": null,
    "rightFootScribble": null,
    "leftFootScribble": null,
    "backScribble": null,
    "groinScribble": null,
    "id": null
  },
  "pcr_narrative_notes": {
    "objective_subjective_notes": null,
    "incident_report": null,
    "xml_crew_member_signature": null,
    "receiving_representative_name": null,
    "crew_member_name": null,
    "xml_receiving_facility_repres": null,
    "additional_notes": null,
    "crew_member_name_object": null,
    "id": null
  },
  "pcr_rma": {
    "rma_text": null,
    "medical_assistance_refused": null,
    "signature": null,
    "witness_signature": null,
    "witness_name": null,
    "patient_legal_guardian": null,
    "rma_text_object": null,
    "id": null
  },
  "pcr_Apcf": {
    "reason_appointment": null,
    "reason_ambulance": null,
    "reason_medical": null,
    "physician_name": null,
    "date_appointment": null,
    "xml_physician_signature": null,
    "ems_emt_name": null,
    "patient_bed_confined": null,
    "title": null,
    "patient_bed_confined_after_transport": null,
    "id": null
  },
  "pcr_Disposition": {
    "disposition_facility_id": null,
    "address_id": null,
    "out_of_area": null,
    "out_of_area_exists": "0",
    "address_object": null,
    "disposition_facility_object": null,
    "id": null
  },
  "ems_run": {
    "status": null,
    "explanation": null,
    "state_report": null,
    "billing_file": null,
    "_form_800_id": null,
    "id": null
  },
  "pcr_Narcotic": {
    "call_location": null,
    "patient_name": null,
    "patient_address": null,
    "patient_csz": null,
    "patient_ssn": null,
    "chief_complaint": null,
    "receiving_hospital": null,
    "disp_code": null,
    "ed_chart": null,
    "paramedic_name": null,
    "paramedic_signature": null,
    "witness_name": null,
    "witness_signature": null,
    "midazolam_wasted": null,
    "diazepam_wasted": null,
    "lorazepam_wasted": null,
    "morphine_sulfate_wasted": null,
    "fentanyl_wasted": null,
    "midazolam_number": null,
    "diazepam_number": null,
    "lorazepam_number": null,
    "morphine_sulfate_number": null,
    "fentanyl_number": null,
    "number": null,
    "call_location_object": null,
    "patient_address_object": null,
    "patient_name_object": null,
    "id": null
  },
  "pcr_Authorization": {
    "xml_patient_signature": null,
    "xml_witness_signature": null,
    "witness_name": null,
    "reason_patient_incapable": null,
    "repres_signature": null,
    "repres_name": null,
    "reason_patient_incapable2": null,
    "time_at_facility": null,
    "name_of_facility": null,
    "name_crewmember": null,
    "name_facility_repres": null,
    "signature_facility_repres": null,
    "signature_crewmember": null,
    "patient_legal_guardian": null,
    "patient_health_care_poa": null,
    "relative_benefits": null,
    "relative_affairs": null,
    "repres_agency": null,
    "patient_care_report": null,
    "facility_face_sheet": null,
    "medical_record": null,
    "facility_record": null,
    "auth_text": null,
    "type": null,
    "patient_repres": null,
    "name_crewmember_object": null,
    "name_of_facility_object": null,
    "type_object": null,
    "auth_text_object": null,
    "id": null
  },
  "pcr_buttons": null,
  "pcr_inputs": null
}

2/27/2017 2:37:44 PM
{
  "pcr": {
    "pcr_dispatch_id": null,
    "pcr_demographic_id": null,
    "pcr_assessment_id": null,
    "pcr_narrative_notes_id": null,
    "pcr_rma_id": null,
    "pcr_authorization_id": null,
    "pcr_apcf_id": null,
    "pcr_disposition_id": null,
    "ems_run": null,
    "pcr_narcotics_id": null,
    "cad_number_id": null,
    "cad_number": null,
    "pcr_type": null,
    "pcr_number": null,
    "printed": null,
    "admitted": null,
    "agency_id": null,
    "qa": null,
    "_form_800_id": null,
    "id": "%"
  },
  "pcr_dispatch": {
    "date": null,
    "cad": null,
    "transported_from": null,
    "town_id": null,
    "cross_street": null,
    "assigned": null,
    "en_route_63": null,
    "on_scene_84": null,
    "pt_contact": null,
    "from_scene_82": null,
    "at_destination": null,
    "in_service": null,
    "pt_count": null,
    "dispatch_method": null,
    "phone": null,
    "mileage_begin": null,
    "mileage_end": null,
    "address_id": null,
    "facility_id": null,
    "call_type": null,
    "CallReceivedTime": null,
    "neighborhood": null,
    "address_object": null,
    "facility_object": null,
    "id": null
  },
  "pcr_members": [],
  "pcr_Demographic": {
    "pt_person": null,
    "emr_contact_person": null,
    "phy_contact_person": null,
    "primary_policy": null,
    "secondary_policy": null,
    "terciary_insurance": null,
    "agency_id": null,
    "pt_person_object": null,
    "emr_contact_person_object": null,
    "phy_contact_person_object": null,
    "primary_policy_object": null,
    "secondary_policy_object": null,
    "terciary_insurance_object": null,
    "agency_object": null,
    "id": null
  },
  "pcr_Assessment": {
    "chief_complaint": null,
    "medications": null,
    "burn_1st": null,
    "burn_2nd": null,
    "burn_3rd": null,
    "total_burn": null,
    "onset": null,
    "minutes": null,
    "hours": null,
    "days": null,
    "weeks": null,
    "months": null,
    "neckScribble": null,
    "abdomenScribble": null,
    "chestScribble": null,
    "rightHandScribble": null,
    "leftHandScribble": null,
    "rightFootScribble": null,
    "leftFootScribble": null,
    "backScribble": null,
    "groinScribble": null,
    "id": null
  },
  "pcr_narrative_notes": {
    "objective_subjective_notes": null,
    "incident_report": null,
    "xml_crew_member_signature": null,
    "receiving_representative_name": null,
    "crew_member_name": null,
    "xml_receiving_facility_repres": null,
    "additional_notes": null,
    "crew_member_name_object": null,
    "id": null
  },
  "pcr_rma": {
    "rma_text": null,
    "medical_assistance_refused": null,
    "signature": null,
    "witness_signature": null,
    "witness_name": null,
    "patient_legal_guardian": null,
    "rma_text_object": null,
    "id": null
  },
  "pcr_Apcf": {
    "reason_appointment": null,
    "reason_ambulance": null,
    "reason_medical": null,
    "physician_name": null,
    "date_appointment": null,
    "xml_physician_signature": null,
    "ems_emt_name": null,
    "patient_bed_confined": null,
    "title": null,
    "patient_bed_confined_after_transport": null,
    "id": null
  },
  "pcr_Disposition": {
    "disposition_facility_id": null,
    "address_id": null,
    "out_of_area": null,
    "out_of_area_exists": "0",
    "address_object": null,
    "disposition_facility_object": null,
    "id": null
  },
  "ems_run": {
    "status": null,
    "explanation": null,
    "state_report": null,
    "billing_file": null,
    "_form_800_id": null,
    "id": null
  },
  "pcr_Narcotic": {
    "call_location": null,
    "patient_name": null,
    "patient_address": null,
    "patient_csz": null,
    "patient_ssn": null,
    "chief_complaint": null,
    "receiving_hospital": null,
    "disp_code": null,
    "ed_chart": null,
    "paramedic_name": null,
    "paramedic_signature": null,
    "witness_name": null,
    "witness_signature": null,
    "midazolam_wasted": null,
    "diazepam_wasted": null,
    "lorazepam_wasted": null,
    "morphine_sulfate_wasted": null,
    "fentanyl_wasted": null,
    "midazolam_number": null,
    "diazepam_number": null,
    "lorazepam_number": null,
    "morphine_sulfate_number": null,
    "fentanyl_number": null,
    "number": null,
    "call_location_object": null,
    "patient_address_object": null,
    "patient_name_object": null,
    "id": null
  },
  "pcr_Authorization": {
    "xml_patient_signature": null,
    "xml_witness_signature": null,
    "witness_name": null,
    "reason_patient_incapable": null,
    "repres_signature": null,
    "repres_name": null,
    "reason_patient_incapable2": null,
    "time_at_facility": null,
    "name_of_facility": null,
    "name_crewmember": null,
    "name_facility_repres": null,
    "signature_facility_repres": null,
    "signature_crewmember": null,
    "patient_legal_guardian": null,
    "patient_health_care_poa": null,
    "relative_benefits": null,
    "relative_affairs": null,
    "repres_agency": null,
    "patient_care_report": null,
    "facility_face_sheet": null,
    "medical_record": null,
    "facility_record": null,
    "auth_text": null,
    "type": null,
    "patient_repres": null,
    "name_crewmember_object": null,
    "name_of_facility_object": null,
    "type_object": null,
    "auth_text_object": null,
    "id": null
  },
  "pcr_buttons": null,
  "pcr_inputs": null
}
