
2/6/2017 12:02:07 PM
insert into person(first_name,last_name,dob,is_male,age,active,id)
values
('Harry','Wells','2017-01-11 00:00:00','0','0','1','292d5cca-dfe6-4edb-96a5-466f69d816fc')

2/6/2017 12:02:07 PM
update person set 
first_name = 'Harry',
last_name = 'Wells',
dob = '2017-01-11 12:00:00',
is_male = '0',
age = '0',
active = '1' where id ='292d5cca-dfe6-4edb-96a5-466f69d816fc'

2/6/2017 12:02:07 PM
insert into phone_number(id)
values
('02f5e3b1-a4e3-41b0-a8c9-959a96e11c3f')

2/6/2017 12:02:07 PM
insert into person_phones(person_id,phone_id,id)
values
('292d5cca-dfe6-4edb-96a5-466f69d816fc','02f5e3b1-a4e3-41b0-a8c9-959a96e11c3f','a48bff89-9ad5-4a7f-937c-45dfbc1f8b50')

2/6/2017 12:02:07 PM
update person set 
first_name = 'Harry',
last_name = 'Wells',
dob = '2017-01-11 12:00:00',
is_male = '0',
age = '0',
active = '1' where id ='292d5cca-dfe6-4edb-96a5-466f69d816fc'

2/6/2017 12:02:07 PM
insert into phone_number(id)
values
('3e8c584a-2a3c-4598-8c69-50e8e33f7fc7')

2/6/2017 12:02:07 PM
insert into person_phones(person_id,phone_id,id)
values
('292d5cca-dfe6-4edb-96a5-466f69d816fc','3e8c584a-2a3c-4598-8c69-50e8e33f7fc7','17712630-cd68-4257-81f7-c2c8d7a184df')

2/6/2017 12:02:08 PM
insert into Address(address,city_id,state_id,country_id,id)
values
('11 Star Labs Drive','d03ac2d7-ef81-4550-85df-2dff053f6d2b','eef5a97f-6eac-4a80-a130-9a52de8a6b2b','14b00896-d006-480c-9d74-00f2995ce168','d642530d-6394-40d7-b97d-253b46fd20a1')

2/6/2017 12:02:08 PM
insert into personal_addresses(address,person,is_primary,id)
values
('d642530d-6394-40d7-b97d-253b46fd20a1','292d5cca-dfe6-4edb-96a5-466f69d816fc','1','c6a8a7fc-fda3-48a5-9648-ca748eaf7032')

2/6/2017 12:02:08 PM
insert into person(active,id)
values
('1','75bb7395-4603-42d5-8762-cb6398dba1ab')

2/6/2017 12:02:08 PM
update person set 
active = '1' where id ='75bb7395-4603-42d5-8762-cb6398dba1ab'

2/6/2017 12:02:08 PM
insert into phone_number(id)
values
('14422e18-1e1f-478e-be88-8e237de73ccb')

2/6/2017 12:02:08 PM
insert into person_phones(person_id,phone_id,id)
values
('75bb7395-4603-42d5-8762-cb6398dba1ab','14422e18-1e1f-478e-be88-8e237de73ccb','afd67385-a4aa-4514-b013-1827e5720ed2')

2/6/2017 12:02:08 PM
update person set 
active = '1' where id ='75bb7395-4603-42d5-8762-cb6398dba1ab'

2/6/2017 12:02:09 PM
insert into phone_number(id)
values
('1c96fec7-064d-4846-abf8-d452890e85d0')

2/6/2017 12:02:09 PM
insert into person_phones(person_id,phone_id,id)
values
('75bb7395-4603-42d5-8762-cb6398dba1ab','1c96fec7-064d-4846-abf8-d452890e85d0','e1e68700-2d92-41b2-805c-efbcef59ab1c')

2/6/2017 12:02:09 PM
insert into Address(country_id,id)
values
('14b00896-d006-480c-9d74-00f2995ce168','a2725d29-971f-4eef-be34-4c32c581d0e5')

2/6/2017 12:02:09 PM
insert into personal_addresses(address,person,is_primary,id)
values
('a2725d29-971f-4eef-be34-4c32c581d0e5','75bb7395-4603-42d5-8762-cb6398dba1ab','1','28ae1ff2-37fa-4859-b072-e861819b0bfe')

2/6/2017 12:02:09 PM
insert into person(active,id)
values
('1','857594b5-e109-4e6f-bf8b-0c6519573f69')

2/6/2017 12:02:09 PM
update person set 
active = '1' where id ='857594b5-e109-4e6f-bf8b-0c6519573f69'

2/6/2017 12:02:09 PM
insert into phone_number(id)
values
('ed1b7525-b1d5-4127-a343-0e1c6b5f1041')

2/6/2017 12:02:09 PM
insert into person_phones(person_id,phone_id,id)
values
('857594b5-e109-4e6f-bf8b-0c6519573f69','ed1b7525-b1d5-4127-a343-0e1c6b5f1041','080570e3-402c-4c8a-b44c-0ec0c8b08f85')

2/6/2017 12:02:09 PM
update person set 
active = '1' where id ='857594b5-e109-4e6f-bf8b-0c6519573f69'

2/6/2017 12:02:09 PM
insert into phone_number(id)
values
('d83b8918-ea21-4e8c-9403-36cc10d47225')

2/6/2017 12:02:09 PM
insert into person_phones(person_id,phone_id,id)
values
('857594b5-e109-4e6f-bf8b-0c6519573f69','d83b8918-ea21-4e8c-9403-36cc10d47225','eeb11b66-d07c-48d8-bf6a-4d9ad26d63ff')

2/6/2017 12:02:09 PM
insert into Address(country_id,id)
values
('14b00896-d006-480c-9d74-00f2995ce168','1d7f6605-9f88-4c8b-86f6-0a65ca84eecc')

2/6/2017 12:02:09 PM
insert into personal_addresses(address,person,is_primary,id)
values
('1d7f6605-9f88-4c8b-86f6-0a65ca84eecc','857594b5-e109-4e6f-bf8b-0c6519573f69','1','b5c2572c-a8ac-4e4d-89dd-e85ad10ec50c')

2/6/2017 12:02:10 PM
update person set 
first_name = 'Harry',
last_name = 'Wells',
dob = '2017-01-11 12:00:00',
is_male = '0',
age = '0',
active = '1' where id ='292d5cca-dfe6-4edb-96a5-466f69d816fc'

2/6/2017 12:02:10 PM
update person set 
active = '1' where id ='75bb7395-4603-42d5-8762-cb6398dba1ab'

2/6/2017 12:02:10 PM
update person set 
active = '1' where id ='857594b5-e109-4e6f-bf8b-0c6519573f69'

2/6/2017 12:02:10 PM
insert into insurance_policy(id)
values
('68986a81-4263-47dd-b43e-3d548c41c38d')

2/6/2017 12:02:10 PM
insert into insurance_policy(id)
values
('602dfded-d825-4c51-9103-e44f1f670527')

2/6/2017 12:02:10 PM
insert into insurance_policy(id)
values
('45396e60-9ae8-45fc-bad0-b38bac3d1b20')

2/6/2017 12:02:10 PM
insert into pcr_Demographic(pt_person,emr_contact_person,phy_contact_person,agency_id,id)
values
('292d5cca-dfe6-4edb-96a5-466f69d816fc','75bb7395-4603-42d5-8762-cb6398dba1ab','857594b5-e109-4e6f-bf8b-0c6519573f69','90b16e1c-aa76-11e5-b94a-842b2b4bbc99','36b65e9f-d9bd-4432-a415-1071e6d01283')

2/6/2017 12:02:11 PM
insert into pcr_dispatch(transported_from,cross_street,pt_count,id)
values
('Street','Residence','1','95bb7b76-e281-4a8d-8139-0fab1ca0eea7')

2/6/2017 12:23:09 PM
insert into person(first_name,last_name,dob,is_male,age,active,id)
values
('Harry','Wells','2017-01-11 00:00:00','0','0','1','3c7a1f74-97e7-40bf-98e8-d82a050f9b1f')

2/6/2017 12:23:09 PM
update person set 
first_name = 'Harry',
last_name = 'Wells',
dob = '2017-01-11 12:00:00',
is_male = '0',
age = '0',
active = '1' where id ='3c7a1f74-97e7-40bf-98e8-d82a050f9b1f'

2/6/2017 12:23:10 PM
insert into phone_number(id)
values
('58fdea9b-6ea2-4327-b723-6a3ded83e913')

2/6/2017 12:23:10 PM
insert into person_phones(person_id,phone_id,id)
values
('3c7a1f74-97e7-40bf-98e8-d82a050f9b1f','58fdea9b-6ea2-4327-b723-6a3ded83e913','f37ec25b-df27-4f3a-8138-30b0de24b3f3')

2/6/2017 12:23:10 PM
update person set 
first_name = 'Harry',
last_name = 'Wells',
dob = '2017-01-11 12:00:00',
is_male = '0',
age = '0',
active = '1' where id ='3c7a1f74-97e7-40bf-98e8-d82a050f9b1f'

2/6/2017 12:23:10 PM
insert into phone_number(id)
values
('6a668461-e79f-443d-b80a-f88143d825fb')

2/6/2017 12:23:10 PM
insert into person_phones(person_id,phone_id,id)
values
('3c7a1f74-97e7-40bf-98e8-d82a050f9b1f','6a668461-e79f-443d-b80a-f88143d825fb','bb479e95-bcb7-4694-8cd8-704b8762207d')

2/6/2017 12:23:11 PM
insert into Address(address,city_id,state_id,country_id,id)
values
('11 Star Labs Drive','d03ac2d7-ef81-4550-85df-2dff053f6d2b','eef5a97f-6eac-4a80-a130-9a52de8a6b2b','14b00896-d006-480c-9d74-00f2995ce168','e9ade101-7fa3-4121-90c5-005d982a8486')

2/6/2017 12:23:11 PM
insert into personal_addresses(address,person,is_primary,id)
values
('e9ade101-7fa3-4121-90c5-005d982a8486','3c7a1f74-97e7-40bf-98e8-d82a050f9b1f','1','4c7d6e67-c389-4912-9983-8c60afb4fafd')

2/6/2017 12:23:11 PM
insert into person(active,id)
values
('1','bf348ce1-12d5-4e88-8c81-99b7b7cfe363')

2/6/2017 12:23:11 PM
update person set 
active = '1' where id ='bf348ce1-12d5-4e88-8c81-99b7b7cfe363'

2/6/2017 12:23:11 PM
insert into phone_number(id)
values
('2253029c-ccc6-42ba-ad47-732660883761')

2/6/2017 12:23:11 PM
insert into person_phones(person_id,phone_id,id)
values
('bf348ce1-12d5-4e88-8c81-99b7b7cfe363','2253029c-ccc6-42ba-ad47-732660883761','2e6da357-e585-4119-8aca-5865a9086575')

2/6/2017 12:23:11 PM
update person set 
active = '1' where id ='bf348ce1-12d5-4e88-8c81-99b7b7cfe363'

2/6/2017 12:23:11 PM
insert into phone_number(id)
values
('71b50b01-6f27-40f4-b309-c9b53a9548bb')

2/6/2017 12:23:11 PM
insert into person_phones(person_id,phone_id,id)
values
('bf348ce1-12d5-4e88-8c81-99b7b7cfe363','71b50b01-6f27-40f4-b309-c9b53a9548bb','881cbf7c-b8c5-4534-8e14-ea4e14f3d9f4')

2/6/2017 12:23:11 PM
insert into Address(country_id,id)
values
('14b00896-d006-480c-9d74-00f2995ce168','3aec5c47-eeca-43b2-9b1d-257d9ec87261')

2/6/2017 12:23:11 PM
insert into personal_addresses(address,person,is_primary,id)
values
('3aec5c47-eeca-43b2-9b1d-257d9ec87261','bf348ce1-12d5-4e88-8c81-99b7b7cfe363','1','317723d1-68ae-4dc2-9b1c-0c62b8c393f6')

2/6/2017 12:23:11 PM
insert into person(active,id)
values
('1','f02d98bb-74e9-4002-b689-655952c9dd51')

2/6/2017 12:23:11 PM
update person set 
active = '1' where id ='f02d98bb-74e9-4002-b689-655952c9dd51'

2/6/2017 12:23:11 PM
insert into phone_number(id)
values
('ac263082-47a5-421c-af4a-c4b743208db0')

2/6/2017 12:23:11 PM
insert into person_phones(person_id,phone_id,id)
values
('f02d98bb-74e9-4002-b689-655952c9dd51','ac263082-47a5-421c-af4a-c4b743208db0','553c87ed-0d73-47fd-b919-d977480f79f0')

2/6/2017 12:23:11 PM
update person set 
active = '1' where id ='f02d98bb-74e9-4002-b689-655952c9dd51'

2/6/2017 12:23:12 PM
insert into phone_number(id)
values
('a6b63b65-f562-4eb2-9af3-84361e91c6ac')

2/6/2017 12:23:12 PM
insert into person_phones(person_id,phone_id,id)
values
('f02d98bb-74e9-4002-b689-655952c9dd51','a6b63b65-f562-4eb2-9af3-84361e91c6ac','e936d4df-b783-49ae-93f4-19e7d6556680')

2/6/2017 12:23:12 PM
insert into Address(country_id,id)
values
('14b00896-d006-480c-9d74-00f2995ce168','c148c58d-dea6-4d8c-a3a5-d9fe7f8d413e')

2/6/2017 12:23:12 PM
insert into personal_addresses(address,person,is_primary,id)
values
('c148c58d-dea6-4d8c-a3a5-d9fe7f8d413e','f02d98bb-74e9-4002-b689-655952c9dd51','1','1a78a20b-c3b4-4013-99e2-5776f5c0f3ff')

2/6/2017 12:23:12 PM
update person set 
first_name = 'Harry',
last_name = 'Wells',
dob = '2017-01-11 12:00:00',
is_male = '0',
age = '0',
active = '1' where id ='3c7a1f74-97e7-40bf-98e8-d82a050f9b1f'

2/6/2017 12:23:12 PM
update person set 
active = '1' where id ='bf348ce1-12d5-4e88-8c81-99b7b7cfe363'

2/6/2017 12:23:12 PM
update person set 
active = '1' where id ='f02d98bb-74e9-4002-b689-655952c9dd51'

2/6/2017 12:23:12 PM
insert into insurance_policy(id)
values
('031c2c1f-f8f4-4516-a1af-47e7c68f719c')

2/6/2017 12:23:12 PM
insert into insurance_policy(id)
values
('1eda649a-2dc1-430c-8a9f-15b4a5884f5f')

2/6/2017 12:23:12 PM
insert into insurance_policy(id)
values
('0d0ab0ad-b3fd-4e2a-858f-4626c3657dd4')

2/6/2017 12:23:12 PM
insert into pcr_Demographic(pt_person,emr_contact_person,phy_contact_person,agency_id,id)
values
('3c7a1f74-97e7-40bf-98e8-d82a050f9b1f','bf348ce1-12d5-4e88-8c81-99b7b7cfe363','f02d98bb-74e9-4002-b689-655952c9dd51','90b16e1c-aa76-11e5-b94a-842b2b4bbc99','9ad0ced5-3a36-49eb-9338-3a677303cf1f')

2/6/2017 12:23:13 PM
insert into pcr_dispatch(transported_from,cross_street,pt_count,id)
values
('Street','Residence','1','8eae0a67-b80e-4261-8202-e7a821eaedc8')

2/6/2017 12:35:16 PM
insert into person(first_name,last_name,dob,is_male,age,active,id)
values
('Harry','Wells','2017-01-11 00:00:00','0','0','1','f4309dc8-e9ea-4d9b-8d8d-2eb4b5bd1bb9')

2/6/2017 12:35:16 PM
update person set 
first_name = 'Harry',
last_name = 'Wells',
dob = '2017-01-11 12:00:00',
is_male = '0',
age = '0',
active = '1' where id ='f4309dc8-e9ea-4d9b-8d8d-2eb4b5bd1bb9'

2/6/2017 12:35:16 PM
insert into phone_number(id)
values
('9a3e8528-89a4-497c-8a7b-aaf0b6801695')

2/6/2017 12:35:16 PM
insert into person_phones(person_id,phone_id,id)
values
('f4309dc8-e9ea-4d9b-8d8d-2eb4b5bd1bb9','9a3e8528-89a4-497c-8a7b-aaf0b6801695','11ae5e67-68e0-4673-a46b-3409df1d84a3')

2/6/2017 12:35:16 PM
update person set 
first_name = 'Harry',
last_name = 'Wells',
dob = '2017-01-11 12:00:00',
is_male = '0',
age = '0',
active = '1' where id ='f4309dc8-e9ea-4d9b-8d8d-2eb4b5bd1bb9'

2/6/2017 12:35:16 PM
insert into phone_number(id)
values
('f3a98609-ceb4-4f7d-9093-a11457eedb1a')

2/6/2017 12:35:16 PM
insert into person_phones(person_id,phone_id,id)
values
('f4309dc8-e9ea-4d9b-8d8d-2eb4b5bd1bb9','f3a98609-ceb4-4f7d-9093-a11457eedb1a','5fc1b08e-01b7-4db3-8125-fdb1d30006a1')

2/6/2017 12:35:16 PM
insert into Address(address,city_id,state_id,country_id,id)
values
('11 Star Labs Drive','d03ac2d7-ef81-4550-85df-2dff053f6d2b','eef5a97f-6eac-4a80-a130-9a52de8a6b2b','14b00896-d006-480c-9d74-00f2995ce168','2f407ed2-bb5c-4849-ba18-57e5d3cdb2e2')

2/6/2017 12:35:16 PM
insert into personal_addresses(address,person,is_primary,id)
values
('2f407ed2-bb5c-4849-ba18-57e5d3cdb2e2','f4309dc8-e9ea-4d9b-8d8d-2eb4b5bd1bb9','1','eae063ca-c41b-450f-9c46-392210561d2f')

2/6/2017 12:35:17 PM
insert into person(active,id)
values
('1','81e60645-87c2-4d2a-a20a-5aaa00f850dd')

2/6/2017 12:35:17 PM
update person set 
active = '1' where id ='81e60645-87c2-4d2a-a20a-5aaa00f850dd'

2/6/2017 12:35:17 PM
insert into phone_number(id)
values
('f2217997-6abc-45f5-86ed-90775af178bb')

2/6/2017 12:35:17 PM
insert into person_phones(person_id,phone_id,id)
values
('81e60645-87c2-4d2a-a20a-5aaa00f850dd','f2217997-6abc-45f5-86ed-90775af178bb','73620b05-940a-4c5b-b983-c80d4fd742f7')

2/6/2017 12:35:17 PM
update person set 
active = '1' where id ='81e60645-87c2-4d2a-a20a-5aaa00f850dd'

2/6/2017 12:35:17 PM
insert into phone_number(id)
values
('cc7caf62-daf8-46bc-8c4b-9bb788d75ad3')

2/6/2017 12:35:17 PM
insert into person_phones(person_id,phone_id,id)
values
('81e60645-87c2-4d2a-a20a-5aaa00f850dd','cc7caf62-daf8-46bc-8c4b-9bb788d75ad3','07b75ec0-aaf1-4e05-81fa-5349bca80ad3')

2/6/2017 12:35:17 PM
insert into Address(country_id,id)
values
('14b00896-d006-480c-9d74-00f2995ce168','9931199e-c956-4dd6-b30e-804de78232f5')

2/6/2017 12:35:17 PM
insert into personal_addresses(address,person,is_primary,id)
values
('9931199e-c956-4dd6-b30e-804de78232f5','81e60645-87c2-4d2a-a20a-5aaa00f850dd','1','b819142c-0295-4705-82dd-e7014b2d4d34')

2/6/2017 12:35:17 PM
insert into person(active,id)
values
('1','cd845f6c-4d5d-42ec-b404-82e2d3bd72b4')

2/6/2017 12:35:17 PM
update person set 
active = '1' where id ='cd845f6c-4d5d-42ec-b404-82e2d3bd72b4'

2/6/2017 12:35:17 PM
insert into phone_number(id)
values
('866b730d-e807-4560-a005-81132177c86f')

2/6/2017 12:35:17 PM
insert into person_phones(person_id,phone_id,id)
values
('cd845f6c-4d5d-42ec-b404-82e2d3bd72b4','866b730d-e807-4560-a005-81132177c86f','7ebd4ae2-5590-4d10-ba5a-3c39aff538ec')

2/6/2017 12:35:17 PM
update person set 
active = '1' where id ='cd845f6c-4d5d-42ec-b404-82e2d3bd72b4'

2/6/2017 12:35:17 PM
insert into phone_number(id)
values
('10adda48-d5b2-425f-9168-32f6358b5be5')

2/6/2017 12:35:17 PM
insert into person_phones(person_id,phone_id,id)
values
('cd845f6c-4d5d-42ec-b404-82e2d3bd72b4','10adda48-d5b2-425f-9168-32f6358b5be5','c7d0a23f-30f2-4162-abc2-bce5762c9ca2')

2/6/2017 12:35:17 PM
insert into Address(country_id,id)
values
('14b00896-d006-480c-9d74-00f2995ce168','8b78805e-b708-4bfd-aac9-eaf508005946')

2/6/2017 12:35:18 PM
insert into personal_addresses(address,person,is_primary,id)
values
('8b78805e-b708-4bfd-aac9-eaf508005946','cd845f6c-4d5d-42ec-b404-82e2d3bd72b4','1','69105db5-5d59-4304-b1ad-2b6823ad37fd')

2/6/2017 12:35:18 PM
update person set 
first_name = 'Harry',
last_name = 'Wells',
dob = '2017-01-11 12:00:00',
is_male = '0',
age = '0',
active = '1' where id ='f4309dc8-e9ea-4d9b-8d8d-2eb4b5bd1bb9'

2/6/2017 12:35:18 PM
update person set 
active = '1' where id ='81e60645-87c2-4d2a-a20a-5aaa00f850dd'

2/6/2017 12:35:18 PM
update person set 
active = '1' where id ='cd845f6c-4d5d-42ec-b404-82e2d3bd72b4'

2/6/2017 12:35:18 PM
insert into insurance_policy(id)
values
('8204d57d-4f6b-4fc4-8c93-ba3a31c5e45d')

2/6/2017 12:35:18 PM
insert into insurance_policy(id)
values
('b5dadf72-38c8-4807-9683-09656550f159')

2/6/2017 12:35:18 PM
insert into insurance_policy(id)
values
('cfb657ac-9535-483e-b8f6-bc3d92d22b73')

2/6/2017 12:35:18 PM
insert into pcr_Demographic(pt_person,emr_contact_person,phy_contact_person,agency_id,id)
values
('f4309dc8-e9ea-4d9b-8d8d-2eb4b5bd1bb9','81e60645-87c2-4d2a-a20a-5aaa00f850dd','cd845f6c-4d5d-42ec-b404-82e2d3bd72b4','90b16e1c-aa76-11e5-b94a-842b2b4bbc99','0c04c66c-39a1-400b-938b-a8218e62e476')

2/6/2017 12:35:18 PM
insert into pcr_dispatch(transported_from,cross_street,pt_count,id)
values
('Street','Residence','1','19ed1f20-4633-4190-a909-2cee1924f49f')

2/6/2017 12:35:50 PM
insert into pcr_narrative_notes(id)
values
('a11e0e5b-38c6-47e5-8b78-34e4ea4654e5')

2/6/2017 12:35:59 PM
insert into pcr_rma(id)
values
('c555beb3-54ff-409a-a0db-1f301df76b7e')

2/6/2017 12:35:59 PM
insert into pcr_Disposition(out_of_area_exists,id)
values
('0','157486e3-91d4-4419-8e97-2e97f3c2d7ce')

2/6/2017 12:36:20 PM
insert into pcr_Narcotic(id)
values
('9d96f69e-e81f-4675-b9e4-e726f9b7c3ed')

2/6/2017 12:36:21 PM
insert into pcr_Authorization(id)
values
('bf53bf0f-ab11-45b7-a7b6-b911fa74f5ee')

2/6/2017 12:38:44 PM
insert into person(first_name,last_name,dob,is_male,age,active,id)
values
('Harry','Wells','2017-01-11 00:00:00','0','0','1','918d0ced-9332-4fa9-8195-de1fac109a17')

2/6/2017 12:38:45 PM
update person set 
first_name = 'Harry',
last_name = 'Wells',
dob = '2017-01-11 12:00:00',
is_male = '0',
age = '0',
active = '1' where id ='918d0ced-9332-4fa9-8195-de1fac109a17'

2/6/2017 12:38:45 PM
insert into phone_number(id)
values
('0fdda78c-7e8e-4a9a-a8fb-a9da8c87a4ac')

2/6/2017 12:38:45 PM
insert into person_phones(person_id,phone_id,id)
values
('918d0ced-9332-4fa9-8195-de1fac109a17','0fdda78c-7e8e-4a9a-a8fb-a9da8c87a4ac','e2446d5a-d572-4fde-9b72-3dcf0b62aa5e')

2/6/2017 12:38:45 PM
update person set 
first_name = 'Harry',
last_name = 'Wells',
dob = '2017-01-11 12:00:00',
is_male = '0',
age = '0',
active = '1' where id ='918d0ced-9332-4fa9-8195-de1fac109a17'

2/6/2017 12:38:45 PM
insert into phone_number(id)
values
('9ddc51d4-2f30-45ea-93af-657c2e8d7dcb')

2/6/2017 12:38:45 PM
insert into person_phones(person_id,phone_id,id)
values
('918d0ced-9332-4fa9-8195-de1fac109a17','9ddc51d4-2f30-45ea-93af-657c2e8d7dcb','9f725302-e5b1-4d48-8894-4a0d58f1973b')

2/6/2017 12:38:46 PM
insert into Address(address,city_id,state_id,country_id,id)
values
('11 Star Labs Drive','d03ac2d7-ef81-4550-85df-2dff053f6d2b','eef5a97f-6eac-4a80-a130-9a52de8a6b2b','14b00896-d006-480c-9d74-00f2995ce168','2b7570fb-9131-415d-a23d-f410d2c22702')

2/6/2017 12:38:46 PM
insert into personal_addresses(address,person,is_primary,id)
values
('2b7570fb-9131-415d-a23d-f410d2c22702','918d0ced-9332-4fa9-8195-de1fac109a17','1','b585b422-9a02-492a-9f29-7aaaaa0eafae')

2/6/2017 12:38:46 PM
insert into person(active,id)
values
('1','9b031392-8843-404d-b9fc-26a5d104f1f5')

2/6/2017 12:38:46 PM
update person set 
active = '1' where id ='9b031392-8843-404d-b9fc-26a5d104f1f5'

2/6/2017 12:38:46 PM
insert into phone_number(id)
values
('a1f8335b-f338-4555-99cc-9c29d43afaa6')

2/6/2017 12:38:46 PM
insert into person_phones(person_id,phone_id,id)
values
('9b031392-8843-404d-b9fc-26a5d104f1f5','a1f8335b-f338-4555-99cc-9c29d43afaa6','e8dc1df5-f5a0-41cb-a5ae-326c4e1f1559')

2/6/2017 12:38:46 PM
update person set 
active = '1' where id ='9b031392-8843-404d-b9fc-26a5d104f1f5'

2/6/2017 12:38:46 PM
insert into phone_number(id)
values
('093b2079-b812-4c1b-9ced-2b7685d191dd')

2/6/2017 12:38:46 PM
insert into person_phones(person_id,phone_id,id)
values
('9b031392-8843-404d-b9fc-26a5d104f1f5','093b2079-b812-4c1b-9ced-2b7685d191dd','c8d5781a-3a9f-4c64-9d11-2cebd339a45d')

2/6/2017 12:38:47 PM
insert into Address(country_id,id)
values
('14b00896-d006-480c-9d74-00f2995ce168','d5f72716-0a63-4360-ab66-2dc7bb2354e4')

2/6/2017 12:38:47 PM
insert into personal_addresses(address,person,is_primary,id)
values
('d5f72716-0a63-4360-ab66-2dc7bb2354e4','9b031392-8843-404d-b9fc-26a5d104f1f5','1','1211a59a-9a4b-4d99-811e-39d786cb79d0')

2/6/2017 12:38:47 PM
insert into person(active,id)
values
('1','7d488551-981d-4b41-a445-34475d876f32')

2/6/2017 12:38:47 PM
update person set 
active = '1' where id ='7d488551-981d-4b41-a445-34475d876f32'

2/6/2017 12:38:47 PM
insert into phone_number(id)
values
('5ee4aa57-f3cd-4695-8d33-b179a685f546')

2/6/2017 12:38:47 PM
insert into person_phones(person_id,phone_id,id)
values
('7d488551-981d-4b41-a445-34475d876f32','5ee4aa57-f3cd-4695-8d33-b179a685f546','0712054a-1128-4dca-94e2-b504bd07e11d')

2/6/2017 12:38:47 PM
update person set 
active = '1' where id ='7d488551-981d-4b41-a445-34475d876f32'

2/6/2017 12:38:47 PM
insert into phone_number(id)
values
('adab8392-781c-417b-b01a-49d79a822421')

2/6/2017 12:38:47 PM
insert into person_phones(person_id,phone_id,id)
values
('7d488551-981d-4b41-a445-34475d876f32','adab8392-781c-417b-b01a-49d79a822421','dd107a4f-d950-4a99-9772-fe02a2f74f24')

2/6/2017 12:38:47 PM
insert into Address(country_id,id)
values
('14b00896-d006-480c-9d74-00f2995ce168','3208d007-fd69-4674-a15f-3cd37a97f333')

2/6/2017 12:38:47 PM
insert into personal_addresses(address,person,is_primary,id)
values
('3208d007-fd69-4674-a15f-3cd37a97f333','7d488551-981d-4b41-a445-34475d876f32','1','53dde223-74a7-470b-874e-8b7ff7a6490f')

2/6/2017 12:38:47 PM
update person set 
first_name = 'Harry',
last_name = 'Wells',
dob = '2017-01-11 12:00:00',
is_male = '0',
age = '0',
active = '1' where id ='918d0ced-9332-4fa9-8195-de1fac109a17'

2/6/2017 12:38:48 PM
update person set 
active = '1' where id ='9b031392-8843-404d-b9fc-26a5d104f1f5'

2/6/2017 12:38:48 PM
update person set 
active = '1' where id ='7d488551-981d-4b41-a445-34475d876f32'

2/6/2017 12:38:48 PM
insert into insurance_policy(id)
values
('8f7e3f8d-e60e-4569-bd54-af7e64431076')

2/6/2017 12:38:48 PM
insert into insurance_policy(id)
values
('9a50ecce-46d0-4c8a-ac1a-c59aad49136d')

2/6/2017 12:38:49 PM
insert into insurance_policy(id)
values
('a34685f0-76f5-4705-92bf-379d84b2cba0')

2/6/2017 12:38:49 PM
insert into pcr_Demographic(pt_person,emr_contact_person,phy_contact_person,agency_id,id)
values
('918d0ced-9332-4fa9-8195-de1fac109a17','9b031392-8843-404d-b9fc-26a5d104f1f5','7d488551-981d-4b41-a445-34475d876f32','90b16e1c-aa76-11e5-b94a-842b2b4bbc99','9b2d5f2f-07fd-4a22-84cc-14014421b8d1')

2/6/2017 12:38:49 PM
insert into pcr_dispatch(transported_from,cross_street,pt_count,id)
values
('Street','Residence','1','2101b2cf-82e8-422e-9d6d-edc774a11d54')

2/6/2017 12:41:57 PM
insert into person(first_name,last_name,dob,is_male,age,active,id)
values
('Harry','Wells','2017-01-11 00:00:00','0','0','1','9d3e701b-1b86-41e4-bd1e-2d54e3ea7176')

2/6/2017 12:41:57 PM
update person set 
first_name = 'Harry',
last_name = 'Wells',
dob = '2017-01-11 12:00:00',
is_male = '0',
age = '0',
active = '1' where id ='9d3e701b-1b86-41e4-bd1e-2d54e3ea7176'

2/6/2017 12:41:57 PM
insert into phone_number(id)
values
('6d822ea2-cdb7-4673-b4e3-225773b5dc17')

2/6/2017 12:41:57 PM
insert into person_phones(person_id,phone_id,id)
values
('9d3e701b-1b86-41e4-bd1e-2d54e3ea7176','6d822ea2-cdb7-4673-b4e3-225773b5dc17','5ac6dcd9-eeff-498f-9120-3836a153c5b6')

2/6/2017 12:41:57 PM
update person set 
first_name = 'Harry',
last_name = 'Wells',
dob = '2017-01-11 12:00:00',
is_male = '0',
age = '0',
active = '1' where id ='9d3e701b-1b86-41e4-bd1e-2d54e3ea7176'

2/6/2017 12:41:57 PM
insert into phone_number(id)
values
('1bb4f3f6-4d15-434f-9abd-c15153e590e2')

2/6/2017 12:41:57 PM
insert into person_phones(person_id,phone_id,id)
values
('9d3e701b-1b86-41e4-bd1e-2d54e3ea7176','1bb4f3f6-4d15-434f-9abd-c15153e590e2','f79d1a58-4951-4d4d-814a-c08f51458f05')

2/6/2017 12:41:58 PM
insert into Address(address,city_id,state_id,country_id,id)
values
('11 Star Labs Drive','d03ac2d7-ef81-4550-85df-2dff053f6d2b','eef5a97f-6eac-4a80-a130-9a52de8a6b2b','14b00896-d006-480c-9d74-00f2995ce168','5c756d2d-889c-4d0f-9f59-e9570c98f450')

2/6/2017 12:41:58 PM
insert into personal_addresses(address,person,is_primary,id)
values
('5c756d2d-889c-4d0f-9f59-e9570c98f450','9d3e701b-1b86-41e4-bd1e-2d54e3ea7176','1','9b85b357-4791-4836-bb8d-e30a62381cdb')

2/6/2017 12:41:58 PM
insert into person(active,id)
values
('1','07b0b7b3-cd8d-4514-9b17-af14e75acd69')

2/6/2017 12:41:58 PM
update person set 
active = '1' where id ='07b0b7b3-cd8d-4514-9b17-af14e75acd69'

2/6/2017 12:41:58 PM
insert into phone_number(id)
values
('97d3f46f-353e-4a1a-bbe3-540089cb9a3d')

2/6/2017 12:41:58 PM
insert into person_phones(person_id,phone_id,id)
values
('07b0b7b3-cd8d-4514-9b17-af14e75acd69','97d3f46f-353e-4a1a-bbe3-540089cb9a3d','fd44036c-dc01-4437-8dae-c029ca209e24')

2/6/2017 12:41:59 PM
update person set 
active = '1' where id ='07b0b7b3-cd8d-4514-9b17-af14e75acd69'

2/6/2017 12:41:59 PM
insert into phone_number(id)
values
('0f93dfce-743d-44b6-930d-9cb94f82907b')

2/6/2017 12:41:59 PM
insert into person_phones(person_id,phone_id,id)
values
('07b0b7b3-cd8d-4514-9b17-af14e75acd69','0f93dfce-743d-44b6-930d-9cb94f82907b','1577cfee-323f-4b6e-9182-8d354075e3ac')

2/6/2017 12:41:59 PM
insert into Address(country_id,id)
values
('14b00896-d006-480c-9d74-00f2995ce168','62c1f7dc-2923-4ff7-9e0c-d7f62cf008ab')

2/6/2017 12:41:59 PM
insert into personal_addresses(address,person,is_primary,id)
values
('62c1f7dc-2923-4ff7-9e0c-d7f62cf008ab','07b0b7b3-cd8d-4514-9b17-af14e75acd69','1','41c00ed2-38ae-4a06-8615-d0d0c3673f3c')

2/6/2017 12:41:59 PM
insert into person(active,id)
values
('1','c37ab26f-ad99-4fe5-8499-985caaae2ca3')

2/6/2017 12:41:59 PM
update person set 
active = '1' where id ='c37ab26f-ad99-4fe5-8499-985caaae2ca3'

2/6/2017 12:41:59 PM
insert into phone_number(id)
values
('e5f031f8-f090-42e5-af0f-aa468ce2c61a')

2/6/2017 12:41:59 PM
insert into person_phones(person_id,phone_id,id)
values
('c37ab26f-ad99-4fe5-8499-985caaae2ca3','e5f031f8-f090-42e5-af0f-aa468ce2c61a','ce54ffdf-c14c-4b27-81eb-c964588e6441')

2/6/2017 12:41:59 PM
update person set 
active = '1' where id ='c37ab26f-ad99-4fe5-8499-985caaae2ca3'

2/6/2017 12:41:59 PM
insert into phone_number(id)
values
('f19d23be-27bb-4f38-8170-79af28a9b0d8')

2/6/2017 12:41:59 PM
insert into person_phones(person_id,phone_id,id)
values
('c37ab26f-ad99-4fe5-8499-985caaae2ca3','f19d23be-27bb-4f38-8170-79af28a9b0d8','434fc2c0-6a66-4552-b3e5-98c67aba99b1')

2/6/2017 12:41:59 PM
insert into Address(country_id,id)
values
('14b00896-d006-480c-9d74-00f2995ce168','dc407969-f207-48f9-8ffc-a4f2d64a6a3a')

2/6/2017 12:41:59 PM
insert into personal_addresses(address,person,is_primary,id)
values
('dc407969-f207-48f9-8ffc-a4f2d64a6a3a','c37ab26f-ad99-4fe5-8499-985caaae2ca3','1','ec709669-72ad-47e6-ba6b-9bdd0d4222f9')

2/6/2017 12:41:59 PM
update person set 
first_name = 'Harry',
last_name = 'Wells',
dob = '2017-01-11 12:00:00',
is_male = '0',
age = '0',
active = '1' where id ='9d3e701b-1b86-41e4-bd1e-2d54e3ea7176'

2/6/2017 12:41:59 PM
update person set 
active = '1' where id ='07b0b7b3-cd8d-4514-9b17-af14e75acd69'

2/6/2017 12:41:59 PM
update person set 
active = '1' where id ='c37ab26f-ad99-4fe5-8499-985caaae2ca3'

2/6/2017 12:42:00 PM
insert into insurance_policy(id)
values
('61140ae8-bc12-4432-9c38-c18b496555dd')

2/6/2017 12:42:00 PM
insert into insurance_policy(id)
values
('00e021a4-8014-43b7-9f3f-5a7975d1198d')

2/6/2017 12:42:00 PM
insert into insurance_policy(id)
values
('b3091584-3952-4cbe-aad8-4c943949f3fd')

2/6/2017 12:42:00 PM
insert into pcr_Demographic(pt_person,emr_contact_person,phy_contact_person,agency_id,id)
values
('9d3e701b-1b86-41e4-bd1e-2d54e3ea7176','07b0b7b3-cd8d-4514-9b17-af14e75acd69','c37ab26f-ad99-4fe5-8499-985caaae2ca3','90b16e1c-aa76-11e5-b94a-842b2b4bbc99','40463cf9-9719-4561-9876-6df0ded04fb7')

2/6/2017 12:42:00 PM
insert into pcr_dispatch(transported_from,cross_street,pt_count,id)
values
('Street','Residence','1','2ae49d37-d0fa-4990-a2de-70dae8847a41')

2/6/2017 12:42:08 PM
insert into pcr_narrative_notes(id)
values
('a6f43e24-ae79-4c97-8eb1-f4ba64430794')

2/6/2017 12:42:11 PM
insert into pcr_rma(id)
values
('6ce494bb-b6d1-4e05-8bca-5b12384c5bef')

2/6/2017 12:42:13 PM
insert into pcr_Disposition(out_of_area_exists,id)
values
('0','98df5380-e833-4b52-af6b-5a620bf1c015')

2/6/2017 12:43:12 PM
insert into person(first_name,last_name,dob,is_male,age,active,id)
values
('Harry','Wells','2017-01-11 00:00:00','0','0','1','f73cdefa-59a9-45ba-ae63-125995f19b1c')

2/6/2017 12:43:12 PM
update person set 
first_name = 'Harry',
last_name = 'Wells',
dob = '2017-01-11 12:00:00',
is_male = '0',
age = '0',
active = '1' where id ='f73cdefa-59a9-45ba-ae63-125995f19b1c'

2/6/2017 12:43:13 PM
insert into phone_number(id)
values
('376a27bd-557a-48d0-950b-d788553c020f')

2/6/2017 12:43:13 PM
insert into person_phones(person_id,phone_id,id)
values
('f73cdefa-59a9-45ba-ae63-125995f19b1c','376a27bd-557a-48d0-950b-d788553c020f','f86f1cc6-3db0-4ea8-9b8c-8512f96cd4c4')

2/6/2017 12:43:13 PM
update person set 
first_name = 'Harry',
last_name = 'Wells',
dob = '2017-01-11 12:00:00',
is_male = '0',
age = '0',
active = '1' where id ='f73cdefa-59a9-45ba-ae63-125995f19b1c'

2/6/2017 12:43:13 PM
insert into phone_number(id)
values
('fbfe42b7-f1fa-4d52-9ca6-6bc50188c0d0')

2/6/2017 12:43:13 PM
insert into person_phones(person_id,phone_id,id)
values
('f73cdefa-59a9-45ba-ae63-125995f19b1c','fbfe42b7-f1fa-4d52-9ca6-6bc50188c0d0','7ee264b0-128f-41cb-b7ab-47bdb4f4a7e9')

2/6/2017 12:43:13 PM
insert into Address(address,city_id,state_id,country_id,id)
values
('11 Star Labs Drive','d03ac2d7-ef81-4550-85df-2dff053f6d2b','eef5a97f-6eac-4a80-a130-9a52de8a6b2b','14b00896-d006-480c-9d74-00f2995ce168','d9d4b1a0-2ba9-4858-b987-840027c99732')

2/6/2017 12:43:13 PM
insert into personal_addresses(address,person,is_primary,id)
values
('d9d4b1a0-2ba9-4858-b987-840027c99732','f73cdefa-59a9-45ba-ae63-125995f19b1c','1','d14cd5d1-ce65-4f44-8d0e-a0b68096c10d')

2/6/2017 12:43:13 PM
insert into person(active,id)
values
('1','4a36f8fd-7a72-4682-ba62-6217de7e8d74')

2/6/2017 12:43:13 PM
update person set 
active = '1' where id ='4a36f8fd-7a72-4682-ba62-6217de7e8d74'

2/6/2017 12:43:13 PM
insert into phone_number(id)
values
('f0a3ec68-6410-4fc7-a2bf-0b3e193eabbe')

2/6/2017 12:43:13 PM
insert into person_phones(person_id,phone_id,id)
values
('4a36f8fd-7a72-4682-ba62-6217de7e8d74','f0a3ec68-6410-4fc7-a2bf-0b3e193eabbe','968e3f57-6980-4b1f-a45d-0f57093339a9')

2/6/2017 12:43:13 PM
update person set 
active = '1' where id ='4a36f8fd-7a72-4682-ba62-6217de7e8d74'

2/6/2017 12:43:13 PM
insert into phone_number(id)
values
('ce6f1c48-e1fb-4a63-bdd8-f79d5690d83b')

2/6/2017 12:43:14 PM
insert into person_phones(person_id,phone_id,id)
values
('4a36f8fd-7a72-4682-ba62-6217de7e8d74','ce6f1c48-e1fb-4a63-bdd8-f79d5690d83b','9b3c0b3b-1b1c-47cf-ab78-1a3a718cd51d')

2/6/2017 12:43:14 PM
insert into Address(country_id,id)
values
('14b00896-d006-480c-9d74-00f2995ce168','67cbc5a7-45f5-4ef9-9940-1a99ae79b619')

2/6/2017 12:43:14 PM
insert into personal_addresses(address,person,is_primary,id)
values
('67cbc5a7-45f5-4ef9-9940-1a99ae79b619','4a36f8fd-7a72-4682-ba62-6217de7e8d74','1','5ad8bc93-1ced-4d49-b38e-d2755c422823')

2/6/2017 12:43:14 PM
insert into person(active,id)
values
('1','8f9be039-259e-4ded-a990-77c3f94ee4a2')

2/6/2017 12:43:14 PM
update person set 
active = '1' where id ='8f9be039-259e-4ded-a990-77c3f94ee4a2'

2/6/2017 12:43:14 PM
insert into phone_number(id)
values
('3af2334c-e357-48f9-a2b2-3e46598321e9')

2/6/2017 12:43:14 PM
insert into person_phones(person_id,phone_id,id)
values
('8f9be039-259e-4ded-a990-77c3f94ee4a2','3af2334c-e357-48f9-a2b2-3e46598321e9','e7f7fc94-87f6-4230-92e7-6faf963c2946')

2/6/2017 12:43:14 PM
update person set 
active = '1' where id ='8f9be039-259e-4ded-a990-77c3f94ee4a2'

2/6/2017 12:43:14 PM
insert into phone_number(id)
values
('54b21bb2-b16d-4dc5-8181-818172f9e33d')

2/6/2017 12:43:14 PM
insert into person_phones(person_id,phone_id,id)
values
('8f9be039-259e-4ded-a990-77c3f94ee4a2','54b21bb2-b16d-4dc5-8181-818172f9e33d','99be3939-0223-4611-b7ca-c37965b0e8a9')

2/6/2017 12:43:14 PM
insert into Address(country_id,id)
values
('14b00896-d006-480c-9d74-00f2995ce168','ab3d4101-395e-4571-96f7-800a53072164')

2/6/2017 12:43:14 PM
insert into personal_addresses(address,person,is_primary,id)
values
('ab3d4101-395e-4571-96f7-800a53072164','8f9be039-259e-4ded-a990-77c3f94ee4a2','1','15527415-5587-4d69-ae15-0bbc6e5f399e')

2/6/2017 12:43:14 PM
update person set 
first_name = 'Harry',
last_name = 'Wells',
dob = '2017-01-11 12:00:00',
is_male = '0',
age = '0',
active = '1' where id ='f73cdefa-59a9-45ba-ae63-125995f19b1c'

2/6/2017 12:43:14 PM
update person set 
active = '1' where id ='4a36f8fd-7a72-4682-ba62-6217de7e8d74'

2/6/2017 12:43:14 PM
update person set 
active = '1' where id ='8f9be039-259e-4ded-a990-77c3f94ee4a2'

2/6/2017 12:43:14 PM
insert into insurance_policy(id)
values
('659aa681-7270-4992-b5d7-a762a2cae128')

2/6/2017 12:43:14 PM
insert into insurance_policy(id)
values
('08d33440-d4d6-41bf-8c58-896b5bbead2a')

2/6/2017 12:43:14 PM
insert into insurance_policy(id)
values
('225b6402-88d4-464a-b5be-81c7c152dd91')

2/6/2017 12:43:15 PM
insert into pcr_Demographic(pt_person,emr_contact_person,phy_contact_person,agency_id,id)
values
('f73cdefa-59a9-45ba-ae63-125995f19b1c','4a36f8fd-7a72-4682-ba62-6217de7e8d74','8f9be039-259e-4ded-a990-77c3f94ee4a2','90b16e1c-aa76-11e5-b94a-842b2b4bbc99','3782ff99-a81b-44ea-a6c4-5f859dc91da1')

2/6/2017 12:43:15 PM
insert into pcr_dispatch(transported_from,cross_street,pt_count,id)
values
('Street','Residence','1','b0021711-5c5a-4b61-8bd3-ed6486810208')

2/6/2017 12:43:26 PM
insert into pcr_narrative_notes(id)
values
('033512d6-3893-490c-9b3f-3e282b66037c')

2/6/2017 12:43:28 PM
insert into pcr_rma(id)
values
('6f94a53d-1a28-4f16-940d-128dcf40f0ba')

2/6/2017 12:43:29 PM
insert into pcr_Disposition(out_of_area_exists,id)
values
('0','94668226-9125-49ed-afc0-dcae4fff59c1')

2/6/2017 12:43:31 PM
insert into pcr_Narcotic(id)
values
('12351d76-8759-4cad-9650-b0852b3eafad')

2/6/2017 12:43:33 PM
insert into pcr_Authorization(id)
values
('3f02d6d5-15ea-4566-aaa4-84525d622c09')
