
2/6/2017 12:02:25 PM
Field 'pcr_assessment_id' doesn't have a default value:
Stack trace: at MySql.Data.MySqlClient.MySqlStream.ReadPacket()
   at MySql.Data.MySqlClient.NativeDriver.GetResult(Int32& affectedRow, Int64& insertedId)
   at MySql.Data.MySqlClient.Driver.GetResult(Int32 statementId, Int32& affectedRows, Int64& insertedId)
   at MySql.Data.MySqlClient.Driver.NextResult(Int32 statementId, Boolean force)
   at MySql.Data.MySqlClient.MySqlDataReader.NextResult()
   at MySql.Data.MySqlClient.MySqlCommand.ExecuteReader(CommandBehavior behavior)
   at MySql.Data.MySqlClient.MySqlCommand.ExecuteReader()
   at MySql.Data.MySqlClient.MySqlCommand.ExecuteNonQuery()
   at WebApiPoster.PCR.PcrBase.Insert() in c:\Work Area\WebApi\WebApiPoster\WebApiPoster\PCR\Global\PcrBase.cs:line 102
Source: MySql.Data

2/6/2017 12:36:03 PM
Object reference not set to an instance of an object.:
Stack trace: at WebApiPoster.PCR.PcrBase.Retrieve(String SearchField) in c:\Work Area\WebApi\WebApiPoster\WebApiPoster\PCR\Global\PcrBase.cs:line 185
Source: WebApiPoster

2/6/2017 12:36:29 PM
Duplicate entry '' for key 'PRIMARY':
Stack trace: at MySql.Data.MySqlClient.MySqlStream.ReadPacket()
   at MySql.Data.MySqlClient.NativeDriver.GetResult(Int32& affectedRow, Int64& insertedId)
   at MySql.Data.MySqlClient.Driver.GetResult(Int32 statementId, Int32& affectedRows, Int64& insertedId)
   at MySql.Data.MySqlClient.Driver.NextResult(Int32 statementId, Boolean force)
   at MySql.Data.MySqlClient.MySqlDataReader.NextResult()
   at MySql.Data.MySqlClient.MySqlCommand.ExecuteReader(CommandBehavior behavior)
   at MySql.Data.MySqlClient.MySqlCommand.ExecuteReader()
   at MySql.Data.MySqlClient.MySqlCommand.ExecuteNonQuery()
   at WebApiPoster.PCR.Utilities.Insert(String TableName, String[] Columns, String[] Values) in c:\Work Area\WebApi\WebApiPoster\WebApiPoster\Utilities.cs:line 101
Source: MySql.Data

2/6/2017 12:39:08 PM
Object reference not set to an instance of an object.:
Stack trace: at WebApiPoster.PCR.PcrBase.Retrieve(String SearchField) in c:\Work Area\WebApi\WebApiPoster\WebApiPoster\PCR\Global\PcrBase.cs:line 185
Source: WebApiPoster

2/6/2017 12:40:01 PM
Object reference not set to an instance of an object.:
Stack trace: at WebApiPoster.PCR.PcrBase.Retrieve(String SearchField) in c:\Work Area\WebApi\WebApiPoster\WebApiPoster\PCR\Global\PcrBase.cs:line 185
Source: WebApiPoster

2/6/2017 12:40:35 PM
Object reference not set to an instance of an object.:
Stack trace: at WebApiPoster.PCR.PcrBase.Retrieve(String SearchField) in c:\Work Area\WebApi\WebApiPoster\WebApiPoster\PCR\Global\PcrBase.cs:line 185
Source: WebApiPoster

2/6/2017 12:42:20 PM
Object reference not set to an instance of an object.:
Stack trace: at WebApiPoster.PCR.PcrBase.Retrieve(String SearchField) in c:\Work Area\WebApi\WebApiPoster\WebApiPoster\PCR\Global\PcrBase.cs:line 185
Source: WebApiPoster

2/6/2017 12:43:42 PM
Duplicate entry '' for key 'PRIMARY':
Stack trace: at MySql.Data.MySqlClient.MySqlStream.ReadPacket()
   at MySql.Data.MySqlClient.NativeDriver.GetResult(Int32& affectedRow, Int64& insertedId)
   at MySql.Data.MySqlClient.Driver.GetResult(Int32 statementId, Int32& affectedRows, Int64& insertedId)
   at MySql.Data.MySqlClient.Driver.NextResult(Int32 statementId, Boolean force)
   at MySql.Data.MySqlClient.MySqlDataReader.NextResult()
   at MySql.Data.MySqlClient.MySqlCommand.ExecuteReader(CommandBehavior behavior)
   at MySql.Data.MySqlClient.MySqlCommand.ExecuteReader()
   at MySql.Data.MySqlClient.MySqlCommand.ExecuteNonQuery()
   at WebApiPoster.PCR.Utilities.Insert(String TableName, String[] Columns, String[] Values) in c:\Work Area\WebApi\WebApiPoster\WebApiPoster\Utilities.cs:line 101
Source: MySql.Data

2/6/2017 12:43:52 PM
Duplicate entry '' for key 'PRIMARY':
Stack trace: at MySql.Data.MySqlClient.MySqlStream.ReadPacket()
   at MySql.Data.MySqlClient.NativeDriver.GetResult(Int32& affectedRow, Int64& insertedId)
   at MySql.Data.MySqlClient.Driver.GetResult(Int32 statementId, Int32& affectedRows, Int64& insertedId)
   at MySql.Data.MySqlClient.Driver.NextResult(Int32 statementId, Boolean force)
   at MySql.Data.MySqlClient.MySqlDataReader.NextResult()
   at MySql.Data.MySqlClient.MySqlCommand.ExecuteReader(CommandBehavior behavior)
   at MySql.Data.MySqlClient.MySqlCommand.ExecuteReader()
   at MySql.Data.MySqlClient.MySqlCommand.ExecuteNonQuery()
   at WebApiPoster.PCR.Utilities.Insert(String TableName, String[] Columns, String[] Values) in c:\Work Area\WebApi\WebApiPoster\WebApiPoster\Utilities.cs:line 101
Source: MySql.Data
