
2/15/2017 10:53:46 AM
Could not load from button rightHandMapArm17_3; id: 06b4d53d-07a7-11e0-bdc9-8e92303c9d5f; pcr: 5db404f9-d2eb-11e6-b953-3052cb650342

2/15/2017 10:53:46 AM
Could not load from button ekgAssessMap12LA21_11; id: 06fa35a6-07a7-11e0-bdc9-8e92303c9d5f; pcr: 5db404f9-d2eb-11e6-b953-3052cb650342

2/15/2017 10:53:47 AM
Could not load from button cprAssessMapAED1_1; id: 06f62afb-07a7-11e0-bdc9-8e92303c9d5f; pcr: 5db404f9-d2eb-11e6-b953-3052cb650342

2/15/2017 10:53:47 AM
Could not load from button rightHandMapArm19_3; id: 06b4f62f-07a7-11e0-bdc9-8e92303c9d5f; pcr: 5db404f9-d2eb-11e6-b953-3052cb650342

2/15/2017 10:53:48 AM
Could not load from button rightHandMapArm20_3; id: 06b50aa2-07a7-11e0-bdc9-8e92303c9d5f; pcr: 5db404f9-d2eb-11e6-b953-3052cb650342

2/15/2017 10:53:48 AM
Could not load from button ekgAssessMap12LB21_1; id: 06fabadc-07a7-11e0-bdc9-8e92303c9d5f; pcr: 5db404f9-d2eb-11e6-b953-3052cb650342

2/15/2017 10:53:48 AM
Could not load from button cprMapPulseB4_1; id: 9622ce50-0610-11e0-9c66-0ba20c568bb6; pcr: 5db404f9-d2eb-11e6-b953-3052cb650342

2/15/2017 10:53:48 AM
Could not load from button ekgAssessMap12LA19_1; id: 06f9f095-07a7-11e0-bdc9-8e92303c9d5f; pcr: 5db404f9-d2eb-11e6-b953-3052cb650342

2/15/2017 10:53:49 AM
Could not load from button cprMapPulseC4_1; id: 96230b7d-0610-11e0-9c66-0ba20c568bb6; pcr: 5db404f9-d2eb-11e6-b953-3052cb650342

2/15/2017 10:53:49 AM
Could not load from button ekgAssessMap12LB19_2; id: 06faac33-07a7-11e0-bdc9-8e92303c9d5f; pcr: 5db404f9-d2eb-11e6-b953-3052cb650342

2/15/2017 11:22:52 AM
Could not load from button rightHandMapArm18_3; id: 06b4c5eb-07a7-11e0-bdc9-8e92303c9d5f; pcr: 5db404f9-d2eb-11e6-b953-3052cb650342

2/15/2017 11:22:53 AM
Could not load from button rightHandMapArm18_1; id: 06b4bb2c-07a7-11e0-bdc9-8e92303c9d5f; pcr: 5db404f9-d2eb-11e6-b953-3052cb650342

2/15/2017 11:22:53 AM
Could not load from button rightHandMapArm19_3; id: 06b4f62f-07a7-11e0-bdc9-8e92303c9d5f; pcr: 5db404f9-d2eb-11e6-b953-3052cb650342

2/15/2017 11:27:12 AM
Could not load from button rightHandMapArm18_3; id: 06b4c5eb-07a7-11e0-bdc9-8e92303c9d5f; pcr: 5db404f9-d2eb-11e6-b953-3052cb650342

2/15/2017 11:27:13 AM
Could not load from button rightHandMapArm18_1; id: 06b4bb2c-07a7-11e0-bdc9-8e92303c9d5f; pcr: 5db404f9-d2eb-11e6-b953-3052cb650342

2/15/2017 11:31:42 AM
Could not load from button rightHandMapArm19_3; id: 06b4f62f-07a7-11e0-bdc9-8e92303c9d5f; pcr: 5db404f9-d2eb-11e6-b953-3052cb650342

2/15/2017 1:58:48 PM
Could not load from button rightHandMapArm18_3; id: 06b4c5eb-07a7-11e0-bdc9-8e92303c9d5f; pcr: 5db404f9-d2eb-11e6-b953-3052cb650342

2/15/2017 1:58:49 PM
Could not load from button rightHandMapArm18_1; id: 06b4bb2c-07a7-11e0-bdc9-8e92303c9d5f; pcr: 5db404f9-d2eb-11e6-b953-3052cb650342

2/15/2017 1:58:49 PM
Could not load from button rightHandMapArm19_3; id: 06b4f62f-07a7-11e0-bdc9-8e92303c9d5f; pcr: 5db404f9-d2eb-11e6-b953-3052cb650342
