
1/12/2017 10:31:44 AM
You have an error in your SQL syntax; check the manual that corresponds to your MySQL server version for the right syntax to use near '"PatientDetail": {"model": {"buttons": [{"id": 0, "img": "check-circle-o", "str"' at line 1:
Stack trace: at MySql.Data.MySqlClient.MySqlStream.ReadPacket()
   at MySql.Data.MySqlClient.NativeDriver.GetResult(Int32& affectedRow, Int64& insertedId)
   at MySql.Data.MySqlClient.Driver.GetResult(Int32 statementId, Int32& affectedRows, Int64& insertedId)
   at MySql.Data.MySqlClient.Driver.NextResult(Int32 statementId, Boolean force)
   at MySql.Data.MySqlClient.MySqlDataReader.NextResult()
   at MySql.Data.MySqlClient.MySqlCommand.ExecuteReader(CommandBehavior behavior)
   at MySql.Data.MySqlClient.MySqlCommand.ExecuteReader()
   at MySql.Data.MySqlClient.MySqlCommand.ExecuteScalar()
   at WebApiPoster.JsonMaker.GetIOSJsonExtract(String Expression, Object JsonData) in c:\Work Area\WebApi\WebApiPoster\WebApiPoster\JsonMaker.cs:line 79
Source: MySql.Data

1/12/2017 12:21:09 PM
Object reference not set to an instance of an object.:
Stack trace: at WebApiPoster.JsonMaker.GetIOSJsonExtract(String Expression, Object JsonData) in c:\Work Area\WebApi\WebApiPoster\WebApiPoster\JsonMaker.cs:line 98
Source: WebApiPoster

1/12/2017 12:21:09 PM
Object reference not set to an instance of an object.:
Stack trace: at WebApiPoster.JsonMaker.GetIOSJsonExtract(String Expression, Object JsonData) in c:\Work Area\WebApi\WebApiPoster\WebApiPoster\JsonMaker.cs:line 98
Source: WebApiPoster

1/12/2017 12:21:10 PM
Object reference not set to an instance of an object.:
Stack trace: at WebApiPoster.JsonMaker.GetIOSJsonExtract(String Expression, Object JsonData) in c:\Work Area\WebApi\WebApiPoster\WebApiPoster\JsonMaker.cs:line 98
Source: WebApiPoster

1/12/2017 12:21:10 PM
Object reference not set to an instance of an object.:
Stack trace: at WebApiPoster.JsonMaker.GetIOSJsonExtract(String Expression, Object JsonData) in c:\Work Area\WebApi\WebApiPoster\WebApiPoster\JsonMaker.cs:line 98
Source: WebApiPoster

1/12/2017 12:21:11 PM
Object reference not set to an instance of an object.:
Stack trace: at WebApiPoster.JsonMaker.GetIOSJsonExtract(String Expression, Object JsonData) in c:\Work Area\WebApi\WebApiPoster\WebApiPoster\JsonMaker.cs:line 98
Source: WebApiPoster

1/12/2017 12:22:18 PM
Object reference not set to an instance of an object.:
Stack trace: at WebApiPoster.JsonMaker.GetIOSJsonExtract(String Expression, Object JsonData) in c:\Work Area\WebApi\WebApiPoster\WebApiPoster\JsonMaker.cs:line 98
Source: WebApiPoster

1/12/2017 12:47:42 PM
Object reference not set to an instance of an object.:
Stack trace: at WebApiPoster.JsonMaker.GetIOSJsonExtract(String Expression, Object JsonData) in c:\Work Area\WebApi\WebApiPoster\WebApiPoster\JsonMaker.cs:line 98
Source: WebApiPoster

1/12/2017 12:47:43 PM
Object reference not set to an instance of an object.:
Stack trace: at WebApiPoster.JsonMaker.GetIOSJsonExtract(String Expression, Object JsonData) in c:\Work Area\WebApi\WebApiPoster\WebApiPoster\JsonMaker.cs:line 98
Source: WebApiPoster

1/12/2017 12:47:43 PM
Object reference not set to an instance of an object.:
Stack trace: at WebApiPoster.JsonMaker.GetIOSJsonExtract(String Expression, Object JsonData) in c:\Work Area\WebApi\WebApiPoster\WebApiPoster\JsonMaker.cs:line 98
Source: WebApiPoster

1/12/2017 12:47:44 PM
Object reference not set to an instance of an object.:
Stack trace: at WebApiPoster.JsonMaker.GetIOSJsonExtract(String Expression, Object JsonData) in c:\Work Area\WebApi\WebApiPoster\WebApiPoster\JsonMaker.cs:line 98
Source: WebApiPoster

1/12/2017 12:47:44 PM
Object reference not set to an instance of an object.:
Stack trace: at WebApiPoster.JsonMaker.GetIOSJsonExtract(String Expression, Object JsonData) in c:\Work Area\WebApi\WebApiPoster\WebApiPoster\JsonMaker.cs:line 98
Source: WebApiPoster

1/12/2017 12:47:44 PM
Object reference not set to an instance of an object.:
Stack trace: at WebApiPoster.JsonMaker.GetIOSJsonExtract(String Expression, Object JsonData) in c:\Work Area\WebApi\WebApiPoster\WebApiPoster\JsonMaker.cs:line 98
Source: WebApiPoster

1/12/2017 12:47:44 PM
Object reference not set to an instance of an object.:
Stack trace: at WebApiPoster.JsonMaker.GetIOSJsonExtract(String Expression, Object JsonData) in c:\Work Area\WebApi\WebApiPoster\WebApiPoster\JsonMaker.cs:line 98
Source: WebApiPoster

1/12/2017 12:47:45 PM
Object reference not set to an instance of an object.:
Stack trace: at WebApiPoster.JsonMaker.GetIOSJsonExtract(String Expression, Object JsonData) in c:\Work Area\WebApi\WebApiPoster\WebApiPoster\JsonMaker.cs:line 98
Source: WebApiPoster

1/12/2017 12:47:45 PM
Object reference not set to an instance of an object.:
Stack trace: at WebApiPoster.JsonMaker.GetIOSJsonExtract(String Expression, Object JsonData) in c:\Work Area\WebApi\WebApiPoster\WebApiPoster\JsonMaker.cs:line 98
Source: WebApiPoster

1/12/2017 12:47:45 PM
Object reference not set to an instance of an object.:
Stack trace: at WebApiPoster.JsonMaker.GetIOSJsonExtract(String Expression, Object JsonData) in c:\Work Area\WebApi\WebApiPoster\WebApiPoster\JsonMaker.cs:line 98
Source: WebApiPoster

1/12/2017 12:47:45 PM
Object reference not set to an instance of an object.:
Stack trace: at WebApiPoster.JsonMaker.GetIOSJsonExtract(String Expression, Object JsonData) in c:\Work Area\WebApi\WebApiPoster\WebApiPoster\JsonMaker.cs:line 98
Source: WebApiPoster

1/12/2017 12:47:45 PM
Object reference not set to an instance of an object.:
Stack trace: at WebApiPoster.JsonMaker.GetIOSJsonExtract(String Expression, Object JsonData) in c:\Work Area\WebApi\WebApiPoster\WebApiPoster\JsonMaker.cs:line 98
Source: WebApiPoster

1/12/2017 12:47:45 PM
Object reference not set to an instance of an object.:
Stack trace: at WebApiPoster.JsonMaker.GetIOSJsonExtract(String Expression, Object JsonData) in c:\Work Area\WebApi\WebApiPoster\WebApiPoster\JsonMaker.cs:line 98
Source: WebApiPoster

1/12/2017 12:47:45 PM
Object reference not set to an instance of an object.:
Stack trace: at WebApiPoster.JsonMaker.GetIOSJsonExtract(String Expression, Object JsonData) in c:\Work Area\WebApi\WebApiPoster\WebApiPoster\JsonMaker.cs:line 98
Source: WebApiPoster

1/12/2017 12:47:46 PM
Object reference not set to an instance of an object.:
Stack trace: at WebApiPoster.JsonMaker.GetIOSJsonExtract(String Expression, Object JsonData) in c:\Work Area\WebApi\WebApiPoster\WebApiPoster\JsonMaker.cs:line 98
Source: WebApiPoster

1/12/2017 12:47:46 PM
Object reference not set to an instance of an object.:
Stack trace: at WebApiPoster.JsonMaker.GetIOSJsonExtract(String Expression, Object JsonData) in c:\Work Area\WebApi\WebApiPoster\WebApiPoster\JsonMaker.cs:line 98
Source: WebApiPoster

1/12/2017 12:47:46 PM
Object reference not set to an instance of an object.:
Stack trace: at WebApiPoster.JsonMaker.GetIOSJsonExtract(String Expression, Object JsonData) in c:\Work Area\WebApi\WebApiPoster\WebApiPoster\JsonMaker.cs:line 98
Source: WebApiPoster

1/12/2017 12:47:46 PM
Object reference not set to an instance of an object.:
Stack trace: at WebApiPoster.JsonMaker.GetIOSJsonExtract(String Expression, Object JsonData) in c:\Work Area\WebApi\WebApiPoster\WebApiPoster\JsonMaker.cs:line 98
Source: WebApiPoster

1/12/2017 12:47:46 PM
Object reference not set to an instance of an object.:
Stack trace: at WebApiPoster.JsonMaker.GetIOSJsonExtract(String Expression, Object JsonData) in c:\Work Area\WebApi\WebApiPoster\WebApiPoster\JsonMaker.cs:line 98
Source: WebApiPoster

1/12/2017 12:47:46 PM
Object reference not set to an instance of an object.:
Stack trace: at WebApiPoster.JsonMaker.GetIOSJsonExtract(String Expression, Object JsonData) in c:\Work Area\WebApi\WebApiPoster\WebApiPoster\JsonMaker.cs:line 98
Source: WebApiPoster

1/12/2017 12:47:46 PM
Object reference not set to an instance of an object.:
Stack trace: at WebApiPoster.JsonMaker.GetIOSJsonExtract(String Expression, Object JsonData) in c:\Work Area\WebApi\WebApiPoster\WebApiPoster\JsonMaker.cs:line 98
Source: WebApiPoster

1/12/2017 12:47:46 PM
Object reference not set to an instance of an object.:
Stack trace: at WebApiPoster.JsonMaker.GetIOSJsonExtract(String Expression, Object JsonData) in c:\Work Area\WebApi\WebApiPoster\WebApiPoster\JsonMaker.cs:line 98
Source: WebApiPoster

1/12/2017 12:47:46 PM
Object reference not set to an instance of an object.:
Stack trace: at WebApiPoster.JsonMaker.GetIOSJsonExtract(String Expression, Object JsonData) in c:\Work Area\WebApi\WebApiPoster\WebApiPoster\JsonMaker.cs:line 98
Source: WebApiPoster

1/12/2017 12:47:46 PM
Object reference not set to an instance of an object.:
Stack trace: at WebApiPoster.JsonMaker.GetIOSJsonExtract(String Expression, Object JsonData) in c:\Work Area\WebApi\WebApiPoster\WebApiPoster\JsonMaker.cs:line 98
Source: WebApiPoster

1/12/2017 12:47:46 PM
Object reference not set to an instance of an object.:
Stack trace: at WebApiPoster.JsonMaker.GetIOSJsonExtract(String Expression, Object JsonData) in c:\Work Area\WebApi\WebApiPoster\WebApiPoster\JsonMaker.cs:line 98
Source: WebApiPoster

1/12/2017 12:47:46 PM
Object reference not set to an instance of an object.:
Stack trace: at WebApiPoster.JsonMaker.GetIOSJsonExtract(String Expression, Object JsonData) in c:\Work Area\WebApi\WebApiPoster\WebApiPoster\JsonMaker.cs:line 98
Source: WebApiPoster

1/12/2017 12:47:46 PM
Object reference not set to an instance of an object.:
Stack trace: at WebApiPoster.JsonMaker.GetIOSJsonExtract(String Expression, Object JsonData) in c:\Work Area\WebApi\WebApiPoster\WebApiPoster\JsonMaker.cs:line 98
Source: WebApiPoster

1/12/2017 12:47:46 PM
Object reference not set to an instance of an object.:
Stack trace: at WebApiPoster.JsonMaker.GetIOSJsonExtract(String Expression, Object JsonData) in c:\Work Area\WebApi\WebApiPoster\WebApiPoster\JsonMaker.cs:line 98
Source: WebApiPoster

1/12/2017 12:47:46 PM
Object reference not set to an instance of an object.:
Stack trace: at WebApiPoster.JsonMaker.GetIOSJsonExtract(String Expression, Object JsonData) in c:\Work Area\WebApi\WebApiPoster\WebApiPoster\JsonMaker.cs:line 98
Source: WebApiPoster

1/12/2017 12:47:47 PM
Object reference not set to an instance of an object.:
Stack trace: at WebApiPoster.JsonMaker.GetIOSJsonExtract(String Expression, Object JsonData) in c:\Work Area\WebApi\WebApiPoster\WebApiPoster\JsonMaker.cs:line 98
Source: WebApiPoster

1/12/2017 12:47:47 PM
Object reference not set to an instance of an object.:
Stack trace: at WebApiPoster.JsonMaker.GetIOSJsonExtract(String Expression, Object JsonData) in c:\Work Area\WebApi\WebApiPoster\WebApiPoster\JsonMaker.cs:line 98
Source: WebApiPoster

1/12/2017 12:47:47 PM
Object reference not set to an instance of an object.:
Stack trace: at WebApiPoster.JsonMaker.GetIOSJsonExtract(String Expression, Object JsonData) in c:\Work Area\WebApi\WebApiPoster\WebApiPoster\JsonMaker.cs:line 98
Source: WebApiPoster

1/12/2017 12:47:47 PM
Object reference not set to an instance of an object.:
Stack trace: at WebApiPoster.JsonMaker.GetIOSJsonExtract(String Expression, Object JsonData) in c:\Work Area\WebApi\WebApiPoster\WebApiPoster\JsonMaker.cs:line 98
Source: WebApiPoster

1/12/2017 12:47:47 PM
Object reference not set to an instance of an object.:
Stack trace: at WebApiPoster.JsonMaker.GetIOSJsonExtract(String Expression, Object JsonData) in c:\Work Area\WebApi\WebApiPoster\WebApiPoster\JsonMaker.cs:line 98
Source: WebApiPoster

1/12/2017 12:47:47 PM
Object reference not set to an instance of an object.:
Stack trace: at WebApiPoster.JsonMaker.GetIOSJsonExtract(String Expression, Object JsonData) in c:\Work Area\WebApi\WebApiPoster\WebApiPoster\JsonMaker.cs:line 98
Source: WebApiPoster

1/12/2017 12:47:47 PM
Object reference not set to an instance of an object.:
Stack trace: at WebApiPoster.JsonMaker.GetIOSJsonExtract(String Expression, Object JsonData) in c:\Work Area\WebApi\WebApiPoster\WebApiPoster\JsonMaker.cs:line 98
Source: WebApiPoster

1/12/2017 12:47:47 PM
Object reference not set to an instance of an object.:
Stack trace: at WebApiPoster.JsonMaker.GetIOSJsonExtract(String Expression, Object JsonData) in c:\Work Area\WebApi\WebApiPoster\WebApiPoster\JsonMaker.cs:line 98
Source: WebApiPoster

1/12/2017 12:47:47 PM
Object reference not set to an instance of an object.:
Stack trace: at WebApiPoster.JsonMaker.GetIOSJsonExtract(String Expression, Object JsonData) in c:\Work Area\WebApi\WebApiPoster\WebApiPoster\JsonMaker.cs:line 98
Source: WebApiPoster

1/12/2017 12:47:48 PM
Object reference not set to an instance of an object.:
Stack trace: at WebApiPoster.JsonMaker.GetIOSJsonExtract(String Expression, Object JsonData) in c:\Work Area\WebApi\WebApiPoster\WebApiPoster\JsonMaker.cs:line 98
Source: WebApiPoster

1/12/2017 12:47:48 PM
Object reference not set to an instance of an object.:
Stack trace: at WebApiPoster.JsonMaker.GetIOSJsonExtract(String Expression, Object JsonData) in c:\Work Area\WebApi\WebApiPoster\WebApiPoster\JsonMaker.cs:line 98
Source: WebApiPoster

1/12/2017 12:47:48 PM
Object reference not set to an instance of an object.:
Stack trace: at WebApiPoster.JsonMaker.GetIOSJsonExtract(String Expression, Object JsonData) in c:\Work Area\WebApi\WebApiPoster\WebApiPoster\JsonMaker.cs:line 98
Source: WebApiPoster

1/12/2017 12:47:48 PM
Object reference not set to an instance of an object.:
Stack trace: at WebApiPoster.JsonMaker.GetIOSJsonExtract(String Expression, Object JsonData) in c:\Work Area\WebApi\WebApiPoster\WebApiPoster\JsonMaker.cs:line 98
Source: WebApiPoster

1/12/2017 12:47:48 PM
Object reference not set to an instance of an object.:
Stack trace: at WebApiPoster.JsonMaker.GetIOSJsonExtract(String Expression, Object JsonData) in c:\Work Area\WebApi\WebApiPoster\WebApiPoster\JsonMaker.cs:line 98
Source: WebApiPoster

1/12/2017 12:47:48 PM
Object reference not set to an instance of an object.:
Stack trace: at WebApiPoster.JsonMaker.GetIOSJsonExtract(String Expression, Object JsonData) in c:\Work Area\WebApi\WebApiPoster\WebApiPoster\JsonMaker.cs:line 98
Source: WebApiPoster

1/12/2017 12:47:48 PM
Object reference not set to an instance of an object.:
Stack trace: at WebApiPoster.JsonMaker.GetIOSJsonExtract(String Expression, Object JsonData) in c:\Work Area\WebApi\WebApiPoster\WebApiPoster\JsonMaker.cs:line 98
Source: WebApiPoster

1/12/2017 12:47:48 PM
Object reference not set to an instance of an object.:
Stack trace: at WebApiPoster.JsonMaker.GetIOSJsonExtract(String Expression, Object JsonData) in c:\Work Area\WebApi\WebApiPoster\WebApiPoster\JsonMaker.cs:line 98
Source: WebApiPoster

1/12/2017 12:47:48 PM
Object reference not set to an instance of an object.:
Stack trace: at WebApiPoster.JsonMaker.GetIOSJsonExtract(String Expression, Object JsonData) in c:\Work Area\WebApi\WebApiPoster\WebApiPoster\JsonMaker.cs:line 98
Source: WebApiPoster

1/12/2017 12:47:48 PM
Object reference not set to an instance of an object.:
Stack trace: at WebApiPoster.JsonMaker.GetIOSJsonExtract(String Expression, Object JsonData) in c:\Work Area\WebApi\WebApiPoster\WebApiPoster\JsonMaker.cs:line 98
Source: WebApiPoster

1/12/2017 12:47:48 PM
Object reference not set to an instance of an object.:
Stack trace: at WebApiPoster.JsonMaker.GetIOSJsonExtract(String Expression, Object JsonData) in c:\Work Area\WebApi\WebApiPoster\WebApiPoster\JsonMaker.cs:line 98
Source: WebApiPoster

1/12/2017 12:47:48 PM
Object reference not set to an instance of an object.:
Stack trace: at WebApiPoster.JsonMaker.GetIOSJsonExtract(String Expression, Object JsonData) in c:\Work Area\WebApi\WebApiPoster\WebApiPoster\JsonMaker.cs:line 98
Source: WebApiPoster

1/12/2017 12:47:48 PM
Object reference not set to an instance of an object.:
Stack trace: at WebApiPoster.JsonMaker.GetIOSJsonExtract(String Expression, Object JsonData) in c:\Work Area\WebApi\WebApiPoster\WebApiPoster\JsonMaker.cs:line 98
Source: WebApiPoster

1/12/2017 12:47:48 PM
Object reference not set to an instance of an object.:
Stack trace: at WebApiPoster.JsonMaker.GetIOSJsonExtract(String Expression, Object JsonData) in c:\Work Area\WebApi\WebApiPoster\WebApiPoster\JsonMaker.cs:line 98
Source: WebApiPoster

1/12/2017 12:47:48 PM
Object reference not set to an instance of an object.:
Stack trace: at WebApiPoster.JsonMaker.GetIOSJsonExtract(String Expression, Object JsonData) in c:\Work Area\WebApi\WebApiPoster\WebApiPoster\JsonMaker.cs:line 98
Source: WebApiPoster

1/12/2017 12:47:48 PM
Object reference not set to an instance of an object.:
Stack trace: at WebApiPoster.JsonMaker.GetIOSJsonExtract(String Expression, Object JsonData) in c:\Work Area\WebApi\WebApiPoster\WebApiPoster\JsonMaker.cs:line 98
Source: WebApiPoster

1/12/2017 12:47:48 PM
Object reference not set to an instance of an object.:
Stack trace: at WebApiPoster.JsonMaker.GetIOSJsonExtract(String Expression, Object JsonData) in c:\Work Area\WebApi\WebApiPoster\WebApiPoster\JsonMaker.cs:line 98
Source: WebApiPoster

1/12/2017 12:47:48 PM
Object reference not set to an instance of an object.:
Stack trace: at WebApiPoster.JsonMaker.GetIOSJsonExtract(String Expression, Object JsonData) in c:\Work Area\WebApi\WebApiPoster\WebApiPoster\JsonMaker.cs:line 98
Source: WebApiPoster

1/12/2017 12:47:48 PM
Object reference not set to an instance of an object.:
Stack trace: at WebApiPoster.JsonMaker.GetIOSJsonExtract(String Expression, Object JsonData) in c:\Work Area\WebApi\WebApiPoster\WebApiPoster\JsonMaker.cs:line 98
Source: WebApiPoster

1/12/2017 12:47:48 PM
Object reference not set to an instance of an object.:
Stack trace: at WebApiPoster.JsonMaker.GetIOSJsonExtract(String Expression, Object JsonData) in c:\Work Area\WebApi\WebApiPoster\WebApiPoster\JsonMaker.cs:line 98
Source: WebApiPoster

1/12/2017 12:47:48 PM
Object reference not set to an instance of an object.:
Stack trace: at WebApiPoster.JsonMaker.GetIOSJsonExtract(String Expression, Object JsonData) in c:\Work Area\WebApi\WebApiPoster\WebApiPoster\JsonMaker.cs:line 98
Source: WebApiPoster

1/12/2017 12:47:48 PM
Object reference not set to an instance of an object.:
Stack trace: at WebApiPoster.JsonMaker.GetIOSJsonExtract(String Expression, Object JsonData) in c:\Work Area\WebApi\WebApiPoster\WebApiPoster\JsonMaker.cs:line 98
Source: WebApiPoster

1/12/2017 12:47:48 PM
Object reference not set to an instance of an object.:
Stack trace: at WebApiPoster.JsonMaker.GetIOSJsonExtract(String Expression, Object JsonData) in c:\Work Area\WebApi\WebApiPoster\WebApiPoster\JsonMaker.cs:line 98
Source: WebApiPoster

1/12/2017 12:47:48 PM
Object reference not set to an instance of an object.:
Stack trace: at WebApiPoster.JsonMaker.GetIOSJsonExtract(String Expression, Object JsonData) in c:\Work Area\WebApi\WebApiPoster\WebApiPoster\JsonMaker.cs:line 98
Source: WebApiPoster

1/12/2017 12:47:49 PM
Object reference not set to an instance of an object.:
Stack trace: at WebApiPoster.JsonMaker.GetIOSJsonExtract(String Expression, Object JsonData) in c:\Work Area\WebApi\WebApiPoster\WebApiPoster\JsonMaker.cs:line 98
Source: WebApiPoster

1/12/2017 12:47:49 PM
Object reference not set to an instance of an object.:
Stack trace: at WebApiPoster.JsonMaker.GetIOSJsonExtract(String Expression, Object JsonData) in c:\Work Area\WebApi\WebApiPoster\WebApiPoster\JsonMaker.cs:line 98
Source: WebApiPoster

1/12/2017 12:47:49 PM
Object reference not set to an instance of an object.:
Stack trace: at WebApiPoster.JsonMaker.GetIOSJsonExtract(String Expression, Object JsonData) in c:\Work Area\WebApi\WebApiPoster\WebApiPoster\JsonMaker.cs:line 98
Source: WebApiPoster

1/12/2017 12:47:49 PM
Object reference not set to an instance of an object.:
Stack trace: at WebApiPoster.JsonMaker.GetIOSJsonExtract(String Expression, Object JsonData) in c:\Work Area\WebApi\WebApiPoster\WebApiPoster\JsonMaker.cs:line 98
Source: WebApiPoster

1/12/2017 12:47:49 PM
Object reference not set to an instance of an object.:
Stack trace: at WebApiPoster.JsonMaker.GetIOSJsonExtract(String Expression, Object JsonData) in c:\Work Area\WebApi\WebApiPoster\WebApiPoster\JsonMaker.cs:line 98
Source: WebApiPoster

1/12/2017 12:47:49 PM
Object reference not set to an instance of an object.:
Stack trace: at WebApiPoster.JsonMaker.GetIOSJsonExtract(String Expression, Object JsonData) in c:\Work Area\WebApi\WebApiPoster\WebApiPoster\JsonMaker.cs:line 98
Source: WebApiPoster

1/12/2017 12:47:49 PM
Object reference not set to an instance of an object.:
Stack trace: at WebApiPoster.JsonMaker.GetIOSJsonExtract(String Expression, Object JsonData) in c:\Work Area\WebApi\WebApiPoster\WebApiPoster\JsonMaker.cs:line 98
Source: WebApiPoster

1/12/2017 12:47:49 PM
Object reference not set to an instance of an object.:
Stack trace: at WebApiPoster.JsonMaker.GetIOSJsonExtract(String Expression, Object JsonData) in c:\Work Area\WebApi\WebApiPoster\WebApiPoster\JsonMaker.cs:line 98
Source: WebApiPoster

1/12/2017 12:47:49 PM
Object reference not set to an instance of an object.:
Stack trace: at WebApiPoster.JsonMaker.GetIOSJsonExtract(String Expression, Object JsonData) in c:\Work Area\WebApi\WebApiPoster\WebApiPoster\JsonMaker.cs:line 98
Source: WebApiPoster

1/12/2017 12:47:49 PM
Object reference not set to an instance of an object.:
Stack trace: at WebApiPoster.JsonMaker.GetIOSJsonExtract(String Expression, Object JsonData) in c:\Work Area\WebApi\WebApiPoster\WebApiPoster\JsonMaker.cs:line 98
Source: WebApiPoster

1/12/2017 12:47:49 PM
Object reference not set to an instance of an object.:
Stack trace: at WebApiPoster.JsonMaker.GetIOSJsonExtract(String Expression, Object JsonData) in c:\Work Area\WebApi\WebApiPoster\WebApiPoster\JsonMaker.cs:line 98
Source: WebApiPoster

1/12/2017 12:47:49 PM
Object reference not set to an instance of an object.:
Stack trace: at WebApiPoster.JsonMaker.GetIOSJsonExtract(String Expression, Object JsonData) in c:\Work Area\WebApi\WebApiPoster\WebApiPoster\JsonMaker.cs:line 98
Source: WebApiPoster

1/12/2017 12:47:49 PM
Object reference not set to an instance of an object.:
Stack trace: at WebApiPoster.JsonMaker.GetIOSJsonExtract(String Expression, Object JsonData) in c:\Work Area\WebApi\WebApiPoster\WebApiPoster\JsonMaker.cs:line 98
Source: WebApiPoster

1/12/2017 12:47:49 PM
Object reference not set to an instance of an object.:
Stack trace: at WebApiPoster.JsonMaker.GetIOSJsonExtract(String Expression, Object JsonData) in c:\Work Area\WebApi\WebApiPoster\WebApiPoster\JsonMaker.cs:line 98
Source: WebApiPoster

1/12/2017 12:47:49 PM
Object reference not set to an instance of an object.:
Stack trace: at WebApiPoster.JsonMaker.GetIOSJsonExtract(String Expression, Object JsonData) in c:\Work Area\WebApi\WebApiPoster\WebApiPoster\JsonMaker.cs:line 98
Source: WebApiPoster

1/12/2017 12:47:49 PM
Object reference not set to an instance of an object.:
Stack trace: at WebApiPoster.JsonMaker.GetIOSJsonExtract(String Expression, Object JsonData) in c:\Work Area\WebApi\WebApiPoster\WebApiPoster\JsonMaker.cs:line 98
Source: WebApiPoster

1/12/2017 12:47:49 PM
Object reference not set to an instance of an object.:
Stack trace: at WebApiPoster.JsonMaker.GetIOSJsonExtract(String Expression, Object JsonData) in c:\Work Area\WebApi\WebApiPoster\WebApiPoster\JsonMaker.cs:line 98
Source: WebApiPoster

1/12/2017 12:47:49 PM
Object reference not set to an instance of an object.:
Stack trace: at WebApiPoster.JsonMaker.GetIOSJsonExtract(String Expression, Object JsonData) in c:\Work Area\WebApi\WebApiPoster\WebApiPoster\JsonMaker.cs:line 98
Source: WebApiPoster

1/12/2017 12:47:50 PM
Object reference not set to an instance of an object.:
Stack trace: at WebApiPoster.JsonMaker.GetIOSJsonExtract(String Expression, Object JsonData) in c:\Work Area\WebApi\WebApiPoster\WebApiPoster\JsonMaker.cs:line 98
Source: WebApiPoster

1/12/2017 12:47:50 PM
Object reference not set to an instance of an object.:
Stack trace: at WebApiPoster.JsonMaker.GetIOSJsonExtract(String Expression, Object JsonData) in c:\Work Area\WebApi\WebApiPoster\WebApiPoster\JsonMaker.cs:line 98
Source: WebApiPoster

1/12/2017 12:47:50 PM
Object reference not set to an instance of an object.:
Stack trace: at WebApiPoster.JsonMaker.GetIOSJsonExtract(String Expression, Object JsonData) in c:\Work Area\WebApi\WebApiPoster\WebApiPoster\JsonMaker.cs:line 98
Source: WebApiPoster

1/12/2017 12:47:50 PM
Object reference not set to an instance of an object.:
Stack trace: at WebApiPoster.JsonMaker.GetIOSJsonExtract(String Expression, Object JsonData) in c:\Work Area\WebApi\WebApiPoster\WebApiPoster\JsonMaker.cs:line 98
Source: WebApiPoster

1/12/2017 12:47:50 PM
Object reference not set to an instance of an object.:
Stack trace: at WebApiPoster.JsonMaker.GetIOSJsonExtract(String Expression, Object JsonData) in c:\Work Area\WebApi\WebApiPoster\WebApiPoster\JsonMaker.cs:line 98
Source: WebApiPoster

1/12/2017 12:47:50 PM
Object reference not set to an instance of an object.:
Stack trace: at WebApiPoster.JsonMaker.GetIOSJsonExtract(String Expression, Object JsonData) in c:\Work Area\WebApi\WebApiPoster\WebApiPoster\JsonMaker.cs:line 98
Source: WebApiPoster

1/12/2017 12:47:50 PM
Object reference not set to an instance of an object.:
Stack trace: at WebApiPoster.JsonMaker.GetIOSJsonExtract(String Expression, Object JsonData) in c:\Work Area\WebApi\WebApiPoster\WebApiPoster\JsonMaker.cs:line 98
Source: WebApiPoster

1/12/2017 12:47:50 PM
Object reference not set to an instance of an object.:
Stack trace: at WebApiPoster.JsonMaker.GetIOSJsonExtract(String Expression, Object JsonData) in c:\Work Area\WebApi\WebApiPoster\WebApiPoster\JsonMaker.cs:line 98
Source: WebApiPoster

1/12/2017 12:47:50 PM
Object reference not set to an instance of an object.:
Stack trace: at WebApiPoster.JsonMaker.GetIOSJsonExtract(String Expression, Object JsonData) in c:\Work Area\WebApi\WebApiPoster\WebApiPoster\JsonMaker.cs:line 98
Source: WebApiPoster

1/12/2017 12:47:50 PM
Object reference not set to an instance of an object.:
Stack trace: at WebApiPoster.JsonMaker.GetIOSJsonExtract(String Expression, Object JsonData) in c:\Work Area\WebApi\WebApiPoster\WebApiPoster\JsonMaker.cs:line 98
Source: WebApiPoster

1/12/2017 12:47:50 PM
Object reference not set to an instance of an object.:
Stack trace: at WebApiPoster.JsonMaker.GetIOSJsonExtract(String Expression, Object JsonData) in c:\Work Area\WebApi\WebApiPoster\WebApiPoster\JsonMaker.cs:line 98
Source: WebApiPoster

1/12/2017 12:47:50 PM
Object reference not set to an instance of an object.:
Stack trace: at WebApiPoster.JsonMaker.GetIOSJsonExtract(String Expression, Object JsonData) in c:\Work Area\WebApi\WebApiPoster\WebApiPoster\JsonMaker.cs:line 98
Source: WebApiPoster

1/12/2017 12:47:50 PM
Object reference not set to an instance of an object.:
Stack trace: at WebApiPoster.JsonMaker.GetIOSJsonExtract(String Expression, Object JsonData) in c:\Work Area\WebApi\WebApiPoster\WebApiPoster\JsonMaker.cs:line 98
Source: WebApiPoster

1/12/2017 12:47:50 PM
Object reference not set to an instance of an object.:
Stack trace: at WebApiPoster.JsonMaker.GetIOSJsonExtract(String Expression, Object JsonData) in c:\Work Area\WebApi\WebApiPoster\WebApiPoster\JsonMaker.cs:line 98
Source: WebApiPoster

1/12/2017 12:47:50 PM
Object reference not set to an instance of an object.:
Stack trace: at WebApiPoster.JsonMaker.GetIOSJsonExtract(String Expression, Object JsonData) in c:\Work Area\WebApi\WebApiPoster\WebApiPoster\JsonMaker.cs:line 98
Source: WebApiPoster

1/12/2017 12:47:50 PM
Object reference not set to an instance of an object.:
Stack trace: at WebApiPoster.JsonMaker.GetIOSJsonExtract(String Expression, Object JsonData) in c:\Work Area\WebApi\WebApiPoster\WebApiPoster\JsonMaker.cs:line 98
Source: WebApiPoster

1/12/2017 12:47:50 PM
Object reference not set to an instance of an object.:
Stack trace: at WebApiPoster.JsonMaker.GetIOSJsonExtract(String Expression, Object JsonData) in c:\Work Area\WebApi\WebApiPoster\WebApiPoster\JsonMaker.cs:line 98
Source: WebApiPoster

1/12/2017 12:47:50 PM
Object reference not set to an instance of an object.:
Stack trace: at WebApiPoster.JsonMaker.GetIOSJsonExtract(String Expression, Object JsonData) in c:\Work Area\WebApi\WebApiPoster\WebApiPoster\JsonMaker.cs:line 98
Source: WebApiPoster

1/12/2017 12:47:50 PM
Object reference not set to an instance of an object.:
Stack trace: at WebApiPoster.JsonMaker.GetIOSJsonExtract(String Expression, Object JsonData) in c:\Work Area\WebApi\WebApiPoster\WebApiPoster\JsonMaker.cs:line 98
Source: WebApiPoster

1/12/2017 12:47:50 PM
Object reference not set to an instance of an object.:
Stack trace: at WebApiPoster.JsonMaker.GetIOSJsonExtract(String Expression, Object JsonData) in c:\Work Area\WebApi\WebApiPoster\WebApiPoster\JsonMaker.cs:line 98
Source: WebApiPoster

1/12/2017 12:47:50 PM
Object reference not set to an instance of an object.:
Stack trace: at WebApiPoster.JsonMaker.GetIOSJsonExtract(String Expression, Object JsonData) in c:\Work Area\WebApi\WebApiPoster\WebApiPoster\JsonMaker.cs:line 98
Source: WebApiPoster

1/12/2017 12:47:50 PM
Object reference not set to an instance of an object.:
Stack trace: at WebApiPoster.JsonMaker.GetIOSJsonExtract(String Expression, Object JsonData) in c:\Work Area\WebApi\WebApiPoster\WebApiPoster\JsonMaker.cs:line 98
Source: WebApiPoster

1/12/2017 12:47:50 PM
Object reference not set to an instance of an object.:
Stack trace: at WebApiPoster.JsonMaker.GetIOSJsonExtract(String Expression, Object JsonData) in c:\Work Area\WebApi\WebApiPoster\WebApiPoster\JsonMaker.cs:line 98
Source: WebApiPoster

1/12/2017 12:47:51 PM
Object reference not set to an instance of an object.:
Stack trace: at WebApiPoster.JsonMaker.GetIOSJsonExtract(String Expression, Object JsonData) in c:\Work Area\WebApi\WebApiPoster\WebApiPoster\JsonMaker.cs:line 98
Source: WebApiPoster

1/12/2017 12:47:51 PM
Object reference not set to an instance of an object.:
Stack trace: at WebApiPoster.JsonMaker.GetIOSJsonExtract(String Expression, Object JsonData) in c:\Work Area\WebApi\WebApiPoster\WebApiPoster\JsonMaker.cs:line 98
Source: WebApiPoster

1/12/2017 12:47:51 PM
Object reference not set to an instance of an object.:
Stack trace: at WebApiPoster.JsonMaker.GetIOSJsonExtract(String Expression, Object JsonData) in c:\Work Area\WebApi\WebApiPoster\WebApiPoster\JsonMaker.cs:line 98
Source: WebApiPoster

1/12/2017 12:47:51 PM
Object reference not set to an instance of an object.:
Stack trace: at WebApiPoster.JsonMaker.GetIOSJsonExtract(String Expression, Object JsonData) in c:\Work Area\WebApi\WebApiPoster\WebApiPoster\JsonMaker.cs:line 98
Source: WebApiPoster

1/12/2017 12:47:51 PM
Object reference not set to an instance of an object.:
Stack trace: at WebApiPoster.JsonMaker.GetIOSJsonExtract(String Expression, Object JsonData) in c:\Work Area\WebApi\WebApiPoster\WebApiPoster\JsonMaker.cs:line 98
Source: WebApiPoster

1/12/2017 12:47:51 PM
Object reference not set to an instance of an object.:
Stack trace: at WebApiPoster.JsonMaker.GetIOSJsonExtract(String Expression, Object JsonData) in c:\Work Area\WebApi\WebApiPoster\WebApiPoster\JsonMaker.cs:line 98
Source: WebApiPoster

1/12/2017 12:47:51 PM
Object reference not set to an instance of an object.:
Stack trace: at WebApiPoster.JsonMaker.GetIOSJsonExtract(String Expression, Object JsonData) in c:\Work Area\WebApi\WebApiPoster\WebApiPoster\JsonMaker.cs:line 98
Source: WebApiPoster

1/12/2017 12:47:51 PM
Object reference not set to an instance of an object.:
Stack trace: at WebApiPoster.JsonMaker.GetIOSJsonExtract(String Expression, Object JsonData) in c:\Work Area\WebApi\WebApiPoster\WebApiPoster\JsonMaker.cs:line 98
Source: WebApiPoster

1/12/2017 12:47:51 PM
Object reference not set to an instance of an object.:
Stack trace: at WebApiPoster.JsonMaker.GetIOSJsonExtract(String Expression, Object JsonData) in c:\Work Area\WebApi\WebApiPoster\WebApiPoster\JsonMaker.cs:line 98
Source: WebApiPoster

1/12/2017 12:47:51 PM
Object reference not set to an instance of an object.:
Stack trace: at WebApiPoster.JsonMaker.GetIOSJsonExtract(String Expression, Object JsonData) in c:\Work Area\WebApi\WebApiPoster\WebApiPoster\JsonMaker.cs:line 98
Source: WebApiPoster

1/12/2017 12:47:51 PM
Object reference not set to an instance of an object.:
Stack trace: at WebApiPoster.JsonMaker.GetIOSJsonExtract(String Expression, Object JsonData) in c:\Work Area\WebApi\WebApiPoster\WebApiPoster\JsonMaker.cs:line 98
Source: WebApiPoster

1/12/2017 12:47:51 PM
Object reference not set to an instance of an object.:
Stack trace: at WebApiPoster.JsonMaker.GetIOSJsonExtract(String Expression, Object JsonData) in c:\Work Area\WebApi\WebApiPoster\WebApiPoster\JsonMaker.cs:line 98
Source: WebApiPoster

1/12/2017 12:47:51 PM
Object reference not set to an instance of an object.:
Stack trace: at WebApiPoster.JsonMaker.GetIOSJsonExtract(String Expression, Object JsonData) in c:\Work Area\WebApi\WebApiPoster\WebApiPoster\JsonMaker.cs:line 98
Source: WebApiPoster

1/12/2017 12:47:51 PM
Object reference not set to an instance of an object.:
Stack trace: at WebApiPoster.JsonMaker.GetIOSJsonExtract(String Expression, Object JsonData) in c:\Work Area\WebApi\WebApiPoster\WebApiPoster\JsonMaker.cs:line 98
Source: WebApiPoster

1/12/2017 12:47:51 PM
Object reference not set to an instance of an object.:
Stack trace: at WebApiPoster.JsonMaker.GetIOSJsonExtract(String Expression, Object JsonData) in c:\Work Area\WebApi\WebApiPoster\WebApiPoster\JsonMaker.cs:line 98
Source: WebApiPoster

1/12/2017 12:47:51 PM
Object reference not set to an instance of an object.:
Stack trace: at WebApiPoster.JsonMaker.GetIOSJsonExtract(String Expression, Object JsonData) in c:\Work Area\WebApi\WebApiPoster\WebApiPoster\JsonMaker.cs:line 98
Source: WebApiPoster

1/12/2017 12:47:51 PM
Object reference not set to an instance of an object.:
Stack trace: at WebApiPoster.JsonMaker.GetIOSJsonExtract(String Expression, Object JsonData) in c:\Work Area\WebApi\WebApiPoster\WebApiPoster\JsonMaker.cs:line 98
Source: WebApiPoster

1/12/2017 12:47:53 PM
Object reference not set to an instance of an object.:
Stack trace: at WebApiPoster.JsonMaker.GetIOSJsonExtract(String Expression, Object JsonData) in c:\Work Area\WebApi\WebApiPoster\WebApiPoster\JsonMaker.cs:line 98
Source: WebApiPoster

1/12/2017 12:47:53 PM
Object reference not set to an instance of an object.:
Stack trace: at WebApiPoster.JsonMaker.GetIOSJsonExtract(String Expression, Object JsonData) in c:\Work Area\WebApi\WebApiPoster\WebApiPoster\JsonMaker.cs:line 98
Source: WebApiPoster

1/12/2017 12:47:53 PM
Object reference not set to an instance of an object.:
Stack trace: at WebApiPoster.JsonMaker.GetIOSJsonExtract(String Expression, Object JsonData) in c:\Work Area\WebApi\WebApiPoster\WebApiPoster\JsonMaker.cs:line 98
Source: WebApiPoster

1/12/2017 12:47:53 PM
Object reference not set to an instance of an object.:
Stack trace: at WebApiPoster.JsonMaker.GetIOSJsonExtract(String Expression, Object JsonData) in c:\Work Area\WebApi\WebApiPoster\WebApiPoster\JsonMaker.cs:line 98
Source: WebApiPoster

1/12/2017 12:47:53 PM
Object reference not set to an instance of an object.:
Stack trace: at WebApiPoster.JsonMaker.GetIOSJsonExtract(String Expression, Object JsonData) in c:\Work Area\WebApi\WebApiPoster\WebApiPoster\JsonMaker.cs:line 98
Source: WebApiPoster

1/12/2017 12:47:53 PM
Object reference not set to an instance of an object.:
Stack trace: at WebApiPoster.JsonMaker.GetIOSJsonExtract(String Expression, Object JsonData) in c:\Work Area\WebApi\WebApiPoster\WebApiPoster\JsonMaker.cs:line 98
Source: WebApiPoster

1/12/2017 12:47:53 PM
Object reference not set to an instance of an object.:
Stack trace: at WebApiPoster.JsonMaker.GetIOSJsonExtract(String Expression, Object JsonData) in c:\Work Area\WebApi\WebApiPoster\WebApiPoster\JsonMaker.cs:line 98
Source: WebApiPoster

1/12/2017 12:47:53 PM
Object reference not set to an instance of an object.:
Stack trace: at WebApiPoster.JsonMaker.GetIOSJsonExtract(String Expression, Object JsonData) in c:\Work Area\WebApi\WebApiPoster\WebApiPoster\JsonMaker.cs:line 98
Source: WebApiPoster

1/12/2017 12:47:53 PM
Object reference not set to an instance of an object.:
Stack trace: at WebApiPoster.JsonMaker.GetIOSJsonExtract(String Expression, Object JsonData) in c:\Work Area\WebApi\WebApiPoster\WebApiPoster\JsonMaker.cs:line 98
Source: WebApiPoster

1/12/2017 12:47:53 PM
Object reference not set to an instance of an object.:
Stack trace: at WebApiPoster.JsonMaker.GetIOSJsonExtract(String Expression, Object JsonData) in c:\Work Area\WebApi\WebApiPoster\WebApiPoster\JsonMaker.cs:line 98
Source: WebApiPoster

1/12/2017 12:47:53 PM
Object reference not set to an instance of an object.:
Stack trace: at WebApiPoster.JsonMaker.GetIOSJsonExtract(String Expression, Object JsonData) in c:\Work Area\WebApi\WebApiPoster\WebApiPoster\JsonMaker.cs:line 98
Source: WebApiPoster

1/12/2017 12:47:53 PM
Object reference not set to an instance of an object.:
Stack trace: at WebApiPoster.JsonMaker.GetIOSJsonExtract(String Expression, Object JsonData) in c:\Work Area\WebApi\WebApiPoster\WebApiPoster\JsonMaker.cs:line 98
Source: WebApiPoster

1/12/2017 12:47:53 PM
Object reference not set to an instance of an object.:
Stack trace: at WebApiPoster.JsonMaker.GetIOSJsonExtract(String Expression, Object JsonData) in c:\Work Area\WebApi\WebApiPoster\WebApiPoster\JsonMaker.cs:line 98
Source: WebApiPoster

1/12/2017 12:47:53 PM
Object reference not set to an instance of an object.:
Stack trace: at WebApiPoster.JsonMaker.GetIOSJsonExtract(String Expression, Object JsonData) in c:\Work Area\WebApi\WebApiPoster\WebApiPoster\JsonMaker.cs:line 98
Source: WebApiPoster

1/12/2017 12:47:53 PM
Object reference not set to an instance of an object.:
Stack trace: at WebApiPoster.JsonMaker.GetIOSJsonExtract(String Expression, Object JsonData) in c:\Work Area\WebApi\WebApiPoster\WebApiPoster\JsonMaker.cs:line 98
Source: WebApiPoster

1/12/2017 12:47:54 PM
Object reference not set to an instance of an object.:
Stack trace: at WebApiPoster.JsonMaker.GetIOSJsonExtract(String Expression, Object JsonData) in c:\Work Area\WebApi\WebApiPoster\WebApiPoster\JsonMaker.cs:line 98
Source: WebApiPoster

1/12/2017 12:47:54 PM
Object reference not set to an instance of an object.:
Stack trace: at WebApiPoster.JsonMaker.GetIOSJsonExtract(String Expression, Object JsonData) in c:\Work Area\WebApi\WebApiPoster\WebApiPoster\JsonMaker.cs:line 98
Source: WebApiPoster

1/12/2017 12:47:54 PM
Object reference not set to an instance of an object.:
Stack trace: at WebApiPoster.JsonMaker.GetIOSJsonExtract(String Expression, Object JsonData) in c:\Work Area\WebApi\WebApiPoster\WebApiPoster\JsonMaker.cs:line 98
Source: WebApiPoster

1/12/2017 12:47:54 PM
Object reference not set to an instance of an object.:
Stack trace: at WebApiPoster.JsonMaker.GetIOSJsonExtract(String Expression, Object JsonData) in c:\Work Area\WebApi\WebApiPoster\WebApiPoster\JsonMaker.cs:line 98
Source: WebApiPoster

1/12/2017 12:47:54 PM
Object reference not set to an instance of an object.:
Stack trace: at WebApiPoster.JsonMaker.GetIOSJsonExtract(String Expression, Object JsonData) in c:\Work Area\WebApi\WebApiPoster\WebApiPoster\JsonMaker.cs:line 98
Source: WebApiPoster

1/12/2017 12:47:54 PM
Object reference not set to an instance of an object.:
Stack trace: at WebApiPoster.JsonMaker.GetIOSJsonExtract(String Expression, Object JsonData) in c:\Work Area\WebApi\WebApiPoster\WebApiPoster\JsonMaker.cs:line 98
Source: WebApiPoster

1/12/2017 12:47:54 PM
Object reference not set to an instance of an object.:
Stack trace: at WebApiPoster.JsonMaker.GetIOSJsonExtract(String Expression, Object JsonData) in c:\Work Area\WebApi\WebApiPoster\WebApiPoster\JsonMaker.cs:line 98
Source: WebApiPoster

1/12/2017 12:50:51 PM
Object reference not set to an instance of an object.:
Stack trace: at WebApiPoster.JsonMaker.GetIOSJsonExtract(String Expression, Object JsonData) in c:\Work Area\WebApi\WebApiPoster\WebApiPoster\JsonMaker.cs:line 98
Source: WebApiPoster

1/12/2017 12:50:52 PM
Object reference not set to an instance of an object.:
Stack trace: at WebApiPoster.JsonMaker.GetIOSJsonExtract(String Expression, Object JsonData) in c:\Work Area\WebApi\WebApiPoster\WebApiPoster\JsonMaker.cs:line 98
Source: WebApiPoster

1/12/2017 12:50:52 PM
Object reference not set to an instance of an object.:
Stack trace: at WebApiPoster.JsonMaker.GetIOSJsonExtract(String Expression, Object JsonData) in c:\Work Area\WebApi\WebApiPoster\WebApiPoster\JsonMaker.cs:line 98
Source: WebApiPoster

1/12/2017 12:50:53 PM
Object reference not set to an instance of an object.:
Stack trace: at WebApiPoster.JsonMaker.GetIOSJsonExtract(String Expression, Object JsonData) in c:\Work Area\WebApi\WebApiPoster\WebApiPoster\JsonMaker.cs:line 98
Source: WebApiPoster

1/12/2017 12:50:53 PM
Object reference not set to an instance of an object.:
Stack trace: at WebApiPoster.JsonMaker.GetIOSJsonExtract(String Expression, Object JsonData) in c:\Work Area\WebApi\WebApiPoster\WebApiPoster\JsonMaker.cs:line 98
Source: WebApiPoster

1/12/2017 12:50:53 PM
Object reference not set to an instance of an object.:
Stack trace: at WebApiPoster.JsonMaker.GetIOSJsonExtract(String Expression, Object JsonData) in c:\Work Area\WebApi\WebApiPoster\WebApiPoster\JsonMaker.cs:line 98
Source: WebApiPoster

1/12/2017 12:50:53 PM
Object reference not set to an instance of an object.:
Stack trace: at WebApiPoster.JsonMaker.GetIOSJsonExtract(String Expression, Object JsonData) in c:\Work Area\WebApi\WebApiPoster\WebApiPoster\JsonMaker.cs:line 98
Source: WebApiPoster

1/12/2017 12:50:54 PM
Object reference not set to an instance of an object.:
Stack trace: at WebApiPoster.JsonMaker.GetIOSJsonExtract(String Expression, Object JsonData) in c:\Work Area\WebApi\WebApiPoster\WebApiPoster\JsonMaker.cs:line 98
Source: WebApiPoster

1/12/2017 12:50:54 PM
Object reference not set to an instance of an object.:
Stack trace: at WebApiPoster.JsonMaker.GetIOSJsonExtract(String Expression, Object JsonData) in c:\Work Area\WebApi\WebApiPoster\WebApiPoster\JsonMaker.cs:line 98
Source: WebApiPoster

1/12/2017 12:50:54 PM
Object reference not set to an instance of an object.:
Stack trace: at WebApiPoster.JsonMaker.GetIOSJsonExtract(String Expression, Object JsonData) in c:\Work Area\WebApi\WebApiPoster\WebApiPoster\JsonMaker.cs:line 98
Source: WebApiPoster

1/12/2017 12:50:54 PM
Object reference not set to an instance of an object.:
Stack trace: at WebApiPoster.JsonMaker.GetIOSJsonExtract(String Expression, Object JsonData) in c:\Work Area\WebApi\WebApiPoster\WebApiPoster\JsonMaker.cs:line 98
Source: WebApiPoster

1/12/2017 12:50:54 PM
Object reference not set to an instance of an object.:
Stack trace: at WebApiPoster.JsonMaker.GetIOSJsonExtract(String Expression, Object JsonData) in c:\Work Area\WebApi\WebApiPoster\WebApiPoster\JsonMaker.cs:line 98
Source: WebApiPoster

1/12/2017 12:50:54 PM
Object reference not set to an instance of an object.:
Stack trace: at WebApiPoster.JsonMaker.GetIOSJsonExtract(String Expression, Object JsonData) in c:\Work Area\WebApi\WebApiPoster\WebApiPoster\JsonMaker.cs:line 98
Source: WebApiPoster

1/12/2017 12:50:54 PM
Object reference not set to an instance of an object.:
Stack trace: at WebApiPoster.JsonMaker.GetIOSJsonExtract(String Expression, Object JsonData) in c:\Work Area\WebApi\WebApiPoster\WebApiPoster\JsonMaker.cs:line 98
Source: WebApiPoster

1/12/2017 12:50:54 PM
Object reference not set to an instance of an object.:
Stack trace: at WebApiPoster.JsonMaker.GetIOSJsonExtract(String Expression, Object JsonData) in c:\Work Area\WebApi\WebApiPoster\WebApiPoster\JsonMaker.cs:line 98
Source: WebApiPoster

1/12/2017 12:50:54 PM
Object reference not set to an instance of an object.:
Stack trace: at WebApiPoster.JsonMaker.GetIOSJsonExtract(String Expression, Object JsonData) in c:\Work Area\WebApi\WebApiPoster\WebApiPoster\JsonMaker.cs:line 98
Source: WebApiPoster

1/12/2017 12:50:54 PM
Object reference not set to an instance of an object.:
Stack trace: at WebApiPoster.JsonMaker.GetIOSJsonExtract(String Expression, Object JsonData) in c:\Work Area\WebApi\WebApiPoster\WebApiPoster\JsonMaker.cs:line 98
Source: WebApiPoster

1/12/2017 12:50:54 PM
Object reference not set to an instance of an object.:
Stack trace: at WebApiPoster.JsonMaker.GetIOSJsonExtract(String Expression, Object JsonData) in c:\Work Area\WebApi\WebApiPoster\WebApiPoster\JsonMaker.cs:line 98
Source: WebApiPoster

1/12/2017 12:50:54 PM
Object reference not set to an instance of an object.:
Stack trace: at WebApiPoster.JsonMaker.GetIOSJsonExtract(String Expression, Object JsonData) in c:\Work Area\WebApi\WebApiPoster\WebApiPoster\JsonMaker.cs:line 98
Source: WebApiPoster

1/12/2017 12:50:54 PM
Object reference not set to an instance of an object.:
Stack trace: at WebApiPoster.JsonMaker.GetIOSJsonExtract(String Expression, Object JsonData) in c:\Work Area\WebApi\WebApiPoster\WebApiPoster\JsonMaker.cs:line 98
Source: WebApiPoster

1/12/2017 12:50:54 PM
Object reference not set to an instance of an object.:
Stack trace: at WebApiPoster.JsonMaker.GetIOSJsonExtract(String Expression, Object JsonData) in c:\Work Area\WebApi\WebApiPoster\WebApiPoster\JsonMaker.cs:line 98
Source: WebApiPoster

1/12/2017 12:50:55 PM
Object reference not set to an instance of an object.:
Stack trace: at WebApiPoster.JsonMaker.GetIOSJsonExtract(String Expression, Object JsonData) in c:\Work Area\WebApi\WebApiPoster\WebApiPoster\JsonMaker.cs:line 98
Source: WebApiPoster

1/12/2017 12:50:55 PM
Object reference not set to an instance of an object.:
Stack trace: at WebApiPoster.JsonMaker.GetIOSJsonExtract(String Expression, Object JsonData) in c:\Work Area\WebApi\WebApiPoster\WebApiPoster\JsonMaker.cs:line 98
Source: WebApiPoster

1/12/2017 12:50:55 PM
Object reference not set to an instance of an object.:
Stack trace: at WebApiPoster.JsonMaker.GetIOSJsonExtract(String Expression, Object JsonData) in c:\Work Area\WebApi\WebApiPoster\WebApiPoster\JsonMaker.cs:line 98
Source: WebApiPoster

1/12/2017 12:50:55 PM
Object reference not set to an instance of an object.:
Stack trace: at WebApiPoster.JsonMaker.GetIOSJsonExtract(String Expression, Object JsonData) in c:\Work Area\WebApi\WebApiPoster\WebApiPoster\JsonMaker.cs:line 98
Source: WebApiPoster

1/12/2017 12:50:55 PM
Object reference not set to an instance of an object.:
Stack trace: at WebApiPoster.JsonMaker.GetIOSJsonExtract(String Expression, Object JsonData) in c:\Work Area\WebApi\WebApiPoster\WebApiPoster\JsonMaker.cs:line 98
Source: WebApiPoster

1/12/2017 12:50:55 PM
Object reference not set to an instance of an object.:
Stack trace: at WebApiPoster.JsonMaker.GetIOSJsonExtract(String Expression, Object JsonData) in c:\Work Area\WebApi\WebApiPoster\WebApiPoster\JsonMaker.cs:line 98
Source: WebApiPoster

1/12/2017 12:50:55 PM
Object reference not set to an instance of an object.:
Stack trace: at WebApiPoster.JsonMaker.GetIOSJsonExtract(String Expression, Object JsonData) in c:\Work Area\WebApi\WebApiPoster\WebApiPoster\JsonMaker.cs:line 98
Source: WebApiPoster

1/12/2017 12:50:55 PM
Object reference not set to an instance of an object.:
Stack trace: at WebApiPoster.JsonMaker.GetIOSJsonExtract(String Expression, Object JsonData) in c:\Work Area\WebApi\WebApiPoster\WebApiPoster\JsonMaker.cs:line 98
Source: WebApiPoster

1/12/2017 12:50:56 PM
Object reference not set to an instance of an object.:
Stack trace: at WebApiPoster.JsonMaker.GetIOSJsonExtract(String Expression, Object JsonData) in c:\Work Area\WebApi\WebApiPoster\WebApiPoster\JsonMaker.cs:line 98
Source: WebApiPoster

1/12/2017 12:50:56 PM
Object reference not set to an instance of an object.:
Stack trace: at WebApiPoster.JsonMaker.GetIOSJsonExtract(String Expression, Object JsonData) in c:\Work Area\WebApi\WebApiPoster\WebApiPoster\JsonMaker.cs:line 98
Source: WebApiPoster

1/12/2017 12:50:56 PM
Object reference not set to an instance of an object.:
Stack trace: at WebApiPoster.JsonMaker.GetIOSJsonExtract(String Expression, Object JsonData) in c:\Work Area\WebApi\WebApiPoster\WebApiPoster\JsonMaker.cs:line 98
Source: WebApiPoster

1/12/2017 12:50:56 PM
Object reference not set to an instance of an object.:
Stack trace: at WebApiPoster.JsonMaker.GetIOSJsonExtract(String Expression, Object JsonData) in c:\Work Area\WebApi\WebApiPoster\WebApiPoster\JsonMaker.cs:line 98
Source: WebApiPoster

1/12/2017 12:50:56 PM
Object reference not set to an instance of an object.:
Stack trace: at WebApiPoster.JsonMaker.GetIOSJsonExtract(String Expression, Object JsonData) in c:\Work Area\WebApi\WebApiPoster\WebApiPoster\JsonMaker.cs:line 98
Source: WebApiPoster

1/12/2017 12:50:56 PM
Object reference not set to an instance of an object.:
Stack trace: at WebApiPoster.JsonMaker.GetIOSJsonExtract(String Expression, Object JsonData) in c:\Work Area\WebApi\WebApiPoster\WebApiPoster\JsonMaker.cs:line 98
Source: WebApiPoster

1/12/2017 12:50:56 PM
Object reference not set to an instance of an object.:
Stack trace: at WebApiPoster.JsonMaker.GetIOSJsonExtract(String Expression, Object JsonData) in c:\Work Area\WebApi\WebApiPoster\WebApiPoster\JsonMaker.cs:line 98
Source: WebApiPoster

1/12/2017 12:50:56 PM
Object reference not set to an instance of an object.:
Stack trace: at WebApiPoster.JsonMaker.GetIOSJsonExtract(String Expression, Object JsonData) in c:\Work Area\WebApi\WebApiPoster\WebApiPoster\JsonMaker.cs:line 98
Source: WebApiPoster

1/12/2017 12:50:56 PM
Object reference not set to an instance of an object.:
Stack trace: at WebApiPoster.JsonMaker.GetIOSJsonExtract(String Expression, Object JsonData) in c:\Work Area\WebApi\WebApiPoster\WebApiPoster\JsonMaker.cs:line 98
Source: WebApiPoster

1/12/2017 12:50:56 PM
Object reference not set to an instance of an object.:
Stack trace: at WebApiPoster.JsonMaker.GetIOSJsonExtract(String Expression, Object JsonData) in c:\Work Area\WebApi\WebApiPoster\WebApiPoster\JsonMaker.cs:line 98
Source: WebApiPoster

1/12/2017 12:50:56 PM
Object reference not set to an instance of an object.:
Stack trace: at WebApiPoster.JsonMaker.GetIOSJsonExtract(String Expression, Object JsonData) in c:\Work Area\WebApi\WebApiPoster\WebApiPoster\JsonMaker.cs:line 98
Source: WebApiPoster

1/12/2017 12:50:56 PM
Object reference not set to an instance of an object.:
Stack trace: at WebApiPoster.JsonMaker.GetIOSJsonExtract(String Expression, Object JsonData) in c:\Work Area\WebApi\WebApiPoster\WebApiPoster\JsonMaker.cs:line 98
Source: WebApiPoster

1/12/2017 12:50:56 PM
Object reference not set to an instance of an object.:
Stack trace: at WebApiPoster.JsonMaker.GetIOSJsonExtract(String Expression, Object JsonData) in c:\Work Area\WebApi\WebApiPoster\WebApiPoster\JsonMaker.cs:line 98
Source: WebApiPoster

1/12/2017 12:50:56 PM
Object reference not set to an instance of an object.:
Stack trace: at WebApiPoster.JsonMaker.GetIOSJsonExtract(String Expression, Object JsonData) in c:\Work Area\WebApi\WebApiPoster\WebApiPoster\JsonMaker.cs:line 98
Source: WebApiPoster

1/12/2017 12:51:51 PM
Object reference not set to an instance of an object.:
Stack trace: at WebApiPoster.JsonMaker.GetIOSJsonExtract(String Expression, Object JsonData) in c:\Work Area\WebApi\WebApiPoster\WebApiPoster\JsonMaker.cs:line 98
Source: WebApiPoster

1/12/2017 12:51:51 PM
Object reference not set to an instance of an object.:
Stack trace: at WebApiPoster.JsonMaker.GetIOSJsonExtract(String Expression, Object JsonData) in c:\Work Area\WebApi\WebApiPoster\WebApiPoster\JsonMaker.cs:line 98
Source: WebApiPoster

1/12/2017 12:51:52 PM
Object reference not set to an instance of an object.:
Stack trace: at WebApiPoster.JsonMaker.GetIOSJsonExtract(String Expression, Object JsonData) in c:\Work Area\WebApi\WebApiPoster\WebApiPoster\JsonMaker.cs:line 98
Source: WebApiPoster

1/12/2017 12:52:15 PM
Object reference not set to an instance of an object.:
Stack trace: at WebApiPoster.JsonMaker.GetIOSJsonExtract(String Expression, Object JsonData) in c:\Work Area\WebApi\WebApiPoster\WebApiPoster\JsonMaker.cs:line 98
Source: WebApiPoster

1/12/2017 12:52:15 PM
Object reference not set to an instance of an object.:
Stack trace: at WebApiPoster.JsonMaker.GetIOSJsonExtract(String Expression, Object JsonData) in c:\Work Area\WebApi\WebApiPoster\WebApiPoster\JsonMaker.cs:line 98
Source: WebApiPoster

1/12/2017 12:52:16 PM
Object reference not set to an instance of an object.:
Stack trace: at WebApiPoster.JsonMaker.GetIOSJsonExtract(String Expression, Object JsonData) in c:\Work Area\WebApi\WebApiPoster\WebApiPoster\JsonMaker.cs:line 98
Source: WebApiPoster

1/12/2017 12:53:10 PM
Object reference not set to an instance of an object.:
Stack trace: at WebApiPoster.JsonMaker.GetIOSJsonExtract(String Expression, Object JsonData) in c:\Work Area\WebApi\WebApiPoster\WebApiPoster\JsonMaker.cs:line 98
Source: WebApiPoster

1/12/2017 12:53:11 PM
Object reference not set to an instance of an object.:
Stack trace: at WebApiPoster.JsonMaker.GetIOSJsonExtract(String Expression, Object JsonData) in c:\Work Area\WebApi\WebApiPoster\WebApiPoster\JsonMaker.cs:line 98
Source: WebApiPoster

1/12/2017 12:53:12 PM
Object reference not set to an instance of an object.:
Stack trace: at WebApiPoster.JsonMaker.GetIOSJsonExtract(String Expression, Object JsonData) in c:\Work Area\WebApi\WebApiPoster\WebApiPoster\JsonMaker.cs:line 98
Source: WebApiPoster

1/12/2017 12:55:15 PM
Object reference not set to an instance of an object.:
Stack trace: at WebApiPoster.JsonMaker.GetIOSJsonExtract(String Expression, Object JsonData) in c:\Work Area\WebApi\WebApiPoster\WebApiPoster\JsonMaker.cs:line 98
Source: WebApiPoster

1/12/2017 12:55:15 PM
Object reference not set to an instance of an object.:
Stack trace: at WebApiPoster.JsonMaker.GetIOSJsonExtract(String Expression, Object JsonData) in c:\Work Area\WebApi\WebApiPoster\WebApiPoster\JsonMaker.cs:line 98
Source: WebApiPoster

1/12/2017 12:55:16 PM
Object reference not set to an instance of an object.:
Stack trace: at WebApiPoster.JsonMaker.GetIOSJsonExtract(String Expression, Object JsonData) in c:\Work Area\WebApi\WebApiPoster\WebApiPoster\JsonMaker.cs:line 98
Source: WebApiPoster

1/12/2017 12:55:16 PM
Object reference not set to an instance of an object.:
Stack trace: at WebApiPoster.JsonMaker.GetIOSJsonExtract(String Expression, Object JsonData) in c:\Work Area\WebApi\WebApiPoster\WebApiPoster\JsonMaker.cs:line 98
Source: WebApiPoster

1/12/2017 12:55:16 PM
Object reference not set to an instance of an object.:
Stack trace: at WebApiPoster.JsonMaker.GetIOSJsonExtract(String Expression, Object JsonData) in c:\Work Area\WebApi\WebApiPoster\WebApiPoster\JsonMaker.cs:line 98
Source: WebApiPoster

1/12/2017 12:55:17 PM
Object reference not set to an instance of an object.:
Stack trace: at WebApiPoster.JsonMaker.GetIOSJsonExtract(String Expression, Object JsonData) in c:\Work Area\WebApi\WebApiPoster\WebApiPoster\JsonMaker.cs:line 98
Source: WebApiPoster

1/12/2017 12:55:17 PM
Object reference not set to an instance of an object.:
Stack trace: at WebApiPoster.JsonMaker.GetIOSJsonExtract(String Expression, Object JsonData) in c:\Work Area\WebApi\WebApiPoster\WebApiPoster\JsonMaker.cs:line 98
Source: WebApiPoster

1/12/2017 12:55:17 PM
Object reference not set to an instance of an object.:
Stack trace: at WebApiPoster.JsonMaker.GetIOSJsonExtract(String Expression, Object JsonData) in c:\Work Area\WebApi\WebApiPoster\WebApiPoster\JsonMaker.cs:line 98
Source: WebApiPoster

1/12/2017 12:55:17 PM
Object reference not set to an instance of an object.:
Stack trace: at WebApiPoster.JsonMaker.GetIOSJsonExtract(String Expression, Object JsonData) in c:\Work Area\WebApi\WebApiPoster\WebApiPoster\JsonMaker.cs:line 98
Source: WebApiPoster

1/12/2017 12:55:17 PM
Object reference not set to an instance of an object.:
Stack trace: at WebApiPoster.JsonMaker.GetIOSJsonExtract(String Expression, Object JsonData) in c:\Work Area\WebApi\WebApiPoster\WebApiPoster\JsonMaker.cs:line 98
Source: WebApiPoster

1/12/2017 12:55:17 PM
Object reference not set to an instance of an object.:
Stack trace: at WebApiPoster.JsonMaker.GetIOSJsonExtract(String Expression, Object JsonData) in c:\Work Area\WebApi\WebApiPoster\WebApiPoster\JsonMaker.cs:line 98
Source: WebApiPoster

1/12/2017 12:55:17 PM
Object reference not set to an instance of an object.:
Stack trace: at WebApiPoster.JsonMaker.GetIOSJsonExtract(String Expression, Object JsonData) in c:\Work Area\WebApi\WebApiPoster\WebApiPoster\JsonMaker.cs:line 98
Source: WebApiPoster

1/12/2017 12:55:17 PM
Object reference not set to an instance of an object.:
Stack trace: at WebApiPoster.JsonMaker.GetIOSJsonExtract(String Expression, Object JsonData) in c:\Work Area\WebApi\WebApiPoster\WebApiPoster\JsonMaker.cs:line 98
Source: WebApiPoster

1/12/2017 12:55:17 PM
Object reference not set to an instance of an object.:
Stack trace: at WebApiPoster.JsonMaker.GetIOSJsonExtract(String Expression, Object JsonData) in c:\Work Area\WebApi\WebApiPoster\WebApiPoster\JsonMaker.cs:line 98
Source: WebApiPoster

1/12/2017 12:55:17 PM
Object reference not set to an instance of an object.:
Stack trace: at WebApiPoster.JsonMaker.GetIOSJsonExtract(String Expression, Object JsonData) in c:\Work Area\WebApi\WebApiPoster\WebApiPoster\JsonMaker.cs:line 98
Source: WebApiPoster

1/12/2017 12:55:17 PM
Object reference not set to an instance of an object.:
Stack trace: at WebApiPoster.JsonMaker.GetIOSJsonExtract(String Expression, Object JsonData) in c:\Work Area\WebApi\WebApiPoster\WebApiPoster\JsonMaker.cs:line 98
Source: WebApiPoster

1/12/2017 12:55:17 PM
Object reference not set to an instance of an object.:
Stack trace: at WebApiPoster.JsonMaker.GetIOSJsonExtract(String Expression, Object JsonData) in c:\Work Area\WebApi\WebApiPoster\WebApiPoster\JsonMaker.cs:line 98
Source: WebApiPoster

1/12/2017 12:55:17 PM
Object reference not set to an instance of an object.:
Stack trace: at WebApiPoster.JsonMaker.GetIOSJsonExtract(String Expression, Object JsonData) in c:\Work Area\WebApi\WebApiPoster\WebApiPoster\JsonMaker.cs:line 98
Source: WebApiPoster

1/12/2017 12:55:17 PM
Object reference not set to an instance of an object.:
Stack trace: at WebApiPoster.JsonMaker.GetIOSJsonExtract(String Expression, Object JsonData) in c:\Work Area\WebApi\WebApiPoster\WebApiPoster\JsonMaker.cs:line 98
Source: WebApiPoster

1/12/2017 12:55:17 PM
Object reference not set to an instance of an object.:
Stack trace: at WebApiPoster.JsonMaker.GetIOSJsonExtract(String Expression, Object JsonData) in c:\Work Area\WebApi\WebApiPoster\WebApiPoster\JsonMaker.cs:line 98
Source: WebApiPoster

1/12/2017 12:55:17 PM
Object reference not set to an instance of an object.:
Stack trace: at WebApiPoster.JsonMaker.GetIOSJsonExtract(String Expression, Object JsonData) in c:\Work Area\WebApi\WebApiPoster\WebApiPoster\JsonMaker.cs:line 98
Source: WebApiPoster

1/12/2017 12:55:17 PM
Object reference not set to an instance of an object.:
Stack trace: at WebApiPoster.JsonMaker.GetIOSJsonExtract(String Expression, Object JsonData) in c:\Work Area\WebApi\WebApiPoster\WebApiPoster\JsonMaker.cs:line 98
Source: WebApiPoster

1/12/2017 12:56:22 PM
Object reference not set to an instance of an object.:
Stack trace: at WebApiPoster.JsonMaker.GetIOSJsonExtract(String Expression, Object JsonData) in c:\Work Area\WebApi\WebApiPoster\WebApiPoster\JsonMaker.cs:line 98
Source: WebApiPoster

1/12/2017 12:56:23 PM
Object reference not set to an instance of an object.:
Stack trace: at WebApiPoster.JsonMaker.GetIOSJsonExtract(String Expression, Object JsonData) in c:\Work Area\WebApi\WebApiPoster\WebApiPoster\JsonMaker.cs:line 98
Source: WebApiPoster

1/12/2017 12:56:23 PM
Object reference not set to an instance of an object.:
Stack trace: at WebApiPoster.JsonMaker.GetIOSJsonExtract(String Expression, Object JsonData) in c:\Work Area\WebApi\WebApiPoster\WebApiPoster\JsonMaker.cs:line 98
Source: WebApiPoster

1/12/2017 12:56:23 PM
Object reference not set to an instance of an object.:
Stack trace: at WebApiPoster.JsonMaker.GetIOSJsonExtract(String Expression, Object JsonData) in c:\Work Area\WebApi\WebApiPoster\WebApiPoster\JsonMaker.cs:line 98
Source: WebApiPoster

1/12/2017 12:56:24 PM
Object reference not set to an instance of an object.:
Stack trace: at WebApiPoster.JsonMaker.GetIOSJsonExtract(String Expression, Object JsonData) in c:\Work Area\WebApi\WebApiPoster\WebApiPoster\JsonMaker.cs:line 98
Source: WebApiPoster

1/12/2017 12:56:24 PM
Object reference not set to an instance of an object.:
Stack trace: at WebApiPoster.JsonMaker.GetIOSJsonExtract(String Expression, Object JsonData) in c:\Work Area\WebApi\WebApiPoster\WebApiPoster\JsonMaker.cs:line 98
Source: WebApiPoster

1/12/2017 12:56:24 PM
Object reference not set to an instance of an object.:
Stack trace: at WebApiPoster.JsonMaker.GetIOSJsonExtract(String Expression, Object JsonData) in c:\Work Area\WebApi\WebApiPoster\WebApiPoster\JsonMaker.cs:line 98
Source: WebApiPoster

1/12/2017 12:56:24 PM
Object reference not set to an instance of an object.:
Stack trace: at WebApiPoster.JsonMaker.GetIOSJsonExtract(String Expression, Object JsonData) in c:\Work Area\WebApi\WebApiPoster\WebApiPoster\JsonMaker.cs:line 98
Source: WebApiPoster

1/12/2017 12:56:24 PM
Object reference not set to an instance of an object.:
Stack trace: at WebApiPoster.JsonMaker.GetIOSJsonExtract(String Expression, Object JsonData) in c:\Work Area\WebApi\WebApiPoster\WebApiPoster\JsonMaker.cs:line 98
Source: WebApiPoster

1/12/2017 12:56:24 PM
Object reference not set to an instance of an object.:
Stack trace: at WebApiPoster.JsonMaker.GetIOSJsonExtract(String Expression, Object JsonData) in c:\Work Area\WebApi\WebApiPoster\WebApiPoster\JsonMaker.cs:line 98
Source: WebApiPoster

1/12/2017 12:56:24 PM
Object reference not set to an instance of an object.:
Stack trace: at WebApiPoster.JsonMaker.GetIOSJsonExtract(String Expression, Object JsonData) in c:\Work Area\WebApi\WebApiPoster\WebApiPoster\JsonMaker.cs:line 98
Source: WebApiPoster

1/12/2017 12:56:24 PM
Object reference not set to an instance of an object.:
Stack trace: at WebApiPoster.JsonMaker.GetIOSJsonExtract(String Expression, Object JsonData) in c:\Work Area\WebApi\WebApiPoster\WebApiPoster\JsonMaker.cs:line 98
Source: WebApiPoster

1/12/2017 12:56:24 PM
Object reference not set to an instance of an object.:
Stack trace: at WebApiPoster.JsonMaker.GetIOSJsonExtract(String Expression, Object JsonData) in c:\Work Area\WebApi\WebApiPoster\WebApiPoster\JsonMaker.cs:line 98
Source: WebApiPoster

1/12/2017 12:56:24 PM
Object reference not set to an instance of an object.:
Stack trace: at WebApiPoster.JsonMaker.GetIOSJsonExtract(String Expression, Object JsonData) in c:\Work Area\WebApi\WebApiPoster\WebApiPoster\JsonMaker.cs:line 98
Source: WebApiPoster

1/12/2017 12:56:24 PM
Object reference not set to an instance of an object.:
Stack trace: at WebApiPoster.JsonMaker.GetIOSJsonExtract(String Expression, Object JsonData) in c:\Work Area\WebApi\WebApiPoster\WebApiPoster\JsonMaker.cs:line 98
Source: WebApiPoster

1/12/2017 12:56:24 PM
Object reference not set to an instance of an object.:
Stack trace: at WebApiPoster.JsonMaker.GetIOSJsonExtract(String Expression, Object JsonData) in c:\Work Area\WebApi\WebApiPoster\WebApiPoster\JsonMaker.cs:line 98
Source: WebApiPoster

1/12/2017 12:56:24 PM
Object reference not set to an instance of an object.:
Stack trace: at WebApiPoster.JsonMaker.GetIOSJsonExtract(String Expression, Object JsonData) in c:\Work Area\WebApi\WebApiPoster\WebApiPoster\JsonMaker.cs:line 98
Source: WebApiPoster

1/12/2017 12:56:25 PM
Object reference not set to an instance of an object.:
Stack trace: at WebApiPoster.JsonMaker.GetIOSJsonExtract(String Expression, Object JsonData) in c:\Work Area\WebApi\WebApiPoster\WebApiPoster\JsonMaker.cs:line 98
Source: WebApiPoster

1/12/2017 12:56:25 PM
Object reference not set to an instance of an object.:
Stack trace: at WebApiPoster.JsonMaker.GetIOSJsonExtract(String Expression, Object JsonData) in c:\Work Area\WebApi\WebApiPoster\WebApiPoster\JsonMaker.cs:line 98
Source: WebApiPoster

1/12/2017 1:26:04 PM
Object reference not set to an instance of an object.:
Stack trace: at WebApiPoster.JsonMaker.GetIOSJsonExtract(String Expression, Object JsonData) in c:\Work Area\WebApi\WebApiPoster\WebApiPoster\JsonMaker.cs:line 98
Source: WebApiPoster

1/12/2017 1:26:04 PM
Object reference not set to an instance of an object.:
Stack trace: at WebApiPoster.JsonMaker.GetIOSJsonExtract(String Expression, Object JsonData) in c:\Work Area\WebApi\WebApiPoster\WebApiPoster\JsonMaker.cs:line 98
Source: WebApiPoster

1/12/2017 1:26:04 PM
Object reference not set to an instance of an object.:
Stack trace: at WebApiPoster.JsonMaker.GetIOSJsonExtract(String Expression, Object JsonData) in c:\Work Area\WebApi\WebApiPoster\WebApiPoster\JsonMaker.cs:line 98
Source: WebApiPoster

1/12/2017 1:26:04 PM
Object reference not set to an instance of an object.:
Stack trace: at WebApiPoster.JsonMaker.GetIOSJsonExtract(String Expression, Object JsonData) in c:\Work Area\WebApi\WebApiPoster\WebApiPoster\JsonMaker.cs:line 98
Source: WebApiPoster

1/12/2017 1:26:04 PM
Object reference not set to an instance of an object.:
Stack trace: at WebApiPoster.JsonMaker.GetIOSJsonExtract(String Expression, Object JsonData) in c:\Work Area\WebApi\WebApiPoster\WebApiPoster\JsonMaker.cs:line 98
Source: WebApiPoster

1/12/2017 1:26:05 PM
Object reference not set to an instance of an object.:
Stack trace: at WebApiPoster.JsonMaker.GetIOSJsonExtract(String Expression, Object JsonData) in c:\Work Area\WebApi\WebApiPoster\WebApiPoster\JsonMaker.cs:line 98
Source: WebApiPoster

1/12/2017 1:26:05 PM
Object reference not set to an instance of an object.:
Stack trace: at WebApiPoster.JsonMaker.GetIOSJsonExtract(String Expression, Object JsonData) in c:\Work Area\WebApi\WebApiPoster\WebApiPoster\JsonMaker.cs:line 98
Source: WebApiPoster

1/12/2017 1:26:05 PM
Object reference not set to an instance of an object.:
Stack trace: at WebApiPoster.JsonMaker.GetIOSJsonExtract(String Expression, Object JsonData) in c:\Work Area\WebApi\WebApiPoster\WebApiPoster\JsonMaker.cs:line 98
Source: WebApiPoster

1/12/2017 1:26:05 PM
Object reference not set to an instance of an object.:
Stack trace: at WebApiPoster.JsonMaker.GetIOSJsonExtract(String Expression, Object JsonData) in c:\Work Area\WebApi\WebApiPoster\WebApiPoster\JsonMaker.cs:line 98
Source: WebApiPoster

1/12/2017 1:26:05 PM
Object reference not set to an instance of an object.:
Stack trace: at WebApiPoster.JsonMaker.GetIOSJsonExtract(String Expression, Object JsonData) in c:\Work Area\WebApi\WebApiPoster\WebApiPoster\JsonMaker.cs:line 98
Source: WebApiPoster

1/12/2017 1:26:05 PM
Object reference not set to an instance of an object.:
Stack trace: at WebApiPoster.JsonMaker.GetIOSJsonExtract(String Expression, Object JsonData) in c:\Work Area\WebApi\WebApiPoster\WebApiPoster\JsonMaker.cs:line 98
Source: WebApiPoster

1/12/2017 1:26:05 PM
Object reference not set to an instance of an object.:
Stack trace: at WebApiPoster.JsonMaker.GetIOSJsonExtract(String Expression, Object JsonData) in c:\Work Area\WebApi\WebApiPoster\WebApiPoster\JsonMaker.cs:line 98
Source: WebApiPoster

1/12/2017 1:26:05 PM
Object reference not set to an instance of an object.:
Stack trace: at WebApiPoster.JsonMaker.GetIOSJsonExtract(String Expression, Object JsonData) in c:\Work Area\WebApi\WebApiPoster\WebApiPoster\JsonMaker.cs:line 98
Source: WebApiPoster

1/12/2017 1:26:05 PM
Object reference not set to an instance of an object.:
Stack trace: at WebApiPoster.JsonMaker.GetIOSJsonExtract(String Expression, Object JsonData) in c:\Work Area\WebApi\WebApiPoster\WebApiPoster\JsonMaker.cs:line 98
Source: WebApiPoster

1/12/2017 1:26:05 PM
Object reference not set to an instance of an object.:
Stack trace: at WebApiPoster.JsonMaker.GetIOSJsonExtract(String Expression, Object JsonData) in c:\Work Area\WebApi\WebApiPoster\WebApiPoster\JsonMaker.cs:line 98
Source: WebApiPoster

1/12/2017 1:26:05 PM
Object reference not set to an instance of an object.:
Stack trace: at WebApiPoster.JsonMaker.GetIOSJsonExtract(String Expression, Object JsonData) in c:\Work Area\WebApi\WebApiPoster\WebApiPoster\JsonMaker.cs:line 98
Source: WebApiPoster

1/12/2017 1:26:05 PM
Object reference not set to an instance of an object.:
Stack trace: at WebApiPoster.JsonMaker.GetIOSJsonExtract(String Expression, Object JsonData) in c:\Work Area\WebApi\WebApiPoster\WebApiPoster\JsonMaker.cs:line 98
Source: WebApiPoster

1/12/2017 1:26:05 PM
Object reference not set to an instance of an object.:
Stack trace: at WebApiPoster.JsonMaker.GetIOSJsonExtract(String Expression, Object JsonData) in c:\Work Area\WebApi\WebApiPoster\WebApiPoster\JsonMaker.cs:line 98
Source: WebApiPoster

1/12/2017 1:26:05 PM
Object reference not set to an instance of an object.:
Stack trace: at WebApiPoster.JsonMaker.GetIOSJsonExtract(String Expression, Object JsonData) in c:\Work Area\WebApi\WebApiPoster\WebApiPoster\JsonMaker.cs:line 98
Source: WebApiPoster

1/12/2017 1:26:52 PM
Object reference not set to an instance of an object.:
Stack trace: at WebApiPoster.JsonMaker.GetIOSJsonExtract(String Expression, Object JsonData) in c:\Work Area\WebApi\WebApiPoster\WebApiPoster\JsonMaker.cs:line 98
Source: WebApiPoster

1/12/2017 1:26:53 PM
Object reference not set to an instance of an object.:
Stack trace: at WebApiPoster.JsonMaker.GetIOSJsonExtract(String Expression, Object JsonData) in c:\Work Area\WebApi\WebApiPoster\WebApiPoster\JsonMaker.cs:line 98
Source: WebApiPoster

1/12/2017 1:26:53 PM
Object reference not set to an instance of an object.:
Stack trace: at WebApiPoster.JsonMaker.GetIOSJsonExtract(String Expression, Object JsonData) in c:\Work Area\WebApi\WebApiPoster\WebApiPoster\JsonMaker.cs:line 98
Source: WebApiPoster

1/12/2017 1:26:53 PM
Object reference not set to an instance of an object.:
Stack trace: at WebApiPoster.JsonMaker.GetIOSJsonExtract(String Expression, Object JsonData) in c:\Work Area\WebApi\WebApiPoster\WebApiPoster\JsonMaker.cs:line 98
Source: WebApiPoster

1/12/2017 1:33:55 PM
Object reference not set to an instance of an object.:
Stack trace: at WebApiPoster.JsonMaker.GetIOSJsonExtract(String Expression, Object JsonData)
Source: WebApiPoster

1/12/2017 1:34:45 PM
Object reference not set to an instance of an object.:
Stack trace: at WebApiPoster.JsonMaker.GetIOSJsonExtract(String Expression, Object JsonData)
Source: WebApiPoster

1/12/2017 1:36:00 PM
Object reference not set to an instance of an object.:
Stack trace: at WebApiPoster.JsonMaker.GetIOSJsonExtract(String Expression, Object JsonData) in c:\Work Area\WebApi\WebApiPoster\WebApiPoster\JsonMaker.cs:line 98
Source: WebApiPoster

1/12/2017 1:36:00 PM
Object reference not set to an instance of an object.:
Stack trace: at WebApiPoster.JsonMaker.GetIOSJsonExtract(String Expression, Object JsonData) in c:\Work Area\WebApi\WebApiPoster\WebApiPoster\JsonMaker.cs:line 98
Source: WebApiPoster

1/12/2017 1:36:01 PM
Object reference not set to an instance of an object.:
Stack trace: at WebApiPoster.JsonMaker.GetIOSJsonExtract(String Expression, Object JsonData) in c:\Work Area\WebApi\WebApiPoster\WebApiPoster\JsonMaker.cs:line 98
Source: WebApiPoster

1/12/2017 1:36:01 PM
Object reference not set to an instance of an object.:
Stack trace: at WebApiPoster.JsonMaker.GetIOSJsonExtract(String Expression, Object JsonData) in c:\Work Area\WebApi\WebApiPoster\WebApiPoster\JsonMaker.cs:line 98
Source: WebApiPoster

1/12/2017 1:36:01 PM
Object reference not set to an instance of an object.:
Stack trace: at WebApiPoster.JsonMaker.GetIOSJsonExtract(String Expression, Object JsonData) in c:\Work Area\WebApi\WebApiPoster\WebApiPoster\JsonMaker.cs:line 98
Source: WebApiPoster

1/12/2017 1:36:01 PM
Object reference not set to an instance of an object.:
Stack trace: at WebApiPoster.JsonMaker.GetIOSJsonExtract(String Expression, Object JsonData) in c:\Work Area\WebApi\WebApiPoster\WebApiPoster\JsonMaker.cs:line 98
Source: WebApiPoster

1/12/2017 1:36:01 PM
Object reference not set to an instance of an object.:
Stack trace: at WebApiPoster.JsonMaker.GetIOSJsonExtract(String Expression, Object JsonData) in c:\Work Area\WebApi\WebApiPoster\WebApiPoster\JsonMaker.cs:line 98
Source: WebApiPoster

1/12/2017 1:36:01 PM
Object reference not set to an instance of an object.:
Stack trace: at WebApiPoster.JsonMaker.GetIOSJsonExtract(String Expression, Object JsonData) in c:\Work Area\WebApi\WebApiPoster\WebApiPoster\JsonMaker.cs:line 98
Source: WebApiPoster

1/12/2017 1:36:01 PM
Object reference not set to an instance of an object.:
Stack trace: at WebApiPoster.JsonMaker.GetIOSJsonExtract(String Expression, Object JsonData) in c:\Work Area\WebApi\WebApiPoster\WebApiPoster\JsonMaker.cs:line 98
Source: WebApiPoster

1/12/2017 1:36:01 PM
Object reference not set to an instance of an object.:
Stack trace: at WebApiPoster.JsonMaker.GetIOSJsonExtract(String Expression, Object JsonData) in c:\Work Area\WebApi\WebApiPoster\WebApiPoster\JsonMaker.cs:line 98
Source: WebApiPoster

1/12/2017 1:36:01 PM
Object reference not set to an instance of an object.:
Stack trace: at WebApiPoster.JsonMaker.GetIOSJsonExtract(String Expression, Object JsonData) in c:\Work Area\WebApi\WebApiPoster\WebApiPoster\JsonMaker.cs:line 98
Source: WebApiPoster

1/12/2017 1:36:01 PM
Object reference not set to an instance of an object.:
Stack trace: at WebApiPoster.JsonMaker.GetIOSJsonExtract(String Expression, Object JsonData) in c:\Work Area\WebApi\WebApiPoster\WebApiPoster\JsonMaker.cs:line 98
Source: WebApiPoster

1/12/2017 1:36:01 PM
Object reference not set to an instance of an object.:
Stack trace: at WebApiPoster.JsonMaker.GetIOSJsonExtract(String Expression, Object JsonData) in c:\Work Area\WebApi\WebApiPoster\WebApiPoster\JsonMaker.cs:line 98
Source: WebApiPoster

1/12/2017 1:36:02 PM
Object reference not set to an instance of an object.:
Stack trace: at WebApiPoster.JsonMaker.GetIOSJsonExtract(String Expression, Object JsonData) in c:\Work Area\WebApi\WebApiPoster\WebApiPoster\JsonMaker.cs:line 98
Source: WebApiPoster

1/12/2017 1:36:02 PM
Object reference not set to an instance of an object.:
Stack trace: at WebApiPoster.JsonMaker.GetIOSJsonExtract(String Expression, Object JsonData) in c:\Work Area\WebApi\WebApiPoster\WebApiPoster\JsonMaker.cs:line 98
Source: WebApiPoster

1/12/2017 1:36:02 PM
Object reference not set to an instance of an object.:
Stack trace: at WebApiPoster.JsonMaker.GetIOSJsonExtract(String Expression, Object JsonData) in c:\Work Area\WebApi\WebApiPoster\WebApiPoster\JsonMaker.cs:line 98
Source: WebApiPoster

1/12/2017 1:36:02 PM
Object reference not set to an instance of an object.:
Stack trace: at WebApiPoster.JsonMaker.GetIOSJsonExtract(String Expression, Object JsonData) in c:\Work Area\WebApi\WebApiPoster\WebApiPoster\JsonMaker.cs:line 98
Source: WebApiPoster

1/12/2017 1:36:02 PM
Object reference not set to an instance of an object.:
Stack trace: at WebApiPoster.JsonMaker.GetIOSJsonExtract(String Expression, Object JsonData) in c:\Work Area\WebApi\WebApiPoster\WebApiPoster\JsonMaker.cs:line 98
Source: WebApiPoster

1/12/2017 1:36:02 PM
Object reference not set to an instance of an object.:
Stack trace: at WebApiPoster.JsonMaker.GetIOSJsonExtract(String Expression, Object JsonData) in c:\Work Area\WebApi\WebApiPoster\WebApiPoster\JsonMaker.cs:line 98
Source: WebApiPoster

1/12/2017 1:37:10 PM
Object reference not set to an instance of an object.:
Stack trace: at WebApiPoster.JsonMaker.GetIOSJsonExtract(String Expression, Object JsonData) in c:\Work Area\WebApi\WebApiPoster\WebApiPoster\JsonMaker.cs:line 98
Source: WebApiPoster

1/12/2017 1:37:10 PM
Object reference not set to an instance of an object.:
Stack trace: at WebApiPoster.JsonMaker.GetIOSJsonExtract(String Expression, Object JsonData) in c:\Work Area\WebApi\WebApiPoster\WebApiPoster\JsonMaker.cs:line 98
Source: WebApiPoster

1/12/2017 1:37:11 PM
Object reference not set to an instance of an object.:
Stack trace: at WebApiPoster.JsonMaker.GetIOSJsonExtract(String Expression, Object JsonData) in c:\Work Area\WebApi\WebApiPoster\WebApiPoster\JsonMaker.cs:line 98
Source: WebApiPoster

1/12/2017 1:37:11 PM
Object reference not set to an instance of an object.:
Stack trace: at WebApiPoster.JsonMaker.GetIOSJsonExtract(String Expression, Object JsonData) in c:\Work Area\WebApi\WebApiPoster\WebApiPoster\JsonMaker.cs:line 98
Source: WebApiPoster

1/12/2017 1:37:12 PM
Object reference not set to an instance of an object.:
Stack trace: at WebApiPoster.JsonMaker.GetIOSJsonExtract(String Expression, Object JsonData) in c:\Work Area\WebApi\WebApiPoster\WebApiPoster\JsonMaker.cs:line 98
Source: WebApiPoster

1/12/2017 1:37:12 PM
Object reference not set to an instance of an object.:
Stack trace: at WebApiPoster.JsonMaker.GetIOSJsonExtract(String Expression, Object JsonData) in c:\Work Area\WebApi\WebApiPoster\WebApiPoster\JsonMaker.cs:line 98
Source: WebApiPoster

1/12/2017 1:37:12 PM
Object reference not set to an instance of an object.:
Stack trace: at WebApiPoster.JsonMaker.GetIOSJsonExtract(String Expression, Object JsonData) in c:\Work Area\WebApi\WebApiPoster\WebApiPoster\JsonMaker.cs:line 98
Source: WebApiPoster

1/12/2017 1:37:12 PM
Object reference not set to an instance of an object.:
Stack trace: at WebApiPoster.JsonMaker.GetIOSJsonExtract(String Expression, Object JsonData) in c:\Work Area\WebApi\WebApiPoster\WebApiPoster\JsonMaker.cs:line 98
Source: WebApiPoster

1/12/2017 1:37:12 PM
Object reference not set to an instance of an object.:
Stack trace: at WebApiPoster.JsonMaker.GetIOSJsonExtract(String Expression, Object JsonData) in c:\Work Area\WebApi\WebApiPoster\WebApiPoster\JsonMaker.cs:line 98
Source: WebApiPoster

1/12/2017 1:37:12 PM
Object reference not set to an instance of an object.:
Stack trace: at WebApiPoster.JsonMaker.GetIOSJsonExtract(String Expression, Object JsonData) in c:\Work Area\WebApi\WebApiPoster\WebApiPoster\JsonMaker.cs:line 98
Source: WebApiPoster

1/12/2017 1:37:12 PM
Object reference not set to an instance of an object.:
Stack trace: at WebApiPoster.JsonMaker.GetIOSJsonExtract(String Expression, Object JsonData) in c:\Work Area\WebApi\WebApiPoster\WebApiPoster\JsonMaker.cs:line 98
Source: WebApiPoster

1/12/2017 1:37:12 PM
Object reference not set to an instance of an object.:
Stack trace: at WebApiPoster.JsonMaker.GetIOSJsonExtract(String Expression, Object JsonData) in c:\Work Area\WebApi\WebApiPoster\WebApiPoster\JsonMaker.cs:line 98
Source: WebApiPoster

1/12/2017 1:37:12 PM
Object reference not set to an instance of an object.:
Stack trace: at WebApiPoster.JsonMaker.GetIOSJsonExtract(String Expression, Object JsonData) in c:\Work Area\WebApi\WebApiPoster\WebApiPoster\JsonMaker.cs:line 98
Source: WebApiPoster

1/12/2017 1:37:13 PM
Object reference not set to an instance of an object.:
Stack trace: at WebApiPoster.JsonMaker.GetIOSJsonExtract(String Expression, Object JsonData) in c:\Work Area\WebApi\WebApiPoster\WebApiPoster\JsonMaker.cs:line 98
Source: WebApiPoster

1/12/2017 1:37:13 PM
Object reference not set to an instance of an object.:
Stack trace: at WebApiPoster.JsonMaker.GetIOSJsonExtract(String Expression, Object JsonData) in c:\Work Area\WebApi\WebApiPoster\WebApiPoster\JsonMaker.cs:line 98
Source: WebApiPoster

1/12/2017 1:37:13 PM
Object reference not set to an instance of an object.:
Stack trace: at WebApiPoster.JsonMaker.GetIOSJsonExtract(String Expression, Object JsonData) in c:\Work Area\WebApi\WebApiPoster\WebApiPoster\JsonMaker.cs:line 98
Source: WebApiPoster

1/12/2017 1:37:13 PM
Object reference not set to an instance of an object.:
Stack trace: at WebApiPoster.JsonMaker.GetIOSJsonExtract(String Expression, Object JsonData) in c:\Work Area\WebApi\WebApiPoster\WebApiPoster\JsonMaker.cs:line 98
Source: WebApiPoster

1/12/2017 1:37:13 PM
Object reference not set to an instance of an object.:
Stack trace: at WebApiPoster.JsonMaker.GetIOSJsonExtract(String Expression, Object JsonData) in c:\Work Area\WebApi\WebApiPoster\WebApiPoster\JsonMaker.cs:line 98
Source: WebApiPoster

1/12/2017 1:37:13 PM
Object reference not set to an instance of an object.:
Stack trace: at WebApiPoster.JsonMaker.GetIOSJsonExtract(String Expression, Object JsonData) in c:\Work Area\WebApi\WebApiPoster\WebApiPoster\JsonMaker.cs:line 98
Source: WebApiPoster

1/12/2017 1:38:50 PM
Object reference not set to an instance of an object.:
Stack trace: at WebApiPoster.JsonMaker.GetIOSJsonExtract(String Expression, Object JsonData) in c:\Work Area\WebApi\WebApiPoster\WebApiPoster\JsonMaker.cs:line 98
Source: WebApiPoster

1/12/2017 1:39:20 PM
Object reference not set to an instance of an object.:
Stack trace: at WebApiPoster.JsonMaker.GetIOSJsonExtract(String Expression, Object JsonData) in c:\Work Area\WebApi\WebApiPoster\WebApiPoster\JsonMaker.cs:line 98
Source: WebApiPoster

1/12/2017 1:39:24 PM
Object reference not set to an instance of an object.:
Stack trace: at WebApiPoster.JsonMaker.GetIOSJsonExtract(String Expression, Object JsonData) in c:\Work Area\WebApi\WebApiPoster\WebApiPoster\JsonMaker.cs:line 98
Source: WebApiPoster

1/12/2017 1:39:49 PM
Object reference not set to an instance of an object.:
Stack trace: at WebApiPoster.JsonMaker.GetIOSJsonExtract(String Expression, Object JsonData) in c:\Work Area\WebApi\WebApiPoster\WebApiPoster\JsonMaker.cs:line 98
Source: WebApiPoster

1/12/2017 2:59:58 PM
Unknown column 'prelation_type' in 'where clause':
Stack trace: at MySql.Data.MySqlClient.MySqlStream.ReadPacket()
   at MySql.Data.MySqlClient.NativeDriver.GetResult(Int32& affectedRow, Int64& insertedId)
   at MySql.Data.MySqlClient.Driver.GetResult(Int32 statementId, Int32& affectedRows, Int64& insertedId)
   at MySql.Data.MySqlClient.Driver.NextResult(Int32 statementId, Boolean force)
   at MySql.Data.MySqlClient.MySqlDataReader.NextResult()
   at MySql.Data.MySqlClient.MySqlCommand.ExecuteReader(CommandBehavior behavior)
   at MySql.Data.MySqlClient.MySqlCommand.ExecuteReader()
   at MySql.Data.MySqlClient.MySqlCommand.ExecuteScalar()
   at WebApiPoster.PCR.person_relations.GetTypeIdByName(String RelationShipType) in c:\Work Area\WebApi\WebApiPoster\WebApiPoster\PCR\person_relations.cs:line 74
   at WebApiPoster.PCR.person_relations..ctor(Object JsonData, String PathPrefix, String is_primary) in c:\Work Area\WebApi\WebApiPoster\WebApiPoster\PCR\person_relations.cs:line 36
   at WebApiPoster.PCR.Person..ctor(Object JsonData, String PathPrefix, Boolean HasDetail) in c:\Work Area\WebApi\WebApiPoster\WebApiPoster\PCR\Person.cs:line 69
   at WebApiPoster.PCR.Demographic.MapFromIOSJson(Object JsonData) in c:\Work Area\WebApi\WebApiPoster\WebApiPoster\PCR\Demographic.cs:line 84
Source: MySql.Data

1/12/2017 3:05:37 PM
Unknown column 'prelation_type' in 'where clause':
Stack trace: at MySql.Data.MySqlClient.MySqlStream.ReadPacket()
   at MySql.Data.MySqlClient.NativeDriver.GetResult(Int32& affectedRow, Int64& insertedId)
   at MySql.Data.MySqlClient.Driver.GetResult(Int32 statementId, Int32& affectedRows, Int64& insertedId)
   at MySql.Data.MySqlClient.Driver.NextResult(Int32 statementId, Boolean force)
   at MySql.Data.MySqlClient.MySqlDataReader.NextResult()
   at MySql.Data.MySqlClient.MySqlCommand.ExecuteReader(CommandBehavior behavior)
   at MySql.Data.MySqlClient.MySqlCommand.ExecuteReader()
   at MySql.Data.MySqlClient.MySqlCommand.ExecuteScalar()
   at WebApiPoster.PCR.person_relations.GetTypeIdByName(String RelationShipType) in c:\Work Area\WebApi\WebApiPoster\WebApiPoster\PCR\person_relations.cs:line 74
   at WebApiPoster.PCR.person_relations..ctor(Object JsonData, String PathPrefix, String is_primary) in c:\Work Area\WebApi\WebApiPoster\WebApiPoster\PCR\person_relations.cs:line 36
   at WebApiPoster.PCR.Person..ctor(Object JsonData, String PathPrefix, Boolean HasDetail) in c:\Work Area\WebApi\WebApiPoster\WebApiPoster\PCR\Person.cs:line 69
   at WebApiPoster.PCR.Demographic.MapFromIOSJson(Object JsonData) in c:\Work Area\WebApi\WebApiPoster\WebApiPoster\PCR\Demographic.cs:line 84
Source: MySql.Data

1/12/2017 3:06:20 PM
Unknown column 'prelation_type' in 'where clause':
Stack trace: at MySql.Data.MySqlClient.MySqlStream.ReadPacket()
   at MySql.Data.MySqlClient.NativeDriver.GetResult(Int32& affectedRow, Int64& insertedId)
   at MySql.Data.MySqlClient.Driver.GetResult(Int32 statementId, Int32& affectedRows, Int64& insertedId)
   at MySql.Data.MySqlClient.Driver.NextResult(Int32 statementId, Boolean force)
   at MySql.Data.MySqlClient.MySqlDataReader.NextResult()
   at MySql.Data.MySqlClient.MySqlCommand.ExecuteReader(CommandBehavior behavior)
   at MySql.Data.MySqlClient.MySqlCommand.ExecuteReader()
   at MySql.Data.MySqlClient.MySqlCommand.ExecuteScalar()
   at WebApiPoster.PCR.person_relations.GetTypeIdByName(String RelationShipType) in c:\Work Area\WebApi\WebApiPoster\WebApiPoster\PCR\person_relations.cs:line 74
   at WebApiPoster.PCR.person_relations..ctor(Object JsonData, String PathPrefix, String is_primary) in c:\Work Area\WebApi\WebApiPoster\WebApiPoster\PCR\person_relations.cs:line 36
   at WebApiPoster.PCR.Person..ctor(Object JsonData, String PathPrefix, Boolean HasDetail) in c:\Work Area\WebApi\WebApiPoster\WebApiPoster\PCR\Person.cs:line 69
   at WebApiPoster.PCR.Demographic.MapFromIOSJson(Object JsonData) in c:\Work Area\WebApi\WebApiPoster\WebApiPoster\PCR\Demographic.cs:line 84
Source: MySql.Data

1/12/2017 3:10:59 PM
Unknown column 'prelation_type' in 'where clause':
Stack trace: at MySql.Data.MySqlClient.MySqlStream.ReadPacket()
   at MySql.Data.MySqlClient.NativeDriver.GetResult(Int32& affectedRow, Int64& insertedId)
   at MySql.Data.MySqlClient.Driver.GetResult(Int32 statementId, Int32& affectedRows, Int64& insertedId)
   at MySql.Data.MySqlClient.Driver.NextResult(Int32 statementId, Boolean force)
   at MySql.Data.MySqlClient.MySqlDataReader.NextResult()
   at MySql.Data.MySqlClient.MySqlCommand.ExecuteReader(CommandBehavior behavior)
   at MySql.Data.MySqlClient.MySqlCommand.ExecuteReader()
   at MySql.Data.MySqlClient.MySqlCommand.ExecuteScalar()
   at WebApiPoster.PCR.person_relations.GetTypeIdByName(String RelationShipType) in c:\Work Area\WebApi\WebApiPoster\WebApiPoster\PCR\person_relations.cs:line 74
   at WebApiPoster.PCR.person_relations..ctor(Object JsonData, String PathPrefix, String is_primary) in c:\Work Area\WebApi\WebApiPoster\WebApiPoster\PCR\person_relations.cs:line 36
   at WebApiPoster.PCR.Person..ctor(Object JsonData, String PathPrefix, Boolean HasDetail) in c:\Work Area\WebApi\WebApiPoster\WebApiPoster\PCR\Person.cs:line 69
   at WebApiPoster.PCR.Demographic.MapFromIOSJson(Object JsonData) in c:\Work Area\WebApi\WebApiPoster\WebApiPoster\PCR\Demographic.cs:line 84
Source: MySql.Data

1/12/2017 3:13:26 PM
Unknown column 'prelation_type' in 'where clause':
Stack trace: at MySql.Data.MySqlClient.MySqlStream.ReadPacket()
   at MySql.Data.MySqlClient.NativeDriver.GetResult(Int32& affectedRow, Int64& insertedId)
   at MySql.Data.MySqlClient.Driver.GetResult(Int32 statementId, Int32& affectedRows, Int64& insertedId)
   at MySql.Data.MySqlClient.Driver.NextResult(Int32 statementId, Boolean force)
   at MySql.Data.MySqlClient.MySqlDataReader.NextResult()
   at MySql.Data.MySqlClient.MySqlCommand.ExecuteReader(CommandBehavior behavior)
   at MySql.Data.MySqlClient.MySqlCommand.ExecuteReader()
   at MySql.Data.MySqlClient.MySqlCommand.ExecuteScalar()
   at WebApiPoster.PCR.person_relations.GetTypeIdByName(String RelationShipType) in c:\Work Area\WebApi\WebApiPoster\WebApiPoster\PCR\person_relations.cs:line 74
   at WebApiPoster.PCR.person_relations..ctor(Object JsonData, String PathPrefix, String is_primary) in c:\Work Area\WebApi\WebApiPoster\WebApiPoster\PCR\person_relations.cs:line 36
   at WebApiPoster.PCR.Person..ctor(Object JsonData, String PathPrefix, Boolean HasDetail) in c:\Work Area\WebApi\WebApiPoster\WebApiPoster\PCR\Person.cs:line 69
   at WebApiPoster.PCR.Demographic.MapFromIOSJson(Object JsonData) in c:\Work Area\WebApi\WebApiPoster\WebApiPoster\PCR\Demographic.cs:line 84
Source: MySql.Data

1/12/2017 3:14:14 PM
Unknown column 'prelation_type' in 'where clause':
Stack trace: at MySql.Data.MySqlClient.MySqlStream.ReadPacket()
   at MySql.Data.MySqlClient.NativeDriver.GetResult(Int32& affectedRow, Int64& insertedId)
   at MySql.Data.MySqlClient.Driver.GetResult(Int32 statementId, Int32& affectedRows, Int64& insertedId)
   at MySql.Data.MySqlClient.Driver.NextResult(Int32 statementId, Boolean force)
   at MySql.Data.MySqlClient.MySqlDataReader.NextResult()
   at MySql.Data.MySqlClient.MySqlCommand.ExecuteReader(CommandBehavior behavior)
   at MySql.Data.MySqlClient.MySqlCommand.ExecuteReader()
   at MySql.Data.MySqlClient.MySqlCommand.ExecuteScalar()
   at WebApiPoster.PCR.person_relations.GetTypeIdByName(String RelationShipType) in c:\Work Area\WebApi\WebApiPoster\WebApiPoster\PCR\person_relations.cs:line 74
   at WebApiPoster.PCR.person_relations..ctor(Object JsonData, String PathPrefix, String is_primary) in c:\Work Area\WebApi\WebApiPoster\WebApiPoster\PCR\person_relations.cs:line 36
   at WebApiPoster.PCR.Person..ctor(Object JsonData, String PathPrefix, Boolean HasDetail) in c:\Work Area\WebApi\WebApiPoster\WebApiPoster\PCR\Person.cs:line 69
   at WebApiPoster.PCR.Demographic.MapFromIOSJson(Object JsonData) in c:\Work Area\WebApi\WebApiPoster\WebApiPoster\PCR\Demographic.cs:line 84
Source: MySql.Data

1/12/2017 3:34:32 PM
Table 'newcems.demographic' doesn't exist:
Stack trace: at MySql.Data.MySqlClient.MySqlStream.ReadPacket()
   at MySql.Data.MySqlClient.NativeDriver.GetResult(Int32& affectedRow, Int64& insertedId)
   at MySql.Data.MySqlClient.Driver.GetResult(Int32 statementId, Int32& affectedRows, Int64& insertedId)
   at MySql.Data.MySqlClient.Driver.NextResult(Int32 statementId, Boolean force)
   at MySql.Data.MySqlClient.MySqlDataReader.NextResult()
   at MySql.Data.MySqlClient.MySqlCommand.ExecuteReader(CommandBehavior behavior)
   at MySql.Data.MySqlClient.MySqlCommand.ExecuteReader()
   at MySql.Data.MySqlClient.MySqlCommand.ExecuteScalar()
   at WebApiPoster.PCR.PcrBase.Exists(String id)
Source: MySql.Data

1/12/2017 3:36:44 PM
Table 'newcems.demographic' doesn't exist:
Stack trace: at MySql.Data.MySqlClient.MySqlStream.ReadPacket()
   at MySql.Data.MySqlClient.NativeDriver.GetResult(Int32& affectedRow, Int64& insertedId)
   at MySql.Data.MySqlClient.Driver.GetResult(Int32 statementId, Int32& affectedRows, Int64& insertedId)
   at MySql.Data.MySqlClient.Driver.NextResult(Int32 statementId, Boolean force)
   at MySql.Data.MySqlClient.MySqlDataReader.NextResult()
   at MySql.Data.MySqlClient.MySqlCommand.ExecuteReader(CommandBehavior behavior)
   at MySql.Data.MySqlClient.MySqlCommand.ExecuteReader()
   at MySql.Data.MySqlClient.MySqlCommand.ExecuteNonQuery()
   at WebApiPoster.PCR.PcrBase.Insert()
Source: MySql.Data

1/12/2017 4:48:12 PM
Object reference not set to an instance of an object.:
Stack trace: at WebApiPoster.PCR.PcrBase.Retrieve(String SearchField) in c:\Work Area\WebApi\WebApiPoster\WebApiPoster\PCR\Global\PcrBase.cs:line 152
Source: WebApiPoster

1/12/2017 4:48:12 PM
Object reference not set to an instance of an object.:
Stack trace: at WebApiPoster.PCR.PcrBase.Retrieve(String SearchField) in c:\Work Area\WebApi\WebApiPoster\WebApiPoster\PCR\Global\PcrBase.cs:line 152
Source: WebApiPoster

1/12/2017 4:48:12 PM
Object reference not set to an instance of an object.:
Stack trace: at WebApiPoster.PCR.PcrBase.Retrieve(String SearchField) in c:\Work Area\WebApi\WebApiPoster\WebApiPoster\PCR\Global\PcrBase.cs:line 152
Source: WebApiPoster

1/12/2017 4:48:13 PM
Object reference not set to an instance of an object.:
Stack trace: at WebApiPoster.PCR.PcrBase.Retrieve(String SearchField) in c:\Work Area\WebApi\WebApiPoster\WebApiPoster\PCR\Global\PcrBase.cs:line 152
Source: WebApiPoster

1/12/2017 4:48:13 PM
Object reference not set to an instance of an object.:
Stack trace: at WebApiPoster.PCR.PcrBase.Retrieve(String SearchField) in c:\Work Area\WebApi\WebApiPoster\WebApiPoster\PCR\Global\PcrBase.cs:line 152
Source: WebApiPoster

1/12/2017 4:48:13 PM
Object reference not set to an instance of an object.:
Stack trace: at WebApiPoster.PCR.PcrBase.Retrieve(String SearchField) in c:\Work Area\WebApi\WebApiPoster\WebApiPoster\PCR\Global\PcrBase.cs:line 152
Source: WebApiPoster

1/12/2017 4:48:14 PM
Duplicate entry '' for key 'PRIMARY':
Stack trace: at MySql.Data.MySqlClient.MySqlStream.ReadPacket()
   at MySql.Data.MySqlClient.NativeDriver.GetResult(Int32& affectedRow, Int64& insertedId)
   at MySql.Data.MySqlClient.Driver.GetResult(Int32 statementId, Int32& affectedRows, Int64& insertedId)
   at MySql.Data.MySqlClient.Driver.NextResult(Int32 statementId, Boolean force)
   at MySql.Data.MySqlClient.MySqlDataReader.NextResult()
   at MySql.Data.MySqlClient.MySqlCommand.ExecuteReader(CommandBehavior behavior)
   at MySql.Data.MySqlClient.MySqlCommand.ExecuteReader()
   at MySql.Data.MySqlClient.MySqlCommand.ExecuteNonQuery()
   at WebApiPoster.PCR.Utilities.Insert(String TableName, String[] Columns, String[] Values) in c:\Work Area\WebApi\WebApiPoster\WebApiPoster\Utilities.cs:line 27
Source: MySql.Data

1/12/2017 4:48:14 PM
Duplicate entry '' for key 'PRIMARY':
Stack trace: at MySql.Data.MySqlClient.MySqlStream.ReadPacket()
   at MySql.Data.MySqlClient.NativeDriver.GetResult(Int32& affectedRow, Int64& insertedId)
   at MySql.Data.MySqlClient.Driver.GetResult(Int32 statementId, Int32& affectedRows, Int64& insertedId)
   at MySql.Data.MySqlClient.Driver.NextResult(Int32 statementId, Boolean force)
   at MySql.Data.MySqlClient.MySqlDataReader.NextResult()
   at MySql.Data.MySqlClient.MySqlCommand.ExecuteReader(CommandBehavior behavior)
   at MySql.Data.MySqlClient.MySqlCommand.ExecuteReader()
   at MySql.Data.MySqlClient.MySqlCommand.ExecuteNonQuery()
   at WebApiPoster.PCR.Utilities.Insert(String TableName, String[] Columns, String[] Values) in c:\Work Area\WebApi\WebApiPoster\WebApiPoster\Utilities.cs:line 27
Source: MySql.Data

1/12/2017 4:48:15 PM
Duplicate entry '' for key 'PRIMARY':
Stack trace: at MySql.Data.MySqlClient.MySqlStream.ReadPacket()
   at MySql.Data.MySqlClient.NativeDriver.GetResult(Int32& affectedRow, Int64& insertedId)
   at MySql.Data.MySqlClient.Driver.GetResult(Int32 statementId, Int32& affectedRows, Int64& insertedId)
   at MySql.Data.MySqlClient.Driver.NextResult(Int32 statementId, Boolean force)
   at MySql.Data.MySqlClient.MySqlDataReader.NextResult()
   at MySql.Data.MySqlClient.MySqlCommand.ExecuteReader(CommandBehavior behavior)
   at MySql.Data.MySqlClient.MySqlCommand.ExecuteReader()
   at MySql.Data.MySqlClient.MySqlCommand.ExecuteNonQuery()
   at WebApiPoster.PCR.Utilities.Insert(String TableName, String[] Columns, String[] Values) in c:\Work Area\WebApi\WebApiPoster\WebApiPoster\Utilities.cs:line 27
Source: MySql.Data

1/12/2017 4:48:15 PM
Duplicate entry '' for key 'PRIMARY':
Stack trace: at MySql.Data.MySqlClient.MySqlStream.ReadPacket()
   at MySql.Data.MySqlClient.NativeDriver.GetResult(Int32& affectedRow, Int64& insertedId)
   at MySql.Data.MySqlClient.Driver.GetResult(Int32 statementId, Int32& affectedRows, Int64& insertedId)
   at MySql.Data.MySqlClient.Driver.NextResult(Int32 statementId, Boolean force)
   at MySql.Data.MySqlClient.MySqlDataReader.NextResult()
   at MySql.Data.MySqlClient.MySqlCommand.ExecuteReader(CommandBehavior behavior)
   at MySql.Data.MySqlClient.MySqlCommand.ExecuteReader()
   at MySql.Data.MySqlClient.MySqlCommand.ExecuteNonQuery()
   at WebApiPoster.PCR.Utilities.Insert(String TableName, String[] Columns, String[] Values) in c:\Work Area\WebApi\WebApiPoster\WebApiPoster\Utilities.cs:line 27
Source: MySql.Data

1/12/2017 4:51:34 PM
Duplicate entry '' for key 'PRIMARY':
Stack trace: at MySql.Data.MySqlClient.MySqlStream.ReadPacket()
   at MySql.Data.MySqlClient.NativeDriver.GetResult(Int32& affectedRow, Int64& insertedId)
   at MySql.Data.MySqlClient.Driver.GetResult(Int32 statementId, Int32& affectedRows, Int64& insertedId)
   at MySql.Data.MySqlClient.Driver.NextResult(Int32 statementId, Boolean force)
   at MySql.Data.MySqlClient.MySqlDataReader.NextResult()
   at MySql.Data.MySqlClient.MySqlCommand.ExecuteReader(CommandBehavior behavior)
   at MySql.Data.MySqlClient.MySqlCommand.ExecuteReader()
   at MySql.Data.MySqlClient.MySqlCommand.ExecuteNonQuery()
   at WebApiPoster.PCR.Utilities.Insert(String TableName, String[] Columns, String[] Values) in c:\Work Area\WebApi\WebApiPoster\WebApiPoster\Utilities.cs:line 27
Source: MySql.Data

1/12/2017 5:24:32 PM
Duplicate entry '' for key 'PRIMARY':
Stack trace: at MySql.Data.MySqlClient.MySqlStream.ReadPacket()
   at MySql.Data.MySqlClient.NativeDriver.GetResult(Int32& affectedRow, Int64& insertedId)
   at MySql.Data.MySqlClient.Driver.GetResult(Int32 statementId, Int32& affectedRows, Int64& insertedId)
   at MySql.Data.MySqlClient.Driver.NextResult(Int32 statementId, Boolean force)
   at MySql.Data.MySqlClient.MySqlDataReader.NextResult()
   at MySql.Data.MySqlClient.MySqlCommand.ExecuteReader(CommandBehavior behavior)
   at MySql.Data.MySqlClient.MySqlCommand.ExecuteReader()
   at MySql.Data.MySqlClient.MySqlCommand.ExecuteNonQuery()
   at WebApiPoster.PCR.Utilities.Insert(String TableName, String[] Columns, String[] Values) in c:\Work Area\WebApi\WebApiPoster\WebApiPoster\Utilities.cs:line 27
Source: MySql.Data
