
2/2/2017 2:48:17 PM
insert into person(first_name,last_name,dob,is_male,age,active,id)
values
('Harry','Wells','2017-01-11 00:00:00','0','0','1','21471a5d-cdd5-4813-87a8-4e9a0b7cfec9')

2/2/2017 2:48:17 PM
update person set 
first_name = 'Harry',
last_name = 'Wells',
dob = '2017-01-11 12:00:00',
is_male = '0',
age = '0',
active = '1' where id ='21471a5d-cdd5-4813-87a8-4e9a0b7cfec9'

2/2/2017 2:48:17 PM
insert into phone_number(id)
values
('3d9e581f-6e71-4d82-8973-6b7046c84446')

2/2/2017 2:48:17 PM
insert into person_phones(person_id,phone_id,id)
values
('21471a5d-cdd5-4813-87a8-4e9a0b7cfec9','3d9e581f-6e71-4d82-8973-6b7046c84446','40a88b35-91d9-4a97-9565-b8c1441900bf')

2/2/2017 2:48:17 PM
update person set 
first_name = 'Harry',
last_name = 'Wells',
dob = '2017-01-11 12:00:00',
is_male = '0',
age = '0',
active = '1' where id ='21471a5d-cdd5-4813-87a8-4e9a0b7cfec9'

2/2/2017 2:48:17 PM
insert into phone_number(id)
values
('876fe177-94ad-4dc9-a229-22f1d04d362c')

2/2/2017 2:48:17 PM
insert into person_phones(person_id,phone_id,id)
values
('21471a5d-cdd5-4813-87a8-4e9a0b7cfec9','876fe177-94ad-4dc9-a229-22f1d04d362c','a1a5e332-2bc5-496b-a2c0-99ea871b31f3')

2/2/2017 2:48:18 PM
insert into Address(address,city_id,state_id,country_id,id)
values
('11 Star Labs Drive','d03ac2d7-ef81-4550-85df-2dff053f6d2b','eef5a97f-6eac-4a80-a130-9a52de8a6b2b','14b00896-d006-480c-9d74-00f2995ce168','04420db5-9df1-4c55-9910-6f530ea29820')

2/2/2017 2:48:18 PM
insert into personal_addresses(address,person,is_primary,id)
values
('04420db5-9df1-4c55-9910-6f530ea29820','21471a5d-cdd5-4813-87a8-4e9a0b7cfec9','1','733c5211-6bd6-43fa-949a-4aff18f839ec')

2/2/2017 2:48:18 PM
insert into person(active,id)
values
('1','f5967866-7170-4eea-93c4-fbdb3876f4a9')

2/2/2017 2:48:18 PM
update person set 
active = '1' where id ='f5967866-7170-4eea-93c4-fbdb3876f4a9'

2/2/2017 2:48:18 PM
insert into phone_number(id)
values
('f5afb1da-19c4-47f8-979a-6b3208233195')

2/2/2017 2:48:18 PM
insert into person_phones(person_id,phone_id,id)
values
('f5967866-7170-4eea-93c4-fbdb3876f4a9','f5afb1da-19c4-47f8-979a-6b3208233195','440c3fcc-8295-4339-8716-15025c0bc797')

2/2/2017 2:48:18 PM
update person set 
active = '1' where id ='f5967866-7170-4eea-93c4-fbdb3876f4a9'

2/2/2017 2:48:19 PM
insert into phone_number(id)
values
('bc62227a-94f4-4f94-8a56-8d8c6d442eff')

2/2/2017 2:48:19 PM
insert into person_phones(person_id,phone_id,id)
values
('f5967866-7170-4eea-93c4-fbdb3876f4a9','bc62227a-94f4-4f94-8a56-8d8c6d442eff','30dedb98-992c-496f-84ed-a72065284f86')

2/2/2017 2:48:19 PM
insert into Address(country_id,id)
values
('14b00896-d006-480c-9d74-00f2995ce168','0aec5548-3959-4db5-be79-a7554d9a6c13')

2/2/2017 2:48:19 PM
insert into personal_addresses(address,person,is_primary,id)
values
('0aec5548-3959-4db5-be79-a7554d9a6c13','f5967866-7170-4eea-93c4-fbdb3876f4a9','1','9fd1bd48-4c8a-4160-ad80-3121b06c6357')

2/2/2017 2:48:19 PM
insert into person(active,id)
values
('1','3f37d71d-03cf-4a1f-a2de-65d18c0a9cd1')

2/2/2017 2:48:19 PM
update person set 
active = '1' where id ='3f37d71d-03cf-4a1f-a2de-65d18c0a9cd1'

2/2/2017 2:48:19 PM
insert into phone_number(id)
values
('e665a364-38a7-4c82-a079-c39ecb82dd37')

2/2/2017 2:48:19 PM
insert into person_phones(person_id,phone_id,id)
values
('3f37d71d-03cf-4a1f-a2de-65d18c0a9cd1','e665a364-38a7-4c82-a079-c39ecb82dd37','2d1d2f5b-f17f-4bb2-9d11-b5b470c711cf')

2/2/2017 2:48:19 PM
update person set 
active = '1' where id ='3f37d71d-03cf-4a1f-a2de-65d18c0a9cd1'

2/2/2017 2:48:19 PM
insert into phone_number(id)
values
('774834b8-5b28-4f7d-8171-e892ac4d434e')

2/2/2017 2:48:20 PM
insert into person_phones(person_id,phone_id,id)
values
('3f37d71d-03cf-4a1f-a2de-65d18c0a9cd1','774834b8-5b28-4f7d-8171-e892ac4d434e','7b1e5746-c60e-49ca-b483-9c7e9e27c1fd')

2/2/2017 2:48:20 PM
insert into Address(country_id,id)
values
('14b00896-d006-480c-9d74-00f2995ce168','9f2af12e-2951-436a-86fc-781b3f1be084')

2/2/2017 2:48:20 PM
insert into personal_addresses(address,person,is_primary,id)
values
('9f2af12e-2951-436a-86fc-781b3f1be084','3f37d71d-03cf-4a1f-a2de-65d18c0a9cd1','1','c62164df-8d40-45d1-ab8a-f4907bd91380')

2/2/2017 2:48:20 PM
update person set 
first_name = 'Harry',
last_name = 'Wells',
dob = '2017-01-11 12:00:00',
is_male = '0',
age = '0',
active = '1' where id ='21471a5d-cdd5-4813-87a8-4e9a0b7cfec9'

2/2/2017 2:48:20 PM
update person set 
active = '1' where id ='f5967866-7170-4eea-93c4-fbdb3876f4a9'

2/2/2017 2:48:20 PM
update person set 
active = '1' where id ='3f37d71d-03cf-4a1f-a2de-65d18c0a9cd1'

2/2/2017 2:48:20 PM
insert into insurance_policy(id)
values
('ae29678e-c4e1-4c78-af36-572c51be1845')

2/2/2017 2:48:20 PM
insert into insurance_policy(id)
values
('f3b2df7c-8f2d-445f-a5e6-bf241c6794fa')

2/2/2017 2:48:20 PM
insert into insurance_policy(id)
values
('ca31778d-475e-44ed-b0d4-8084a49e92ea')

2/2/2017 2:48:21 PM
insert into pcr_Demographic(pt_person,emr_contact_person,phy_contact_person,agency_id,id)
values
('21471a5d-cdd5-4813-87a8-4e9a0b7cfec9','f5967866-7170-4eea-93c4-fbdb3876f4a9','3f37d71d-03cf-4a1f-a2de-65d18c0a9cd1','90b16e1c-aa76-11e5-b94a-842b2b4bbc99','eb8dda04-91db-4d01-854c-b30fb2e3cae6')

2/2/2017 2:48:21 PM
insert into pcr_dispatch(transported_from,cross_street,pt_count,id)
values
('Street','Residence','1','db47b5bf-1f7d-4c5e-a59a-718f01f759cc')

2/2/2017 2:48:27 PM
insert into pcr_buttons(pcr_id,button_id,Clicked,id)
values
('00251ac0-58e7-4cad-8760-8911aa156d0b','066ed28d-07a7-11e0-bdc9-8e92303c9d5f','1','1422bab4-277f-4ae2-abcb-c60cc3c679e6')

2/2/2017 2:48:27 PM
insert into pcr_buttons(pcr_id,button_id,Clicked,id)
values
('00251ac0-58e7-4cad-8760-8911aa156d0b','252c16d4-0623-11e0-9c66-0ba20c568bb6','1','0cc10c76-93f0-4da3-a54a-e0449f76fdcb')

2/2/2017 2:48:30 PM
insert into pcr_buttons(pcr_id,button_id,Clicked,id)
values
('00251ac0-58e7-4cad-8760-8911aa156d0b','06704812-07a7-11e0-bdc9-8e92303c9d5f','1','53ffe28f-0e7e-42f4-b64f-2bcc30810085')

2/2/2017 2:48:30 PM
insert into pcr_buttons(pcr_id,button_id,Clicked,id)
values
('00251ac0-58e7-4cad-8760-8911aa156d0b','e6b24d0d-e6ef-11e5-9a7d-3052cb650342','1','bf7f56ea-cf1f-4bc5-a637-cdaa87fdb771')

2/2/2017 2:48:30 PM
insert into pcr_buttons(pcr_id,button_id,Clicked,id)
values
('00251ac0-58e7-4cad-8760-8911aa156d0b','06705bea-07a7-11e0-bdc9-8e92303c9d5f','1','824b24c0-540f-4f21-8d91-666f9b9f57c1')

2/2/2017 2:48:31 PM
insert into pcr_buttons(pcr_id,button_id,Clicked,id)
values
('00251ac0-58e7-4cad-8760-8911aa156d0b','18821032-0614-11e0-9c66-0ba20c568bb6','1','b4230ff7-c3af-4beb-b29b-b1bffa4f7826')

2/2/2017 2:48:34 PM
insert into pcr_buttons(pcr_id,button_id,Clicked,id)
values
('00251ac0-58e7-4cad-8760-8911aa156d0b','06ea7725-1509-11e5-b454-842b2b4bbc99','1','cd19ac4c-77c2-4d38-9f39-73dba080a5d5')

2/2/2017 2:48:37 PM
insert into pcr_buttons(pcr_id,button_id,Clicked,id)
values
('00251ac0-58e7-4cad-8760-8911aa156d0b','067667a5-07a7-11e0-bdc9-8e92303c9d5f','1','ab651cde-2cb9-4aec-91f8-ebf5d4e34e23')

2/2/2017 2:48:38 PM
insert into pcr_buttons(pcr_id,button_id,Clicked,id)
values
('00251ac0-58e7-4cad-8760-8911aa156d0b','031146c5-8fd7-11e1-b08b-842b2b4bbc99','1','8e45db43-432d-49a7-bece-d43643db6449')

2/2/2017 2:48:38 PM
insert into pcr_buttons(pcr_id,button_id,Clicked,id)
values
('00251ac0-58e7-4cad-8760-8911aa156d0b','06a6ef2b-07a7-11e0-bdc9-8e92303c9d5f','1','05b84606-e651-490d-8c19-b1f6735e467a')

2/2/2017 2:48:38 PM
insert into pcr_buttons(pcr_id,button_id,Clicked,id)
values
('00251ac0-58e7-4cad-8760-8911aa156d0b','06a5aaae-07a7-11e0-bdc9-8e92303c9d5f','1','07037e34-b724-4e6a-9c23-f12c325a2dc2')

2/2/2017 2:48:39 PM
insert into pcr_buttons(pcr_id,button_id,Clicked,id)
values
('00251ac0-58e7-4cad-8760-8911aa156d0b','06a65c4a-07a7-11e0-bdc9-8e92303c9d5f','1','435df940-c9c9-4ab1-bb1b-4d1809eb4037')

2/2/2017 2:48:39 PM
insert into pcr_buttons(pcr_id,button_id,Clicked,id)
values
('00251ac0-58e7-4cad-8760-8911aa156d0b','067157f3-07a7-11e0-bdc9-8e92303c9d5f','1','65f6c716-e568-428f-9ba4-8b324532c0da')

2/2/2017 2:48:39 PM
insert into pcr_buttons(pcr_id,button_id,Clicked,id)
values
('00251ac0-58e7-4cad-8760-8911aa156d0b','06a67cb9-07a7-11e0-bdc9-8e92303c9d5f','1','456bbc3f-b8f8-44bf-9c72-5be7e9938c37')

2/2/2017 2:48:40 PM
insert into pcr_buttons(pcr_id,button_id,Clicked,id)
values
('00251ac0-58e7-4cad-8760-8911aa156d0b','067569e5-07a7-11e0-bdc9-8e92303c9d5f','1','b3ffadc2-2aaf-46e0-b1e5-4ffe981af14e')

2/2/2017 2:48:40 PM
insert into pcr_buttons(pcr_id,button_id,Clicked,id)
values
('00251ac0-58e7-4cad-8760-8911aa156d0b','06751742-07a7-11e0-bdc9-8e92303c9d5f','1','7e673863-a976-456e-8ee4-5936dc9c173a')

2/2/2017 2:48:41 PM
insert into pcr_buttons(pcr_id,button_id,Clicked,id)
values
('00251ac0-58e7-4cad-8760-8911aa156d0b','06742347-07a7-11e0-bdc9-8e92303c9d5f','1','2ad39d62-8eef-471b-ad44-1a873a3911aa')

2/2/2017 2:48:41 PM
insert into pcr_buttons(pcr_id,button_id,Clicked,id)
values
('00251ac0-58e7-4cad-8760-8911aa156d0b','067686e0-07a7-11e0-bdc9-8e92303c9d5f','1','08e1492f-516c-4ee0-9f29-6cf6cde56d47')

2/2/2017 2:48:42 PM
insert into pcr_buttons(pcr_id,button_id,Clicked,id)
values
('00251ac0-58e7-4cad-8760-8911aa156d0b','06712025-07a7-11e0-bdc9-8e92303c9d5f','1','c2ee9414-d5e5-41b8-994a-08242bed0daa')

2/2/2017 2:48:42 PM
insert into pcr_buttons(pcr_id,button_id,Clicked,id)
values
('00251ac0-58e7-4cad-8760-8911aa156d0b','0674c31d-07a7-11e0-bdc9-8e92303c9d5f','1','1101eff8-f6b5-4bb4-a184-eb337ea4c174')

2/2/2017 2:48:43 PM
insert into pcr_buttons(pcr_id,button_id,Clicked,id)
values
('00251ac0-58e7-4cad-8760-8911aa156d0b','06746e27-07a7-11e0-bdc9-8e92303c9d5f','1','50e3af7d-e589-4f9f-a567-af342fb910f0')

2/2/2017 2:48:43 PM
insert into pcr_buttons(pcr_id,button_id,Clicked,id)
values
('00251ac0-58e7-4cad-8760-8911aa156d0b','06716e4f-07a7-11e0-bdc9-8e92303c9d5f','1','eb86b972-36b6-4a7e-9811-2bd2a8eebf3a')

2/2/2017 2:48:44 PM
insert into pcr_buttons(pcr_id,button_id,Clicked,id)
values
('00251ac0-58e7-4cad-8760-8911aa156d0b','9634c31c-0610-11e0-9c66-0ba20c568bb6','1','a37f50d6-3d43-474b-bdbc-e46ca73afc66')

2/2/2017 2:48:44 PM
insert into pcr_buttons(pcr_id,button_id,Clicked,id)
values
('00251ac0-58e7-4cad-8760-8911aa156d0b','e2e5eafb-8c7f-4fe4-94d4-d877f6d2f359','1','3c682139-0ea8-473f-83e7-0ec49735c76d')

2/2/2017 2:48:44 PM
insert into pcr_inputs(value,pcr_id,input_id,id)
values
('12:33 ','00251ac0-58e7-4cad-8760-8911aa156d0b','4352bbf1-4a67-11e4-9a60-842b2b4bbc99','3cfbf376-76ea-424c-b436-c99f4af70826')

2/2/2017 2:48:44 PM
insert into pcr_buttons(pcr_id,button_id,Clicked,id)
values
('00251ac0-58e7-4cad-8760-8911aa156d0b','18822419-0614-11e0-9c66-0ba20c568bb6','1','d0992df5-3b60-4b2c-8950-4291ac96195c')

2/2/2017 2:48:44 PM
insert into pcr_buttons(pcr_id,button_id,Clicked,id)
values
('00251ac0-58e7-4cad-8760-8911aa156d0b','18824b59-0614-11e0-9c66-0ba20c568bb6','1','588c814c-3ea6-4985-beea-d30d3b8d2077')

2/2/2017 2:48:44 PM
insert into pcr_buttons(pcr_id,button_id,Clicked,id)
values
('00251ac0-58e7-4cad-8760-8911aa156d0b','4fb8a78e-0614-11e0-9c66-0ba20c568bb6','1','fcb7a258-b7f7-4eff-95c5-bab6cd4d8797')

2/2/2017 2:48:44 PM
insert into pcr_buttons(pcr_id,button_id,Clicked,id)
values
('00251ac0-58e7-4cad-8760-8911aa156d0b','4fb8ba94-0614-11e0-9c66-0ba20c568bb6','1','fa06cbac-b42a-4e41-bca5-5bb7bd7b0457')

2/2/2017 3:34:02 PM
insert into person(first_name,last_name,dob,is_male,age,active,id)
values
('Harry','Wells','2017-01-11 00:00:00','0','0','1','4c680ec5-9d81-4690-99bb-c9adab3806e2')

2/2/2017 3:34:02 PM
update person set 
first_name = 'Harry',
last_name = 'Wells',
dob = '2017-01-11 12:00:00',
is_male = '0',
age = '0',
active = '1' where id ='4c680ec5-9d81-4690-99bb-c9adab3806e2'

2/2/2017 3:34:02 PM
insert into phone_number(id)
values
('59911c6c-505b-44ac-b223-953181ecef0d')

2/2/2017 3:34:02 PM
insert into person_phones(person_id,phone_id,id)
values
('4c680ec5-9d81-4690-99bb-c9adab3806e2','59911c6c-505b-44ac-b223-953181ecef0d','aeec3421-3ec7-4f4a-a3c3-59aa0a245136')

2/2/2017 3:34:02 PM
update person set 
first_name = 'Harry',
last_name = 'Wells',
dob = '2017-01-11 12:00:00',
is_male = '0',
age = '0',
active = '1' where id ='4c680ec5-9d81-4690-99bb-c9adab3806e2'

2/2/2017 3:34:02 PM
insert into phone_number(id)
values
('51ea2842-9d6a-47d3-999f-e942206ee112')

2/2/2017 3:34:02 PM
insert into person_phones(person_id,phone_id,id)
values
('4c680ec5-9d81-4690-99bb-c9adab3806e2','51ea2842-9d6a-47d3-999f-e942206ee112','3e7cf3c4-a71b-4c72-8250-e48884951dff')

2/2/2017 3:34:03 PM
insert into Address(address,city_id,state_id,country_id,id)
values
('11 Star Labs Drive','d03ac2d7-ef81-4550-85df-2dff053f6d2b','eef5a97f-6eac-4a80-a130-9a52de8a6b2b','14b00896-d006-480c-9d74-00f2995ce168','1c552eaf-97e3-42b9-b15e-81a6f8a7740b')

2/2/2017 3:34:03 PM
insert into personal_addresses(address,person,is_primary,id)
values
('1c552eaf-97e3-42b9-b15e-81a6f8a7740b','4c680ec5-9d81-4690-99bb-c9adab3806e2','1','fb466e0f-ef18-404a-9006-13932e319f5d')

2/2/2017 3:34:03 PM
insert into person(active,id)
values
('1','5995cd91-8884-422f-88c0-75c4baf32a0f')

2/2/2017 3:34:03 PM
update person set 
active = '1' where id ='5995cd91-8884-422f-88c0-75c4baf32a0f'

2/2/2017 3:34:04 PM
insert into phone_number(id)
values
('3bb6960f-e3cc-4153-b088-d5163c6dbd24')

2/2/2017 3:34:04 PM
insert into person_phones(person_id,phone_id,id)
values
('5995cd91-8884-422f-88c0-75c4baf32a0f','3bb6960f-e3cc-4153-b088-d5163c6dbd24','786d2b01-78e3-4340-bba4-fb1512f98d00')

2/2/2017 3:34:04 PM
update person set 
active = '1' where id ='5995cd91-8884-422f-88c0-75c4baf32a0f'

2/2/2017 3:34:04 PM
insert into phone_number(id)
values
('60ff77fc-f4cf-4e37-8693-66127618dae5')

2/2/2017 3:34:04 PM
insert into person_phones(person_id,phone_id,id)
values
('5995cd91-8884-422f-88c0-75c4baf32a0f','60ff77fc-f4cf-4e37-8693-66127618dae5','0642a80a-0497-4d8a-b7be-b15be2d01966')

2/2/2017 3:34:04 PM
insert into Address(country_id,id)
values
('14b00896-d006-480c-9d74-00f2995ce168','0b0c3d1c-1789-4bc0-b26a-a501941f5be4')

2/2/2017 3:34:04 PM
insert into personal_addresses(address,person,is_primary,id)
values
('0b0c3d1c-1789-4bc0-b26a-a501941f5be4','5995cd91-8884-422f-88c0-75c4baf32a0f','1','1e40ca02-3c84-4662-a05d-e08bec30fda4')

2/2/2017 3:34:04 PM
insert into person(active,id)
values
('1','6d0e45fd-4274-4db3-a1aa-672c43b4b5a3')

2/2/2017 3:34:04 PM
update person set 
active = '1' where id ='6d0e45fd-4274-4db3-a1aa-672c43b4b5a3'

2/2/2017 3:34:04 PM
insert into phone_number(id)
values
('e8b0be9c-19e0-48c6-be67-9fd78a1548f2')

2/2/2017 3:34:04 PM
insert into person_phones(person_id,phone_id,id)
values
('6d0e45fd-4274-4db3-a1aa-672c43b4b5a3','e8b0be9c-19e0-48c6-be67-9fd78a1548f2','88f8679d-056d-449f-a69a-8336ddccd2b6')

2/2/2017 3:34:04 PM
update person set 
active = '1' where id ='6d0e45fd-4274-4db3-a1aa-672c43b4b5a3'

2/2/2017 3:34:04 PM
insert into phone_number(id)
values
('49be6d97-0cea-4d06-8ebe-854c8e9378bc')

2/2/2017 3:34:04 PM
insert into person_phones(person_id,phone_id,id)
values
('6d0e45fd-4274-4db3-a1aa-672c43b4b5a3','49be6d97-0cea-4d06-8ebe-854c8e9378bc','a184a4bd-cb18-4684-a420-2438604cbbfe')

2/2/2017 3:34:05 PM
insert into Address(country_id,id)
values
('14b00896-d006-480c-9d74-00f2995ce168','aa249412-2613-41d7-af7a-9fb1b675164d')

2/2/2017 3:34:05 PM
insert into personal_addresses(address,person,is_primary,id)
values
('aa249412-2613-41d7-af7a-9fb1b675164d','6d0e45fd-4274-4db3-a1aa-672c43b4b5a3','1','1280d642-a3a3-416b-b41c-8f3e8bd56883')

2/2/2017 3:34:05 PM
update person set 
first_name = 'Harry',
last_name = 'Wells',
dob = '2017-01-11 12:00:00',
is_male = '0',
age = '0',
active = '1' where id ='4c680ec5-9d81-4690-99bb-c9adab3806e2'

2/2/2017 3:34:05 PM
update person set 
active = '1' where id ='5995cd91-8884-422f-88c0-75c4baf32a0f'

2/2/2017 3:34:05 PM
update person set 
active = '1' where id ='6d0e45fd-4274-4db3-a1aa-672c43b4b5a3'

2/2/2017 3:34:05 PM
insert into insurance_policy(id)
values
('ae98d035-e895-4188-bae5-d7f2e462b457')

2/2/2017 3:34:05 PM
insert into insurance_policy(id)
values
('ce19d6b9-adea-40ab-8b4b-a8d5ffce6c58')

2/2/2017 3:34:05 PM
insert into insurance_policy(id)
values
('9c7484fc-e60c-4520-8cb5-47610eb55f4c')

2/2/2017 3:34:05 PM
insert into pcr_Demographic(pt_person,emr_contact_person,phy_contact_person,agency_id,id)
values
('4c680ec5-9d81-4690-99bb-c9adab3806e2','5995cd91-8884-422f-88c0-75c4baf32a0f','6d0e45fd-4274-4db3-a1aa-672c43b4b5a3','90b16e1c-aa76-11e5-b94a-842b2b4bbc99','d9a0db29-2c43-4d72-a13e-8bd3abf76b9d')

2/2/2017 3:34:06 PM
insert into pcr_dispatch(transported_from,cross_street,pt_count,id)
values
('Street','Residence','1','8e904351-5dae-4383-8a85-f533257db798')
