Stack trace: at WebApiPoster.Models.AddressClass.Retrieve(String address, String city, String state, String zip) in c:\Work Area\Web API Poster\WebApiPoster\WedbApiPoster\Models\AddressClass.cs:line 163
Source: WebApiPoster
Stack trace: at System.RuntimeTypeHandle.CreateInstance(RuntimeType type, Boolean publicOnly, Boolean noCheck, Boolean& canBeCached, RuntimeMethodHandleInternal& ctor, Boolean& bNeedSecurityCheck)
   at System.RuntimeType.CreateInstanceSlow(Boolean publicOnly, Boolean skipCheckThis, Boolean fillCache, StackCrawlMark& stackMark)
   at System.RuntimeType.CreateInstanceDefaultCtor(Boolean publicOnly, Boolean skipCheckThis, Boolean fillCache, StackCrawlMark& stackMark)
   at System.Activator.CreateInstance(Type type, Boolean nonPublic)
   at System.Activator.CreateInstance(Type type)
   at WebApiPoster.Controllers.CEMSController.ParseAndPostJson(JObject JsonObject) in c:\Work Area\Web API Poster\WebApiPoster\WedbApiPoster\Controllers\CEMSController.cs:line 273
Source: mscorlib
Stack trace: at System.RuntimeTypeHandle.CreateInstance(RuntimeType type, Boolean publicOnly, Boolean noCheck, Boolean& canBeCached, RuntimeMethodHandleInternal& ctor, Boolean& bNeedSecurityCheck)
   at System.RuntimeType.CreateInstanceSlow(Boolean publicOnly, Boolean skipCheckThis, Boolean fillCache, StackCrawlMark& stackMark)
   at System.RuntimeType.CreateInstanceDefaultCtor(Boolean publicOnly, Boolean skipCheckThis, Boolean fillCache, StackCrawlMark& stackMark)
   at System.Activator.CreateInstance(Type type, Boolean nonPublic)
   at System.Activator.CreateInstance(Type type)
   at WebApiPoster.Controllers.CEMSController.ParseAndPostJson(JObject JsonObject) in c:\Work Area\Web API Poster\WebApiPoster\WedbApiPoster\Controllers\CEMSController.cs:line 273
Source: mscorlib
Stack trace: at System.RuntimeTypeHandle.CreateInstance(RuntimeType type, Boolean publicOnly, Boolean noCheck, Boolean& canBeCached, RuntimeMethodHandleInternal& ctor, Boolean& bNeedSecurityCheck)
   at System.RuntimeType.CreateInstanceSlow(Boolean publicOnly, Boolean skipCheckThis, Boolean fillCache, StackCrawlMark& stackMark)
   at System.RuntimeType.CreateInstanceDefaultCtor(Boolean publicOnly, Boolean skipCheckThis, Boolean fillCache, StackCrawlMark& stackMark)
   at System.Activator.CreateInstance(Type type, Boolean nonPublic)
   at System.Activator.CreateInstance(Type type)
   at WebApiPoster.Controllers.CEMSController.ParseAndPostJson(JObject JsonObject) in c:\Work Area\Web API Poster\WebApiPoster\WedbApiPoster\Controllers\CEMSController.cs:line 273
Source: mscorlib
Stack trace: at System.RuntimeTypeHandle.CreateInstance(RuntimeType type, Boolean publicOnly, Boolean noCheck, Boolean& canBeCached, RuntimeMethodHandleInternal& ctor, Boolean& bNeedSecurityCheck)
   at System.RuntimeType.CreateInstanceSlow(Boolean publicOnly, Boolean skipCheckThis, Boolean fillCache, StackCrawlMark& stackMark)
   at System.RuntimeType.CreateInstanceDefaultCtor(Boolean publicOnly, Boolean skipCheckThis, Boolean fillCache, StackCrawlMark& stackMark)
   at System.Activator.CreateInstance(Type type, Boolean nonPublic)
   at System.Activator.CreateInstance(Type type)
   at WebApiPoster.Controllers.CEMSController.ParseAndPostJson(JObject JsonObject) in c:\Work Area\Web API Poster\WebApiPoster\WedbApiPoster\Controllers\CEMSController.cs:line 273
Source: mscorlib
Stack trace: at System.RuntimeTypeHandle.CreateInstance(RuntimeType type, Boolean publicOnly, Boolean noCheck, Boolean& canBeCached, RuntimeMethodHandleInternal& ctor, Boolean& bNeedSecurityCheck)
   at System.RuntimeType.CreateInstanceSlow(Boolean publicOnly, Boolean skipCheckThis, Boolean fillCache, StackCrawlMark& stackMark)
   at System.RuntimeType.CreateInstanceDefaultCtor(Boolean publicOnly, Boolean skipCheckThis, Boolean fillCache, StackCrawlMark& stackMark)
   at System.Activator.CreateInstance(Type type, Boolean nonPublic)
   at System.Activator.CreateInstance(Type type)
   at WebApiPoster.Controllers.CEMSController.ParseAndPostJson(JObject JsonObject) in c:\Work Area\Web API Poster\WebApiPoster\WedbApiPoster\Controllers\CEMSController.cs:line 273
Source: mscorlib
Stack trace: at System.RuntimeTypeHandle.CreateInstance(RuntimeType type, Boolean publicOnly, Boolean noCheck, Boolean& canBeCached, RuntimeMethodHandleInternal& ctor, Boolean& bNeedSecurityCheck)
   at System.RuntimeType.CreateInstanceSlow(Boolean publicOnly, Boolean skipCheckThis, Boolean fillCache, StackCrawlMark& stackMark)
   at System.RuntimeType.CreateInstanceDefaultCtor(Boolean publicOnly, Boolean skipCheckThis, Boolean fillCache, StackCrawlMark& stackMark)
   at System.Activator.CreateInstance(Type type, Boolean nonPublic)
   at System.Activator.CreateInstance(Type type)
   at WebApiPoster.Controllers.CEMSController.ParseAndPostJson(JObject JsonObject) in c:\Work Area\Web API Poster\WebApiPoster\WedbApiPoster\Controllers\CEMSController.cs:line 273
Source: mscorlib
Stack trace: at MySql.Data.MySqlClient.MySqlStream.ReadPacket()
   at MySql.Data.MySqlClient.NativeDriver.GetResult(Int32& affectedRow, Int64& insertedId)
   at MySql.Data.MySqlClient.Driver.GetResult(Int32 statementId, Int32& affectedRows, Int64& insertedId)
   at MySql.Data.MySqlClient.Driver.NextResult(Int32 statementId, Boolean force)
   at MySql.Data.MySqlClient.MySqlDataReader.NextResult()
   at MySql.Data.MySqlClient.MySqlCommand.ExecuteReader(CommandBehavior behavior)
   at MySql.Data.MySqlClient.MySqlCommand.ExecuteReader()
   at MySql.Data.MySqlClient.MySqlCommand.ExecuteNonQuery()
   at WebApiPoster.Models.Disposition_Facility.Insert() in c:\Work Area\Web API Poster\WebApiPoster\WedbApiPoster\Models\Disposition_Facility.cs:line 71
Source: MySql.Data
Stack trace: at MySql.Data.MySqlClient.MySqlStream.ReadPacket()
   at MySql.Data.MySqlClient.NativeDriver.GetResult(Int32& affectedRow, Int64& insertedId)
   at MySql.Data.MySqlClient.Driver.GetResult(Int32 statementId, Int32& affectedRows, Int64& insertedId)
   at MySql.Data.MySqlClient.Driver.NextResult(Int32 statementId, Boolean force)
   at MySql.Data.MySqlClient.MySqlDataReader.NextResult()
   at MySql.Data.MySqlClient.MySqlCommand.ExecuteReader(CommandBehavior behavior)
   at MySql.Data.MySqlClient.MySqlCommand.ExecuteReader()
   at MySql.Data.MySqlClient.MySqlCommand.ExecuteNonQuery()
   at WedbApiPoster.Models.Pcr.Update(String KeyField) in c:\Work Area\Web API Poster\WebApiPoster\WedbApiPoster\Models\PcrClass.cs:line 160
Source: MySql.Data
7/7/2016 10:04:13 AM
You have an error in your SQL syntax; check the manual that corresponds to your MySQL server version for the right syntax to use near 'pcr_demographic_id = 'f29b8745-53ab-4e38-bd46-62b25cf32851'
pcr_assessment_id =' at line 3
Stack trace: at MySql.Data.MySqlClient.MySqlStream.ReadPacket()
   at MySql.Data.MySqlClient.NativeDriver.GetResult(Int32& affectedRow, Int64& insertedId)
   at MySql.Data.MySqlClient.Driver.GetResult(Int32 statementId, Int32& affectedRows, Int64& insertedId)
   at MySql.Data.MySqlClient.Driver.NextResult(Int32 statementId, Boolean force)
   at MySql.Data.MySqlClient.MySqlDataReader.NextResult()
   at MySql.Data.MySqlClient.MySqlCommand.ExecuteReader(CommandBehavior behavior)
   at MySql.Data.MySqlClient.MySqlCommand.ExecuteReader()
   at MySql.Data.MySqlClient.MySqlCommand.ExecuteNonQuery()
   at WedbApiPoster.Models.Pcr.Update(String KeyField)
Source: MySql.Data

7/7/2016 12:26:50 PM
Table 'newcems.pcr_demographics' doesn't exist:
Stack trace: at MySql.Data.MySqlClient.MySqlStream.ReadPacket()
   at MySql.Data.MySqlClient.NativeDriver.GetResult(Int32& affectedRow, Int64& insertedId)
   at MySql.Data.MySqlClient.Driver.GetResult(Int32 statementId, Int32& affectedRows, Int64& insertedId)
   at MySql.Data.MySqlClient.Driver.NextResult(Int32 statementId, Boolean force)
   at MySql.Data.MySqlClient.MySqlDataReader.NextResult()
   at MySql.Data.MySqlClient.MySqlCommand.ExecuteReader(CommandBehavior behavior)
   at MySql.Data.MySqlClient.MySqlCommand.ExecuteReader()
   at WebApiPoster.Controllers.CEMSController.GetPcrDetailTable(String DetailSuffix, String pcr_id) in c:\Work Area\Web API Poster\WebApiPoster\WedbApiPoster\Controllers\CEMSController.cs:line 144
Source: MySql.Data

7/7/2016 12:28:55 PM
Table 'newcems.pcr_demographics' doesn't exist:
Stack trace: at MySql.Data.MySqlClient.MySqlStream.ReadPacket()
   at MySql.Data.MySqlClient.NativeDriver.GetResult(Int32& affectedRow, Int64& insertedId)
   at MySql.Data.MySqlClient.Driver.GetResult(Int32 statementId, Int32& affectedRows, Int64& insertedId)
   at MySql.Data.MySqlClient.Driver.NextResult(Int32 statementId, Boolean force)
   at MySql.Data.MySqlClient.MySqlDataReader.NextResult()
   at MySql.Data.MySqlClient.MySqlCommand.ExecuteReader(CommandBehavior behavior)
   at MySql.Data.MySqlClient.MySqlCommand.ExecuteReader()
   at WebApiPoster.Controllers.CEMSController.GetPcrDetailTable(String DetailSuffix, String pcr_id) in c:\Work Area\Web API Poster\WebApiPoster\WedbApiPoster\Controllers\CEMSController.cs:line 144
Source: MySql.Data

7/7/2016 2:13:49 PM
You have an error in your SQL syntax; check the manual that corresponds to your MySQL server version for the right syntax to use near 'where id ='b37e7101-3a09-4d59-a2f7-5a0ec3e8fd2e'' at line 24:
Stack trace: at MySql.Data.MySqlClient.MySqlStream.ReadPacket()
   at MySql.Data.MySqlClient.NativeDriver.GetResult(Int32& affectedRow, Int64& insertedId)
   at MySql.Data.MySqlClient.Driver.GetResult(Int32 statementId, Int32& affectedRows, Int64& insertedId)
   at MySql.Data.MySqlClient.Driver.NextResult(Int32 statementId, Boolean force)
   at MySql.Data.MySqlClient.MySqlDataReader.NextResult()
   at MySql.Data.MySqlClient.MySqlCommand.ExecuteReader(CommandBehavior behavior)
   at MySql.Data.MySqlClient.MySqlCommand.ExecuteReader()
   at MySql.Data.MySqlClient.MySqlCommand.ExecuteNonQuery()
   at WebApiPoster.Models.PcrStandard.Update(String KeyField) in c:\Work Area\Web API Poster\WebApiPoster\WedbApiPoster\Models\Global\PcrStandard.cs:line 123
Source: MySql.Data

7/7/2016 2:14:50 PM
You have an error in your SQL syntax; check the manual that corresponds to your MySQL server version for the right syntax to use near 'where id ='b37e7101-3a09-4d59-a2f7-5a0ec3e8fd2e'' at line 24:
Stack trace: at MySql.Data.MySqlClient.MySqlStream.ReadPacket()
   at MySql.Data.MySqlClient.NativeDriver.GetResult(Int32& affectedRow, Int64& insertedId)
   at MySql.Data.MySqlClient.Driver.GetResult(Int32 statementId, Int32& affectedRows, Int64& insertedId)
   at MySql.Data.MySqlClient.Driver.NextResult(Int32 statementId, Boolean force)
   at MySql.Data.MySqlClient.MySqlDataReader.NextResult()
   at MySql.Data.MySqlClient.MySqlCommand.ExecuteReader(CommandBehavior behavior)
   at MySql.Data.MySqlClient.MySqlCommand.ExecuteReader()
   at MySql.Data.MySqlClient.MySqlCommand.ExecuteNonQuery()
   at WebApiPoster.Models.PcrStandard.Update(String KeyField) in c:\Work Area\Web API Poster\WebApiPoster\WedbApiPoster\Models\Global\PcrStandard.cs:line 123
Source: MySql.Data

7/7/2016 3:21:38 PM
You have an error in your SQL syntax; check the manual that corresponds to your MySQL server version for the right syntax to use near 'where id ='b37e7101-3a09-4d59-a2f7-5a0ec3e8fd2e'' at line 24:
Stack trace: at MySql.Data.MySqlClient.MySqlStream.ReadPacket()
   at MySql.Data.MySqlClient.NativeDriver.GetResult(Int32& affectedRow, Int64& insertedId)
   at MySql.Data.MySqlClient.Driver.GetResult(Int32 statementId, Int32& affectedRows, Int64& insertedId)
   at MySql.Data.MySqlClient.Driver.NextResult(Int32 statementId, Boolean force)
   at MySql.Data.MySqlClient.MySqlDataReader.NextResult()
   at MySql.Data.MySqlClient.MySqlCommand.ExecuteReader(CommandBehavior behavior)
   at MySql.Data.MySqlClient.MySqlCommand.ExecuteReader()
   at MySql.Data.MySqlClient.MySqlCommand.ExecuteNonQuery()
   at WebApiPoster.Models.PcrStandard.Update(String KeyField) in c:\Work Area\Web API Poster\WebApiPoster\WedbApiPoster\Models\Global\PcrStandard.cs:line 123
Source: MySql.Data

7/7/2016 3:24:20 PM
Object reference not set to an instance of an object.:
Stack trace: at WebApiPoster.Models.Dispatch.ValidateFields()
   at WedbApiPoster.Models.Pcr.ValidateFields()
   at WedbApiPoster.Models.Pcr.HandleRecord()
   at CallSite.Target(Closure , CallSite , Object )
   at System.Dynamic.UpdateDelegates.UpdateAndExecuteVoid1[T0](CallSite site, T0 arg0)
   at CallSite.Target(Closure , CallSite , Object )
   at WebApiPoster.Controllers.CEMSController.ParseAndPostJson(JObject JsonObject)
Source: WebApiPoster

7/7/2016 3:25:08 PM
You have an error in your SQL syntax; check the manual that corresponds to your MySQL server version for the right syntax to use near 'where id ='b37e7101-3a09-4d59-a2f7-5a0ec3e8fd2e'' at line 24:
Stack trace: at MySql.Data.MySqlClient.MySqlStream.ReadPacket()
   at MySql.Data.MySqlClient.NativeDriver.GetResult(Int32& affectedRow, Int64& insertedId)
   at MySql.Data.MySqlClient.Driver.GetResult(Int32 statementId, Int32& affectedRows, Int64& insertedId)
   at MySql.Data.MySqlClient.Driver.NextResult(Int32 statementId, Boolean force)
   at MySql.Data.MySqlClient.MySqlDataReader.NextResult()
   at MySql.Data.MySqlClient.MySqlCommand.ExecuteReader(CommandBehavior behavior)
   at MySql.Data.MySqlClient.MySqlCommand.ExecuteReader()
   at MySql.Data.MySqlClient.MySqlCommand.ExecuteNonQuery()
   at WebApiPoster.Models.PcrStandard.Update(String KeyField)
Source: MySql.Data

7/7/2016 3:27:25 PM
You have an error in your SQL syntax; check the manual that corresponds to your MySQL server version for the right syntax to use near 'where id ='b37e7101-3a09-4d59-a2f7-5a0ec3e8fd2e'' at line 24:
Stack trace: at MySql.Data.MySqlClient.MySqlStream.ReadPacket()
   at MySql.Data.MySqlClient.NativeDriver.GetResult(Int32& affectedRow, Int64& insertedId)
   at MySql.Data.MySqlClient.Driver.GetResult(Int32 statementId, Int32& affectedRows, Int64& insertedId)
   at MySql.Data.MySqlClient.Driver.NextResult(Int32 statementId, Boolean force)
   at MySql.Data.MySqlClient.MySqlDataReader.NextResult()
   at MySql.Data.MySqlClient.MySqlCommand.ExecuteReader(CommandBehavior behavior)
   at MySql.Data.MySqlClient.MySqlCommand.ExecuteReader()
   at MySql.Data.MySqlClient.MySqlCommand.ExecuteNonQuery()
   at WebApiPoster.Models.PcrStandard.Update(String KeyField) in c:\Work Area\Web API Poster\WebApiPoster\WedbApiPoster\Models\Global\PcrStandard.cs:line 123
Source: MySql.Data

7/7/2016 3:28:17 PM
You have an error in your SQL syntax; check the manual that corresponds to your MySQL server version for the right syntax to use near 'where id ='b37e7101-3a09-4d59-a2f7-5a0ec3e8fd2e'' at line 24:
Stack trace: at MySql.Data.MySqlClient.MySqlStream.ReadPacket()
   at MySql.Data.MySqlClient.NativeDriver.GetResult(Int32& affectedRow, Int64& insertedId)
   at MySql.Data.MySqlClient.Driver.GetResult(Int32 statementId, Int32& affectedRows, Int64& insertedId)
   at MySql.Data.MySqlClient.Driver.NextResult(Int32 statementId, Boolean force)
   at MySql.Data.MySqlClient.MySqlDataReader.NextResult()
   at MySql.Data.MySqlClient.MySqlCommand.ExecuteReader(CommandBehavior behavior)
   at MySql.Data.MySqlClient.MySqlCommand.ExecuteReader()
   at MySql.Data.MySqlClient.MySqlCommand.ExecuteNonQuery()
   at WebApiPoster.Models.PcrStandard.Update(String KeyField) in c:\Work Area\Web API Poster\WebApiPoster\WedbApiPoster\Models\Global\PcrStandard.cs:line 123
Source: MySql.Data

7/7/2016 4:44:00 PM
Unknown column 'p.Ems_Run_id' in 'on clause':
Stack trace: at MySql.Data.MySqlClient.MySqlStream.ReadPacket()
   at MySql.Data.MySqlClient.NativeDriver.GetResult(Int32& affectedRow, Int64& insertedId)
   at MySql.Data.MySqlClient.Driver.GetResult(Int32 statementId, Int32& affectedRows, Int64& insertedId)
   at MySql.Data.MySqlClient.Driver.NextResult(Int32 statementId, Boolean force)
   at MySql.Data.MySqlClient.MySqlDataReader.NextResult()
   at MySql.Data.MySqlClient.MySqlCommand.ExecuteReader(CommandBehavior behavior)
   at MySql.Data.MySqlClient.MySqlCommand.ExecuteReader()
   at WebApiPoster.Controllers.CEMSController.GetPcrDetailTable(String DetailSuffix, String pcr_id) in c:\Work Area\Web API Poster\WebApiPoster\WedbApiPoster\Controllers\CEMSController.cs:line 162
Source: MySql.Data

7/7/2016 4:45:16 PM
Unknown column 'p.Ems_Run_id' in 'on clause':
Stack trace: at MySql.Data.MySqlClient.MySqlStream.ReadPacket()
   at MySql.Data.MySqlClient.NativeDriver.GetResult(Int32& affectedRow, Int64& insertedId)
   at MySql.Data.MySqlClient.Driver.GetResult(Int32 statementId, Int32& affectedRows, Int64& insertedId)
   at MySql.Data.MySqlClient.Driver.NextResult(Int32 statementId, Boolean force)
   at MySql.Data.MySqlClient.MySqlDataReader.NextResult()
   at MySql.Data.MySqlClient.MySqlCommand.ExecuteReader(CommandBehavior behavior)
   at MySql.Data.MySqlClient.MySqlCommand.ExecuteReader()
   at WebApiPoster.Controllers.CEMSController.GetPcrDetailTable(String DetailSuffix, String pcr_id) in c:\Work Area\Web API Poster\WebApiPoster\WedbApiPoster\Controllers\CEMSController.cs:line 170
Source: MySql.Data

7/7/2016 4:45:16 PM
Object reference not set to an instance of an object.:
Stack trace: at WebApiPoster.Controllers.CEMSController.GetPCRSection(String table_name, String pcr_id) in c:\Work Area\Web API Poster\WebApiPoster\WedbApiPoster\Controllers\CEMSController.cs:line 105
Source: WebApiPoster

7/7/2016 4:45:16 PM
Unknown column 'p.Pcr_Narcotic_id' in 'on clause':
Stack trace: at MySql.Data.MySqlClient.MySqlStream.ReadPacket()
   at MySql.Data.MySqlClient.NativeDriver.GetResult(Int32& affectedRow, Int64& insertedId)
   at MySql.Data.MySqlClient.Driver.GetResult(Int32 statementId, Int32& affectedRows, Int64& insertedId)
   at MySql.Data.MySqlClient.Driver.NextResult(Int32 statementId, Boolean force)
   at MySql.Data.MySqlClient.MySqlDataReader.NextResult()
   at MySql.Data.MySqlClient.MySqlCommand.ExecuteReader(CommandBehavior behavior)
   at MySql.Data.MySqlClient.MySqlCommand.ExecuteReader()
   at WebApiPoster.Controllers.CEMSController.GetPcrDetailTable(String DetailSuffix, String pcr_id) in c:\Work Area\Web API Poster\WebApiPoster\WedbApiPoster\Controllers\CEMSController.cs:line 170
Source: MySql.Data

7/7/2016 4:45:16 PM
Object reference not set to an instance of an object.:
Stack trace: at WebApiPoster.Controllers.CEMSController.GetPCRSection(String table_name, String pcr_id) in c:\Work Area\Web API Poster\WebApiPoster\WedbApiPoster\Controllers\CEMSController.cs:line 105
Source: WebApiPoster

7/7/2016 4:45:48 PM
Unknown column 'p.Ems_Run_id' in 'on clause':
Stack trace: at MySql.Data.MySqlClient.MySqlStream.ReadPacket()
   at MySql.Data.MySqlClient.NativeDriver.GetResult(Int32& affectedRow, Int64& insertedId)
   at MySql.Data.MySqlClient.Driver.GetResult(Int32 statementId, Int32& affectedRows, Int64& insertedId)
   at MySql.Data.MySqlClient.Driver.NextResult(Int32 statementId, Boolean force)
   at MySql.Data.MySqlClient.MySqlDataReader.NextResult()
   at MySql.Data.MySqlClient.MySqlCommand.ExecuteReader(CommandBehavior behavior)
   at MySql.Data.MySqlClient.MySqlCommand.ExecuteReader()
   at WebApiPoster.Controllers.CEMSController.GetPcrDetailTable(String DetailSuffix, String pcr_id) in c:\Work Area\Web API Poster\WebApiPoster\WedbApiPoster\Controllers\CEMSController.cs:line 170
Source: MySql.Data

7/7/2016 4:45:57 PM
Object reference not set to an instance of an object.:
Stack trace: at WebApiPoster.Controllers.CEMSController.GetPCRSection(String table_name, String pcr_id) in c:\Work Area\Web API Poster\WebApiPoster\WedbApiPoster\Controllers\CEMSController.cs:line 105
Source: WebApiPoster

7/7/2016 4:46:12 PM
Unknown column 'p.Pcr_Narcotic_id' in 'on clause':
Stack trace: at MySql.Data.MySqlClient.MySqlStream.ReadPacket()
   at MySql.Data.MySqlClient.NativeDriver.GetResult(Int32& affectedRow, Int64& insertedId)
   at MySql.Data.MySqlClient.Driver.GetResult(Int32 statementId, Int32& affectedRows, Int64& insertedId)
   at MySql.Data.MySqlClient.Driver.NextResult(Int32 statementId, Boolean force)
   at MySql.Data.MySqlClient.MySqlDataReader.NextResult()
   at MySql.Data.MySqlClient.MySqlCommand.ExecuteReader(CommandBehavior behavior)
   at MySql.Data.MySqlClient.MySqlCommand.ExecuteReader()
   at WebApiPoster.Controllers.CEMSController.GetPcrDetailTable(String DetailSuffix, String pcr_id) in c:\Work Area\Web API Poster\WebApiPoster\WedbApiPoster\Controllers\CEMSController.cs:line 170
Source: MySql.Data

7/7/2016 4:46:13 PM
Object reference not set to an instance of an object.:
Stack trace: at WebApiPoster.Controllers.CEMSController.GetPCRSection(String table_name, String pcr_id) in c:\Work Area\Web API Poster\WebApiPoster\WedbApiPoster\Controllers\CEMSController.cs:line 105
Source: WebApiPoster

7/7/2016 4:48:36 PM
Unknown column 'p.Ems_Run_id' in 'on clause':
Stack trace: at MySql.Data.MySqlClient.MySqlStream.ReadPacket()
   at MySql.Data.MySqlClient.NativeDriver.GetResult(Int32& affectedRow, Int64& insertedId)
   at MySql.Data.MySqlClient.Driver.GetResult(Int32 statementId, Int32& affectedRows, Int64& insertedId)
   at MySql.Data.MySqlClient.Driver.NextResult(Int32 statementId, Boolean force)
   at MySql.Data.MySqlClient.MySqlDataReader.NextResult()
   at MySql.Data.MySqlClient.MySqlCommand.ExecuteReader(CommandBehavior behavior)
   at MySql.Data.MySqlClient.MySqlCommand.ExecuteReader()
   at WebApiPoster.Controllers.CEMSController.GetPcrDetailTable(String DetailSuffix, String pcr_id) in c:\Work Area\Web API Poster\WebApiPoster\WedbApiPoster\Controllers\CEMSController.cs:line 169
Source: MySql.Data

7/7/2016 4:48:36 PM
Object reference not set to an instance of an object.:
Stack trace: at WebApiPoster.Controllers.CEMSController.GetPCRSection(String table_name, String pcr_id) in c:\Work Area\Web API Poster\WebApiPoster\WedbApiPoster\Controllers\CEMSController.cs:line 105
Source: WebApiPoster

7/7/2016 4:48:36 PM
Unknown column 'p.Pcr_Narcotic_id' in 'on clause':
Stack trace: at MySql.Data.MySqlClient.MySqlStream.ReadPacket()
   at MySql.Data.MySqlClient.NativeDriver.GetResult(Int32& affectedRow, Int64& insertedId)
   at MySql.Data.MySqlClient.Driver.GetResult(Int32 statementId, Int32& affectedRows, Int64& insertedId)
   at MySql.Data.MySqlClient.Driver.NextResult(Int32 statementId, Boolean force)
   at MySql.Data.MySqlClient.MySqlDataReader.NextResult()
   at MySql.Data.MySqlClient.MySqlCommand.ExecuteReader(CommandBehavior behavior)
   at MySql.Data.MySqlClient.MySqlCommand.ExecuteReader()
   at WebApiPoster.Controllers.CEMSController.GetPcrDetailTable(String DetailSuffix, String pcr_id) in c:\Work Area\Web API Poster\WebApiPoster\WedbApiPoster\Controllers\CEMSController.cs:line 169
Source: MySql.Data

7/7/2016 4:48:36 PM
Object reference not set to an instance of an object.:
Stack trace: at WebApiPoster.Controllers.CEMSController.GetPCRSection(String table_name, String pcr_id) in c:\Work Area\Web API Poster\WebApiPoster\WedbApiPoster\Controllers\CEMSController.cs:line 105
Source: WebApiPoster

7/7/2016 4:49:28 PM
Unknown column 'p.Ems_Run_id' in 'on clause':
Stack trace: at MySql.Data.MySqlClient.MySqlStream.ReadPacket()
   at MySql.Data.MySqlClient.NativeDriver.GetResult(Int32& affectedRow, Int64& insertedId)
   at MySql.Data.MySqlClient.Driver.GetResult(Int32 statementId, Int32& affectedRows, Int64& insertedId)
   at MySql.Data.MySqlClient.Driver.NextResult(Int32 statementId, Boolean force)
   at MySql.Data.MySqlClient.MySqlDataReader.NextResult()
   at MySql.Data.MySqlClient.MySqlCommand.ExecuteReader(CommandBehavior behavior)
   at MySql.Data.MySqlClient.MySqlCommand.ExecuteReader()
   at WebApiPoster.Controllers.CEMSController.GetPcrDetailTable(String DetailSuffix, String pcr_id) in c:\Work Area\Web API Poster\WebApiPoster\WedbApiPoster\Controllers\CEMSController.cs:line 169
Source: MySql.Data

7/7/2016 4:49:28 PM
Object reference not set to an instance of an object.:
Stack trace: at WebApiPoster.Controllers.CEMSController.GetPCRSection(String table_name, String pcr_id) in c:\Work Area\Web API Poster\WebApiPoster\WedbApiPoster\Controllers\CEMSController.cs:line 105
Source: WebApiPoster

7/7/2016 4:49:28 PM
Unknown column 'p.Pcr_Narcotic_id' in 'on clause':
Stack trace: at MySql.Data.MySqlClient.MySqlStream.ReadPacket()
   at MySql.Data.MySqlClient.NativeDriver.GetResult(Int32& affectedRow, Int64& insertedId)
   at MySql.Data.MySqlClient.Driver.GetResult(Int32 statementId, Int32& affectedRows, Int64& insertedId)
   at MySql.Data.MySqlClient.Driver.NextResult(Int32 statementId, Boolean force)
   at MySql.Data.MySqlClient.MySqlDataReader.NextResult()
   at MySql.Data.MySqlClient.MySqlCommand.ExecuteReader(CommandBehavior behavior)
   at MySql.Data.MySqlClient.MySqlCommand.ExecuteReader()
   at WebApiPoster.Controllers.CEMSController.GetPcrDetailTable(String DetailSuffix, String pcr_id) in c:\Work Area\Web API Poster\WebApiPoster\WedbApiPoster\Controllers\CEMSController.cs:line 169
Source: MySql.Data

7/7/2016 4:49:28 PM
Object reference not set to an instance of an object.:
Stack trace: at WebApiPoster.Controllers.CEMSController.GetPCRSection(String table_name, String pcr_id) in c:\Work Area\Web API Poster\WebApiPoster\WedbApiPoster\Controllers\CEMSController.cs:line 105
Source: WebApiPoster

7/7/2016 4:49:47 PM
Unknown column 'p.Ems_Run_id' in 'on clause':
Stack trace: at MySql.Data.MySqlClient.MySqlStream.ReadPacket()
   at MySql.Data.MySqlClient.NativeDriver.GetResult(Int32& affectedRow, Int64& insertedId)
   at MySql.Data.MySqlClient.Driver.GetResult(Int32 statementId, Int32& affectedRows, Int64& insertedId)
   at MySql.Data.MySqlClient.Driver.NextResult(Int32 statementId, Boolean force)
   at MySql.Data.MySqlClient.MySqlDataReader.NextResult()
   at MySql.Data.MySqlClient.MySqlCommand.ExecuteReader(CommandBehavior behavior)
   at MySql.Data.MySqlClient.MySqlCommand.ExecuteReader()
   at WebApiPoster.Controllers.CEMSController.GetPcrDetailTable(String DetailSuffix, String pcr_id) in c:\Work Area\Web API Poster\WebApiPoster\WedbApiPoster\Controllers\CEMSController.cs:line 169
Source: MySql.Data

7/7/2016 4:50:10 PM
Object reference not set to an instance of an object.:
Stack trace: at WebApiPoster.Controllers.CEMSController.GetPCRSection(String table_name, String pcr_id) in c:\Work Area\Web API Poster\WebApiPoster\WedbApiPoster\Controllers\CEMSController.cs:line 105
Source: WebApiPoster

7/7/2016 4:50:16 PM
Unknown column 'p.Pcr_Narcotic_id' in 'on clause':
Stack trace: at MySql.Data.MySqlClient.MySqlStream.ReadPacket()
   at MySql.Data.MySqlClient.NativeDriver.GetResult(Int32& affectedRow, Int64& insertedId)
   at MySql.Data.MySqlClient.Driver.GetResult(Int32 statementId, Int32& affectedRows, Int64& insertedId)
   at MySql.Data.MySqlClient.Driver.NextResult(Int32 statementId, Boolean force)
   at MySql.Data.MySqlClient.MySqlDataReader.NextResult()
   at MySql.Data.MySqlClient.MySqlCommand.ExecuteReader(CommandBehavior behavior)
   at MySql.Data.MySqlClient.MySqlCommand.ExecuteReader()
   at WebApiPoster.Controllers.CEMSController.GetPcrDetailTable(String DetailSuffix, String pcr_id) in c:\Work Area\Web API Poster\WebApiPoster\WedbApiPoster\Controllers\CEMSController.cs:line 169
Source: MySql.Data

7/7/2016 4:50:16 PM
Object reference not set to an instance of an object.:
Stack trace: at WebApiPoster.Controllers.CEMSController.GetPCRSection(String table_name, String pcr_id) in c:\Work Area\Web API Poster\WebApiPoster\WedbApiPoster\Controllers\CEMSController.cs:line 105
Source: WebApiPoster

7/7/2016 4:53:43 PM
Unknown column 'p.Ems_Run_id' in 'on clause':
Stack trace: at MySql.Data.MySqlClient.MySqlStream.ReadPacket()
   at MySql.Data.MySqlClient.NativeDriver.GetResult(Int32& affectedRow, Int64& insertedId)
   at MySql.Data.MySqlClient.Driver.GetResult(Int32 statementId, Int32& affectedRows, Int64& insertedId)
   at MySql.Data.MySqlClient.Driver.NextResult(Int32 statementId, Boolean force)
   at MySql.Data.MySqlClient.MySqlDataReader.NextResult()
   at MySql.Data.MySqlClient.MySqlCommand.ExecuteReader(CommandBehavior behavior)
   at MySql.Data.MySqlClient.MySqlCommand.ExecuteReader()
   at WebApiPoster.Controllers.CEMSController.GetPcrDetailTable(String DetailSuffix, String pcr_id)
Source: MySql.Data

7/7/2016 4:53:48 PM
Object reference not set to an instance of an object.:
Stack trace: at WebApiPoster.Controllers.CEMSController.GetPCRSection(String table_name, String pcr_id)
Source: WebApiPoster

7/7/2016 4:53:51 PM
Unknown column 'p.Pcr_Narcotic_id' in 'on clause':
Stack trace: at MySql.Data.MySqlClient.MySqlStream.ReadPacket()
   at MySql.Data.MySqlClient.NativeDriver.GetResult(Int32& affectedRow, Int64& insertedId)
   at MySql.Data.MySqlClient.Driver.GetResult(Int32 statementId, Int32& affectedRows, Int64& insertedId)
   at MySql.Data.MySqlClient.Driver.NextResult(Int32 statementId, Boolean force)
   at MySql.Data.MySqlClient.MySqlDataReader.NextResult()
   at MySql.Data.MySqlClient.MySqlCommand.ExecuteReader(CommandBehavior behavior)
   at MySql.Data.MySqlClient.MySqlCommand.ExecuteReader()
   at WebApiPoster.Controllers.CEMSController.GetPcrDetailTable(String DetailSuffix, String pcr_id)
Source: MySql.Data

7/7/2016 4:53:51 PM
Object reference not set to an instance of an object.:
Stack trace: at WebApiPoster.Controllers.CEMSController.GetPCRSection(String table_name, String pcr_id)
Source: WebApiPoster

7/7/2016 4:53:54 PM
Unknown column 'p.Pcr_Narcotic_id' in 'on clause':
Stack trace: at MySql.Data.MySqlClient.MySqlStream.ReadPacket()
   at MySql.Data.MySqlClient.NativeDriver.GetResult(Int32& affectedRow, Int64& insertedId)
   at MySql.Data.MySqlClient.Driver.GetResult(Int32 statementId, Int32& affectedRows, Int64& insertedId)
   at MySql.Data.MySqlClient.Driver.NextResult(Int32 statementId, Boolean force)
   at MySql.Data.MySqlClient.MySqlDataReader.NextResult()
   at MySql.Data.MySqlClient.MySqlCommand.ExecuteReader(CommandBehavior behavior)
   at MySql.Data.MySqlClient.MySqlCommand.ExecuteReader()
   at WebApiPoster.Controllers.CEMSController.GetPcrDetailTable(String DetailSuffix, String pcr_id)
Source: MySql.Data

7/7/2016 4:53:54 PM
Object reference not set to an instance of an object.:
Stack trace: at WebApiPoster.Controllers.CEMSController.GetPCRSection(String table_name, String pcr_id)
Source: WebApiPoster

7/7/2016 5:39:22 PM
Unknown column 'p.Pcr_Narcotic_id' in 'on clause':
Stack trace: at MySql.Data.MySqlClient.MySqlStream.ReadPacket()
   at MySql.Data.MySqlClient.NativeDriver.GetResult(Int32& affectedRow, Int64& insertedId)
   at MySql.Data.MySqlClient.Driver.GetResult(Int32 statementId, Int32& affectedRows, Int64& insertedId)
   at MySql.Data.MySqlClient.Driver.NextResult(Int32 statementId, Boolean force)
   at MySql.Data.MySqlClient.MySqlDataReader.NextResult()
   at MySql.Data.MySqlClient.MySqlCommand.ExecuteReader(CommandBehavior behavior)
   at MySql.Data.MySqlClient.MySqlCommand.ExecuteReader()
   at WebApiPoster.Controllers.CEMSController.GetPcrDetailTable(String DetailSuffix, String pcr_id) in c:\Work Area\Web API Poster\WebApiPoster\WedbApiPoster\Controllers\CEMSController.cs:line 169
Source: MySql.Data

7/8/2016 5:52:51 PM
Duplicate entry '341389bd-07d0-47d2-b3fc-640a39b0d21d' for key 'PRIMARY':
Stack trace: at MySql.Data.MySqlClient.MySqlStream.ReadPacket()
   at MySql.Data.MySqlClient.NativeDriver.GetResult(Int32& affectedRow, Int64& insertedId)
   at MySql.Data.MySqlClient.Driver.GetResult(Int32 statementId, Int32& affectedRows, Int64& insertedId)
   at MySql.Data.MySqlClient.Driver.NextResult(Int32 statementId, Boolean force)
   at MySql.Data.MySqlClient.MySqlDataReader.NextResult()
   at MySql.Data.MySqlClient.MySqlCommand.ExecuteReader(CommandBehavior behavior)
   at MySql.Data.MySqlClient.MySqlCommand.ExecuteReader()
   at MySql.Data.MySqlClient.MySqlCommand.ExecuteNonQuery()
   at WebApiPoster.Models.PcrBase.Insert() in c:\Work Area\Web API Poster\WebApiPoster\WedbApiPoster\PCR_Classes\Global\PcrBase.cs:line 83
Source: MySql.Data

7/8/2016 6:23:10 PM
You have an error in your SQL syntax; check the manual that corresponds to your MySQL server version for the right syntax to use near 'where id ='341389bd-07d0-47d2-b3fc-640a39b0d21d'' at line 9:
Stack trace: at MySql.Data.MySqlClient.MySqlStream.ReadPacket()
   at MySql.Data.MySqlClient.NativeDriver.GetResult(Int32& affectedRow, Int64& insertedId)
   at MySql.Data.MySqlClient.Driver.GetResult(Int32 statementId, Int32& affectedRows, Int64& insertedId)
   at MySql.Data.MySqlClient.Driver.NextResult(Int32 statementId, Boolean force)
   at MySql.Data.MySqlClient.MySqlDataReader.NextResult()
   at MySql.Data.MySqlClient.MySqlCommand.ExecuteReader(CommandBehavior behavior)
   at MySql.Data.MySqlClient.MySqlCommand.ExecuteReader()
   at MySql.Data.MySqlClient.MySqlCommand.ExecuteNonQuery()
   at WebApiPoster.Models.PcrBase.Update(String KeyField) in c:\Work Area\Web API Poster\WebApiPoster\WedbApiPoster\PCR_Classes\Global\PcrBase.cs:line 122
Source: MySql.Data

7/12/2016 10:10:16 AM
Unexpected character encountered while parsing value: P. Path '', line 0, position 0.:
Stack trace: at Newtonsoft.Json.JsonTextReader.ParseValue()
   at Newtonsoft.Json.JsonTextReader.ReadInternal()
   at Newtonsoft.Json.JsonTextReader.Read()
   at Newtonsoft.Json.Serialization.JsonSerializerInternalReader.ReadForType(JsonReader reader, JsonContract contract, Boolean hasConverter)
   at Newtonsoft.Json.Serialization.JsonSerializerInternalReader.Deserialize(JsonReader reader, Type objectType, Boolean checkAdditionalContent)
   at Newtonsoft.Json.JsonSerializer.DeserializeInternal(JsonReader reader, Type objectType)
   at Newtonsoft.Json.JsonSerializer.Deserialize(JsonReader reader, Type objectType)
   at Newtonsoft.Json.JsonConvert.DeserializeObject(String value, Type type, JsonSerializerSettings settings)
   at Newtonsoft.Json.JsonConvert.DeserializeObject(String value)
   at WebApiPoster.Controllers.CEMSController.PostJsonToSql(Object JsonData) in c:\Work Area\Web API Poster\WebApiPoster\WedbApiPoster\Controllers\CEMSController.cs:line 274
Source: Newtonsoft.Json

7/12/2016 12:30:39 PM
Unexpected character encountered while parsing value: P. Path '', line 0, position 0.:
Stack trace: at Newtonsoft.Json.JsonTextReader.ParseValue()
   at Newtonsoft.Json.JsonTextReader.ReadInternal()
   at Newtonsoft.Json.JsonTextReader.Read()
   at Newtonsoft.Json.Serialization.JsonSerializerInternalReader.ReadForType(JsonReader reader, JsonContract contract, Boolean hasConverter)
   at Newtonsoft.Json.Serialization.JsonSerializerInternalReader.Deserialize(JsonReader reader, Type objectType, Boolean checkAdditionalContent)
   at Newtonsoft.Json.JsonSerializer.DeserializeInternal(JsonReader reader, Type objectType)
   at Newtonsoft.Json.JsonSerializer.Deserialize(JsonReader reader, Type objectType)
   at Newtonsoft.Json.JsonConvert.DeserializeObject(String value, Type type, JsonSerializerSettings settings)
   at Newtonsoft.Json.JsonConvert.DeserializeObject(String value)
   at WebApiPoster.Controllers.CEMSController.PostJsonToSql(Object JsonData) in c:\Work Area\Web API Poster\WebApiPoster\WedbApiPoster\Controllers\CEMSController.cs:line 274
Source: Newtonsoft.Json

7/12/2016 12:32:40 PM
Unexpected character encountered while parsing value: P. Path '', line 0, position 0.:
Stack trace: at Newtonsoft.Json.JsonTextReader.ParseValue()
   at Newtonsoft.Json.JsonTextReader.ReadInternal()
   at Newtonsoft.Json.JsonTextReader.Read()
   at Newtonsoft.Json.Serialization.JsonSerializerInternalReader.ReadForType(JsonReader reader, JsonContract contract, Boolean hasConverter)
   at Newtonsoft.Json.Serialization.JsonSerializerInternalReader.Deserialize(JsonReader reader, Type objectType, Boolean checkAdditionalContent)
   at Newtonsoft.Json.JsonSerializer.DeserializeInternal(JsonReader reader, Type objectType)
   at Newtonsoft.Json.JsonSerializer.Deserialize(JsonReader reader, Type objectType)
   at Newtonsoft.Json.JsonConvert.DeserializeObject(String value, Type type, JsonSerializerSettings settings)
   at Newtonsoft.Json.JsonConvert.DeserializeObject(String value)
   at WebApiPoster.Controllers.CEMSController.PostJsonToSql(Object JsonData) in c:\Work Area\Web API Poster\WebApiPoster\WedbApiPoster\Controllers\CEMSController.cs:line 274
Source: Newtonsoft.Json

7/12/2016 3:10:13 PM
The name 'GetProperties' is bound to a method and cannot be used like a property:
Stack trace: at CallSite.Target(Closure , CallSite , Object )
   at System.Dynamic.UpdateDelegates.UpdateAndExecute1[T0,TRet](CallSite site, T0 arg0)
   at WebApiPoster.Controllers.CEMSController.GetPCRSection(Object obj) in c:\Work Area\Web API Poster\WebApiPoster\WedbApiPoster\Controllers\CEMSController.cs:line 109
Source: Anonymously Hosted DynamicMethods Assembly

7/12/2016 3:11:25 PM
'System.Array' does not contain a definition for 'ToList':
Stack trace: at CallSite.Target(Closure , CallSite , Object )
   at System.Dynamic.UpdateDelegates.UpdateAndExecute1[T0,TRet](CallSite site, T0 arg0)
   at WebApiPoster.Controllers.CEMSController.GetPCRSection(Object obj) in c:\Work Area\Web API Poster\WebApiPoster\WedbApiPoster\Controllers\CEMSController.cs:line 109
Source: Anonymously Hosted DynamicMethods Assembly

7/12/2016 3:33:17 PM
'System.Array' does not contain a definition for 'ToList':
Stack trace: at CallSite.Target(Closure , CallSite , Object )
   at System.Dynamic.UpdateDelegates.UpdateAndExecuteVoid1[T0](CallSite site, T0 arg0)
   at WebApiPoster.Controllers.CEMSController.GetPCRSection(Object obj) in c:\Work Area\Web API Poster\WebApiPoster\WedbApiPoster\Controllers\CEMSController.cs:line 109
Source: Anonymously Hosted DynamicMethods Assembly

7/12/2016 4:30:08 PM
Table 'newcems.dispatch' doesn't exist:
Stack trace: at MySql.Data.MySqlClient.MySqlStream.ReadPacket()
   at MySql.Data.MySqlClient.NativeDriver.GetResult(Int32& affectedRow, Int64& insertedId)
   at MySql.Data.MySqlClient.Driver.GetResult(Int32 statementId, Int32& affectedRows, Int64& insertedId)
   at MySql.Data.MySqlClient.Driver.NextResult(Int32 statementId, Boolean force)
   at MySql.Data.MySqlClient.MySqlDataReader.NextResult()
   at MySql.Data.MySqlClient.MySqlCommand.ExecuteReader(CommandBehavior behavior)
   at MySql.Data.MySqlClient.MySqlCommand.ExecuteReader()
   at WebApiPoster.Models.PcrBase.Retrieve() in c:\Work Area\Web API Poster\WebApiPoster\WedbApiPoster\PCR_Classes\Global\PcrBase.cs:line 137
Source: MySql.Data

7/12/2016 4:30:33 PM
Table 'newcems.dispatch' doesn't exist:
Stack trace: at MySql.Data.MySqlClient.MySqlStream.ReadPacket()
   at MySql.Data.MySqlClient.NativeDriver.GetResult(Int32& affectedRow, Int64& insertedId)
   at MySql.Data.MySqlClient.Driver.GetResult(Int32 statementId, Int32& affectedRows, Int64& insertedId)
   at MySql.Data.MySqlClient.Driver.NextResult(Int32 statementId, Boolean force)
   at MySql.Data.MySqlClient.MySqlDataReader.NextResult()
   at MySql.Data.MySqlClient.MySqlCommand.ExecuteReader(CommandBehavior behavior)
   at MySql.Data.MySqlClient.MySqlCommand.ExecuteReader()
   at WebApiPoster.Models.PcrBase.Retrieve() in c:\Work Area\Web API Poster\WebApiPoster\WedbApiPoster\PCR_Classes\Global\PcrBase.cs:line 137
Source: MySql.Data

7/12/2016 5:17:25 PM
You have an error in your SQL syntax; check the manual that corresponds to your MySQL server version for the right syntax to use near 'where ID = ''' at line 1:
Stack trace: at MySql.Data.MySqlClient.MySqlStream.ReadPacket()
   at MySql.Data.MySqlClient.NativeDriver.GetResult(Int32& affectedRow, Int64& insertedId)
   at MySql.Data.MySqlClient.Driver.GetResult(Int32 statementId, Int32& affectedRows, Int64& insertedId)
   at MySql.Data.MySqlClient.Driver.NextResult(Int32 statementId, Boolean force)
   at MySql.Data.MySqlClient.MySqlDataReader.NextResult()
   at MySql.Data.MySqlClient.MySqlCommand.ExecuteReader(CommandBehavior behavior)
   at MySql.Data.MySqlClient.MySqlCommand.ExecuteReader()
   at WebApiPoster.Models.PcrBase.Retrieve() in c:\Work Area\Web API Poster\WebApiPoster\WedbApiPoster\PCR_Classes\Global\PcrBase.cs:line 137
Source: MySql.Data

7/12/2016 5:17:57 PM
You have an error in your SQL syntax; check the manual that corresponds to your MySQL server version for the right syntax to use near 'where ID = ''' at line 1:
Stack trace: at MySql.Data.MySqlClient.MySqlStream.ReadPacket()
   at MySql.Data.MySqlClient.NativeDriver.GetResult(Int32& affectedRow, Int64& insertedId)
   at MySql.Data.MySqlClient.Driver.GetResult(Int32 statementId, Int32& affectedRows, Int64& insertedId)
   at MySql.Data.MySqlClient.Driver.NextResult(Int32 statementId, Boolean force)
   at MySql.Data.MySqlClient.MySqlDataReader.NextResult()
   at MySql.Data.MySqlClient.MySqlCommand.ExecuteReader(CommandBehavior behavior)
   at MySql.Data.MySqlClient.MySqlCommand.ExecuteReader()
   at WebApiPoster.Models.PcrBase.Retrieve() in c:\Work Area\Web API Poster\WebApiPoster\WedbApiPoster\PCR_Classes\Global\PcrBase.cs:line 137
Source: MySql.Data

7/12/2016 5:18:16 PM
You have an error in your SQL syntax; check the manual that corresponds to your MySQL server version for the right syntax to use near 'where ID = ''' at line 1:
Stack trace: at MySql.Data.MySqlClient.MySqlStream.ReadPacket()
   at MySql.Data.MySqlClient.NativeDriver.GetResult(Int32& affectedRow, Int64& insertedId)
   at MySql.Data.MySqlClient.Driver.GetResult(Int32 statementId, Int32& affectedRows, Int64& insertedId)
   at MySql.Data.MySqlClient.Driver.NextResult(Int32 statementId, Boolean force)
   at MySql.Data.MySqlClient.MySqlDataReader.NextResult()
   at MySql.Data.MySqlClient.MySqlCommand.ExecuteReader(CommandBehavior behavior)
   at MySql.Data.MySqlClient.MySqlCommand.ExecuteReader()
   at WebApiPoster.Models.PcrBase.Retrieve() in c:\Work Area\Web API Poster\WebApiPoster\WedbApiPoster\PCR_Classes\Global\PcrBase.cs:line 137
Source: MySql.Data

7/12/2016 5:18:30 PM
You have an error in your SQL syntax; check the manual that corresponds to your MySQL server version for the right syntax to use near 'where ID = ''' at line 1:
Stack trace: at MySql.Data.MySqlClient.MySqlStream.ReadPacket()
   at MySql.Data.MySqlClient.NativeDriver.GetResult(Int32& affectedRow, Int64& insertedId)
   at MySql.Data.MySqlClient.Driver.GetResult(Int32 statementId, Int32& affectedRows, Int64& insertedId)
   at MySql.Data.MySqlClient.Driver.NextResult(Int32 statementId, Boolean force)
   at MySql.Data.MySqlClient.MySqlDataReader.NextResult()
   at MySql.Data.MySqlClient.MySqlCommand.ExecuteReader(CommandBehavior behavior)
   at MySql.Data.MySqlClient.MySqlCommand.ExecuteReader()
   at WebApiPoster.Models.PcrBase.Retrieve()
Source: MySql.Data

7/13/2016 11:21:47 AM
Unexpected character encountered while parsing value: P. Path '', line 0, position 0.:
Stack trace: at Newtonsoft.Json.JsonTextReader.ParseValue()
   at Newtonsoft.Json.JsonTextReader.ReadInternal()
   at Newtonsoft.Json.JsonTextReader.Read()
   at Newtonsoft.Json.Serialization.JsonSerializerInternalReader.ReadForType(JsonReader reader, JsonContract contract, Boolean hasConverter)
   at Newtonsoft.Json.Serialization.JsonSerializerInternalReader.Deserialize(JsonReader reader, Type objectType, Boolean checkAdditionalContent)
   at Newtonsoft.Json.JsonSerializer.DeserializeInternal(JsonReader reader, Type objectType)
   at Newtonsoft.Json.JsonSerializer.Deserialize(JsonReader reader, Type objectType)
   at Newtonsoft.Json.JsonConvert.DeserializeObject(String value, Type type, JsonSerializerSettings settings)
   at Newtonsoft.Json.JsonConvert.DeserializeObject(String value)
   at WebApiPoster.Controllers.CEMSController.PostJsonToSql(Object JsonData) in c:\Work Area\Web API Poster\WebApiPoster\WedbApiPoster\Controllers\CEMSController.cs:line 360
Source: Newtonsoft.Json

7/13/2016 11:50:24 AM
Data too long for column 'id' at row 1:
Stack trace: at MySql.Data.MySqlClient.MySqlStream.ReadPacket()
   at MySql.Data.MySqlClient.NativeDriver.GetResult(Int32& affectedRow, Int64& insertedId)
   at MySql.Data.MySqlClient.Driver.GetResult(Int32 statementId, Int32& affectedRows, Int64& insertedId)
   at MySql.Data.MySqlClient.Driver.NextResult(Int32 statementId, Boolean force)
   at MySql.Data.MySqlClient.MySqlDataReader.NextResult()
   at MySql.Data.MySqlClient.MySqlCommand.ExecuteReader(CommandBehavior behavior)
   at MySql.Data.MySqlClient.MySqlCommand.ExecuteReader()
   at MySql.Data.MySqlClient.MySqlCommand.ExecuteNonQuery()
   at WebApiPoster.Models.PcrBase.Insert() in c:\Work Area\Web API Poster\WebApiPoster\WedbApiPoster\PCR_Classes\Global\PcrBase.cs:line 83
Source: MySql.Data

7/13/2016 12:03:56 PM
Cannot add or update a child row: a foreign key constraint fails (`newcems`.`pcr`, CONSTRAINT `FK_pcr_agency` FOREIGN KEY (`agency_id`) REFERENCES `agency` (`id`)):
Stack trace: at MySql.Data.MySqlClient.MySqlStream.ReadPacket()
   at MySql.Data.MySqlClient.NativeDriver.GetResult(Int32& affectedRow, Int64& insertedId)
   at MySql.Data.MySqlClient.Driver.GetResult(Int32 statementId, Int32& affectedRows, Int64& insertedId)
   at MySql.Data.MySqlClient.Driver.NextResult(Int32 statementId, Boolean force)
   at MySql.Data.MySqlClient.MySqlDataReader.NextResult()
   at MySql.Data.MySqlClient.MySqlCommand.ExecuteReader(CommandBehavior behavior)
   at MySql.Data.MySqlClient.MySqlCommand.ExecuteReader()
   at MySql.Data.MySqlClient.MySqlCommand.ExecuteNonQuery()
   at WebApiPoster.Models.PcrBase.Insert() in c:\Work Area\Web API Poster\WebApiPoster\WedbApiPoster\PCR_Classes\Global\PcrBase.cs:line 83
Source: MySql.Data

7/13/2016 12:04:17 PM
Could not find any recognizable digits.:
Stack trace: at System.ParseNumbers.StringToInt(String s, Int32 radix, Int32 flags, Int32* currPos)
   at System.Guid.StringToInt(String str, Int32* parsePos, Int32 requiredLength, Int32 flags, Int32& result, GuidResult& parseResult)
   at System.Guid.StringToInt(String str, Int32& parsePos, Int32 requiredLength, Int32 flags, Int32& result, GuidResult& parseResult)
   at System.Guid.TryParseGuidWithDashes(String guidString, GuidResult& result)
   at System.Guid.TryParseGuid(String g, GuidStyles flags, GuidResult& result)
   at System.Guid..ctor(String g)
   at MySql.Data.Types.MySqlGuid.MySql.Data.Types.IMySqlValue.ReadValue(MySqlPacket packet, Int64 length, Boolean nullVal)
   at MySql.Data.MySqlClient.NativeDriver.ReadColumnValue(Int32 index, MySqlField field, IMySqlValue valObject)
   at MySql.Data.MySqlClient.Driver.ReadColumnValue(Int32 index, MySqlField field, IMySqlValue value)
   at MySql.Data.MySqlClient.ResultSet.ReadColumnData(Boolean outputParms)
   at MySql.Data.MySqlClient.ResultSet.NextRow(CommandBehavior behavior)
   at MySql.Data.MySqlClient.MySqlDataReader.Read()
   at WebApiPoster.Models.PcrBase.Retrieve() in c:\Work Area\Web API Poster\WebApiPoster\WedbApiPoster\PCR_Classes\Global\PcrBase.cs:line 139
Source: mscorlib

7/13/2016 12:37:09 PM
Could not find any recognizable digits.:
Stack trace: at System.ParseNumbers.StringToInt(String s, Int32 radix, Int32 flags, Int32* currPos)
   at System.Guid.StringToInt(String str, Int32* parsePos, Int32 requiredLength, Int32 flags, Int32& result, GuidResult& parseResult)
   at System.Guid.StringToInt(String str, Int32& parsePos, Int32 requiredLength, Int32 flags, Int32& result, GuidResult& parseResult)
   at System.Guid.TryParseGuidWithDashes(String guidString, GuidResult& result)
   at System.Guid.TryParseGuid(String g, GuidStyles flags, GuidResult& result)
   at System.Guid..ctor(String g)
   at MySql.Data.Types.MySqlGuid.MySql.Data.Types.IMySqlValue.ReadValue(MySqlPacket packet, Int64 length, Boolean nullVal)
   at MySql.Data.MySqlClient.NativeDriver.ReadColumnValue(Int32 index, MySqlField field, IMySqlValue valObject)
   at MySql.Data.MySqlClient.Driver.ReadColumnValue(Int32 index, MySqlField field, IMySqlValue value)
   at MySql.Data.MySqlClient.ResultSet.ReadColumnData(Boolean outputParms)
   at MySql.Data.MySqlClient.ResultSet.NextRow(CommandBehavior behavior)
   at MySql.Data.MySqlClient.MySqlDataReader.Read()
   at System.Data.Common.DataAdapter.FillLoadDataRow(SchemaMapping mapping)
   at System.Data.Common.DataAdapter.FillFromReader(DataSet dataset, DataTable datatable, String srcTable, DataReaderContainer dataReader, Int32 startRecord, Int32 maxRecords, DataColumn parentChapterColumn, Object parentChapterValue)
   at System.Data.Common.DataAdapter.Fill(DataTable[] dataTables, IDataReader dataReader, Int32 startRecord, Int32 maxRecords)
   at System.Data.Common.LoadAdapter.FillFromReader(DataTable[] dataTables, IDataReader dataReader, Int32 startRecord, Int32 maxRecords)
   at System.Data.DataTable.Load(IDataReader reader, LoadOption loadOption, FillErrorEventHandler errorHandler)
   at System.Data.DataTable.Load(IDataReader reader)
   at WebApiPoster.Models.PcrBase.Retrieve() in c:\Work Area\Web API Poster\WebApiPoster\WedbApiPoster\PCR_Classes\Global\PcrBase.cs:line 139
Source: mscorlib

7/13/2016 2:29:52 PM
Object reference not set to an instance of an object.:
Stack trace: at WebApiPoster.Controllers.CEMSController.PostJsonToSql(Object JsonData) in c:\Work Area\Web API Poster\WebApiPoster\WedbApiPoster\Controllers\CEMSController.cs:line 360
Source: WebApiPoster

7/13/2016 2:29:59 PM
Object reference not set to an instance of an object.:
Stack trace: at WebApiPoster.Controllers.CEMSController.PostJsonToSql(Object JsonData) in c:\Work Area\Web API Poster\WebApiPoster\WedbApiPoster\Controllers\CEMSController.cs:line 360
Source: WebApiPoster

7/13/2016 2:30:13 PM
Object reference not set to an instance of an object.:
Stack trace: at WebApiPoster.Controllers.CEMSController.PostJsonToSql(Object JsonData) in c:\Work Area\Web API Poster\WebApiPoster\WedbApiPoster\Controllers\CEMSController.cs:line 360
Source: WebApiPoster

7/13/2016 2:37:52 PM
Cannot add or update a child row: a foreign key constraint fails (`newcems`.`pcr`, CONSTRAINT `FK_pcr_agency` FOREIGN KEY (`agency_id`) REFERENCES `agency` (`id`)):
Stack trace: at MySql.Data.MySqlClient.MySqlStream.ReadPacket()
   at MySql.Data.MySqlClient.NativeDriver.GetResult(Int32& affectedRow, Int64& insertedId)
   at MySql.Data.MySqlClient.Driver.GetResult(Int32 statementId, Int32& affectedRows, Int64& insertedId)
   at MySql.Data.MySqlClient.Driver.NextResult(Int32 statementId, Boolean force)
   at MySql.Data.MySqlClient.MySqlDataReader.NextResult()
   at MySql.Data.MySqlClient.MySqlCommand.ExecuteReader(CommandBehavior behavior)
   at MySql.Data.MySqlClient.MySqlCommand.ExecuteReader()
   at MySql.Data.MySqlClient.MySqlCommand.ExecuteNonQuery()
   at WebApiPoster.Models.PcrBase.Insert() in c:\Work Area\Web API Poster\WebApiPoster\WedbApiPoster\PCR_Classes\Global\PcrBase.cs:line 85
Source: MySql.Data

7/13/2016 2:42:45 PM
Cannot add or update a child row: a foreign key constraint fails (`newcems`.`address`, CONSTRAINT `FK_address_city` FOREIGN KEY (`city_id`) REFERENCES `city` (`id`)):
Stack trace: at MySql.Data.MySqlClient.MySqlStream.ReadPacket()
   at MySql.Data.MySqlClient.NativeDriver.GetResult(Int32& affectedRow, Int64& insertedId)
   at MySql.Data.MySqlClient.Driver.GetResult(Int32 statementId, Int32& affectedRows, Int64& insertedId)
   at MySql.Data.MySqlClient.Driver.NextResult(Int32 statementId, Boolean force)
   at MySql.Data.MySqlClient.MySqlDataReader.NextResult()
   at MySql.Data.MySqlClient.MySqlCommand.ExecuteReader(CommandBehavior behavior)
   at MySql.Data.MySqlClient.MySqlCommand.ExecuteReader()
   at MySql.Data.MySqlClient.MySqlCommand.ExecuteNonQuery()
   at WebApiPoster.Models.PcrBase.Update(String KeyField) in c:\Work Area\Web API Poster\WebApiPoster\WedbApiPoster\PCR_Classes\Global\PcrBase.cs:line 120
Source: MySql.Data

7/13/2016 2:44:26 PM
Cannot add or update a child row: a foreign key constraint fails (`newcems`.`address`, CONSTRAINT `FK_address_city` FOREIGN KEY (`city_id`) REFERENCES `city` (`id`)):
Stack trace: at MySql.Data.MySqlClient.MySqlStream.ReadPacket()
   at MySql.Data.MySqlClient.NativeDriver.GetResult(Int32& affectedRow, Int64& insertedId)
   at MySql.Data.MySqlClient.Driver.GetResult(Int32 statementId, Int32& affectedRows, Int64& insertedId)
   at MySql.Data.MySqlClient.Driver.NextResult(Int32 statementId, Boolean force)
   at MySql.Data.MySqlClient.MySqlDataReader.NextResult()
   at MySql.Data.MySqlClient.MySqlCommand.ExecuteReader(CommandBehavior behavior)
   at MySql.Data.MySqlClient.MySqlCommand.ExecuteReader()
   at MySql.Data.MySqlClient.MySqlCommand.ExecuteNonQuery()
   at WebApiPoster.Models.PcrBase.Update(String KeyField)
Source: MySql.Data

7/13/2016 3:08:54 PM
Incorrect datetime value: '' for column 'en_route_63' at row 1:
Stack trace: at MySql.Data.MySqlClient.MySqlStream.ReadPacket()
   at MySql.Data.MySqlClient.NativeDriver.GetResult(Int32& affectedRow, Int64& insertedId)
   at MySql.Data.MySqlClient.Driver.GetResult(Int32 statementId, Int32& affectedRows, Int64& insertedId)
   at MySql.Data.MySqlClient.Driver.NextResult(Int32 statementId, Boolean force)
   at MySql.Data.MySqlClient.MySqlDataReader.NextResult()
   at MySql.Data.MySqlClient.MySqlCommand.ExecuteReader(CommandBehavior behavior)
   at MySql.Data.MySqlClient.MySqlCommand.ExecuteReader()
   at MySql.Data.MySqlClient.MySqlCommand.ExecuteNonQuery()
   at WebApiPoster.Models.PcrBase.Update(String KeyField) in c:\Work Area\Web API Poster\WebApiPoster\WedbApiPoster\PCR_Classes\Global\PcrBase.cs:line 120
Source: MySql.Data

7/13/2016 3:22:07 PM
Incorrect decimal value: '' for column 'mileage_begin' at row 1:
Stack trace: at MySql.Data.MySqlClient.MySqlStream.ReadPacket()
   at MySql.Data.MySqlClient.NativeDriver.GetResult(Int32& affectedRow, Int64& insertedId)
   at MySql.Data.MySqlClient.Driver.GetResult(Int32 statementId, Int32& affectedRows, Int64& insertedId)
   at MySql.Data.MySqlClient.Driver.NextResult(Int32 statementId, Boolean force)
   at MySql.Data.MySqlClient.MySqlDataReader.NextResult()
   at MySql.Data.MySqlClient.MySqlCommand.ExecuteReader(CommandBehavior behavior)
   at MySql.Data.MySqlClient.MySqlCommand.ExecuteReader()
   at MySql.Data.MySqlClient.MySqlCommand.ExecuteNonQuery()
   at WebApiPoster.Models.PcrBase.Update(String KeyField)
Source: MySql.Data

7/13/2016 3:44:46 PM
Cannot add or update a child row: a foreign key constraint fails (`newcems`.`pcr_demographic`, CONSTRAINT `FK_pcr_demographic_terciary_policy` FOREIGN KEY (`terciary_insurance`) REFERENCES `insurance_policy` (`id`)):
Stack trace: at MySql.Data.MySqlClient.MySqlStream.ReadPacket()
   at MySql.Data.MySqlClient.NativeDriver.GetResult(Int32& affectedRow, Int64& insertedId)
   at MySql.Data.MySqlClient.Driver.GetResult(Int32 statementId, Int32& affectedRows, Int64& insertedId)
   at MySql.Data.MySqlClient.Driver.NextResult(Int32 statementId, Boolean force)
   at MySql.Data.MySqlClient.MySqlDataReader.NextResult()
   at MySql.Data.MySqlClient.MySqlCommand.ExecuteReader(CommandBehavior behavior)
   at MySql.Data.MySqlClient.MySqlCommand.ExecuteReader()
   at MySql.Data.MySqlClient.MySqlCommand.ExecuteNonQuery()
   at WebApiPoster.Models.PcrBase.Update(String KeyField) in c:\Work Area\Web API Poster\WebApiPoster\WedbApiPoster\PCR_Classes\Global\PcrBase.cs:line 120
Source: MySql.Data

7/13/2016 3:46:55 PM
Unrecognized Guid format.:
Stack trace: at System.Guid.GuidResult.SetFailure(ParseFailureKind failure, String failureMessageID, Object failureMessageFormatArgument, String failureArgumentName, Exception innerException)
   at System.Guid.TryParseGuid(String g, GuidStyles flags, GuidResult& result)
   at System.Guid..ctor(String g)
   at MySql.Data.Types.MySqlGuid.MySql.Data.Types.IMySqlValue.ReadValue(MySqlPacket packet, Int64 length, Boolean nullVal)
   at MySql.Data.MySqlClient.NativeDriver.ReadColumnValue(Int32 index, MySqlField field, IMySqlValue valObject)
   at MySql.Data.MySqlClient.Driver.ReadColumnValue(Int32 index, MySqlField field, IMySqlValue value)
   at MySql.Data.MySqlClient.ResultSet.ReadColumnData(Boolean outputParms)
   at MySql.Data.MySqlClient.ResultSet.NextRow(CommandBehavior behavior)
   at MySql.Data.MySqlClient.MySqlDataReader.Read()
   at System.Data.Common.DataAdapter.FillLoadDataRow(SchemaMapping mapping)
   at System.Data.Common.DataAdapter.FillFromReader(DataSet dataset, DataTable datatable, String srcTable, DataReaderContainer dataReader, Int32 startRecord, Int32 maxRecords, DataColumn parentChapterColumn, Object parentChapterValue)
   at System.Data.Common.DataAdapter.Fill(DataTable[] dataTables, IDataReader dataReader, Int32 startRecord, Int32 maxRecords)
   at System.Data.Common.LoadAdapter.FillFromReader(DataTable[] dataTables, IDataReader dataReader, Int32 startRecord, Int32 maxRecords)
   at System.Data.DataTable.Load(IDataReader reader, LoadOption loadOption, FillErrorEventHandler errorHandler)
   at System.Data.DataTable.Load(IDataReader reader)
   at WebApiPoster.Models.PcrBase.Retrieve() in c:\Work Area\Web API Poster\WebApiPoster\WedbApiPoster\PCR_Classes\Global\PcrBase.cs:line 140
Source: mscorlib

7/13/2016 3:47:24 PM
Unrecognized Guid format.:
Stack trace: at System.Guid.GuidResult.SetFailure(ParseFailureKind failure, String failureMessageID, Object failureMessageFormatArgument, String failureArgumentName, Exception innerException)
   at System.Guid.TryParseGuid(String g, GuidStyles flags, GuidResult& result)
   at System.Guid..ctor(String g)
   at MySql.Data.Types.MySqlGuid.MySql.Data.Types.IMySqlValue.ReadValue(MySqlPacket packet, Int64 length, Boolean nullVal)
   at MySql.Data.MySqlClient.NativeDriver.ReadColumnValue(Int32 index, MySqlField field, IMySqlValue valObject)
   at MySql.Data.MySqlClient.Driver.ReadColumnValue(Int32 index, MySqlField field, IMySqlValue value)
   at MySql.Data.MySqlClient.ResultSet.ReadColumnData(Boolean outputParms)
   at MySql.Data.MySqlClient.ResultSet.NextRow(CommandBehavior behavior)
   at MySql.Data.MySqlClient.MySqlDataReader.Read()
   at System.Data.Common.DataAdapter.FillLoadDataRow(SchemaMapping mapping)
   at System.Data.Common.DataAdapter.FillFromReader(DataSet dataset, DataTable datatable, String srcTable, DataReaderContainer dataReader, Int32 startRecord, Int32 maxRecords, DataColumn parentChapterColumn, Object parentChapterValue)
   at System.Data.Common.DataAdapter.Fill(DataTable[] dataTables, IDataReader dataReader, Int32 startRecord, Int32 maxRecords)
   at System.Data.Common.LoadAdapter.FillFromReader(DataTable[] dataTables, IDataReader dataReader, Int32 startRecord, Int32 maxRecords)
   at System.Data.DataTable.Load(IDataReader reader, LoadOption loadOption, FillErrorEventHandler errorHandler)
   at System.Data.DataTable.Load(IDataReader reader)
   at WebApiPoster.Models.PcrBase.Retrieve() in c:\Work Area\Web API Poster\WebApiPoster\WedbApiPoster\PCR_Classes\Global\PcrBase.cs:line 140
Source: mscorlib

7/13/2016 4:12:04 PM
Unrecognized Guid format.:
Stack trace: at System.Guid.GuidResult.SetFailure(ParseFailureKind failure, String failureMessageID, Object failureMessageFormatArgument, String failureArgumentName, Exception innerException)
   at System.Guid.TryParseGuid(String g, GuidStyles flags, GuidResult& result)
   at System.Guid..ctor(String g)
   at MySql.Data.Types.MySqlGuid.MySql.Data.Types.IMySqlValue.ReadValue(MySqlPacket packet, Int64 length, Boolean nullVal)
   at MySql.Data.MySqlClient.NativeDriver.ReadColumnValue(Int32 index, MySqlField field, IMySqlValue valObject)
   at MySql.Data.MySqlClient.Driver.ReadColumnValue(Int32 index, MySqlField field, IMySqlValue value)
   at MySql.Data.MySqlClient.ResultSet.ReadColumnData(Boolean outputParms)
   at MySql.Data.MySqlClient.ResultSet.NextRow(CommandBehavior behavior)
   at MySql.Data.MySqlClient.MySqlDataReader.Read()
   at System.Data.Common.DataAdapter.FillLoadDataRow(SchemaMapping mapping)
   at System.Data.Common.DataAdapter.FillFromReader(DataSet dataset, DataTable datatable, String srcTable, DataReaderContainer dataReader, Int32 startRecord, Int32 maxRecords, DataColumn parentChapterColumn, Object parentChapterValue)
   at System.Data.Common.DataAdapter.Fill(DataTable[] dataTables, IDataReader dataReader, Int32 startRecord, Int32 maxRecords)
   at System.Data.Common.LoadAdapter.FillFromReader(DataTable[] dataTables, IDataReader dataReader, Int32 startRecord, Int32 maxRecords)
   at System.Data.DataTable.Load(IDataReader reader, LoadOption loadOption, FillErrorEventHandler errorHandler)
   at System.Data.DataTable.Load(IDataReader reader)
   at WebApiPoster.Models.PcrBase.Retrieve() in c:\Work Area\Web API Poster\WebApiPoster\WedbApiPoster\PCR_Classes\Global\PcrBase.cs:line 140
Source: mscorlib

7/13/2016 4:27:28 PM
Unrecognized Guid format.:
Stack trace: at System.Guid.GuidResult.SetFailure(ParseFailureKind failure, String failureMessageID, Object failureMessageFormatArgument, String failureArgumentName, Exception innerException)
   at System.Guid.TryParseGuid(String g, GuidStyles flags, GuidResult& result)
   at System.Guid..ctor(String g)
   at MySql.Data.Types.MySqlGuid.MySql.Data.Types.IMySqlValue.ReadValue(MySqlPacket packet, Int64 length, Boolean nullVal)
   at MySql.Data.MySqlClient.NativeDriver.ReadColumnValue(Int32 index, MySqlField field, IMySqlValue valObject)
   at MySql.Data.MySqlClient.Driver.ReadColumnValue(Int32 index, MySqlField field, IMySqlValue value)
   at MySql.Data.MySqlClient.ResultSet.ReadColumnData(Boolean outputParms)
   at MySql.Data.MySqlClient.ResultSet.NextRow(CommandBehavior behavior)
   at MySql.Data.MySqlClient.MySqlDataReader.Read()
   at System.Data.Common.DataAdapter.FillLoadDataRow(SchemaMapping mapping)
   at System.Data.Common.DataAdapter.FillFromReader(DataSet dataset, DataTable datatable, String srcTable, DataReaderContainer dataReader, Int32 startRecord, Int32 maxRecords, DataColumn parentChapterColumn, Object parentChapterValue)
   at System.Data.Common.DataAdapter.Fill(DataTable[] dataTables, IDataReader dataReader, Int32 startRecord, Int32 maxRecords)
   at System.Data.Common.LoadAdapter.FillFromReader(DataTable[] dataTables, IDataReader dataReader, Int32 startRecord, Int32 maxRecords)
   at System.Data.DataTable.Load(IDataReader reader, LoadOption loadOption, FillErrorEventHandler errorHandler)
   at System.Data.DataTable.Load(IDataReader reader)
   at WebApiPoster.Models.PcrBase.Retrieve()
Source: mscorlib

7/13/2016 4:27:45 PM
Unrecognized Guid format.:
Stack trace: at System.Guid.GuidResult.SetFailure(ParseFailureKind failure, String failureMessageID, Object failureMessageFormatArgument, String failureArgumentName, Exception innerException)
   at System.Guid.TryParseGuid(String g, GuidStyles flags, GuidResult& result)
   at System.Guid..ctor(String g)
   at MySql.Data.Types.MySqlGuid.MySql.Data.Types.IMySqlValue.ReadValue(MySqlPacket packet, Int64 length, Boolean nullVal)
   at MySql.Data.MySqlClient.NativeDriver.ReadColumnValue(Int32 index, MySqlField field, IMySqlValue valObject)
   at MySql.Data.MySqlClient.Driver.ReadColumnValue(Int32 index, MySqlField field, IMySqlValue value)
   at MySql.Data.MySqlClient.ResultSet.ReadColumnData(Boolean outputParms)
   at MySql.Data.MySqlClient.ResultSet.NextRow(CommandBehavior behavior)
   at MySql.Data.MySqlClient.MySqlDataReader.Read()
   at System.Data.Common.DataAdapter.FillLoadDataRow(SchemaMapping mapping)
   at System.Data.Common.DataAdapter.FillFromReader(DataSet dataset, DataTable datatable, String srcTable, DataReaderContainer dataReader, Int32 startRecord, Int32 maxRecords, DataColumn parentChapterColumn, Object parentChapterValue)
   at System.Data.Common.DataAdapter.Fill(DataTable[] dataTables, IDataReader dataReader, Int32 startRecord, Int32 maxRecords)
   at System.Data.Common.LoadAdapter.FillFromReader(DataTable[] dataTables, IDataReader dataReader, Int32 startRecord, Int32 maxRecords)
   at System.Data.DataTable.Load(IDataReader reader, LoadOption loadOption, FillErrorEventHandler errorHandler)
   at System.Data.DataTable.Load(IDataReader reader)
   at WebApiPoster.Models.PcrBase.Retrieve()
Source: mscorlib

7/13/2016 4:29:46 PM
There is already an open DataReader associated with this Connection which must be closed first.:
Stack trace: at MySql.Data.MySqlClient.ExceptionInterceptor.Throw(Exception exception)
   at MySql.Data.MySqlClient.MySqlConnection.Throw(Exception ex)
   at MySql.Data.MySqlClient.MySqlCommand.Throw(Exception ex)
   at MySql.Data.MySqlClient.MySqlCommand.CheckState()
   at MySql.Data.MySqlClient.MySqlCommand.ExecuteReader(CommandBehavior behavior)
   at MySql.Data.MySqlClient.MySqlCommand.ExecuteReader()
   at WebApiPoster.Models.PcrBase.Retrieve()
Source: MySql.Data

7/14/2016 10:37:18 AM
You have an error in your SQL syntax; check the manual that corresponds to your MySQL server version for the right syntax to use near 'where id = '1f03975f-752c-48d1-a12e-626196af43d4'' at line 1:
Stack trace: at MySql.Data.MySqlClient.MySqlStream.ReadPacket()
   at MySql.Data.MySqlClient.NativeDriver.GetResult(Int32& affectedRow, Int64& insertedId)
   at MySql.Data.MySqlClient.Driver.GetResult(Int32 statementId, Int32& affectedRows, Int64& insertedId)
   at MySql.Data.MySqlClient.Driver.NextResult(Int32 statementId, Boolean force)
   at MySql.Data.MySqlClient.MySqlDataReader.NextResult()
   at MySql.Data.MySqlClient.MySqlCommand.ExecuteReader(CommandBehavior behavior)
   at MySql.Data.MySqlClient.MySqlCommand.ExecuteReader()
   at MySql.Data.MySqlClient.MySqlCommand.ExecuteScalar()
   at WebApiPoster.Models.PcrBase.Exists(String id) in c:\Work Area\Web API Poster\WebApiPoster\WedbApiPoster\PCR_Classes\Global\PcrBase.cs:line 169
   at WebApiPoster.Models.PcrBase.InsertUpdateAction(Int32 InsertUpdate) in c:\Work Area\Web API Poster\WebApiPoster\WedbApiPoster\PCR_Classes\Global\PcrBase.cs:line 207
   at WebApiPoster.Models.Assessment.HandleRecord(Int32 InsertUpdate) in c:\Work Area\Web API Poster\WebApiPoster\WedbApiPoster\PCR_Classes\Assessment.cs:line 59
   at CallSite.Target(Closure , CallSite , Object )
   at System.Dynamic.UpdateDelegates.UpdateAndExecuteVoid1[T0](CallSite site, T0 arg0)
   at CallSite.Target(Closure , CallSite , Object )
   at WebApiPoster.Controllers.CEMSController.ParseAndPostJson(JObject JsonObject) in c:\Work Area\Web API Poster\WebApiPoster\WedbApiPoster\Controllers\CEMSController.cs:line 416
Source: MySql.Data

7/14/2016 10:39:40 AM
You have an error in your SQL syntax; check the manual that corresponds to your MySQL server version for the right syntax to use near 'where id = '1f03975f-752c-48d1-a12e-626196af43d4'' at line 1:
Stack trace: at MySql.Data.MySqlClient.MySqlStream.ReadPacket()
   at MySql.Data.MySqlClient.NativeDriver.GetResult(Int32& affectedRow, Int64& insertedId)
   at MySql.Data.MySqlClient.Driver.GetResult(Int32 statementId, Int32& affectedRows, Int64& insertedId)
   at MySql.Data.MySqlClient.Driver.NextResult(Int32 statementId, Boolean force)
   at MySql.Data.MySqlClient.MySqlDataReader.NextResult()
   at MySql.Data.MySqlClient.MySqlCommand.ExecuteReader(CommandBehavior behavior)
   at MySql.Data.MySqlClient.MySqlCommand.ExecuteReader()
   at MySql.Data.MySqlClient.MySqlCommand.ExecuteScalar()
   at WebApiPoster.Models.PcrBase.Exists(String id) in c:\Work Area\Web API Poster\WebApiPoster\WedbApiPoster\PCR_Classes\Global\PcrBase.cs:line 169
   at WebApiPoster.Models.PcrBase.InsertUpdateAction(Int32 InsertUpdate) in c:\Work Area\Web API Poster\WebApiPoster\WedbApiPoster\PCR_Classes\Global\PcrBase.cs:line 207
   at WebApiPoster.Models.Assessment.HandleRecord(Int32 InsertUpdate) in c:\Work Area\Web API Poster\WebApiPoster\WedbApiPoster\PCR_Classes\Assessment.cs:line 59
   at CallSite.Target(Closure , CallSite , Object )
   at System.Dynamic.UpdateDelegates.UpdateAndExecuteVoid1[T0](CallSite site, T0 arg0)
   at CallSite.Target(Closure , CallSite , Object )
   at WebApiPoster.Controllers.CEMSController.ParseAndPostJson(JObject JsonObject) in c:\Work Area\Web API Poster\WebApiPoster\WedbApiPoster\Controllers\CEMSController.cs:line 416
Source: MySql.Data

7/14/2016 10:42:53 AM
You have an error in your SQL syntax; check the manual that corresponds to your MySQL server version for the right syntax to use near 'where id = '1f03975f-752c-48d1-a12e-626196af43d4'' at line 1:
Stack trace: at MySql.Data.MySqlClient.MySqlStream.ReadPacket()
   at MySql.Data.MySqlClient.NativeDriver.GetResult(Int32& affectedRow, Int64& insertedId)
   at MySql.Data.MySqlClient.Driver.GetResult(Int32 statementId, Int32& affectedRows, Int64& insertedId)
   at MySql.Data.MySqlClient.Driver.NextResult(Int32 statementId, Boolean force)
   at MySql.Data.MySqlClient.MySqlDataReader.NextResult()
   at MySql.Data.MySqlClient.MySqlCommand.ExecuteReader(CommandBehavior behavior)
   at MySql.Data.MySqlClient.MySqlCommand.ExecuteReader()
   at MySql.Data.MySqlClient.MySqlCommand.ExecuteScalar()
   at WebApiPoster.Models.PcrBase.Exists(String id)
   at WebApiPoster.Models.PcrBase.InsertUpdateAction(Int32 InsertUpdate)
   at WebApiPoster.Models.Assessment.HandleRecord(Int32 InsertUpdate)
   at CallSite.Target(Closure , CallSite , Object )
   at System.Dynamic.UpdateDelegates.UpdateAndExecuteVoid1[T0](CallSite site, T0 arg0)
   at CallSite.Target(Closure , CallSite , Object )
   at WebApiPoster.Controllers.CEMSController.ParseAndPostJson(JObject JsonObject)
Source: MySql.Data

7/14/2016 10:43:07 AM
You have an error in your SQL syntax; check the manual that corresponds to your MySQL server version for the right syntax to use near 'where id = '1f03975f-752c-48d1-a12e-626196af43d4'' at line 1:
Stack trace: at MySql.Data.MySqlClient.MySqlStream.ReadPacket()
   at MySql.Data.MySqlClient.NativeDriver.GetResult(Int32& affectedRow, Int64& insertedId)
   at MySql.Data.MySqlClient.Driver.GetResult(Int32 statementId, Int32& affectedRows, Int64& insertedId)
   at MySql.Data.MySqlClient.Driver.NextResult(Int32 statementId, Boolean force)
   at MySql.Data.MySqlClient.MySqlDataReader.NextResult()
   at MySql.Data.MySqlClient.MySqlCommand.ExecuteReader(CommandBehavior behavior)
   at MySql.Data.MySqlClient.MySqlCommand.ExecuteReader()
   at MySql.Data.MySqlClient.MySqlCommand.ExecuteScalar()
   at WebApiPoster.Models.PcrBase.Exists(String id)
Source: MySql.Data

7/14/2016 10:43:08 AM
You have an error in your SQL syntax; check the manual that corresponds to your MySQL server version for the right syntax to use near '(chief_complaint,medications,burn_1st,burn_2st,burn_3st,total_burn,onset,minutes' at line 1:
Stack trace: at MySql.Data.MySqlClient.MySqlStream.ReadPacket()
   at MySql.Data.MySqlClient.NativeDriver.GetResult(Int32& affectedRow, Int64& insertedId)
   at MySql.Data.MySqlClient.Driver.GetResult(Int32 statementId, Int32& affectedRows, Int64& insertedId)
   at MySql.Data.MySqlClient.Driver.NextResult(Int32 statementId, Boolean force)
   at MySql.Data.MySqlClient.MySqlDataReader.NextResult()
   at MySql.Data.MySqlClient.MySqlCommand.ExecuteReader(CommandBehavior behavior)
   at MySql.Data.MySqlClient.MySqlCommand.ExecuteReader()
   at MySql.Data.MySqlClient.MySqlCommand.ExecuteNonQuery()
   at WebApiPoster.Models.PcrBase.Insert()
Source: MySql.Data

7/14/2016 10:44:55 AM
You have an error in your SQL syntax; check the manual that corresponds to your MySQL server version for the right syntax to use near 'where id = '1f03975f-752c-48d1-a12e-626196af43d4'' at line 1:
Stack trace: at MySql.Data.MySqlClient.MySqlStream.ReadPacket()
   at MySql.Data.MySqlClient.NativeDriver.GetResult(Int32& affectedRow, Int64& insertedId)
   at MySql.Data.MySqlClient.Driver.GetResult(Int32 statementId, Int32& affectedRows, Int64& insertedId)
   at MySql.Data.MySqlClient.Driver.NextResult(Int32 statementId, Boolean force)
   at MySql.Data.MySqlClient.MySqlDataReader.NextResult()
   at MySql.Data.MySqlClient.MySqlCommand.ExecuteReader(CommandBehavior behavior)
   at MySql.Data.MySqlClient.MySqlCommand.ExecuteReader()
   at MySql.Data.MySqlClient.MySqlCommand.ExecuteScalar()
   at WebApiPoster.Models.PcrBase.Exists(String id) in c:\Work Area\Web API Poster\WebApiPoster\WedbApiPoster\PCR_Classes\Global\PcrBase.cs:line 170
Source: MySql.Data

7/14/2016 10:45:48 AM
You have an error in your SQL syntax; check the manual that corresponds to your MySQL server version for the right syntax to use near '(chief_complaint,medications,burn_1st,burn_2st,burn_3st,total_burn,onset,minutes' at line 1:
Stack trace: at MySql.Data.MySqlClient.MySqlStream.ReadPacket()
   at MySql.Data.MySqlClient.NativeDriver.GetResult(Int32& affectedRow, Int64& insertedId)
   at MySql.Data.MySqlClient.Driver.GetResult(Int32 statementId, Int32& affectedRows, Int64& insertedId)
   at MySql.Data.MySqlClient.Driver.NextResult(Int32 statementId, Boolean force)
   at MySql.Data.MySqlClient.MySqlDataReader.NextResult()
   at MySql.Data.MySqlClient.MySqlCommand.ExecuteReader(CommandBehavior behavior)
   at MySql.Data.MySqlClient.MySqlCommand.ExecuteReader()
   at MySql.Data.MySqlClient.MySqlCommand.ExecuteNonQuery()
   at WebApiPoster.Models.PcrBase.Insert() in c:\Work Area\Web API Poster\WebApiPoster\WedbApiPoster\PCR_Classes\Global\PcrBase.cs:line 85
Source: MySql.Data

7/14/2016 10:45:49 AM
Cannot add or update a child row: a foreign key constraint fails (`newcems`.`pcr_narrative_notes`, CONSTRAINT `FK_pcr_narrative_notes_crew` FOREIGN KEY (`crew_member_name`) REFERENCES `users` (`id`)):
Stack trace: at MySql.Data.MySqlClient.MySqlStream.ReadPacket()
   at MySql.Data.MySqlClient.NativeDriver.GetResult(Int32& affectedRow, Int64& insertedId)
   at MySql.Data.MySqlClient.Driver.GetResult(Int32 statementId, Int32& affectedRows, Int64& insertedId)
   at MySql.Data.MySqlClient.Driver.NextResult(Int32 statementId, Boolean force)
   at MySql.Data.MySqlClient.MySqlDataReader.NextResult()
   at MySql.Data.MySqlClient.MySqlCommand.ExecuteReader(CommandBehavior behavior)
   at MySql.Data.MySqlClient.MySqlCommand.ExecuteReader()
   at MySql.Data.MySqlClient.MySqlCommand.ExecuteNonQuery()
   at WebApiPoster.Models.PcrBase.Update(String KeyField) in c:\Work Area\Web API Poster\WebApiPoster\WedbApiPoster\PCR_Classes\Global\PcrBase.cs:line 120
Source: MySql.Data

7/14/2016 10:59:10 AM
Cannot add or update a child row: a foreign key constraint fails (`newcems`.`pcr_narrative_notes`, CONSTRAINT `FK_pcr_narrative_notes_crew` FOREIGN KEY (`crew_member_name`) REFERENCES `users` (`id`)):
Stack trace: at MySql.Data.MySqlClient.MySqlStream.ReadPacket()
   at MySql.Data.MySqlClient.NativeDriver.GetResult(Int32& affectedRow, Int64& insertedId)
   at MySql.Data.MySqlClient.Driver.GetResult(Int32 statementId, Int32& affectedRows, Int64& insertedId)
   at MySql.Data.MySqlClient.Driver.NextResult(Int32 statementId, Boolean force)
   at MySql.Data.MySqlClient.MySqlDataReader.NextResult()
   at MySql.Data.MySqlClient.MySqlCommand.ExecuteReader(CommandBehavior behavior)
   at MySql.Data.MySqlClient.MySqlCommand.ExecuteReader()
   at MySql.Data.MySqlClient.MySqlCommand.ExecuteNonQuery()
   at WebApiPoster.Models.PcrBase.Update(String KeyField) in c:\Work Area\Web API Poster\WebApiPoster\WedbApiPoster\PCR_Classes\Global\PcrBase.cs:line 120
Source: MySql.Data

7/14/2016 12:31:02 PM
Incorrect integer value: '' for column 'patient_bed_confined' at row 1:
Stack trace: at MySql.Data.MySqlClient.MySqlStream.ReadPacket()
   at MySql.Data.MySqlClient.NativeDriver.GetResult(Int32& affectedRow, Int64& insertedId)
   at MySql.Data.MySqlClient.Driver.GetResult(Int32 statementId, Int32& affectedRows, Int64& insertedId)
   at MySql.Data.MySqlClient.Driver.NextResult(Int32 statementId, Boolean force)
   at MySql.Data.MySqlClient.MySqlDataReader.NextResult()
   at MySql.Data.MySqlClient.MySqlCommand.ExecuteReader(CommandBehavior behavior)
   at MySql.Data.MySqlClient.MySqlCommand.ExecuteReader()
   at MySql.Data.MySqlClient.MySqlCommand.ExecuteNonQuery()
   at WebApiPoster.Models.PcrBase.Update(String KeyField) in c:\Work Area\Web API Poster\WebApiPoster\WedbApiPoster\PCR_Classes\Global\PcrBase.cs:line 120
Source: MySql.Data

7/14/2016 1:53:53 PM
Unknown column 'rma_text' in 'field list':
Stack trace: at MySql.Data.MySqlClient.MySqlStream.ReadPacket()
   at MySql.Data.MySqlClient.NativeDriver.GetResult(Int32& affectedRow, Int64& insertedId)
   at MySql.Data.MySqlClient.Driver.GetResult(Int32 statementId, Int32& affectedRows, Int64& insertedId)
   at MySql.Data.MySqlClient.Driver.NextResult(Int32 statementId, Boolean force)
   at MySql.Data.MySqlClient.MySqlDataReader.NextResult()
   at MySql.Data.MySqlClient.MySqlCommand.ExecuteReader(CommandBehavior behavior)
   at MySql.Data.MySqlClient.MySqlCommand.ExecuteReader()
   at MySql.Data.MySqlClient.MySqlCommand.ExecuteNonQuery()
   at WebApiPoster.Models.PcrBase.Update(String KeyField) in c:\Work Area\Web API Poster\WebApiPoster\WedbApiPoster\PCR_Classes\Global\PcrBase.cs:line 120
Source: MySql.Data

7/14/2016 1:57:11 PM
Duplicate entry '' for key 'PRIMARY':
Stack trace: at MySql.Data.MySqlClient.MySqlStream.ReadPacket()
   at MySql.Data.MySqlClient.NativeDriver.GetResult(Int32& affectedRow, Int64& insertedId)
   at MySql.Data.MySqlClient.Driver.GetResult(Int32 statementId, Int32& affectedRows, Int64& insertedId)
   at MySql.Data.MySqlClient.Driver.NextResult(Int32 statementId, Boolean force)
   at MySql.Data.MySqlClient.MySqlDataReader.NextResult()
   at MySql.Data.MySqlClient.MySqlCommand.ExecuteReader(CommandBehavior behavior)
   at MySql.Data.MySqlClient.MySqlCommand.ExecuteReader()
   at MySql.Data.MySqlClient.MySqlCommand.ExecuteNonQuery()
   at WebApiPoster.Models.Utilities.Insert(String TableName, String[] Columns, String[] Values) in c:\Work Area\Web API Poster\WebApiPoster\WedbApiPoster\Utilities.cs:line 26
Source: MySql.Data

7/14/2016 2:11:55 PM
Duplicate entry '' for key 'PRIMARY':
Stack trace: at MySql.Data.MySqlClient.MySqlStream.ReadPacket()
   at MySql.Data.MySqlClient.NativeDriver.GetResult(Int32& affectedRow, Int64& insertedId)
   at MySql.Data.MySqlClient.Driver.GetResult(Int32 statementId, Int32& affectedRows, Int64& insertedId)
   at MySql.Data.MySqlClient.Driver.NextResult(Int32 statementId, Boolean force)
   at MySql.Data.MySqlClient.MySqlDataReader.NextResult()
   at MySql.Data.MySqlClient.MySqlCommand.ExecuteReader(CommandBehavior behavior)
   at MySql.Data.MySqlClient.MySqlCommand.ExecuteReader()
   at MySql.Data.MySqlClient.MySqlCommand.ExecuteNonQuery()
   at WebApiPoster.Models.Utilities.Insert(String TableName, String[] Columns, String[] Values) in c:\Work Area\Web API Poster\WebApiPoster\WedbApiPoster\Utilities.cs:line 26
Source: MySql.Data

7/14/2016 2:14:55 PM
Duplicate entry '' for key 'PRIMARY':
Stack trace: at MySql.Data.MySqlClient.MySqlStream.ReadPacket()
   at MySql.Data.MySqlClient.NativeDriver.GetResult(Int32& affectedRow, Int64& insertedId)
   at MySql.Data.MySqlClient.Driver.GetResult(Int32 statementId, Int32& affectedRows, Int64& insertedId)
   at MySql.Data.MySqlClient.Driver.NextResult(Int32 statementId, Boolean force)
   at MySql.Data.MySqlClient.MySqlDataReader.NextResult()
   at MySql.Data.MySqlClient.MySqlCommand.ExecuteReader(CommandBehavior behavior)
   at MySql.Data.MySqlClient.MySqlCommand.ExecuteReader()
   at MySql.Data.MySqlClient.MySqlCommand.ExecuteNonQuery()
   at WebApiPoster.Models.Utilities.Insert(String TableName, String[] Columns, String[] Values) in c:\Work Area\Web API Poster\WebApiPoster\WedbApiPoster\Utilities.cs:line 26
Source: MySql.Data

7/14/2016 2:21:55 PM
Incorrect datetime value: '' for column 'time_at_facility' at row 1:
Stack trace: at MySql.Data.MySqlClient.MySqlStream.ReadPacket()
   at MySql.Data.MySqlClient.NativeDriver.GetResult(Int32& affectedRow, Int64& insertedId)
   at MySql.Data.MySqlClient.Driver.GetResult(Int32 statementId, Int32& affectedRows, Int64& insertedId)
   at MySql.Data.MySqlClient.Driver.NextResult(Int32 statementId, Boolean force)
   at MySql.Data.MySqlClient.MySqlDataReader.NextResult()
   at MySql.Data.MySqlClient.MySqlCommand.ExecuteReader(CommandBehavior behavior)
   at MySql.Data.MySqlClient.MySqlCommand.ExecuteReader()
   at MySql.Data.MySqlClient.MySqlCommand.ExecuteNonQuery()
   at WebApiPoster.Models.PcrBase.Update(String KeyField)
Source: MySql.Data
