
7/20/2016 6:06:37 PM
Updated table pcr with id 02fa583b-6c89-4896-a1d4-99bdcd68eb25:

7/20/2016 6:07:57 PM
Updated table pcr with id 02fa583b-6c89-4896-a1d4-99bdcd68eb25:

7/20/2016 6:09:12 PM
Updated table pcr with id 02fa583b-6c89-4896-a1d4-99bdcd68eb25:

7/20/2016 6:09:58 PM
Updated table pcr with id 02fa583b-6c89-4896-a1d4-99bdcd68eb25:

7/20/2016 6:11:06 PM
Updated table pcr with id 02fa583b-6c89-4896-a1d4-99bdcd68eb25:

7/20/2016 6:12:57 PM
Updated table pcr with id 02fa583b-6c89-4896-a1d4-99bdcd68eb25:

7/20/2016 6:14:59 PM
Updated table pcr with id 02fa583b-6c89-4896-a1d4-99bdcd68eb25:

7/20/2016 6:15:06 PM
Updated table Address with id 077c1997-d2de-4ca9-a525-b3a87c3bbeb9:

7/20/2016 6:17:27 PM
Updated table pcr with id 02fa583b-6c89-4896-a1d4-99bdcd68eb25:

7/20/2016 6:17:27 PM
Updated table Address with id 077c1997-d2de-4ca9-a525-b3a87c3bbeb9:

7/20/2016 6:26:59 PM
Updated table pcr with id 02fa583b-6c89-4896-a1d4-99bdcd68eb25:

7/20/2016 6:27:00 PM
Updated table Address with id 077c1997-d2de-4ca9-a525-b3a87c3bbeb9:

7/20/2016 6:27:00 PM
Updated table Address with id 077c1997-d2de-4ca9-a525-b3a87c3bbeb9:

7/20/2016 6:28:27 PM
Updated table pcr with id 02fa583b-6c89-4896-a1d4-99bdcd68eb25:

7/20/2016 6:28:27 PM
Updated table Address with id 077c1997-d2de-4ca9-a525-b3a87c3bbeb9:

7/20/2016 6:28:27 PM
Updated table Address with id 077c1997-d2de-4ca9-a525-b3a87c3bbeb9:

7/20/2016 6:28:39 PM
Updated table pcr with id 02fa583b-6c89-4896-a1d4-99bdcd68eb25:

7/20/2016 6:28:39 PM
Updated table Address with id 077c1997-d2de-4ca9-a525-b3a87c3bbeb9:

7/20/2016 6:28:39 PM
Updated table Address with id 077c1997-d2de-4ca9-a525-b3a87c3bbeb9:

7/20/2016 6:28:57 PM
Updated table pcr with id 02fa583b-6c89-4896-a1d4-99bdcd68eb25:

7/20/2016 6:29:01 PM
Updated table Address with id 077c1997-d2de-4ca9-a525-b3a87c3bbeb9:

7/20/2016 6:29:02 PM
Updated table Address with id 077c1997-d2de-4ca9-a525-b3a87c3bbeb9:

7/20/2016 6:29:18 PM
Updated table pcr with id 02fa583b-6c89-4896-a1d4-99bdcd68eb25:

7/20/2016 6:29:19 PM
Updated table Address with id 077c1997-d2de-4ca9-a525-b3a87c3bbeb9:

7/20/2016 6:35:30 PM
Updated table Address with id 077c1997-d2de-4ca9-a525-b3a87c3bbeb9:

7/20/2016 6:36:26 PM
Updated table pcr with id 02fa583b-6c89-4896-a1d4-99bdcd68eb25:

7/20/2016 6:36:30 PM
Updated table Address with id 077c1997-d2de-4ca9-a525-b3a87c3bbeb9:

7/20/2016 6:36:34 PM
Updated table Address with id 077c1997-d2de-4ca9-a525-b3a87c3bbeb9:

7/20/2016 6:39:58 PM
Updated table pcr with id 02fa583b-6c89-4896-a1d4-99bdcd68eb25:

7/20/2016 6:39:59 PM
Updated table Address with id 077c1997-d2de-4ca9-a525-b3a87c3bbeb9:

7/20/2016 6:40:00 PM
Updated table Address with id 077c1997-d2de-4ca9-a525-b3a87c3bbeb9:

7/20/2016 6:40:46 PM
Updated table pcr with id 02fa583b-6c89-4896-a1d4-99bdcd68eb25:

7/20/2016 6:40:47 PM
Updated table Address with id 077c1997-d2de-4ca9-a525-b3a87c3bbeb9:

7/20/2016 6:40:48 PM
Updated table Address with id 077c1997-d2de-4ca9-a525-b3a87c3bbeb9:

7/20/2016 6:41:09 PM
Updated table pcr with id 02fa583b-6c89-4896-a1d4-99bdcd68eb25:

7/20/2016 6:41:10 PM
Updated table Address with id 077c1997-d2de-4ca9-a525-b3a87c3bbeb9:

7/20/2016 6:41:11 PM
Updated table Address with id 077c1997-d2de-4ca9-a525-b3a87c3bbeb9:

7/20/2016 6:42:59 PM
Updated table pcr with id 02fa583b-6c89-4896-a1d4-99bdcd68eb25:

7/20/2016 6:43:00 PM
Updated table Address with id 077c1997-d2de-4ca9-a525-b3a87c3bbeb9:

7/20/2016 6:43:02 PM
Updated table Address with id 077c1997-d2de-4ca9-a525-b3a87c3bbeb9:

7/20/2016 6:43:27 PM
Updated table pcr with id 02fa583b-6c89-4896-a1d4-99bdcd68eb25:

7/20/2016 6:43:28 PM
Updated table Address with id 077c1997-d2de-4ca9-a525-b3a87c3bbeb9:

7/20/2016 6:43:29 PM
Updated table Address with id 077c1997-d2de-4ca9-a525-b3a87c3bbeb9:

7/20/2016 6:45:20 PM
Updated table pcr with id 02fa583b-6c89-4896-a1d4-99bdcd68eb25:

7/20/2016 6:45:20 PM
Updated table Address with id 077c1997-d2de-4ca9-a525-b3a87c3bbeb9:

7/20/2016 6:45:21 PM
Updated table Address with id 077c1997-d2de-4ca9-a525-b3a87c3bbeb9:

7/20/2016 10:24:35 PM
Updated table pcr with id 02fa583b-6c89-4896-a1d4-99bdcd68eb25:

7/20/2016 10:24:36 PM
Updated table Address with id 077c1997-d2de-4ca9-a525-b3a87c3bbeb9:

7/20/2016 10:24:37 PM
Updated table Address with id 077c1997-d2de-4ca9-a525-b3a87c3bbeb9:

7/20/2016 10:25:35 PM
Updated table pcr with id 02fa583b-6c89-4896-a1d4-99bdcd68eb25:

7/20/2016 10:25:36 PM
Updated table Address with id 077c1997-d2de-4ca9-a525-b3a87c3bbeb9:

7/20/2016 10:25:37 PM
Updated table Address with id 077c1997-d2de-4ca9-a525-b3a87c3bbeb9:

7/20/2016 10:26:00 PM
Updated table pcr with id 02fa583b-6c89-4896-a1d4-99bdcd68eb25:

7/20/2016 10:26:02 PM
Updated table Address with id 077c1997-d2de-4ca9-a525-b3a87c3bbeb9:

7/20/2016 10:26:04 PM
Updated table Address with id 077c1997-d2de-4ca9-a525-b3a87c3bbeb9:

7/20/2016 10:30:26 PM
Updated table pcr with id 02fa583b-6c89-4896-a1d4-99bdcd68eb25:

7/20/2016 10:30:26 PM
Updated table Address with id 077c1997-d2de-4ca9-a525-b3a87c3bbeb9:

7/20/2016 10:30:27 PM
Updated table Address with id 077c1997-d2de-4ca9-a525-b3a87c3bbeb9:

7/20/2016 10:36:22 PM
Updated table pcr with id 02fa583b-6c89-4896-a1d4-99bdcd68eb25:

7/20/2016 10:39:03 PM
Updated table pcr with id 02fa583b-6c89-4896-a1d4-99bdcd68eb25:

7/20/2016 10:46:23 PM
Updated table pcr with id 02fa583b-6c89-4896-a1d4-99bdcd68eb25:

7/20/2016 10:46:57 PM
Updated table Address with id 077c1997-d2de-4ca9-a525-b3a87c3bbeb9:

7/20/2016 10:47:02 PM
Updated table Address with id 077c1997-d2de-4ca9-a525-b3a87c3bbeb9:

7/20/2016 10:57:34 PM
Updated table pcr with id 02fa583b-6c89-4896-a1d4-99bdcd68eb25:

7/20/2016 10:57:38 PM
Updated table Address with id 077c1997-d2de-4ca9-a525-b3a87c3bbeb9:

7/20/2016 10:57:42 PM
Updated table Address with id 077c1997-d2de-4ca9-a525-b3a87c3bbeb9:

7/20/2016 11:09:24 PM
Updated table pcr with id 02fa583b-6c89-4896-a1d4-99bdcd68eb25:

7/20/2016 11:15:50 PM
Updated table Address with id 077c1997-d2de-4ca9-a525-b3a87c3bbeb9:

7/20/2016 11:15:56 PM
Updated table Address with id 077c1997-d2de-4ca9-a525-b3a87c3bbeb9:

7/20/2016 11:17:18 PM
Updated table pcr with id 02fa583b-6c89-4896-a1d4-99bdcd68eb25:

7/20/2016 11:17:20 PM
Updated table Address with id 077c1997-d2de-4ca9-a525-b3a87c3bbeb9:

7/20/2016 11:17:23 PM
Updated table Address with id 077c1997-d2de-4ca9-a525-b3a87c3bbeb9:

7/20/2016 11:23:49 PM
Updated table pcr with id 02fa583b-6c89-4896-a1d4-99bdcd68eb25:

7/20/2016 11:23:59 PM
Updated table pcr with id 02fa583b-6c89-4896-a1d4-99bdcd68eb25:

7/20/2016 11:24:01 PM
Updated table pcr with id 02fa583b-6c89-4896-a1d4-99bdcd68eb25:

7/20/2016 11:24:03 PM
Updated table pcr with id 02fa583b-6c89-4896-a1d4-99bdcd68eb25:

7/20/2016 11:27:25 PM
Updated table pcr with id 02fa583b-6c89-4896-a1d4-99bdcd68eb25:

7/20/2016 11:27:33 PM
Updated table Address with id 077c1997-d2de-4ca9-a525-b3a87c3bbeb9:

7/20/2016 11:27:36 PM
Updated table Address with id 077c1997-d2de-4ca9-a525-b3a87c3bbeb9:

7/20/2016 11:30:23 PM
Updated table pcr with id 02fa583b-6c89-4896-a1d4-99bdcd68eb25:

7/20/2016 11:30:36 PM
Updated table Address with id 077c1997-d2de-4ca9-a525-b3a87c3bbeb9:

7/20/2016 11:30:37 PM
Updated table Address with id 077c1997-d2de-4ca9-a525-b3a87c3bbeb9:

7/20/2016 11:36:49 PM
Updated table pcr with id 02fa583b-6c89-4896-a1d4-99bdcd68eb25:

7/20/2016 11:36:52 PM
Updated table Address with id 077c1997-d2de-4ca9-a525-b3a87c3bbeb9:

7/20/2016 11:36:53 PM
Updated table Address with id 077c1997-d2de-4ca9-a525-b3a87c3bbeb9:

7/20/2016 11:47:27 PM
Updated table pcr with id 02fa583b-6c89-4896-a1d4-99bdcd68eb25:

7/20/2016 11:47:34 PM
Updated table Address with id 077c1997-d2de-4ca9-a525-b3a87c3bbeb9:

7/20/2016 11:47:39 PM
Updated table Address with id 077c1997-d2de-4ca9-a525-b3a87c3bbeb9:

7/20/2016 11:48:54 PM
Updated table pcr with id 02fa583b-6c89-4896-a1d4-99bdcd68eb25:

7/20/2016 11:48:55 PM
Updated table Address with id 077c1997-d2de-4ca9-a525-b3a87c3bbeb9:

7/20/2016 11:49:00 PM
Updated table Address with id 077c1997-d2de-4ca9-a525-b3a87c3bbeb9:

7/20/2016 11:49:39 PM
Updated table pcr_members with id 3e9fd7f6-3b5a-46ba-a7f7-5e4a95dcb61f:

7/20/2016 11:49:43 PM
Updated table pcr_members with id 51b29097-44df-4a64-b107-9afd05346900:

7/20/2016 11:49:48 PM
Updated table pcr_members with id fcfbbcb5-b020-4f1b-908c-923c6b356542:

7/20/2016 11:50:21 PM
Updated table agency with id f282aefd-e695-11e3-8fa5-842b2b4bbc99:

7/20/2016 11:50:22 PM
Inserted into table neighborhood with id c2358c2b-4600-4d76-8558-bbb5a4541ab4:

7/20/2016 11:50:22 PM
Updated table users with id 1b6393c5-0758-11e5-a5ab-00155d0e0b3f:

7/20/2016 11:50:24 PM
Updated table agency with id f282aefd-e695-11e3-8fa5-842b2b4bbc99:

7/20/2016 11:50:24 PM
Inserted into table neighborhood with id bd4cb7ec-3169-4e6b-ab2b-6fa4ac7c052a:

7/20/2016 11:50:24 PM
Updated table users with id 4a6e6894-05f4-11e4-ace5-002354f956f4:

7/20/2016 11:50:26 PM
Updated table agency with id f282aefd-e695-11e3-8fa5-842b2b4bbc99:

7/20/2016 11:50:26 PM
Inserted into table neighborhood with id 3dbf3081-0947-4216-a7f3-a2dd56b25294:

7/20/2016 11:50:26 PM
Updated table users with id 535f0bef-ad70-494d-9354-1534fc0ef740:

7/20/2016 11:50:30 PM
Updated table insurance_policy with id 9d788b50-b526-4bdb-a93a-8910bd3e6a00:

7/20/2016 11:50:30 PM
Updated table insurance_policy with id 6d6a2e9c-ee18-4714-823b-49983309bcff:

7/20/2016 11:50:30 PM
Updated table pcr_Demographic with id d020a76e-18d6-4ae4-804f-b4ead7cfb13f:

7/20/2016 11:50:33 PM
Updated table pcr_Assessment with id f5cc6ada-b592-4804-964e-cece23620810:

7/20/2016 11:50:38 PM
Updated table pcr_narrative_notes with id 69d4f4e0-dd3b-41a9-b4ae-6d19672d8d8e:

7/20/2016 11:50:40 PM
Updated table pcr_rma with id 5fac70cf-3e66-4e5a-9ccd-5973b8ab9e3a:

7/20/2016 11:50:40 PM
Updated table pcr_Apcf with id 03581230-9d35-4823-9ac1-6309db953cfe:

7/20/2016 11:50:40 PM
Inserted into table pcr_Disposition with id e67b98cd-16e5-4b53-9a5b-f3cbe67b2b02:

7/20/2016 11:50:40 PM
Updated table ems_run with id fbf16ac0-84fe-4078-b77b-002732fcbfe9:

7/20/2016 11:50:40 PM
Updated table pcr_Narcotic with id 8a7aac60-f263-476f-8963-58c0aa0e1975:

7/20/2016 11:50:40 PM
Updated table pcr_Authorization with id d58eb55f-3198-4930-8a7f-db678c04ac5a:
