
8/3/2016 11:28:03 AM
update pcr set 
pcr_dispatch_id = 'f10e108b-7165-433e-adbb-0ece7d02336c',
pcr_demographic_id = 'd020a76e-18d6-4ae4-804f-b4ead7cfb13f',
pcr_assessment_id = 'f5cc6ada-b592-4804-964e-cece23620810',
pcr_narrative_notes_id = '69d4f4e0-dd3b-41a9-b4ae-6d19672d8d8e',
pcr_rma_id = '5fac70cf-3e66-4e5a-9ccd-5973b8ab9e3a',
pcr_authorization_id = 'd58eb55f-3198-4930-8a7f-db678c04ac5a',
pcr_apcf_id = '03581230-9d35-4823-9ac1-6309db953cfe',
pcr_disposition_id = '131f1b00-dd0a-4ce8-a12d-9093c27b07a5',
ems_run = 'fbf16ac0-84fe-4078-b77b-002732fcbfe9',
pcr_narcotics_id = '8a7aac60-f263-476f-8963-58c0aa0e1975',
cad_number_id = null,
cad_number = null,
pcr_type = '10-93 ',
pcr_number = ' -07142015-202456-2',
printed = '0',
admitted = '0',
agency_id = 'f282aefd-e695-11e3-8fa5-842b2b4bbc99',
qa = '1' where id ='02fa583b-6c89-4896-a1d4-99bdcd68eb25'

8/3/2016 11:28:09 AM
update Address set 
address = null,
unit = null,
city_id = null,
state_id = null,
zip_id = null,
country_id = '14b00896-d006-480c-9d74-00f2995ce168',
address_type_id = null where id ='077c1997-d2de-4ca9-a525-b3a87c3bbeb9'

8/3/2016 11:28:09 AM
update pcr_dispatch set 
date = '2016-08-03 11:28:09',
cad = '507143210',
transported_from = null,
town_id = null,
cross_street = null,
assigned = '2015-07-14 08:24:56',
en_route_63 = null,
on_scene_84 = null,
pt_contact = '2015-07-14 08:27:00',
from_scene_82 = null,
at_destination = '2015-07-14 08:35:00',
in_service = '2015-07-14 08:35:00',
pt_count = null,
dispatch_method = 'Emergency',
phone = null,
mileage_begin = null,
mileage_end = null,
address_id = '077c1997-d2de-4ca9-a525-b3a87c3bbeb9',
facility_id = null,
call_type = 'Fracture',
CallReceivedTime = null,
neighborhood = null where id ='f10e108b-7165-433e-adbb-0ece7d02336c'

8/3/2016 11:28:10 AM
update Address set 
address = '200 Lee Cole Rd',
unit = null,
city_id = null,
state_id = null,
zip_id = null,
country_id = null,
address_type_id = null where id ='077c1997-d2de-4ca9-a525-b3a87c3bbeb9'

8/3/2016 11:28:12 AM
update pcr_members set 
pcr_id = '02fa583b-6c89-4896-a1d4-99bdcd68eb25',
user_id = '1b6393c5-0758-11e5-a5ab-00155d0e0b3f',
in_charge = '1',
driver = '0',
transport = '0',
documentary = '1',
scene_only = '1',
active = '1' where id ='3e9fd7f6-3b5a-46ba-a7f7-5e4a95dcb61f'

8/3/2016 11:28:14 AM
update pcr_members set 
pcr_id = '02fa583b-6c89-4896-a1d4-99bdcd68eb25',
user_id = '4a6e6894-05f4-11e4-ace5-002354f956f4',
in_charge = '0',
driver = '1',
transport = '0',
documentary = '0',
scene_only = '0',
active = '1' where id ='51b29097-44df-4a64-b107-9afd05346900'

8/3/2016 11:28:15 AM
update pcr_members set 
pcr_id = '02fa583b-6c89-4896-a1d4-99bdcd68eb25',
user_id = '535f0bef-ad70-494d-9354-1534fc0ef740',
in_charge = '0',
driver = '0',
transport = '0',
documentary = '0',
scene_only = '1',
active = '1' where id ='fcfbbcb5-b020-4f1b-908c-923c6b356542'

8/3/2016 11:28:18 AM
update business set 
name = null where id ='611f202b-b74f-4a17-bb76-860e5961e98c'

8/3/2016 11:28:18 AM
update agency set 
agency_name = 'Chevra Hatzalah',
agency_number = '7191',
agency_type = 'Volunteer',
agency_npi = null,
agency_comments = null,
license_number = null,
license_level = 'ALS',
business_id = '611f202b-b74f-4a17-bb76-860e5961e98c' where id ='f282aefd-e695-11e3-8fa5-842b2b4bbc99'

8/3/2016 11:28:18 AM
update users set 
agency_id = 'f282aefd-e695-11e3-8fa5-842b2b4bbc99',
user = 'W137',
pass = 'hatch901',
badge_number = 'W137',
license = '373375',
hire_date = null,
termination_date = null,
personnel_status = null,
work_status = null,
salary_type = null,
license_type = 'EMT',
person_id = null,
is_admin = '0',
is_super_admin = null,
active = '1',
neighborhood = null where id ='1b6393c5-0758-11e5-a5ab-00155d0e0b3f'

8/3/2016 11:28:18 AM
update business set 
name = null where id ='611f202b-b74f-4a17-bb76-860e5961e98c'

8/3/2016 11:28:18 AM
update agency set 
agency_name = 'Chevra Hatzalah',
agency_number = '7191',
agency_type = 'Volunteer',
agency_npi = null,
agency_comments = null,
license_number = null,
license_level = 'ALS',
business_id = '611f202b-b74f-4a17-bb76-860e5961e98c' where id ='f282aefd-e695-11e3-8fa5-842b2b4bbc99'

8/3/2016 11:28:18 AM
update users set 
agency_id = 'f282aefd-e695-11e3-8fa5-842b2b4bbc99',
user = 'B311',
pass = 'owned667',
badge_number = 'B311',
license = null,
hire_date = null,
termination_date = null,
personnel_status = null,
work_status = null,
salary_type = null,
license_type = null,
person_id = null,
is_admin = '0',
is_super_admin = null,
active = '1',
neighborhood = null where id ='4a6e6894-05f4-11e4-ace5-002354f956f4'

8/3/2016 11:28:20 AM
update business set 
name = null where id ='611f202b-b74f-4a17-bb76-860e5961e98c'

8/3/2016 11:28:20 AM
update agency set 
agency_name = 'Chevra Hatzalah',
agency_number = '7191',
agency_type = 'Volunteer',
agency_npi = null,
agency_comments = null,
license_number = null,
license_level = 'ALS',
business_id = '611f202b-b74f-4a17-bb76-860e5961e98c' where id ='f282aefd-e695-11e3-8fa5-842b2b4bbc99'

8/3/2016 11:28:20 AM
update users set 
agency_id = 'f282aefd-e695-11e3-8fa5-842b2b4bbc99',
user = 'W331',
pass = 'hobby946',
badge_number = 'W331',
license = '370129',
hire_date = null,
termination_date = null,
personnel_status = null,
work_status = null,
salary_type = null,
license_type = 'EMT',
person_id = null,
is_admin = '0',
is_super_admin = null,
active = '1',
neighborhood = null where id ='535f0bef-ad70-494d-9354-1534fc0ef740'

8/3/2016 11:28:23 AM
update person set 
first_name = 'Naftuly ',
mi = null,
last_name = 'Hersko',
dob = '2011-03-11 12:00:01',
weight = null,
is_male = '1',
age = '4',
ss = null,
email = null,
marital_status = null,
active = '1' where id ='b8b00f2a-6c7a-4666-bfa6-e3890b076f12'

8/3/2016 11:28:23 AM
update person set 
first_name = 'Mr Hersko',
mi = null,
last_name = null,
dob = null,
weight = null,
is_male = null,
age = null,
ss = null,
email = null,
marital_status = null,
active = '1' where id ='ac70daf0-7151-4ded-aa78-b9f7c73be844'

8/3/2016 11:28:23 AM
update person set 
first_name = null,
mi = null,
last_name = 'Dr. Wicks',
dob = null,
weight = null,
is_male = null,
age = null,
ss = null,
email = null,
marital_status = null,
active = '1' where id ='d1da8704-3db0-49ac-bdbe-51f5dc84fbf0'

8/3/2016 11:28:23 AM
update insurance_policy set 
insurance = '59621d84-9c53-4c3e-86ff-6dd92d32b59e',
policy_no = null,
group_no = null,
policy_holder = 'b8b00f2a-6c7a-4666-bfa6-e3890b076f12' where id ='9d788b50-b526-4bdb-a93a-8910bd3e6a00'

8/3/2016 11:28:23 AM
update insurance_policy set 
insurance = 'd8e7dd17-1cd1-4763-ac97-8e8af365960d',
policy_no = null,
group_no = null,
policy_holder = 'b8b00f2a-6c7a-4666-bfa6-e3890b076f12' where id ='6d6a2e9c-ee18-4714-823b-49983309bcff'

8/3/2016 11:28:23 AM
update pcr_Demographic set 
pt_person = 'b8b00f2a-6c7a-4666-bfa6-e3890b076f12',
emr_contact_person = 'ac70daf0-7151-4ded-aa78-b9f7c73be844',
phy_contact_person = 'd1da8704-3db0-49ac-bdbe-51f5dc84fbf0',
primary_policy = '9d788b50-b526-4bdb-a93a-8910bd3e6a00',
secondary_policy = '6d6a2e9c-ee18-4714-823b-49983309bcff',
terciary_insurance = null,
agency_id = null where id ='d020a76e-18d6-4ae4-804f-b4ead7cfb13f'

8/3/2016 11:28:26 AM
update pcr_Assessment set 
chief_complaint = null,
medications = null,
burn_1st = null,
burn_2nd = null,
burn_3rd = null,
total_burn = null,
onset = null,
minutes = null,
hours = null,
days = null,
weeks = null,
months = null,
neckScribble = null,
abdomenScribble = null,
chestScribble = null,
rightHandScribble = null,
leftHandScribble = null,
rightFootScribble = null,
leftFootScribble = null,
backScribble = null,
groinScribble = null where id ='f5cc6ada-b592-4804-964e-cece23620810'

8/3/2016 11:28:26 AM
update pcr_narrative_notes set 
objective_subjective_notes = null,
incident_report = null,
xml_crew_member_signature = null,
receiving_representative_name = null,
crew_member_name = null,
xml_receiving_facility_repres = null,
additional_notes = null where id ='69d4f4e0-dd3b-41a9-b4ae-6d19672d8d8e'

8/3/2016 11:28:26 AM
update pcr_rma set 
rma_text = null,
medical_assistance_refused = null,
signature = null,
witness_signature = null,
witness_name = null,
patient_legal_guardian = null where id ='5fac70cf-3e66-4e5a-9ccd-5973b8ab9e3a'

8/3/2016 11:28:29 AM
update pcr_Apcf set 
reason_appointment = null,
reason_ambulance = null,
reason_medical = null,
physician_name = null,
date_appointment = '2015-07-14 08:24:56',
xml_physician_signature = null,
ems_emt_name = null,
patient_bed_confined = null,
title = null,
patient_bed_confined_after_transport = null where id ='03581230-9d35-4823-9ac1-6309db953cfe'

8/3/2016 11:28:29 AM
insert into pcr_Disposition(disposition_facility_id,address_id,out_of_area,out_of_area_exists,id)
values
(null,null,null,'0','58cd4fec-053d-4488-8f2d-a78eacb64c3d')

8/3/2016 11:28:31 AM
update ems_run set 
status = '2',
explanation = null,
state_report = '0',
billing_file = '0' where id ='fbf16ac0-84fe-4078-b77b-002732fcbfe9'

8/3/2016 11:28:31 AM
update pcr_Narcotic set 
call_location = null,
patient_name = null,
patient_address = null,
patient_csz = null,
patient_ssn = null,
chief_complaint = null,
receiving_hospital = null,
disp_code = null,
ed_chart = null,
paramedic_name = null,
paramedic_signature = null,
witness_name = null,
witness_signature = null,
midazolam_wasted = null,
diazepam_wasted = null,
lorazepam_wasted = null,
morphine_sulfate_wasted = null,
fentanyl_wasted = null,
midazolam_number = null,
diazepam_number = null,
lorazepam_number = null,
morphine_sulfate_number = null,
fentanyl_number = null,
number = null where id ='8a7aac60-f263-476f-8963-58c0aa0e1975'

8/3/2016 11:28:34 AM
update pcr_Authorization set 
xml_patient_signature = null,
xml_witness_signature = null,
witness_name = null,
reason_patient_incapable = null,
repres_signature = null,
repres_name = null,
reason_patient_incapable2 = null,
time_at_facility = null,
name_of_facility = null,
name_crewmember = null,
name_facility_repres = null,
signature_facility_repres = null,
signature_crewmember = null,
patient_legal_guardian = null,
patient_health_care_poa = null,
relative_benefits = null,
relative_affairs = null,
repres_agency = null,
patient_care_report = null,
facility_face_sheet = null,
medical_record = null,
facility_record = null,
auth_text = null,
type = null,
patient_repres = null where id ='d58eb55f-3198-4930-8a7f-db678c04ac5a'

8/3/2016 11:29:50 AM
update pcr_buttons set 
pcr_id = '77c36b9d-05ba-4390-9989-992ab989cded',
button_id = '06a6ef2b-07a7-11e0-bdc9-8e92303c9d5f',
Clicked = '1' where id ='0673d3a2-6e3c-4058-a4ef-85bd97f87380'

8/3/2016 11:29:58 AM
update pcr_buttons set 
pcr_id = '77c36b9d-05ba-4390-9989-992ab989cded',
button_id = '53b31cdb-a9f6-4c59-8c08-35894f9c98cc',
Clicked = '1' where id ='0acb6e46-bc56-49fc-8569-adfe5ce50782'

8/3/2016 11:29:58 AM
update pcr_buttons set 
pcr_id = '77c36b9d-05ba-4390-9989-992ab989cded',
button_id = '252d0fc8-0623-11e0-9c66-0ba20c568bb6',
Clicked = '1' where id ='0b223d97-7f58-43bf-be4c-60c32df20255'

8/3/2016 11:29:59 AM
update pcr_buttons set 
pcr_id = '77c36b9d-05ba-4390-9989-992ab989cded',
button_id = '06a8173f-07a7-11e0-bdc9-8e92303c9d5f',
Clicked = '1' where id ='103909d6-e97a-4a28-8478-f11977e48be5'

8/3/2016 11:29:59 AM
update pcr_buttons set 
pcr_id = '77c36b9d-05ba-4390-9989-992ab989cded',
button_id = '975c36e6-0610-11e0-9c66-0ba20c568bb6',
Clicked = '1' where id ='10c6753c-9268-4e9f-99b4-9b89db681169'

8/3/2016 11:29:59 AM
update pcr_buttons set 
pcr_id = '77c36b9d-05ba-4390-9989-992ab989cded',
button_id = '975b78c7-0610-11e0-9c66-0ba20c568bb6',
Clicked = '1' where id ='10eae35a-4959-4dc6-bc00-4dc4b53ca58e'

8/3/2016 11:29:59 AM
update pcr_buttons set 
pcr_id = '77c36b9d-05ba-4390-9989-992ab989cded',
button_id = '975c815b-0610-11e0-9c66-0ba20c568bb6',
Clicked = '1' where id ='166b6bca-cecc-4e6f-8c49-5e20b86e7edb'

8/3/2016 11:29:59 AM
update pcr_buttons set 
pcr_id = '77c36b9d-05ba-4390-9989-992ab989cded',
button_id = '5081754e-96ba-480f-b2b5-58d2f7f3fb12',
Clicked = '1' where id ='177c39fd-852e-41a4-979c-5c2717d5c9fc'

8/3/2016 11:29:59 AM
update pcr_buttons set 
pcr_id = '77c36b9d-05ba-4390-9989-992ab989cded',
button_id = '067686e0-07a7-11e0-bdc9-8e92303c9d5f',
Clicked = '1' where id ='17907148-1e79-4b61-b423-3bd7f14f7c92'

8/3/2016 11:29:59 AM
update pcr_buttons set 
pcr_id = '77c36b9d-05ba-4390-9989-992ab989cded',
button_id = '0671b38d-07a7-11e0-bdc9-8e92303c9d5f',
Clicked = '1' where id ='1df26a79-8d6f-463d-96b0-969fbe733b94'

8/3/2016 11:29:59 AM
update pcr_buttons set 
pcr_id = '77c36b9d-05ba-4390-9989-992ab989cded',
button_id = '975cc813-0610-11e0-9c66-0ba20c568bb6',
Clicked = '1' where id ='2270f580-92fa-4f51-b626-9dde014b9a1a'

8/3/2016 11:29:59 AM
update pcr_buttons set 
pcr_id = '77c36b9d-05ba-4390-9989-992ab989cded',
button_id = '0673f553-07a7-11e0-bdc9-8e92303c9d5f',
Clicked = '1' where id ='24d14e89-fb71-4609-a0b6-235978c95f26'

8/3/2016 11:29:59 AM
update pcr_buttons set 
pcr_id = '77c36b9d-05ba-4390-9989-992ab989cded',
button_id = '06751742-07a7-11e0-bdc9-8e92303c9d5f',
Clicked = '1' where id ='2576d0e7-5a65-40c5-a1aa-3cb03071d03d'

8/3/2016 11:29:59 AM
update pcr_buttons set 
pcr_id = '77c36b9d-05ba-4390-9989-992ab989cded',
button_id = '06710642-07a7-11e0-bdc9-8e92303c9d5f',
Clicked = '1' where id ='2b158ce3-ac21-4b1c-aa4b-3b6f34e70ef8'

8/3/2016 11:29:59 AM
update pcr_buttons set 
pcr_id = '77c36b9d-05ba-4390-9989-992ab989cded',
button_id = '975be590-0610-11e0-9c66-0ba20c568bb6',
Clicked = '1' where id ='2bea685f-a765-498a-a485-b3ec46f523ea'

8/3/2016 11:29:59 AM
update pcr_buttons set 
pcr_id = '77c36b9d-05ba-4390-9989-992ab989cded',
button_id = '06a8ab85-07a7-11e0-bdc9-8e92303c9d5f',
Clicked = '1' where id ='2ed503fb-79e2-4fae-a45f-f5b25bd2a300'

8/3/2016 11:29:59 AM
update pcr_buttons set 
pcr_id = '77c36b9d-05ba-4390-9989-992ab989cded',
button_id = '25290662-0623-11e0-9c66-0ba20c568bb6',
Clicked = '1' where id ='2ff20bb8-8c1f-4892-9e9b-4d7534214840'

8/3/2016 11:29:59 AM
update pcr_buttons set 
pcr_id = '77c36b9d-05ba-4390-9989-992ab989cded',
button_id = '975d90b0-0610-11e0-9c66-0ba20c568bb6',
Clicked = '1' where id ='370eaf2b-c478-4d4e-9007-166dc7ee153c'

8/3/2016 11:29:59 AM
update pcr_buttons set 
pcr_id = '77c36b9d-05ba-4390-9989-992ab989cded',
button_id = '06724944-07a7-11e0-bdc9-8e92303c9d5f',
Clicked = '1' where id ='3ab72661-846e-4916-8d01-cf7f90d093d3'

8/3/2016 11:29:59 AM
update pcr_buttons set 
pcr_id = '77c36b9d-05ba-4390-9989-992ab989cded',
button_id = '06712025-07a7-11e0-bdc9-8e92303c9d5f',
Clicked = '1' where id ='41a402cb-1884-43fc-8a81-d9ff9d3a46f8'

8/3/2016 11:29:59 AM
update pcr_buttons set 
pcr_id = '77c36b9d-05ba-4390-9989-992ab989cded',
button_id = '975ba90f-0610-11e0-9c66-0ba20c568bb6',
Clicked = '1' where id ='441ac5dc-fb12-4f9f-a3b8-e06110b3792d'

8/3/2016 11:29:59 AM
update pcr_buttons set 
pcr_id = '77c36b9d-05ba-4390-9989-992ab989cded',
button_id = '031146c5-8fd7-11e1-b08b-842b2b4bbc99',
Clicked = '1' where id ='453f69ad-c4d8-4c50-85e3-bb80fff8f3fa'

8/3/2016 11:29:59 AM
update pcr_buttons set 
pcr_id = '77c36b9d-05ba-4390-9989-992ab989cded',
button_id = '252b1f30-0623-11e0-9c66-0ba20c568bb6',
Clicked = '1' where id ='457cdf8e-c86b-4266-83e1-75af8b8b4f5d'

8/3/2016 11:29:59 AM
update pcr_buttons set 
pcr_id = '77c36b9d-05ba-4390-9989-992ab989cded',
button_id = '06a61fa9-07a7-11e0-bdc9-8e92303c9d5f',
Clicked = '1' where id ='48dc06da-e96c-4d3d-b08a-812f896f1b2a'

8/3/2016 11:30:00 AM
update pcr_buttons set 
pcr_id = '77c36b9d-05ba-4390-9989-992ab989cded',
button_id = '06723e79-07a7-11e0-bdc9-8e92303c9d5f',
Clicked = '1' where id ='4a5c9487-b395-493b-9e19-8430db54e2ea'

8/3/2016 11:30:00 AM
update pcr_buttons set 
pcr_id = '77c36b9d-05ba-4390-9989-992ab989cded',
button_id = '06a5e320-07a7-11e0-bdc9-8e92303c9d5f',
Clicked = '1' where id ='4cf84442-48b6-4c42-a327-9a6aeb5ba920'

8/3/2016 11:30:00 AM
update pcr_buttons set 
pcr_id = '77c36b9d-05ba-4390-9989-992ab989cded',
button_id = '06a7a207-07a7-11e0-bdc9-8e92303c9d5f',
Clicked = '1' where id ='513e171c-1d44-4950-b854-ab1a8d1f3c96'

8/3/2016 11:30:00 AM
update pcr_buttons set 
pcr_id = '77c36b9d-05ba-4390-9989-992ab989cded',
button_id = '06a67cb9-07a7-11e0-bdc9-8e92303c9d5f',
Clicked = '1' where id ='60285f68-79ed-46a9-ba79-f18e42806a77'

8/3/2016 11:30:00 AM
update pcr_buttons set 
pcr_id = '77c36b9d-05ba-4390-9989-992ab989cded',
button_id = '06713989-07a7-11e0-bdc9-8e92303c9d5f',
Clicked = '1' where id ='6209a0f0-b534-4802-94f8-13d19614d033'

8/3/2016 11:30:00 AM
update pcr_buttons set 
pcr_id = '77c36b9d-05ba-4390-9989-992ab989cded',
button_id = '975c5f21-0610-11e0-9c66-0ba20c568bb6',
Clicked = '1' where id ='64d15682-fd63-42f6-b242-c7b9d26968c7'

8/3/2016 11:30:00 AM
update pcr_buttons set 
pcr_id = '77c36b9d-05ba-4390-9989-992ab989cded',
button_id = '975c4b5e-0610-11e0-9c66-0ba20c568bb6',
Clicked = '1' where id ='64d21986-5bb7-430e-9b94-45e9c8b4c7c2'

8/3/2016 11:30:00 AM
update pcr_buttons set 
pcr_id = '77c36b9d-05ba-4390-9989-992ab989cded',
button_id = '6b5eefa0-8fd9-11e1-b08b-842b2b4bbc99',
Clicked = '1' where id ='681ead59-fb89-47ee-8205-9abc06d1429c'

8/3/2016 11:30:00 AM
update pcr_buttons set 
pcr_id = '77c36b9d-05ba-4390-9989-992ab989cded',
button_id = '06746e27-07a7-11e0-bdc9-8e92303c9d5f',
Clicked = '1' where id ='7fe23155-e69d-42d4-ab9e-6699b1497c8d'

8/3/2016 11:30:00 AM
update pcr_buttons set 
pcr_id = '77c36b9d-05ba-4390-9989-992ab989cded',
button_id = '975c1c3e-0610-11e0-9c66-0ba20c568bb6',
Clicked = '1' where id ='808ab300-1cac-4795-a3f6-71ba1bc3e0ca'

8/3/2016 11:30:00 AM
update pcr_buttons set 
pcr_id = '77c36b9d-05ba-4390-9989-992ab989cded',
button_id = '975ca379-0610-11e0-9c66-0ba20c568bb6',
Clicked = '1' where id ='8b105cde-179a-421d-832b-b49f2fdec2f0'

8/3/2016 11:30:00 AM
update pcr_buttons set 
pcr_id = '77c36b9d-05ba-4390-9989-992ab989cded',
button_id = '0670ba8c-07a7-11e0-bdc9-8e92303c9d5f',
Clicked = '1' where id ='8e31549a-763d-4084-85b6-1ce244dc6c92'

8/3/2016 11:30:00 AM
update pcr_buttons set 
pcr_id = '77c36b9d-05ba-4390-9989-992ab989cded',
button_id = '0674c31d-07a7-11e0-bdc9-8e92303c9d5f',
Clicked = '1' where id ='8f879ace-5640-4f2e-8713-d20f1d894512'

8/3/2016 11:30:01 AM
update pcr_buttons set 
pcr_id = '77c36b9d-05ba-4390-9989-992ab989cded',
button_id = '252bc1ea-0623-11e0-9c66-0ba20c568bb6',
Clicked = '1' where id ='99310e74-6733-426b-afd8-0cee7afa0090'

8/3/2016 11:30:01 AM
update pcr_buttons set 
pcr_id = '77c36b9d-05ba-4390-9989-992ab989cded',
button_id = '429b51ac-e12c-4c71-b5a7-e40dd1f153f6',
Clicked = '1' where id ='9fe8e449-7613-4cb2-b7fb-dd7797c6a84e'

8/3/2016 11:30:01 AM
update pcr_buttons set 
pcr_id = '77c36b9d-05ba-4390-9989-992ab989cded',
button_id = '975bc649-0610-11e0-9c66-0ba20c568bb6',
Clicked = '1' where id ='a2120403-51cc-4bbd-be6b-c6abdbed15ea'

8/3/2016 11:30:01 AM
update pcr_buttons set 
pcr_id = '77c36b9d-05ba-4390-9989-992ab989cded',
button_id = '252da90b-0623-11e0-9c66-0ba20c568bb6',
Clicked = '1' where id ='a499308d-c17f-4eca-87c1-d94fe3f86f42'

8/3/2016 11:30:01 AM
update pcr_buttons set 
pcr_id = '77c36b9d-05ba-4390-9989-992ab989cded',
button_id = '0671440b-07a7-11e0-bdc9-8e92303c9d5f',
Clicked = '1' where id ='a7eed898-082b-4deb-9bb9-ac35bc418560'

8/3/2016 11:30:01 AM
update pcr_buttons set 
pcr_id = '77c36b9d-05ba-4390-9989-992ab989cded',
button_id = '0673a198-07a7-11e0-bdc9-8e92303c9d5f',
Clicked = '1' where id ='abeb36e4-3fee-4838-a6f1-e7330ba3c244'

8/3/2016 11:30:01 AM
update pcr_buttons set 
pcr_id = '77c36b9d-05ba-4390-9989-992ab989cded',
button_id = '06a65c4a-07a7-11e0-bdc9-8e92303c9d5f',
Clicked = '1' where id ='add9178e-1fd4-4a12-a3e4-9106f8d9e459'

8/3/2016 11:30:01 AM
update pcr_buttons set 
pcr_id = '77c36b9d-05ba-4390-9989-992ab989cded',
button_id = '0670a543-07a7-11e0-bdc9-8e92303c9d5f',
Clicked = '1' where id ='b5a210e5-aa53-4680-b9c3-08510c53d88f'

8/3/2016 11:30:01 AM
update pcr_buttons set 
pcr_id = '77c36b9d-05ba-4390-9989-992ab989cded',
button_id = '06717404-07a7-11e0-bdc9-8e92303c9d5f',
Clicked = '1' where id ='b765edf8-31a7-48c9-983b-72a7e3f8cce1'

8/3/2016 11:30:01 AM
update pcr_buttons set 
pcr_id = '77c36b9d-05ba-4390-9989-992ab989cded',
button_id = '0670ec87-07a7-11e0-bdc9-8e92303c9d5f',
Clicked = '1' where id ='bd2203a3-5426-4bed-9bd7-1a56f5d3d36d'

8/3/2016 11:30:01 AM
update pcr_buttons set 
pcr_id = '77c36b9d-05ba-4390-9989-992ab989cded',
button_id = '964d1ba8-34e1-4f9a-9d75-029b7b693a6e',
Clicked = '1' where id ='cb04ed64-e481-48dd-8eca-7ef1bd177c3e'

8/3/2016 11:30:01 AM
update pcr_buttons set 
pcr_id = '77c36b9d-05ba-4390-9989-992ab989cded',
button_id = 'cfe411a1-52a7-4800-b37a-83db65c29ac8',
Clicked = '1' where id ='cb4c7263-07e8-4c1a-bd9d-f31d9111605b'

8/3/2016 11:30:01 AM
update pcr_buttons set 
pcr_id = '77c36b9d-05ba-4390-9989-992ab989cded',
button_id = '06714904-07a7-11e0-bdc9-8e92303c9d5f',
Clicked = '1' where id ='cbcf22d3-a4b0-431a-833b-4d0809a77161'

8/3/2016 11:30:01 AM
update pcr_buttons set 
pcr_id = '77c36b9d-05ba-4390-9989-992ab989cded',
button_id = '067157f3-07a7-11e0-bdc9-8e92303c9d5f',
Clicked = '1' where id ='d04b265d-868c-4a01-9beb-9e4f76edfb5a'

8/3/2016 11:30:01 AM
update pcr_buttons set 
pcr_id = '77c36b9d-05ba-4390-9989-992ab989cded',
button_id = '06742347-07a7-11e0-bdc9-8e92303c9d5f',
Clicked = '1' where id ='d5fe090c-33fe-4c92-a5f4-18995d98ff18'

8/3/2016 11:30:01 AM
update pcr_buttons set 
pcr_id = '77c36b9d-05ba-4390-9989-992ab989cded',
button_id = '06a5aaae-07a7-11e0-bdc9-8e92303c9d5f',
Clicked = '1' where id ='dcdf1821-ff78-4ea4-b897-90a0d4855633'

8/3/2016 11:30:01 AM
update pcr_buttons set 
pcr_id = '77c36b9d-05ba-4390-9989-992ab989cded',
button_id = 'fffb83bb-36a4-4bae-8feb-07d34b281ee6',
Clicked = '1' where id ='e18ff70c-c2c4-493b-916c-e785a28b3ec9'

8/3/2016 11:30:01 AM
update pcr_buttons set 
pcr_id = '77c36b9d-05ba-4390-9989-992ab989cded',
button_id = '975bf929-0610-11e0-9c66-0ba20c568bb6',
Clicked = '1' where id ='e1a30d2a-b7f7-485b-9bf6-7e41d35af3c3'

8/3/2016 11:30:01 AM
update pcr_buttons set 
pcr_id = '77c36b9d-05ba-4390-9989-992ab989cded',
button_id = '252c6321-0623-11e0-9c66-0ba20c568bb6',
Clicked = '1' where id ='e334c6ee-75b6-4ad6-b75b-522486ddb25f'

8/3/2016 11:30:01 AM
update pcr_buttons set 
pcr_id = '77c36b9d-05ba-4390-9989-992ab989cded',
button_id = '975ce58f-0610-11e0-9c66-0ba20c568bb6',
Clicked = '1' where id ='e5840286-f9dd-4778-ad31-761cbe0bed9d'

8/3/2016 11:30:01 AM
update pcr_buttons set 
pcr_id = '77c36b9d-05ba-4390-9989-992ab989cded',
button_id = '06a5dcb5-07a7-11e0-bdc9-8e92303c9d5f',
Clicked = '1' where id ='e831103b-28ef-4e2b-ad0f-2dcc1a1d3ae2'

8/3/2016 11:30:01 AM
update pcr_buttons set 
pcr_id = '77c36b9d-05ba-4390-9989-992ab989cded',
button_id = '06735cbc-07a7-11e0-bdc9-8e92303c9d5f',
Clicked = '1' where id ='e88d8869-50da-461a-8cb7-7194c02d274b'

8/3/2016 11:30:01 AM
update pcr_buttons set 
pcr_id = '77c36b9d-05ba-4390-9989-992ab989cded',
button_id = '975d365a-0610-11e0-9c66-0ba20c568bb6',
Clicked = '1' where id ='edbd2a6b-a48a-443b-adf2-69eb1e4a72c9'

8/3/2016 11:30:01 AM
update pcr_buttons set 
pcr_id = '77c36b9d-05ba-4390-9989-992ab989cded',
button_id = '067569e5-07a7-11e0-bdc9-8e92303c9d5f',
Clicked = '1' where id ='ee2aa4f9-217a-4ea2-9b25-934a9f019b94'

8/3/2016 11:30:02 AM
update pcr_buttons set 
pcr_id = '77c36b9d-05ba-4390-9989-992ab989cded',
button_id = '975cfb67-0610-11e0-9c66-0ba20c568bb6',
Clicked = '1' where id ='f39ea2e8-8b7f-4193-a415-f5074ed5ff12'

8/3/2016 11:30:02 AM
update pcr_buttons set 
pcr_id = '77c36b9d-05ba-4390-9989-992ab989cded',
button_id = '067667a5-07a7-11e0-bdc9-8e92303c9d5f',
Clicked = '1' where id ='fe280ade-6e6f-4ed3-8334-24aad543f948'

8/3/2016 11:30:02 AM
update pcr_buttons set 
pcr_id = '77c36b9d-05ba-4390-9989-992ab989cded',
button_id = '06a75377-07a7-11e0-bdc9-8e92303c9d5f',
Clicked = '1' where id ='ff215ab7-8955-40ef-b9d0-436154816183'

8/3/2016 11:30:02 AM
update pcr_buttons set 
pcr_id = '77c36b9d-05ba-4390-9989-992ab989cded',
button_id = '06a771f0-07a7-11e0-bdc9-8e92303c9d5f',
Clicked = '1' where id ='fff96c84-fed8-40ce-9536-d0b58310f552'

8/3/2016 11:30:02 AM
update pcr_inputs set 
value = 'anxiety, insomnia,',
pcr_id = '77c36b9d-05ba-4390-9989-992ab989cded',
input_id = '06a7e9ca-07a7-11e0-bdc9-8e92303c9d5f' where id ='03d7a2f8-b29f-4ac8-899e-3da589fb235b'

8/3/2016 11:30:02 AM
update pcr_inputs set 
value = '3 straps',
pcr_id = '77c36b9d-05ba-4390-9989-992ab989cded',
input_id = '252af641-0623-11e0-9c66-0ba20c568bb6' where id ='05620e7b-5d39-43fd-8921-3019f118fdb0'

8/3/2016 11:30:02 AM
update pcr_inputs set 
value = '73',
pcr_id = '77c36b9d-05ba-4390-9989-992ab989cded',
input_id = '975b6e5a-0610-11e0-9c66-0ba20c568bb6' where id ='1057324f-5461-44a1-a2b1-8305d95ac3e4'

8/3/2016 11:30:02 AM
update pcr_inputs set 
value = '110',
pcr_id = '77c36b9d-05ba-4390-9989-992ab989cded',
input_id = '06a62c6d-07a7-11e0-bdc9-8e92303c9d5f' where id ='2127e143-0bbd-4556-9b1e-a4579c140864'

8/3/2016 11:30:02 AM
update pcr_inputs set 
value = '18',
pcr_id = '77c36b9d-05ba-4390-9989-992ab989cded',
input_id = '91a3016a-e92f-11e0-bf52-82e0daa6b185' where id ='21874d43-1f5e-4975-9960-036ed8ead5a2'

8/3/2016 11:30:02 AM
update pcr_inputs set 
value = '2016-08-03 08:57:00',
pcr_id = '77c36b9d-05ba-4390-9989-992ab989cded',
input_id = '06a605b9-07a7-11e0-bdc9-8e92303c9d5f' where id ='24f7ddaa-d4c0-4889-8d2d-6c2561b20ad0'

8/3/2016 11:30:02 AM
update pcr_inputs set 
value = '118',
pcr_id = '77c36b9d-05ba-4390-9989-992ab989cded',
input_id = '975b8303-0610-11e0-9c66-0ba20c568bb6' where id ='34bc1791-376a-4809-aebe-4334a901f712'

8/3/2016 11:30:02 AM
update pcr_inputs set 
value = '70',
pcr_id = '77c36b9d-05ba-4390-9989-992ab989cded',
input_id = '06a6395f-07a7-11e0-bdc9-8e92303c9d5f' where id ='386638ce-d740-4054-a7ab-041c108520f7'

8/3/2016 11:30:02 AM
update pcr_inputs set 
value = '62',
pcr_id = '77c36b9d-05ba-4390-9989-992ab989cded',
input_id = '975b8d60-0610-11e0-9c66-0ba20c568bb6' where id ='68704942-2546-4869-af57-332edda7e0f4'

8/3/2016 11:30:02 AM
update pcr_inputs set 
value = 'CT SCAN',
pcr_id = '77c36b9d-05ba-4390-9989-992ab989cded',
input_id = 'd24ec0eb-e6cc-4ba5-9d4c-a113f5a1e46c' where id ='69b46211-cd18-4e7d-89a8-ad307d92bc0f'

8/3/2016 11:30:02 AM
update pcr_inputs set 
value = '20',
pcr_id = '77c36b9d-05ba-4390-9989-992ab989cded',
input_id = '06737847-07a7-11e0-bdc9-8e92303c9d5f' where id ='7c3ef70a-1eea-4641-83ef-9c55c0bd175f'

8/3/2016 11:30:02 AM
update pcr_inputs set 
value = '14',
pcr_id = '77c36b9d-05ba-4390-9989-992ab989cded',
input_id = '5198e20f-e3d2-11e0-8de6-c373f67770cd' where id ='87e3c399-2f28-496f-adba-361c85da3a62'

8/3/2016 11:30:02 AM
update pcr_inputs set 
value = '2016-08-03 09:10:00',
pcr_id = '77c36b9d-05ba-4390-9989-992ab989cded',
input_id = '06720412-07a7-11e0-bdc9-8e92303c9d5f' where id ='8982e3f1-a6ad-46c9-814a-bdcad7bb0cff'

8/3/2016 11:30:03 AM
update pcr_inputs set 
value = 'UTO',
pcr_id = '77c36b9d-05ba-4390-9989-992ab989cded',
input_id = '06a64913-07a7-11e0-bdc9-8e92303c9d5f' where id ='9196efc9-9281-4375-848e-e6a81dadcbff'

8/3/2016 11:30:03 AM
update pcr_inputs set 
value = 'Urology f/u',
pcr_id = '77c36b9d-05ba-4390-9989-992ab989cded',
input_id = '35e5e9b8-061a-11e0-9c66-0ba20c568bb6' where id ='c4219d5c-f624-4d3f-9dbd-ed5d3cd0b0aa'

8/3/2016 11:30:03 AM
update pcr_inputs set 
value = '2016-08-03 09:12:00',
pcr_id = '77c36b9d-05ba-4390-9989-992ab989cded',
input_id = '975b6416-0610-11e0-9c66-0ba20c568bb6' where id ='c606d9cd-58ec-4bd7-94a2-7ae2418558a6'

8/3/2016 11:30:03 AM
update pcr_inputs set 
value = '13',
pcr_id = '77c36b9d-05ba-4390-9989-992ab989cded',
input_id = '490070f5-e3d2-11e0-8de6-c373f67770cd' where id ='ce9c5aaa-c8ee-4842-84f2-8877e2019ff6'

8/3/2016 11:30:03 AM
update pcr_inputs set 
value = 'UTO',
pcr_id = '77c36b9d-05ba-4390-9989-992ab989cded',
input_id = '975b984c-0610-11e0-9c66-0ba20c568bb6' where id ='d2445b3b-c3ed-4311-8edc-cf13175bc753'

8/3/2016 11:30:03 AM
update pcr_inputs set 
value = '76',
pcr_id = '77c36b9d-05ba-4390-9989-992ab989cded',
input_id = '06a6129e-07a7-11e0-bdc9-8e92303c9d5f' where id ='f33242f8-46aa-445d-a297-77c4b596f474'
