
1/10/2017 2:40:54 PM
{
  "pcr": {
    "pcr_dispatch_id": null,
    "pcr_demographic_id": null,
    "pcr_assessment_id": null,
    "pcr_narrative_notes_id": null,
    "pcr_rma_id": null,
    "pcr_authorization_id": null,
    "pcr_apcf_id": null,
    "pcr_disposition_id": null,
    "ems_run": null,
    "pcr_narcotics_id": null,
    "cad_number_id": null,
    "cad_number": null,
    "pcr_type": null,
    "pcr_number": null,
    "printed": null,
    "admitted": null,
    "agency_id": null,
    "qa": null,
    "id": "0003247f-9c6c-4e16-bf61-00a7bb401170"
  },
  "pcr_dispatch": {
    "date": null,
    "cad": null,
    "transported_from": null,
    "town_id": null,
    "cross_street": null,
    "assigned": null,
    "en_route_63": null,
    "on_scene_84": null,
    "pt_contact": null,
    "from_scene_82": null,
    "at_destination": null,
    "in_service": null,
    "pt_count": null,
    "dispatch_method": null,
    "phone": null,
    "mileage_begin": null,
    "mileage_end": null,
    "address_id": null,
    "facility_id": null,
    "call_type": null,
    "CallReceivedTime": null,
    "neighborhood": null,
    "address_object": null,
    "facility_object": null,
    "id": null
  },
  "pcr_members": [],
  "pcr_Demographic": {
    "pt_person": null,
    "emr_contact_person": null,
    "phy_contact_person": null,
    "primary_policy": null,
    "secondary_policy": null,
    "terciary_insurance": null,
    "agency_id": null,
    "pt_person_object": null,
    "emr_contact_person_object": null,
    "phy_contact_person_object": null,
    "primary_policy_object": null,
    "secondary_policy_object": null,
    "terciary_insurance_object": null,
    "agency_object": null,
    "id": null
  },
  "pcr_Assessment": {
    "chief_complaint": null,
    "medications": null,
    "burn_1st": null,
    "burn_2nd": null,
    "burn_3rd": null,
    "total_burn": null,
    "onset": null,
    "minutes": null,
    "hours": null,
    "days": null,
    "weeks": null,
    "months": null,
    "neckScribble": null,
    "abdomenScribble": null,
    "chestScribble": null,
    "rightHandScribble": null,
    "leftHandScribble": null,
    "rightFootScribble": null,
    "leftFootScribble": null,
    "backScribble": null,
    "groinScribble": null,
    "id": null
  },
  "pcr_narrative_notes": {
    "objective_subjective_notes": null,
    "incident_report": null,
    "xml_crew_member_signature": null,
    "receiving_representative_name": null,
    "crew_member_name": null,
    "xml_receiving_facility_repres": null,
    "additional_notes": null,
    "crew_member_name_object": null,
    "id": null
  },
  "pcr_rma": {
    "rma_text": null,
    "medical_assistance_refused": null,
    "signature": null,
    "witness_signature": null,
    "witness_name": null,
    "patient_legal_guardian": null,
    "rma_text_object": null,
    "id": null
  },
  "pcr_Apcf": {
    "reason_appointment": null,
    "reason_ambulance": null,
    "reason_medical": null,
    "physician_name": null,
    "date_appointment": null,
    "xml_physician_signature": null,
    "ems_emt_name": null,
    "patient_bed_confined": null,
    "title": null,
    "patient_bed_confined_after_transport": null,
    "id": null
  },
  "pcr_Disposition": {
    "disposition_facility_id": null,
    "address_id": null,
    "out_of_area": null,
    "out_of_area_exists": "0",
    "address_object": null,
    "disposition_facility_object": null,
    "id": null
  },
  "ems_run": {
    "status": null,
    "explanation": null,
    "state_report": null,
    "billing_file": null,
    "id": null
  },
  "pcr_Narcotic": {
    "call_location": null,
    "patient_name": null,
    "patient_address": null,
    "patient_csz": null,
    "patient_ssn": null,
    "chief_complaint": null,
    "receiving_hospital": null,
    "disp_code": null,
    "ed_chart": null,
    "paramedic_name": null,
    "paramedic_signature": null,
    "witness_name": null,
    "witness_signature": null,
    "midazolam_wasted": null,
    "diazepam_wasted": null,
    "lorazepam_wasted": null,
    "morphine_sulfate_wasted": null,
    "fentanyl_wasted": null,
    "midazolam_number": null,
    "diazepam_number": null,
    "lorazepam_number": null,
    "morphine_sulfate_number": null,
    "fentanyl_number": null,
    "number": null,
    "call_location_object": null,
    "patient_address_object": null,
    "patient_name_object": null,
    "id": null
  },
  "pcr_Authorization": {
    "xml_patient_signature": null,
    "xml_witness_signature": null,
    "witness_name": null,
    "reason_patient_incapable": null,
    "repres_signature": null,
    "repres_name": null,
    "reason_patient_incapable2": null,
    "time_at_facility": null,
    "name_of_facility": null,
    "name_crewmember": null,
    "name_facility_repres": null,
    "signature_facility_repres": null,
    "signature_crewmember": null,
    "patient_legal_guardian": null,
    "patient_health_care_poa": null,
    "relative_benefits": null,
    "relative_affairs": null,
    "repres_agency": null,
    "patient_care_report": null,
    "facility_face_sheet": null,
    "medical_record": null,
    "facility_record": null,
    "auth_text": null,
    "type": null,
    "patient_repres": null,
    "name_crewmember_object": null,
    "name_of_facility_object": null,
    "type_object": null,
    "auth_text_object": null,
    "id": null
  },
  "pcr_buttons": [],
  "pcr_inputs": []
}

1/10/2017 2:41:38 PM
{
  "pcr": {
    "pcr_dispatch_id": null,
    "pcr_demographic_id": null,
    "pcr_assessment_id": null,
    "pcr_narrative_notes_id": null,
    "pcr_rma_id": null,
    "pcr_authorization_id": null,
    "pcr_apcf_id": null,
    "pcr_disposition_id": null,
    "ems_run": null,
    "pcr_narcotics_id": null,
    "cad_number_id": null,
    "cad_number": null,
    "pcr_type": null,
    "pcr_number": null,
    "printed": null,
    "admitted": null,
    "agency_id": null,
    "qa": null,
    "id": "0003247f-9c6c-4e16-bf61-00a7bb401170"
  },
  "pcr_dispatch": {
    "date": null,
    "cad": null,
    "transported_from": null,
    "town_id": null,
    "cross_street": null,
    "assigned": null,
    "en_route_63": null,
    "on_scene_84": null,
    "pt_contact": null,
    "from_scene_82": null,
    "at_destination": null,
    "in_service": null,
    "pt_count": null,
    "dispatch_method": null,
    "phone": null,
    "mileage_begin": null,
    "mileage_end": null,
    "address_id": null,
    "facility_id": null,
    "call_type": null,
    "CallReceivedTime": null,
    "neighborhood": null,
    "address_object": null,
    "facility_object": null,
    "id": null
  },
  "pcr_members": [],
  "pcr_Demographic": {
    "pt_person": null,
    "emr_contact_person": null,
    "phy_contact_person": null,
    "primary_policy": null,
    "secondary_policy": null,
    "terciary_insurance": null,
    "agency_id": null,
    "pt_person_object": null,
    "emr_contact_person_object": null,
    "phy_contact_person_object": null,
    "primary_policy_object": null,
    "secondary_policy_object": null,
    "terciary_insurance_object": null,
    "agency_object": null,
    "id": null
  },
  "pcr_Assessment": {
    "chief_complaint": null,
    "medications": null,
    "burn_1st": null,
    "burn_2nd": null,
    "burn_3rd": null,
    "total_burn": null,
    "onset": null,
    "minutes": null,
    "hours": null,
    "days": null,
    "weeks": null,
    "months": null,
    "neckScribble": null,
    "abdomenScribble": null,
    "chestScribble": null,
    "rightHandScribble": null,
    "leftHandScribble": null,
    "rightFootScribble": null,
    "leftFootScribble": null,
    "backScribble": null,
    "groinScribble": null,
    "id": null
  },
  "pcr_narrative_notes": {
    "objective_subjective_notes": null,
    "incident_report": null,
    "xml_crew_member_signature": null,
    "receiving_representative_name": null,
    "crew_member_name": null,
    "xml_receiving_facility_repres": null,
    "additional_notes": null,
    "crew_member_name_object": null,
    "id": null
  },
  "pcr_rma": {
    "rma_text": null,
    "medical_assistance_refused": null,
    "signature": null,
    "witness_signature": null,
    "witness_name": null,
    "patient_legal_guardian": null,
    "rma_text_object": null,
    "id": null
  },
  "pcr_Apcf": {
    "reason_appointment": null,
    "reason_ambulance": null,
    "reason_medical": null,
    "physician_name": null,
    "date_appointment": null,
    "xml_physician_signature": null,
    "ems_emt_name": null,
    "patient_bed_confined": null,
    "title": null,
    "patient_bed_confined_after_transport": null,
    "id": null
  },
  "pcr_Disposition": {
    "disposition_facility_id": null,
    "address_id": null,
    "out_of_area": null,
    "out_of_area_exists": "0",
    "address_object": null,
    "disposition_facility_object": null,
    "id": null
  },
  "ems_run": {
    "status": null,
    "explanation": null,
    "state_report": null,
    "billing_file": null,
    "id": null
  },
  "pcr_Narcotic": {
    "call_location": null,
    "patient_name": null,
    "patient_address": null,
    "patient_csz": null,
    "patient_ssn": null,
    "chief_complaint": null,
    "receiving_hospital": null,
    "disp_code": null,
    "ed_chart": null,
    "paramedic_name": null,
    "paramedic_signature": null,
    "witness_name": null,
    "witness_signature": null,
    "midazolam_wasted": null,
    "diazepam_wasted": null,
    "lorazepam_wasted": null,
    "morphine_sulfate_wasted": null,
    "fentanyl_wasted": null,
    "midazolam_number": null,
    "diazepam_number": null,
    "lorazepam_number": null,
    "morphine_sulfate_number": null,
    "fentanyl_number": null,
    "number": null,
    "call_location_object": null,
    "patient_address_object": null,
    "patient_name_object": null,
    "id": null
  },
  "pcr_Authorization": {
    "xml_patient_signature": null,
    "xml_witness_signature": null,
    "witness_name": null,
    "reason_patient_incapable": null,
    "repres_signature": null,
    "repres_name": null,
    "reason_patient_incapable2": null,
    "time_at_facility": null,
    "name_of_facility": null,
    "name_crewmember": null,
    "name_facility_repres": null,
    "signature_facility_repres": null,
    "signature_crewmember": null,
    "patient_legal_guardian": null,
    "patient_health_care_poa": null,
    "relative_benefits": null,
    "relative_affairs": null,
    "repres_agency": null,
    "patient_care_report": null,
    "facility_face_sheet": null,
    "medical_record": null,
    "facility_record": null,
    "auth_text": null,
    "type": null,
    "patient_repres": null,
    "name_crewmember_object": null,
    "name_of_facility_object": null,
    "type_object": null,
    "auth_text_object": null,
    "id": null
  },
  "pcr_buttons": [],
  "pcr_inputs": []
}

1/10/2017 2:43:04 PM
{
  "pcr": {
    "pcr_dispatch_id": null,
    "pcr_demographic_id": null,
    "pcr_assessment_id": null,
    "pcr_narrative_notes_id": null,
    "pcr_rma_id": null,
    "pcr_authorization_id": null,
    "pcr_apcf_id": null,
    "pcr_disposition_id": null,
    "ems_run": null,
    "pcr_narcotics_id": null,
    "cad_number_id": null,
    "cad_number": null,
    "pcr_type": null,
    "pcr_number": null,
    "printed": null,
    "admitted": null,
    "agency_id": null,
    "qa": null,
    "id": "005df34e-138e-4352-b2a7-990cf52f5f6b"
  },
  "pcr_dispatch": {
    "date": null,
    "cad": null,
    "transported_from": null,
    "town_id": null,
    "cross_street": null,
    "assigned": null,
    "en_route_63": null,
    "on_scene_84": null,
    "pt_contact": null,
    "from_scene_82": null,
    "at_destination": null,
    "in_service": null,
    "pt_count": null,
    "dispatch_method": null,
    "phone": null,
    "mileage_begin": null,
    "mileage_end": null,
    "address_id": null,
    "facility_id": null,
    "call_type": null,
    "CallReceivedTime": null,
    "neighborhood": null,
    "address_object": null,
    "facility_object": null,
    "id": null
  },
  "pcr_members": [],
  "pcr_Demographic": {
    "pt_person": null,
    "emr_contact_person": null,
    "phy_contact_person": null,
    "primary_policy": null,
    "secondary_policy": null,
    "terciary_insurance": null,
    "agency_id": null,
    "pt_person_object": null,
    "emr_contact_person_object": null,
    "phy_contact_person_object": null,
    "primary_policy_object": null,
    "secondary_policy_object": null,
    "terciary_insurance_object": null,
    "agency_object": null,
    "id": null
  },
  "pcr_Assessment": {
    "chief_complaint": null,
    "medications": null,
    "burn_1st": null,
    "burn_2nd": null,
    "burn_3rd": null,
    "total_burn": null,
    "onset": null,
    "minutes": null,
    "hours": null,
    "days": null,
    "weeks": null,
    "months": null,
    "neckScribble": null,
    "abdomenScribble": null,
    "chestScribble": null,
    "rightHandScribble": null,
    "leftHandScribble": null,
    "rightFootScribble": null,
    "leftFootScribble": null,
    "backScribble": null,
    "groinScribble": null,
    "id": null
  },
  "pcr_narrative_notes": {
    "objective_subjective_notes": null,
    "incident_report": null,
    "xml_crew_member_signature": null,
    "receiving_representative_name": null,
    "crew_member_name": null,
    "xml_receiving_facility_repres": null,
    "additional_notes": null,
    "crew_member_name_object": null,
    "id": null
  },
  "pcr_rma": {
    "rma_text": null,
    "medical_assistance_refused": null,
    "signature": null,
    "witness_signature": null,
    "witness_name": null,
    "patient_legal_guardian": null,
    "rma_text_object": null,
    "id": null
  },
  "pcr_Apcf": {
    "reason_appointment": null,
    "reason_ambulance": null,
    "reason_medical": null,
    "physician_name": null,
    "date_appointment": null,
    "xml_physician_signature": null,
    "ems_emt_name": null,
    "patient_bed_confined": null,
    "title": null,
    "patient_bed_confined_after_transport": null,
    "id": null
  },
  "pcr_Disposition": {
    "disposition_facility_id": null,
    "address_id": null,
    "out_of_area": null,
    "out_of_area_exists": "0",
    "address_object": null,
    "disposition_facility_object": null,
    "id": null
  },
  "ems_run": {
    "status": null,
    "explanation": null,
    "state_report": null,
    "billing_file": null,
    "id": null
  },
  "pcr_Narcotic": {
    "call_location": null,
    "patient_name": null,
    "patient_address": null,
    "patient_csz": null,
    "patient_ssn": null,
    "chief_complaint": null,
    "receiving_hospital": null,
    "disp_code": null,
    "ed_chart": null,
    "paramedic_name": null,
    "paramedic_signature": null,
    "witness_name": null,
    "witness_signature": null,
    "midazolam_wasted": null,
    "diazepam_wasted": null,
    "lorazepam_wasted": null,
    "morphine_sulfate_wasted": null,
    "fentanyl_wasted": null,
    "midazolam_number": null,
    "diazepam_number": null,
    "lorazepam_number": null,
    "morphine_sulfate_number": null,
    "fentanyl_number": null,
    "number": null,
    "call_location_object": null,
    "patient_address_object": null,
    "patient_name_object": null,
    "id": null
  },
  "pcr_Authorization": {
    "xml_patient_signature": null,
    "xml_witness_signature": null,
    "witness_name": null,
    "reason_patient_incapable": null,
    "repres_signature": null,
    "repres_name": null,
    "reason_patient_incapable2": null,
    "time_at_facility": null,
    "name_of_facility": null,
    "name_crewmember": null,
    "name_facility_repres": null,
    "signature_facility_repres": null,
    "signature_crewmember": null,
    "patient_legal_guardian": null,
    "patient_health_care_poa": null,
    "relative_benefits": null,
    "relative_affairs": null,
    "repres_agency": null,
    "patient_care_report": null,
    "facility_face_sheet": null,
    "medical_record": null,
    "facility_record": null,
    "auth_text": null,
    "type": null,
    "patient_repres": null,
    "name_crewmember_object": null,
    "name_of_facility_object": null,
    "type_object": null,
    "auth_text_object": null,
    "id": null
  },
  "pcr_buttons": [],
  "pcr_inputs": []
}

1/10/2017 2:45:06 PM
{
  "pcr": {
    "pcr_dispatch_id": null,
    "pcr_demographic_id": null,
    "pcr_assessment_id": null,
    "pcr_narrative_notes_id": null,
    "pcr_rma_id": null,
    "pcr_authorization_id": null,
    "pcr_apcf_id": null,
    "pcr_disposition_id": null,
    "ems_run": null,
    "pcr_narcotics_id": null,
    "cad_number_id": null,
    "cad_number": null,
    "pcr_type": null,
    "pcr_number": null,
    "printed": null,
    "admitted": null,
    "agency_id": null,
    "qa": null,
    "id": "005df34e-138e-4352-b2a7-990cf52f5f6b"
  },
  "pcr_dispatch": {
    "date": null,
    "cad": null,
    "transported_from": null,
    "town_id": null,
    "cross_street": null,
    "assigned": null,
    "en_route_63": null,
    "on_scene_84": null,
    "pt_contact": null,
    "from_scene_82": null,
    "at_destination": null,
    "in_service": null,
    "pt_count": null,
    "dispatch_method": null,
    "phone": null,
    "mileage_begin": null,
    "mileage_end": null,
    "address_id": null,
    "facility_id": null,
    "call_type": null,
    "CallReceivedTime": null,
    "neighborhood": null,
    "address_object": null,
    "facility_object": null,
    "id": null
  },
  "pcr_members": [],
  "pcr_Demographic": {
    "pt_person": null,
    "emr_contact_person": null,
    "phy_contact_person": null,
    "primary_policy": null,
    "secondary_policy": null,
    "terciary_insurance": null,
    "agency_id": null,
    "pt_person_object": null,
    "emr_contact_person_object": null,
    "phy_contact_person_object": null,
    "primary_policy_object": null,
    "secondary_policy_object": null,
    "terciary_insurance_object": null,
    "agency_object": null,
    "id": null
  },
  "pcr_Assessment": {
    "chief_complaint": null,
    "medications": null,
    "burn_1st": null,
    "burn_2nd": null,
    "burn_3rd": null,
    "total_burn": null,
    "onset": null,
    "minutes": null,
    "hours": null,
    "days": null,
    "weeks": null,
    "months": null,
    "neckScribble": null,
    "abdomenScribble": null,
    "chestScribble": null,
    "rightHandScribble": null,
    "leftHandScribble": null,
    "rightFootScribble": null,
    "leftFootScribble": null,
    "backScribble": null,
    "groinScribble": null,
    "id": null
  },
  "pcr_narrative_notes": {
    "objective_subjective_notes": null,
    "incident_report": null,
    "xml_crew_member_signature": null,
    "receiving_representative_name": null,
    "crew_member_name": null,
    "xml_receiving_facility_repres": null,
    "additional_notes": null,
    "crew_member_name_object": null,
    "id": null
  },
  "pcr_rma": {
    "rma_text": null,
    "medical_assistance_refused": null,
    "signature": null,
    "witness_signature": null,
    "witness_name": null,
    "patient_legal_guardian": null,
    "rma_text_object": null,
    "id": null
  },
  "pcr_Apcf": {
    "reason_appointment": null,
    "reason_ambulance": null,
    "reason_medical": null,
    "physician_name": null,
    "date_appointment": null,
    "xml_physician_signature": null,
    "ems_emt_name": null,
    "patient_bed_confined": null,
    "title": null,
    "patient_bed_confined_after_transport": null,
    "id": null
  },
  "pcr_Disposition": {
    "disposition_facility_id": null,
    "address_id": null,
    "out_of_area": null,
    "out_of_area_exists": "0",
    "address_object": null,
    "disposition_facility_object": null,
    "id": null
  },
  "ems_run": {
    "status": null,
    "explanation": null,
    "state_report": null,
    "billing_file": null,
    "id": null
  },
  "pcr_Narcotic": {
    "call_location": null,
    "patient_name": null,
    "patient_address": null,
    "patient_csz": null,
    "patient_ssn": null,
    "chief_complaint": null,
    "receiving_hospital": null,
    "disp_code": null,
    "ed_chart": null,
    "paramedic_name": null,
    "paramedic_signature": null,
    "witness_name": null,
    "witness_signature": null,
    "midazolam_wasted": null,
    "diazepam_wasted": null,
    "lorazepam_wasted": null,
    "morphine_sulfate_wasted": null,
    "fentanyl_wasted": null,
    "midazolam_number": null,
    "diazepam_number": null,
    "lorazepam_number": null,
    "morphine_sulfate_number": null,
    "fentanyl_number": null,
    "number": null,
    "call_location_object": null,
    "patient_address_object": null,
    "patient_name_object": null,
    "id": null
  },
  "pcr_Authorization": {
    "xml_patient_signature": null,
    "xml_witness_signature": null,
    "witness_name": null,
    "reason_patient_incapable": null,
    "repres_signature": null,
    "repres_name": null,
    "reason_patient_incapable2": null,
    "time_at_facility": null,
    "name_of_facility": null,
    "name_crewmember": null,
    "name_facility_repres": null,
    "signature_facility_repres": null,
    "signature_crewmember": null,
    "patient_legal_guardian": null,
    "patient_health_care_poa": null,
    "relative_benefits": null,
    "relative_affairs": null,
    "repres_agency": null,
    "patient_care_report": null,
    "facility_face_sheet": null,
    "medical_record": null,
    "facility_record": null,
    "auth_text": null,
    "type": null,
    "patient_repres": null,
    "name_crewmember_object": null,
    "name_of_facility_object": null,
    "type_object": null,
    "auth_text_object": null,
    "id": null
  },
  "pcr_buttons": [],
  "pcr_inputs": []
}

1/10/2017 2:45:06 PM
{
  "pcr": {
    "pcr_dispatch_id": "f99b7ccd-4f1d-4a3a-b4ac-ec0fd533035b",
    "pcr_demographic_id": "005df34e-138e-4352-b2a7-990cf52f5f6b",
    "pcr_assessment_id": "56238175-5c4a-494c-ad3e-ef6ad9deef00",
    "pcr_narrative_notes_id": "e5adb11c-84ec-4f97-b36b-a901c2d6f34e",
    "pcr_rma_id": "a2fc903f-8f35-4744-b2fd-fce61937018c",
    "pcr_authorization_id": "d8c35893-11dc-4c35-8316-179420edc934",
    "pcr_apcf_id": "7f71d674-95c1-4555-815d-e472018d6f4a",
    "pcr_disposition_id": "73ac4eca-7283-4cf5-aa11-5bb2a62c5668",
    "ems_run": "35f726a1-1b72-46ae-9031-f7a05983af21",
    "pcr_narcotics_id": "c77e5ff4-4afa-4b3e-9f2b-4d4cd17a4f77",
    "cad_number_id": null,
    "cad_number": null,
    "pcr_type": "10-82",
    "pcr_number": "Q-05-03302014-144528-9",
    "printed": "False",
    "admitted": "0",
    "agency_id": "32afc629-34be-11e2-a3b0-842b2b4bbc99",
    "qa": "0",
    "id": "95b351be-36ad-436e-8dc0-ff3bfc0a4442"
  },
  "pcr_dispatch": {
    "date": "3/30/2014 2:45:40 PM",
    "cad": null,
    "transported_from": null,
    "town_id": "e3514b99-063e-11e0-9c66-0ba20c568bb6",
    "cross_street": null,
    "assigned": "1/1/1970 12:00:00 AM",
    "en_route_63": "1/1/1970 12:00:00 AM",
    "on_scene_84": "1/1/1970 12:00:00 AM",
    "pt_contact": "1/1/1970 12:00:00 AM",
    "from_scene_82": "1/1/1970 12:00:00 AM",
    "at_destination": "1/1/1970 12:00:00 AM",
    "in_service": "1/1/1970 12:00:00 AM",
    "pt_count": "1",
    "dispatch_method": "Emergency",
    "phone": null,
    "mileage_begin": null,
    "mileage_end": null,
    "address_id": "d1971704-7012-4db5-b022-5a12bd17bf82",
    "facility_id": null,
    "call_type": null,
    "CallReceivedTime": "1/1/1970 12:00:00 AM",
    "neighborhood": null,
    "address_object": {
      "address": null,
      "unit": null,
      "city_id": null,
      "state_id": null,
      "zip_id": null,
      "country_id": null,
      "address_type_id": null,
      "id": "d1971704-7012-4db5-b022-5a12bd17bf82"
    },
    "facility_object": null,
    "id": "f99b7ccd-4f1d-4a3a-b4ac-ec0fd533035b"
  },
  "pcr_members": [],
  "pcr_Demographic": {
    "pt_person": "b0013d73-04ae-49da-9d17-82e87040f610",
    "emr_contact_person": null,
    "phy_contact_person": null,
    "primary_policy": null,
    "secondary_policy": null,
    "terciary_insurance": null,
    "agency_id": null,
    "pt_person_object": {
      "first_name": null,
      "mi": null,
      "last_name": null,
      "dob": null,
      "weight": null,
      "is_male": null,
      "age": null,
      "ss": null,
      "email": null,
      "marital_status": null,
      "active": "1",
      "id": "b0013d73-04ae-49da-9d17-82e87040f610"
    },
    "emr_contact_person_object": null,
    "phy_contact_person_object": null,
    "primary_policy_object": null,
    "secondary_policy_object": null,
    "terciary_insurance_object": null,
    "agency_object": null,
    "id": "005df34e-138e-4352-b2a7-990cf52f5f6b"
  },
  "pcr_Assessment": {
    "chief_complaint": null,
    "medications": null,
    "burn_1st": null,
    "burn_2nd": null,
    "burn_3rd": null,
    "total_burn": null,
    "onset": null,
    "minutes": null,
    "hours": null,
    "days": null,
    "weeks": null,
    "months": null,
    "neckScribble": null,
    "abdomenScribble": null,
    "chestScribble": null,
    "rightHandScribble": null,
    "leftHandScribble": null,
    "rightFootScribble": null,
    "leftFootScribble": null,
    "backScribble": null,
    "groinScribble": null,
    "id": "56238175-5c4a-494c-ad3e-ef6ad9deef00"
  },
  "pcr_narrative_notes": {
    "objective_subjective_notes": null,
    "incident_report": null,
    "xml_crew_member_signature": null,
    "receiving_representative_name": null,
    "crew_member_name": null,
    "xml_receiving_facility_repres": null,
    "additional_notes": null,
    "crew_member_name_object": null,
    "id": "e5adb11c-84ec-4f97-b36b-a901c2d6f34e"
  },
  "pcr_rma": {
    "rma_text": null,
    "medical_assistance_refused": null,
    "signature": null,
    "witness_signature": null,
    "witness_name": null,
    "patient_legal_guardian": null,
    "rma_text_object": null,
    "id": "a2fc903f-8f35-4744-b2fd-fce61937018c"
  },
  "pcr_Apcf": {
    "reason_appointment": null,
    "reason_ambulance": null,
    "reason_medical": null,
    "physician_name": null,
    "date_appointment": "3/30/2014 2:45:40 PM",
    "xml_physician_signature": null,
    "ems_emt_name": null,
    "patient_bed_confined": null,
    "title": null,
    "patient_bed_confined_after_transport": null,
    "id": "7f71d674-95c1-4555-815d-e472018d6f4a"
  },
  "pcr_Disposition": {
    "disposition_facility_id": null,
    "address_id": null,
    "out_of_area": null,
    "out_of_area_exists": "0",
    "address_object": null,
    "disposition_facility_object": null,
    "id": "73ac4eca-7283-4cf5-aa11-5bb2a62c5668"
  },
  "ems_run": {
    "status": "1",
    "explanation": null,
    "state_report": "0",
    "billing_file": "0",
    "id": "35f726a1-1b72-46ae-9031-f7a05983af21"
  },
  "pcr_Narcotic": {
    "call_location": null,
    "patient_name": null,
    "patient_address": null,
    "patient_csz": null,
    "patient_ssn": null,
    "chief_complaint": null,
    "receiving_hospital": null,
    "disp_code": null,
    "ed_chart": null,
    "paramedic_name": null,
    "paramedic_signature": null,
    "witness_name": null,
    "witness_signature": null,
    "midazolam_wasted": null,
    "diazepam_wasted": null,
    "lorazepam_wasted": null,
    "morphine_sulfate_wasted": null,
    "fentanyl_wasted": null,
    "midazolam_number": null,
    "diazepam_number": null,
    "lorazepam_number": null,
    "morphine_sulfate_number": null,
    "fentanyl_number": null,
    "number": null,
    "call_location_object": null,
    "patient_address_object": null,
    "patient_name_object": null,
    "id": "c77e5ff4-4afa-4b3e-9f2b-4d4cd17a4f77"
  },
  "pcr_Authorization": {
    "xml_patient_signature": null,
    "xml_witness_signature": null,
    "witness_name": null,
    "reason_patient_incapable": null,
    "repres_signature": null,
    "repres_name": null,
    "reason_patient_incapable2": null,
    "time_at_facility": null,
    "name_of_facility": null,
    "name_crewmember": null,
    "name_facility_repres": null,
    "signature_facility_repres": null,
    "signature_crewmember": null,
    "patient_legal_guardian": null,
    "patient_health_care_poa": null,
    "relative_benefits": null,
    "relative_affairs": null,
    "repres_agency": null,
    "patient_care_report": null,
    "facility_face_sheet": null,
    "medical_record": null,
    "facility_record": null,
    "auth_text": null,
    "type": null,
    "patient_repres": null,
    "name_crewmember_object": null,
    "name_of_facility_object": null,
    "type_object": null,
    "auth_text_object": null,
    "id": "d8c35893-11dc-4c35-8316-179420edc934"
  },
  "pcr_buttons": [],
  "pcr_inputs": []
}
